18-Oct-2023 11:58:12.553 INFORMACIÓN [main] org.apache.catalina.startup.VersionLoggerListener.log Nombre de la versión del servidor: Apache Tomcat/9.0.80
18-Oct-2023 11:58:12.559 INFORMACIÓN [main] org.apache.catalina.startup.VersionLoggerListener.log Server built:                      Aug 23 2023 21:59:38 UTC
18-Oct-2023 11:58:12.559 INFORMACIÓN [main] org.apache.catalina.startup.VersionLoggerListener.log Número de versión de servidor:     9.0.80.0
18-Oct-2023 11:58:12.559 INFORMACIÓN [main] org.apache.catalina.startup.VersionLoggerListener.log OS Name:                           Linux
18-Oct-2023 11:58:12.559 INFORMACIÓN [main] org.apache.catalina.startup.VersionLoggerListener.log Versión de Systema Operativo:      6.2.0-34-generic
18-Oct-2023 11:58:12.559 INFORMACIÓN [main] org.apache.catalina.startup.VersionLoggerListener.log Arquitectura:                      amd64
18-Oct-2023 11:58:12.559 INFORMACIÓN [main] org.apache.catalina.startup.VersionLoggerListener.log Java Home:                         /snap/strictly-netbeans/33/jdk
18-Oct-2023 11:58:12.560 INFORMACIÓN [main] org.apache.catalina.startup.VersionLoggerListener.log JVM Version:                       21+35-snap
18-Oct-2023 11:58:12.560 INFORMACIÓN [main] org.apache.catalina.startup.VersionLoggerListener.log Vededor JVM:                       Snap Build
18-Oct-2023 11:58:12.560 INFORMACIÓN [main] org.apache.catalina.startup.VersionLoggerListener.log CATALINA_BASE:                     /home/samuel/dev/PAPP_WEB-VersionBoostrap/PAPP_WEB/apache-tomcat-9.0.80
18-Oct-2023 11:58:12.560 INFORMACIÓN [main] org.apache.catalina.startup.VersionLoggerListener.log CATALINA_HOME:                     /home/samuel/dev/PAPP_WEB-VersionBoostrap/PAPP_WEB/apache-tomcat-9.0.80
18-Oct-2023 11:58:12.574 INFORMACIÓN [main] org.apache.catalina.startup.VersionLoggerListener.log Command line argument:             --add-opens=java.base/java.lang=ALL-UNNAMED
18-Oct-2023 11:58:12.574 INFORMACIÓN [main] org.apache.catalina.startup.VersionLoggerListener.log Command line argument:             --add-opens=java.base/java.io=ALL-UNNAMED
18-Oct-2023 11:58:12.574 INFORMACIÓN [main] org.apache.catalina.startup.VersionLoggerListener.log Command line argument:             --add-opens=java.base/java.util=ALL-UNNAMED
18-Oct-2023 11:58:12.574 INFORMACIÓN [main] org.apache.catalina.startup.VersionLoggerListener.log Command line argument:             --add-opens=java.base/java.util.concurrent=ALL-UNNAMED
18-Oct-2023 11:58:12.574 INFORMACIÓN [main] org.apache.catalina.startup.VersionLoggerListener.log Command line argument:             --add-opens=java.rmi/sun.rmi.transport=ALL-UNNAMED
18-Oct-2023 11:58:12.574 INFORMACIÓN [main] org.apache.catalina.startup.VersionLoggerListener.log Command line argument:             -Djava.util.logging.config.file=/home/samuel/dev/PAPP_WEB-VersionBoostrap/PAPP_WEB/apache-tomcat-9.0.80/conf/logging.properties
18-Oct-2023 11:58:12.574 INFORMACIÓN [main] org.apache.catalina.startup.VersionLoggerListener.log Command line argument:             -Djava.util.logging.manager=org.apache.juli.ClassLoaderLogManager
18-Oct-2023 11:58:12.575 INFORMACIÓN [main] org.apache.catalina.startup.VersionLoggerListener.log Command line argument:             -Dhttp.nonProxyHosts=localhost|127.0.0.1|samuel-vm
18-Oct-2023 11:58:12.575 INFORMACIÓN [main] org.apache.catalina.startup.VersionLoggerListener.log Command line argument:             -Djdk.tls.ephemeralDHKeySize=2048
18-Oct-2023 11:58:12.575 INFORMACIÓN [main] org.apache.catalina.startup.VersionLoggerListener.log Command line argument:             -Djava.protocol.handler.pkgs=org.apache.catalina.webresources
18-Oct-2023 11:58:12.575 INFORMACIÓN [main] org.apache.catalina.startup.VersionLoggerListener.log Command line argument:             -Dorg.apache.catalina.security.SecurityListener.UMASK=0027
18-Oct-2023 11:58:12.575 INFORMACIÓN [main] org.apache.catalina.startup.VersionLoggerListener.log Command line argument:             -Dignore.endorsed.dirs=
18-Oct-2023 11:58:12.575 INFORMACIÓN [main] org.apache.catalina.startup.VersionLoggerListener.log Command line argument:             -Dcatalina.base=/home/samuel/dev/PAPP_WEB-VersionBoostrap/PAPP_WEB/apache-tomcat-9.0.80
18-Oct-2023 11:58:12.575 INFORMACIÓN [main] org.apache.catalina.startup.VersionLoggerListener.log Command line argument:             -Dcatalina.home=/home/samuel/dev/PAPP_WEB-VersionBoostrap/PAPP_WEB/apache-tomcat-9.0.80
18-Oct-2023 11:58:12.575 INFORMACIÓN [main] org.apache.catalina.startup.VersionLoggerListener.log Command line argument:             -Djava.io.tmpdir=/home/samuel/dev/PAPP_WEB-VersionBoostrap/PAPP_WEB/apache-tomcat-9.0.80/temp
18-Oct-2023 11:58:12.585 INFORMACIÓN [main] org.apache.catalina.core.AprLifecycleListener.lifecycleEvent La biblioteca nativa de Apache Tomcat basada en ARP que permite un rendimiento óptimo en entornos de desarrollo no ha sido hallada en java.library.path: [/var/lib/snapd/lib/gl:/var/lib/snapd/lib/gl32:/var/lib/snapd/void:/snap/strictly-netbeans/33/lib:/snap/strictly-netbeans/33/lib/x86_64-linux-gnu:/snap/strictly-netbeans/33/gnome-platform/lib/x86_64-linux-gnu:/snap/strictly-netbeans/33/gnome-platform/usr/lib/x86_64-linux-gnu:/snap/strictly-netbeans/33/gnome-platform/usr/lib:/snap/strictly-netbeans/33/gnome-platform/lib:/snap/strictly-netbeans/33/gnome-platform/usr/lib/x86_64-linux-gnu/dri:/var/lib/snapd/lib/gl:/snap/strictly-netbeans/33/gnome-platform/usr/lib/x86_64-linux-gnu/pulseaudio:/usr/java/packages/lib:/usr/lib64:/lib64:/lib:/usr/lib]
18-Oct-2023 11:58:13.044 INFORMACIÓN [main] org.apache.coyote.AbstractProtocol.init Inicializando el manejador de protocolo ["http-nio-8080"]

18-Oct-2023 11:58:13.067 INFORMACIÓN [main] org.apache.catalina.startup.Catalina.load Server initialization in [898] milliseconds
18-Oct-2023 11:58:13.157 INFORMACIÓN [main] org.apache.catalina.core.StandardService.startInternal Arrancando servicio [Catalina]
18-Oct-2023 11:58:13.157 INFORMACIÓN [main] org.apache.catalina.core.StandardEngine.startInternal Starting Servlet engine: [Apache Tomcat/9.0.80]
18-Oct-2023 11:58:13.168 INFORMACIÓN [main] org.apache.catalina.startup.HostConfig.deployDirectory Desplegando el directorio [/home/samuel/dev/PAPP_WEB-VersionBoostrap/PAPP_WEB/apache-tomcat-9.0.80/webapps/docs] de la aplicación web
18-Oct-2023 11:58:13.899 INFORMACIÓN [main] org.apache.jasper.servlet.TldScanner.scanJars Al menos un JAR, que se ha explorado buscando TLDs, aún no contenía TLDs. Activar historial de depuración para este historiador para una completa lista de los JARs que fueron explorados y de los que nos se halló TLDs. Saltarse JARs no necesarios durante la exploración puede dar lugar a una mejora de tiempo significativa en el arranque y compilación de JSP .
18-Oct-2023 11:58:13.977 INFORMACIÓN [main] org.apache.catalina.startup.HostConfig.deployDirectory Deployment of web application directory [/home/samuel/dev/PAPP_WEB-VersionBoostrap/PAPP_WEB/apache-tomcat-9.0.80/webapps/docs] has finished in [806] ms
18-Oct-2023 11:58:13.978 INFORMACIÓN [main] org.apache.catalina.startup.HostConfig.deployDirectory Desplegando el directorio [/home/samuel/dev/PAPP_WEB-VersionBoostrap/PAPP_WEB/apache-tomcat-9.0.80/webapps/host-manager] de la aplicación web
18-Oct-2023 11:58:14.273 INFORMACIÓN [main] org.apache.jasper.servlet.TldScanner.scanJars Al menos un JAR, que se ha explorado buscando TLDs, aún no contenía TLDs. Activar historial de depuración para este historiador para una completa lista de los JARs que fueron explorados y de los que nos se halló TLDs. Saltarse JARs no necesarios durante la exploración puede dar lugar a una mejora de tiempo significativa en el arranque y compilación de JSP .
18-Oct-2023 11:58:14.283 INFORMACIÓN [main] org.apache.catalina.startup.HostConfig.deployDirectory Deployment of web application directory [/home/samuel/dev/PAPP_WEB-VersionBoostrap/PAPP_WEB/apache-tomcat-9.0.80/webapps/host-manager] has finished in [304] ms
18-Oct-2023 11:58:14.283 INFORMACIÓN [main] org.apache.catalina.startup.HostConfig.deployDirectory Desplegando el directorio [/home/samuel/dev/PAPP_WEB-VersionBoostrap/PAPP_WEB/apache-tomcat-9.0.80/webapps/examples] de la aplicación web
18-Oct-2023 11:58:14.908 INFORMACIÓN [main] org.apache.jasper.servlet.TldScanner.scanJars Al menos un JAR, que se ha explorado buscando TLDs, aún no contenía TLDs. Activar historial de depuración para este historiador para una completa lista de los JARs que fueron explorados y de los que nos se halló TLDs. Saltarse JARs no necesarios durante la exploración puede dar lugar a una mejora de tiempo significativa en el arranque y compilación de JSP .
18-Oct-2023 11:58:14.965 INFORMACIÓN [main] org.apache.catalina.startup.HostConfig.deployDirectory Deployment of web application directory [/home/samuel/dev/PAPP_WEB-VersionBoostrap/PAPP_WEB/apache-tomcat-9.0.80/webapps/examples] has finished in [682] ms
18-Oct-2023 11:58:14.966 INFORMACIÓN [main] org.apache.catalina.startup.HostConfig.deployDirectory Desplegando el directorio [/home/samuel/dev/PAPP_WEB-VersionBoostrap/PAPP_WEB/apache-tomcat-9.0.80/webapps/ROOT] de la aplicación web
18-Oct-2023 11:58:15.219 INFORMACIÓN [main] org.apache.jasper.servlet.TldScanner.scanJars Al menos un JAR, que se ha explorado buscando TLDs, aún no contenía TLDs. Activar historial de depuración para este historiador para una completa lista de los JARs que fueron explorados y de los que nos se halló TLDs. Saltarse JARs no necesarios durante la exploración puede dar lugar a una mejora de tiempo significativa en el arranque y compilación de JSP .
18-Oct-2023 11:58:15.224 INFORMACIÓN [main] org.apache.catalina.startup.HostConfig.deployDirectory Deployment of web application directory [/home/samuel/dev/PAPP_WEB-VersionBoostrap/PAPP_WEB/apache-tomcat-9.0.80/webapps/ROOT] has finished in [258] ms
18-Oct-2023 11:58:15.224 INFORMACIÓN [main] org.apache.catalina.startup.HostConfig.deployDirectory Desplegando el directorio [/home/samuel/dev/PAPP_WEB-VersionBoostrap/PAPP_WEB/apache-tomcat-9.0.80/webapps/manager] de la aplicación web
18-Oct-2023 11:58:15.462 INFORMACIÓN [main] org.apache.jasper.servlet.TldScanner.scanJars Al menos un JAR, que se ha explorado buscando TLDs, aún no contenía TLDs. Activar historial de depuración para este historiador para una completa lista de los JARs que fueron explorados y de los que nos se halló TLDs. Saltarse JARs no necesarios durante la exploración puede dar lugar a una mejora de tiempo significativa en el arranque y compilación de JSP .
18-Oct-2023 11:58:15.471 INFORMACIÓN [main] org.apache.catalina.startup.HostConfig.deployDirectory Deployment of web application directory [/home/samuel/dev/PAPP_WEB-VersionBoostrap/PAPP_WEB/apache-tomcat-9.0.80/webapps/manager] has finished in [246] ms
18-Oct-2023 11:58:15.477 INFORMACIÓN [main] org.apache.coyote.AbstractProtocol.start Starting ProtocolHandler ["http-nio-8080"]
18-Oct-2023 11:58:15.503 INFORMACIÓN [main] org.apache.catalina.startup.Catalina.start Server startup in [2434] milliseconds
18-Oct-2023 11:58:17.383 INFORMACIÓN [http-nio-8080-exec-10] org.apache.catalina.startup.HostConfig.deployDescriptor Desplieque del descriptor de configuración [/home/samuel/dev/PAPP_WEB-VersionBoostrap/PAPP_WEB/apache-tomcat-9.0.80/conf/Catalina/localhost/LABPAPP_WEB.xml]
18-Oct-2023 11:58:17.386 ADVERTENCIA [http-nio-8080-exec-10] org.apache.catalina.startup.HostConfig.deployDescriptor The path attribute with value [/LABPAPP_WEB] in deployment descriptor [/home/samuel/dev/PAPP_WEB-VersionBoostrap/PAPP_WEB/apache-tomcat-9.0.80/conf/Catalina/localhost/LABPAPP_WEB.xml] has been ignored
18-Oct-2023 11:58:18.315 ADVERTENCIA [http-nio-8080-exec-10] java.util.ArrayList.forEach Name = tur Property maxActive is not used in DBCP2, use maxTotal instead. maxTotal default value is 8. You have set value of "20" for "maxActive" property, which is being ignored.
18-Oct-2023 11:58:18.316 ADVERTENCIA [http-nio-8080-exec-10] java.util.ArrayList.forEach Name = tur Property maxWait is not used in DBCP2 , use maxWaitMillis instead. maxWaitMillis default value is PT-0.001S. You have set value of "-1" for "maxWait" property, which is being ignored.
18-Oct-2023 11:58:18.352 ADVERTENCIA [http-nio-8080-exec-10] java.util.ArrayList.forEach Name = Turismo Property maxActive is not used in DBCP2, use maxTotal instead. maxTotal default value is 8. You have set value of "20" for "maxActive" property, which is being ignored.
18-Oct-2023 11:58:18.352 ADVERTENCIA [http-nio-8080-exec-10] java.util.ArrayList.forEach Name = Turismo Property maxWait is not used in DBCP2 , use maxWaitMillis instead. maxWaitMillis default value is PT-0.001S. You have set value of "-1" for "maxWait" property, which is being ignored.
18-Oct-2023 11:58:18.353 ADVERTENCIA [http-nio-8080-exec-10] java.util.ArrayList.forEach Name = LABPAPP_WEB Property maxActive is not used in DBCP2, use maxTotal instead. maxTotal default value is 8. You have set value of "20" for "maxActive" property, which is being ignored.
18-Oct-2023 11:58:18.353 ADVERTENCIA [http-nio-8080-exec-10] java.util.ArrayList.forEach Name = LABPAPP_WEB Property maxWait is not used in DBCP2 , use maxWaitMillis instead. maxWaitMillis default value is PT-0.001S. You have set value of "-1" for "maxWait" property, which is being ignored.
18-Oct-2023 11:58:18.355 ADVERTENCIA [http-nio-8080-exec-10] java.util.ArrayList.forEach Name = turismo Property maxActive is not used in DBCP2, use maxTotal instead. maxTotal default value is 8. You have set value of "20" for "maxActive" property, which is being ignored.
18-Oct-2023 11:58:18.355 ADVERTENCIA [http-nio-8080-exec-10] java.util.ArrayList.forEach Name = turismo Property maxWait is not used in DBCP2 , use maxWaitMillis instead. maxWaitMillis default value is PT-0.001S. You have set value of "-1" for "maxWait" property, which is being ignored.
18-Oct-2023 11:58:18.364 INFORMACIÓN [http-nio-8080-exec-10] org.apache.jasper.servlet.TldScanner.scanJars Al menos un JAR, que se ha explorado buscando TLDs, aún no contenía TLDs. Activar historial de depuración para este historiador para una completa lista de los JARs que fueron explorados y de los que nos se halló TLDs. Saltarse JARs no necesarios durante la exploración puede dar lugar a una mejora de tiempo significativa en el arranque y compilación de JSP .
18-Oct-2023 11:58:18.374 INFORMACIÓN [http-nio-8080-exec-10] org.apache.catalina.startup.HostConfig.deployDescriptor Deployment of deployment descriptor [/home/samuel/dev/PAPP_WEB-VersionBoostrap/PAPP_WEB/apache-tomcat-9.0.80/conf/Catalina/localhost/LABPAPP_WEB.xml] has finished in [992] ms
18-Oct-2023 11:58:18.381 INFORMACIÓN [http-nio-8080-exec-10] org.apache.catalina.util.LifecycleBase.start The start() method was called on component [StandardEngine[Catalina].StandardHost[localhost].StandardContext[/LABPAPP_WEB]] after start() had already been called. The second call will be ignored.
18-Oct-2023 11:59:35.451 INFORMACIÓN [http-nio-8080-exec-8] org.apache.catalina.startup.HostConfig.undeploy Repliegue (undeploy) de la aplicación web que tiene como trayectoria de contexto [/LABPAPP_WEB]
18-Oct-2023 11:59:59.253 INFORMACIÓN [http-nio-8080-exec-11] org.apache.catalina.startup.HostConfig.deployDescriptor Desplieque del descriptor de configuración [/home/samuel/dev/PAPP_WEB-VersionBoostrap/PAPP_WEB/apache-tomcat-9.0.80/conf/Catalina/localhost/LABPAPP_WEB.xml]
18-Oct-2023 11:59:59.255 ADVERTENCIA [http-nio-8080-exec-11] org.apache.catalina.startup.HostConfig.deployDescriptor The path attribute with value [/LABPAPP_WEB] in deployment descriptor [/home/samuel/dev/PAPP_WEB-VersionBoostrap/PAPP_WEB/apache-tomcat-9.0.80/conf/Catalina/localhost/LABPAPP_WEB.xml] has been ignored
18-Oct-2023 12:00:00.040 INFORMACIÓN [http-nio-8080-exec-11] org.apache.jasper.servlet.TldScanner.scanJars Al menos un JAR, que se ha explorado buscando TLDs, aún no contenía TLDs. Activar historial de depuración para este historiador para una completa lista de los JARs que fueron explorados y de los que nos se halló TLDs. Saltarse JARs no necesarios durante la exploración puede dar lugar a una mejora de tiempo significativa en el arranque y compilación de JSP .
18-Oct-2023 12:00:00.044 INFORMACIÓN [http-nio-8080-exec-11] org.apache.catalina.startup.HostConfig.deployDescriptor Deployment of deployment descriptor [/home/samuel/dev/PAPP_WEB-VersionBoostrap/PAPP_WEB/apache-tomcat-9.0.80/conf/Catalina/localhost/LABPAPP_WEB.xml] has finished in [790] ms
18-Oct-2023 12:00:00.052 INFORMACIÓN [http-nio-8080-exec-12] org.apache.catalina.util.LifecycleBase.start The start() method was called on component [StandardEngine[Catalina].StandardHost[localhost].StandardContext[/LABPAPP_WEB]] after start() had already been called. The second call will be ignored.
18-Oct-2023 12:01:20.138 INFORMACIÓN [http-nio-8080-exec-18] org.apache.catalina.startup.HostConfig.undeploy Repliegue (undeploy) de la aplicación web que tiene como trayectoria de contexto [/LABPAPP_WEB]
18-Oct-2023 12:01:20.151 INFORMACIÓN [http-nio-8080-exec-17] org.apache.catalina.startup.HostConfig.deployDescriptor Desplieque del descriptor de configuración [/home/samuel/dev/PAPP_WEB-VersionBoostrap/PAPP_WEB/apache-tomcat-9.0.80/conf/Catalina/localhost/LABPAPP_WEB.xml]
18-Oct-2023 12:01:20.153 ADVERTENCIA [http-nio-8080-exec-17] org.apache.catalina.startup.HostConfig.deployDescriptor The path attribute with value [/LABPAPP_WEB] in deployment descriptor [/home/samuel/dev/PAPP_WEB-VersionBoostrap/PAPP_WEB/apache-tomcat-9.0.80/conf/Catalina/localhost/LABPAPP_WEB.xml] has been ignored
18-Oct-2023 12:01:20.891 INFORMACIÓN [http-nio-8080-exec-17] org.apache.jasper.servlet.TldScanner.scanJars Al menos un JAR, que se ha explorado buscando TLDs, aún no contenía TLDs. Activar historial de depuración para este historiador para una completa lista de los JARs que fueron explorados y de los que nos se halló TLDs. Saltarse JARs no necesarios durante la exploración puede dar lugar a una mejora de tiempo significativa en el arranque y compilación de JSP .
18-Oct-2023 12:01:20.893 INFORMACIÓN [http-nio-8080-exec-17] org.apache.catalina.startup.HostConfig.deployDescriptor Deployment of deployment descriptor [/home/samuel/dev/PAPP_WEB-VersionBoostrap/PAPP_WEB/apache-tomcat-9.0.80/conf/Catalina/localhost/LABPAPP_WEB.xml] has finished in [742] ms
18-Oct-2023 12:01:20.900 INFORMACIÓN [http-nio-8080-exec-3] org.apache.catalina.util.LifecycleBase.start The start() method was called on component [StandardEngine[Catalina].StandardHost[localhost].StandardContext[/LABPAPP_WEB]] after start() had already been called. The second call will be ignored.
18-Oct-2023 12:03:19.328 INFORMACIÓN [http-nio-8080-exec-27] org.apache.catalina.startup.HostConfig.undeploy Repliegue (undeploy) de la aplicación web que tiene como trayectoria de contexto [/LABPAPP_WEB]
18-Oct-2023 12:03:19.355 INFORMACIÓN [http-nio-8080-exec-26] org.apache.catalina.startup.HostConfig.deployDescriptor Desplieque del descriptor de configuración [/home/samuel/dev/PAPP_WEB-VersionBoostrap/PAPP_WEB/apache-tomcat-9.0.80/conf/Catalina/localhost/LABPAPP_WEB.xml]
18-Oct-2023 12:03:19.356 ADVERTENCIA [http-nio-8080-exec-26] org.apache.catalina.startup.HostConfig.deployDescriptor The path attribute with value [/LABPAPP_WEB] in deployment descriptor [/home/samuel/dev/PAPP_WEB-VersionBoostrap/PAPP_WEB/apache-tomcat-9.0.80/conf/Catalina/localhost/LABPAPP_WEB.xml] has been ignored
18-Oct-2023 12:03:20.121 INFORMACIÓN [http-nio-8080-exec-26] org.apache.jasper.servlet.TldScanner.scanJars Al menos un JAR, que se ha explorado buscando TLDs, aún no contenía TLDs. Activar historial de depuración para este historiador para una completa lista de los JARs que fueron explorados y de los que nos se halló TLDs. Saltarse JARs no necesarios durante la exploración puede dar lugar a una mejora de tiempo significativa en el arranque y compilación de JSP .
18-Oct-2023 12:03:20.124 INFORMACIÓN [http-nio-8080-exec-26] org.apache.catalina.startup.HostConfig.deployDescriptor Deployment of deployment descriptor [/home/samuel/dev/PAPP_WEB-VersionBoostrap/PAPP_WEB/apache-tomcat-9.0.80/conf/Catalina/localhost/LABPAPP_WEB.xml] has finished in [769] ms
18-Oct-2023 12:03:20.128 INFORMACIÓN [http-nio-8080-exec-26] org.apache.catalina.util.LifecycleBase.start The start() method was called on component [StandardEngine[Catalina].StandardHost[localhost].StandardContext[/LABPAPP_WEB]] after start() had already been called. The second call will be ignored.
18-Oct-2023 12:04:20.159 INFORMACIÓN [http-nio-8080-exec-35] org.apache.catalina.startup.HostConfig.undeploy Repliegue (undeploy) de la aplicación web que tiene como trayectoria de contexto [/LABPAPP_WEB]
18-Oct-2023 12:04:20.196 INFORMACIÓN [http-nio-8080-exec-29] org.apache.catalina.startup.HostConfig.deployDescriptor Desplieque del descriptor de configuración [/home/samuel/dev/PAPP_WEB-VersionBoostrap/PAPP_WEB/apache-tomcat-9.0.80/conf/Catalina/localhost/LABPAPP_WEB.xml]
18-Oct-2023 12:04:20.199 ADVERTENCIA [http-nio-8080-exec-29] org.apache.catalina.startup.HostConfig.deployDescriptor The path attribute with value [/LABPAPP_WEB] in deployment descriptor [/home/samuel/dev/PAPP_WEB-VersionBoostrap/PAPP_WEB/apache-tomcat-9.0.80/conf/Catalina/localhost/LABPAPP_WEB.xml] has been ignored
18-Oct-2023 12:04:20.895 INFORMACIÓN [http-nio-8080-exec-29] org.apache.jasper.servlet.TldScanner.scanJars Al menos un JAR, que se ha explorado buscando TLDs, aún no contenía TLDs. Activar historial de depuración para este historiador para una completa lista de los JARs que fueron explorados y de los que nos se halló TLDs. Saltarse JARs no necesarios durante la exploración puede dar lugar a una mejora de tiempo significativa en el arranque y compilación de JSP .
18-Oct-2023 12:04:20.899 INFORMACIÓN [http-nio-8080-exec-29] org.apache.catalina.startup.HostConfig.deployDescriptor Deployment of deployment descriptor [/home/samuel/dev/PAPP_WEB-VersionBoostrap/PAPP_WEB/apache-tomcat-9.0.80/conf/Catalina/localhost/LABPAPP_WEB.xml] has finished in [703] ms
18-Oct-2023 12:04:20.912 INFORMACIÓN [http-nio-8080-exec-31] org.apache.catalina.util.LifecycleBase.start The start() method was called on component [StandardEngine[Catalina].StandardHost[localhost].StandardContext[/LABPAPP_WEB]] after start() had already been called. The second call will be ignored.
18-Oct-2023 12:06:07.076 INFORMACIÓN [http-nio-8080-exec-45] org.apache.catalina.startup.HostConfig.undeploy Repliegue (undeploy) de la aplicación web que tiene como trayectoria de contexto [/LABPAPP_WEB]
18-Oct-2023 12:06:07.128 INFORMACIÓN [http-nio-8080-exec-43] org.apache.catalina.startup.HostConfig.deployDescriptor Desplieque del descriptor de configuración [/home/samuel/dev/PAPP_WEB-VersionBoostrap/PAPP_WEB/apache-tomcat-9.0.80/conf/Catalina/localhost/LABPAPP_WEB.xml]
18-Oct-2023 12:06:07.130 ADVERTENCIA [http-nio-8080-exec-43] org.apache.catalina.startup.HostConfig.deployDescriptor The path attribute with value [/LABPAPP_WEB] in deployment descriptor [/home/samuel/dev/PAPP_WEB-VersionBoostrap/PAPP_WEB/apache-tomcat-9.0.80/conf/Catalina/localhost/LABPAPP_WEB.xml] has been ignored
18-Oct-2023 12:06:08.061 INFORMACIÓN [http-nio-8080-exec-43] org.apache.jasper.servlet.TldScanner.scanJars Al menos un JAR, que se ha explorado buscando TLDs, aún no contenía TLDs. Activar historial de depuración para este historiador para una completa lista de los JARs que fueron explorados y de los que nos se halló TLDs. Saltarse JARs no necesarios durante la exploración puede dar lugar a una mejora de tiempo significativa en el arranque y compilación de JSP .
18-Oct-2023 12:06:08.063 INFORMACIÓN [http-nio-8080-exec-43] org.apache.catalina.startup.HostConfig.deployDescriptor Deployment of deployment descriptor [/home/samuel/dev/PAPP_WEB-VersionBoostrap/PAPP_WEB/apache-tomcat-9.0.80/conf/Catalina/localhost/LABPAPP_WEB.xml] has finished in [935] ms
18-Oct-2023 12:06:08.068 INFORMACIÓN [http-nio-8080-exec-36] org.apache.catalina.util.LifecycleBase.start The start() method was called on component [StandardEngine[Catalina].StandardHost[localhost].StandardContext[/LABPAPP_WEB]] after start() had already been called. The second call will be ignored.
18-Oct-2023 12:22:28.093 INFORMACIÓN [http-nio-8080-exec-53] org.apache.catalina.startup.HostConfig.undeploy Repliegue (undeploy) de la aplicación web que tiene como trayectoria de contexto [/LABPAPP_WEB]
18-Oct-2023 12:22:51.017 INFORMACIÓN [http-nio-8080-exec-56] org.apache.catalina.startup.HostConfig.deployDescriptor Desplieque del descriptor de configuración [/home/samuel/dev/PAPP_WEB-VersionBoostrap/PAPP_WEB/apache-tomcat-9.0.80/conf/Catalina/localhost/LABPAPP_WEB.xml]
18-Oct-2023 12:22:51.018 ADVERTENCIA [http-nio-8080-exec-56] org.apache.catalina.startup.HostConfig.deployDescriptor The path attribute with value [/LABPAPP_WEB] in deployment descriptor [/home/samuel/dev/PAPP_WEB-VersionBoostrap/PAPP_WEB/apache-tomcat-9.0.80/conf/Catalina/localhost/LABPAPP_WEB.xml] has been ignored
18-Oct-2023 12:22:51.791 INFORMACIÓN [http-nio-8080-exec-56] org.apache.jasper.servlet.TldScanner.scanJars Al menos un JAR, que se ha explorado buscando TLDs, aún no contenía TLDs. Activar historial de depuración para este historiador para una completa lista de los JARs que fueron explorados y de los que nos se halló TLDs. Saltarse JARs no necesarios durante la exploración puede dar lugar a una mejora de tiempo significativa en el arranque y compilación de JSP .
18-Oct-2023 12:22:51.794 INFORMACIÓN [http-nio-8080-exec-56] org.apache.catalina.startup.HostConfig.deployDescriptor Deployment of deployment descriptor [/home/samuel/dev/PAPP_WEB-VersionBoostrap/PAPP_WEB/apache-tomcat-9.0.80/conf/Catalina/localhost/LABPAPP_WEB.xml] has finished in [777] ms
18-Oct-2023 12:22:51.817 INFORMACIÓN [http-nio-8080-exec-57] org.apache.catalina.util.LifecycleBase.start The start() method was called on component [StandardEngine[Catalina].StandardHost[localhost].StandardContext[/LABPAPP_WEB]] after start() had already been called. The second call will be ignored.
18-Oct-2023 12:28:40.014 INFORMACIÓN [http-nio-8080-exec-60] org.apache.catalina.startup.HostConfig.undeploy Repliegue (undeploy) de la aplicación web que tiene como trayectoria de contexto [/LABPAPP_WEB]
18-Oct-2023 12:28:40.089 INFORMACIÓN [http-nio-8080-exec-57] org.apache.catalina.startup.HostConfig.deployDescriptor Desplieque del descriptor de configuración [/home/samuel/dev/PAPP_WEB-VersionBoostrap/PAPP_WEB/apache-tomcat-9.0.80/conf/Catalina/localhost/LABPAPP_WEB.xml]
18-Oct-2023 12:28:40.091 ADVERTENCIA [http-nio-8080-exec-57] org.apache.catalina.startup.HostConfig.deployDescriptor The path attribute with value [/LABPAPP_WEB] in deployment descriptor [/home/samuel/dev/PAPP_WEB-VersionBoostrap/PAPP_WEB/apache-tomcat-9.0.80/conf/Catalina/localhost/LABPAPP_WEB.xml] has been ignored
18-Oct-2023 12:28:41.372 INFORMACIÓN [http-nio-8080-exec-57] org.apache.jasper.servlet.TldScanner.scanJars Al menos un JAR, que se ha explorado buscando TLDs, aún no contenía TLDs. Activar historial de depuración para este historiador para una completa lista de los JARs que fueron explorados y de los que nos se halló TLDs. Saltarse JARs no necesarios durante la exploración puede dar lugar a una mejora de tiempo significativa en el arranque y compilación de JSP .
18-Oct-2023 12:28:41.376 INFORMACIÓN [http-nio-8080-exec-57] org.apache.catalina.startup.HostConfig.deployDescriptor Deployment of deployment descriptor [/home/samuel/dev/PAPP_WEB-VersionBoostrap/PAPP_WEB/apache-tomcat-9.0.80/conf/Catalina/localhost/LABPAPP_WEB.xml] has finished in [1.287] ms
18-Oct-2023 12:28:41.400 INFORMACIÓN [http-nio-8080-exec-61] org.apache.catalina.util.LifecycleBase.start The start() method was called on component [StandardEngine[Catalina].StandardHost[localhost].StandardContext[/LABPAPP_WEB]] after start() had already been called. The second call will be ignored.
18-Oct-2023 12:34:53.385 INFORMACIÓN [http-nio-8080-exec-68] org.apache.catalina.startup.HostConfig.undeploy Repliegue (undeploy) de la aplicación web que tiene como trayectoria de contexto [/LABPAPP_WEB]
18-Oct-2023 12:34:53.416 INFORMACIÓN [http-nio-8080-exec-74] org.apache.catalina.startup.HostConfig.deployDescriptor Desplieque del descriptor de configuración [/home/samuel/dev/PAPP_WEB-VersionBoostrap/PAPP_WEB/apache-tomcat-9.0.80/conf/Catalina/localhost/LABPAPP_WEB.xml]
18-Oct-2023 12:34:53.417 ADVERTENCIA [http-nio-8080-exec-74] org.apache.catalina.startup.HostConfig.deployDescriptor The path attribute with value [/LABPAPP_WEB] in deployment descriptor [/home/samuel/dev/PAPP_WEB-VersionBoostrap/PAPP_WEB/apache-tomcat-9.0.80/conf/Catalina/localhost/LABPAPP_WEB.xml] has been ignored
18-Oct-2023 12:34:54.176 INFORMACIÓN [http-nio-8080-exec-74] org.apache.jasper.servlet.TldScanner.scanJars Al menos un JAR, que se ha explorado buscando TLDs, aún no contenía TLDs. Activar historial de depuración para este historiador para una completa lista de los JARs que fueron explorados y de los que nos se halló TLDs. Saltarse JARs no necesarios durante la exploración puede dar lugar a una mejora de tiempo significativa en el arranque y compilación de JSP .
18-Oct-2023 12:34:54.178 INFORMACIÓN [http-nio-8080-exec-74] org.apache.catalina.startup.HostConfig.deployDescriptor Deployment of deployment descriptor [/home/samuel/dev/PAPP_WEB-VersionBoostrap/PAPP_WEB/apache-tomcat-9.0.80/conf/Catalina/localhost/LABPAPP_WEB.xml] has finished in [768] ms
18-Oct-2023 12:34:54.188 INFORMACIÓN [http-nio-8080-exec-75] org.apache.catalina.util.LifecycleBase.start The start() method was called on component [StandardEngine[Catalina].StandardHost[localhost].StandardContext[/LABPAPP_WEB]] after start() had already been called. The second call will be ignored.
18-Oct-2023 12:38:08.484 INFORMACIÓN [http-nio-8080-exec-85] org.apache.catalina.startup.HostConfig.undeploy Repliegue (undeploy) de la aplicación web que tiene como trayectoria de contexto [/LABPAPP_WEB]
18-Oct-2023 12:38:08.521 INFORMACIÓN [http-nio-8080-exec-76] org.apache.catalina.startup.HostConfig.deployDescriptor Desplieque del descriptor de configuración [/home/samuel/dev/PAPP_WEB-VersionBoostrap/PAPP_WEB/apache-tomcat-9.0.80/conf/Catalina/localhost/LABPAPP_WEB.xml]
18-Oct-2023 12:38:08.524 ADVERTENCIA [http-nio-8080-exec-76] org.apache.catalina.startup.HostConfig.deployDescriptor The path attribute with value [/LABPAPP_WEB] in deployment descriptor [/home/samuel/dev/PAPP_WEB-VersionBoostrap/PAPP_WEB/apache-tomcat-9.0.80/conf/Catalina/localhost/LABPAPP_WEB.xml] has been ignored
18-Oct-2023 12:38:09.305 INFORMACIÓN [http-nio-8080-exec-76] org.apache.jasper.servlet.TldScanner.scanJars Al menos un JAR, que se ha explorado buscando TLDs, aún no contenía TLDs. Activar historial de depuración para este historiador para una completa lista de los JARs que fueron explorados y de los que nos se halló TLDs. Saltarse JARs no necesarios durante la exploración puede dar lugar a una mejora de tiempo significativa en el arranque y compilación de JSP .
18-Oct-2023 12:38:09.308 INFORMACIÓN [http-nio-8080-exec-76] org.apache.catalina.startup.HostConfig.deployDescriptor Deployment of deployment descriptor [/home/samuel/dev/PAPP_WEB-VersionBoostrap/PAPP_WEB/apache-tomcat-9.0.80/conf/Catalina/localhost/LABPAPP_WEB.xml] has finished in [787] ms
18-Oct-2023 12:38:09.316 INFORMACIÓN [http-nio-8080-exec-77] org.apache.catalina.util.LifecycleBase.start The start() method was called on component [StandardEngine[Catalina].StandardHost[localhost].StandardContext[/LABPAPP_WEB]] after start() had already been called. The second call will be ignored.
18-Oct-2023 12:43:54.392 INFORMACIÓN [http-nio-8080-exec-86] org.apache.catalina.startup.HostConfig.undeploy Repliegue (undeploy) de la aplicación web que tiene como trayectoria de contexto [/LABPAPP_WEB]
18-Oct-2023 16:31:05.727 INFORMACIÓN [main] org.apache.catalina.startup.VersionLoggerListener.log Nombre de la versión del servidor: Apache Tomcat/9.0.80
18-Oct-2023 16:31:05.732 INFORMACIÓN [main] org.apache.catalina.startup.VersionLoggerListener.log Server built:                      Aug 23 2023 21:59:38 UTC
18-Oct-2023 16:31:05.732 INFORMACIÓN [main] org.apache.catalina.startup.VersionLoggerListener.log Número de versión de servidor:     9.0.80.0
18-Oct-2023 16:31:05.733 INFORMACIÓN [main] org.apache.catalina.startup.VersionLoggerListener.log OS Name:                           Linux
18-Oct-2023 16:31:05.733 INFORMACIÓN [main] org.apache.catalina.startup.VersionLoggerListener.log Versión de Systema Operativo:      6.2.0-34-generic
18-Oct-2023 16:31:05.733 INFORMACIÓN [main] org.apache.catalina.startup.VersionLoggerListener.log Arquitectura:                      amd64
18-Oct-2023 16:31:05.733 INFORMACIÓN [main] org.apache.catalina.startup.VersionLoggerListener.log Java Home:                         /snap/strictly-netbeans/33/jdk
18-Oct-2023 16:31:05.733 INFORMACIÓN [main] org.apache.catalina.startup.VersionLoggerListener.log JVM Version:                       21+35-snap
18-Oct-2023 16:31:05.733 INFORMACIÓN [main] org.apache.catalina.startup.VersionLoggerListener.log Vededor JVM:                       Snap Build
18-Oct-2023 16:31:05.734 INFORMACIÓN [main] org.apache.catalina.startup.VersionLoggerListener.log CATALINA_BASE:                     /home/samuel/dev/PAPP_WEB-VersionBoostrap/PAPP_WEB/apache-tomcat-9.0.80
18-Oct-2023 16:31:05.734 INFORMACIÓN [main] org.apache.catalina.startup.VersionLoggerListener.log CATALINA_HOME:                     /home/samuel/dev/PAPP_WEB-VersionBoostrap/PAPP_WEB/apache-tomcat-9.0.80
18-Oct-2023 16:31:05.744 INFORMACIÓN [main] org.apache.catalina.startup.VersionLoggerListener.log Command line argument:             --add-opens=java.base/java.lang=ALL-UNNAMED
18-Oct-2023 16:31:05.744 INFORMACIÓN [main] org.apache.catalina.startup.VersionLoggerListener.log Command line argument:             --add-opens=java.base/java.io=ALL-UNNAMED
18-Oct-2023 16:31:05.744 INFORMACIÓN [main] org.apache.catalina.startup.VersionLoggerListener.log Command line argument:             --add-opens=java.base/java.util=ALL-UNNAMED
18-Oct-2023 16:31:05.744 INFORMACIÓN [main] org.apache.catalina.startup.VersionLoggerListener.log Command line argument:             --add-opens=java.base/java.util.concurrent=ALL-UNNAMED
18-Oct-2023 16:31:05.744 INFORMACIÓN [main] org.apache.catalina.startup.VersionLoggerListener.log Command line argument:             --add-opens=java.rmi/sun.rmi.transport=ALL-UNNAMED
18-Oct-2023 16:31:05.744 INFORMACIÓN [main] org.apache.catalina.startup.VersionLoggerListener.log Command line argument:             -Djava.util.logging.config.file=/home/samuel/dev/PAPP_WEB-VersionBoostrap/PAPP_WEB/apache-tomcat-9.0.80/conf/logging.properties
18-Oct-2023 16:31:05.745 INFORMACIÓN [main] org.apache.catalina.startup.VersionLoggerListener.log Command line argument:             -Djava.util.logging.manager=org.apache.juli.ClassLoaderLogManager
18-Oct-2023 16:31:05.745 INFORMACIÓN [main] org.apache.catalina.startup.VersionLoggerListener.log Command line argument:             -Dhttp.nonProxyHosts=localhost|127.0.0.1|samuel-vm
18-Oct-2023 16:31:05.745 INFORMACIÓN [main] org.apache.catalina.startup.VersionLoggerListener.log Command line argument:             -Djdk.tls.ephemeralDHKeySize=2048
18-Oct-2023 16:31:05.745 INFORMACIÓN [main] org.apache.catalina.startup.VersionLoggerListener.log Command line argument:             -Djava.protocol.handler.pkgs=org.apache.catalina.webresources
18-Oct-2023 16:31:05.746 INFORMACIÓN [main] org.apache.catalina.startup.VersionLoggerListener.log Command line argument:             -Dorg.apache.catalina.security.SecurityListener.UMASK=0027
18-Oct-2023 16:31:05.746 INFORMACIÓN [main] org.apache.catalina.startup.VersionLoggerListener.log Command line argument:             -Dignore.endorsed.dirs=
18-Oct-2023 16:31:05.746 INFORMACIÓN [main] org.apache.catalina.startup.VersionLoggerListener.log Command line argument:             -Dcatalina.base=/home/samuel/dev/PAPP_WEB-VersionBoostrap/PAPP_WEB/apache-tomcat-9.0.80
18-Oct-2023 16:31:05.746 INFORMACIÓN [main] org.apache.catalina.startup.VersionLoggerListener.log Command line argument:             -Dcatalina.home=/home/samuel/dev/PAPP_WEB-VersionBoostrap/PAPP_WEB/apache-tomcat-9.0.80
18-Oct-2023 16:31:05.746 INFORMACIÓN [main] org.apache.catalina.startup.VersionLoggerListener.log Command line argument:             -Djava.io.tmpdir=/home/samuel/dev/PAPP_WEB-VersionBoostrap/PAPP_WEB/apache-tomcat-9.0.80/temp
18-Oct-2023 16:31:05.750 INFORMACIÓN [main] org.apache.catalina.core.AprLifecycleListener.lifecycleEvent La biblioteca nativa de Apache Tomcat basada en ARP que permite un rendimiento óptimo en entornos de desarrollo no ha sido hallada en java.library.path: [/var/lib/snapd/lib/gl:/var/lib/snapd/lib/gl32:/var/lib/snapd/void:/snap/strictly-netbeans/33/lib:/snap/strictly-netbeans/33/lib/x86_64-linux-gnu:/snap/strictly-netbeans/33/gnome-platform/lib/x86_64-linux-gnu:/snap/strictly-netbeans/33/gnome-platform/usr/lib/x86_64-linux-gnu:/snap/strictly-netbeans/33/gnome-platform/usr/lib:/snap/strictly-netbeans/33/gnome-platform/lib:/snap/strictly-netbeans/33/gnome-platform/usr/lib/x86_64-linux-gnu/dri:/var/lib/snapd/lib/gl:/snap/strictly-netbeans/33/gnome-platform/usr/lib/x86_64-linux-gnu/pulseaudio:/usr/java/packages/lib:/usr/lib64:/lib64:/lib:/usr/lib]
18-Oct-2023 16:31:06.368 INFORMACIÓN [main] org.apache.coyote.AbstractProtocol.init Inicializando el manejador de protocolo ["http-nio-8080"]

18-Oct-2023 16:31:06.391 INFORMACIÓN [main] org.apache.catalina.startup.Catalina.load Server initialization in [950] milliseconds
18-Oct-2023 16:31:06.477 INFORMACIÓN [main] org.apache.catalina.core.StandardService.startInternal Arrancando servicio [Catalina]
18-Oct-2023 16:31:06.478 INFORMACIÓN [main] org.apache.catalina.core.StandardEngine.startInternal Starting Servlet engine: [Apache Tomcat/9.0.80]
18-Oct-2023 16:31:06.504 INFORMACIÓN [main] org.apache.catalina.startup.HostConfig.deployDirectory Desplegando el directorio [/home/samuel/dev/PAPP_WEB-VersionBoostrap/PAPP_WEB/apache-tomcat-9.0.80/webapps/docs] de la aplicación web
18-Oct-2023 16:31:07.165 INFORMACIÓN [main] org.apache.jasper.servlet.TldScanner.scanJars Al menos un JAR, que se ha explorado buscando TLDs, aún no contenía TLDs. Activar historial de depuración para este historiador para una completa lista de los JARs que fueron explorados y de los que nos se halló TLDs. Saltarse JARs no necesarios durante la exploración puede dar lugar a una mejora de tiempo significativa en el arranque y compilación de JSP .
18-Oct-2023 16:31:07.271 INFORMACIÓN [main] org.apache.catalina.startup.HostConfig.deployDirectory Deployment of web application directory [/home/samuel/dev/PAPP_WEB-VersionBoostrap/PAPP_WEB/apache-tomcat-9.0.80/webapps/docs] has finished in [757] ms
18-Oct-2023 16:31:07.280 INFORMACIÓN [main] org.apache.catalina.startup.HostConfig.deployDirectory Desplegando el directorio [/home/samuel/dev/PAPP_WEB-VersionBoostrap/PAPP_WEB/apache-tomcat-9.0.80/webapps/host-manager] de la aplicación web
18-Oct-2023 16:31:07.572 INFORMACIÓN [main] org.apache.jasper.servlet.TldScanner.scanJars Al menos un JAR, que se ha explorado buscando TLDs, aún no contenía TLDs. Activar historial de depuración para este historiador para una completa lista de los JARs que fueron explorados y de los que nos se halló TLDs. Saltarse JARs no necesarios durante la exploración puede dar lugar a una mejora de tiempo significativa en el arranque y compilación de JSP .
18-Oct-2023 16:31:07.586 INFORMACIÓN [main] org.apache.catalina.startup.HostConfig.deployDirectory Deployment of web application directory [/home/samuel/dev/PAPP_WEB-VersionBoostrap/PAPP_WEB/apache-tomcat-9.0.80/webapps/host-manager] has finished in [311] ms
18-Oct-2023 16:31:07.587 INFORMACIÓN [main] org.apache.catalina.startup.HostConfig.deployDirectory Desplegando el directorio [/home/samuel/dev/PAPP_WEB-VersionBoostrap/PAPP_WEB/apache-tomcat-9.0.80/webapps/examples] de la aplicación web
18-Oct-2023 16:31:08.101 INFORMACIÓN [main] org.apache.jasper.servlet.TldScanner.scanJars Al menos un JAR, que se ha explorado buscando TLDs, aún no contenía TLDs. Activar historial de depuración para este historiador para una completa lista de los JARs que fueron explorados y de los que nos se halló TLDs. Saltarse JARs no necesarios durante la exploración puede dar lugar a una mejora de tiempo significativa en el arranque y compilación de JSP .
18-Oct-2023 16:31:08.175 INFORMACIÓN [main] org.apache.catalina.startup.HostConfig.deployDirectory Deployment of web application directory [/home/samuel/dev/PAPP_WEB-VersionBoostrap/PAPP_WEB/apache-tomcat-9.0.80/webapps/examples] has finished in [588] ms
18-Oct-2023 16:31:08.176 INFORMACIÓN [main] org.apache.catalina.startup.HostConfig.deployDirectory Desplegando el directorio [/home/samuel/dev/PAPP_WEB-VersionBoostrap/PAPP_WEB/apache-tomcat-9.0.80/webapps/ROOT] de la aplicación web
18-Oct-2023 16:31:08.393 INFORMACIÓN [main] org.apache.jasper.servlet.TldScanner.scanJars Al menos un JAR, que se ha explorado buscando TLDs, aún no contenía TLDs. Activar historial de depuración para este historiador para una completa lista de los JARs que fueron explorados y de los que nos se halló TLDs. Saltarse JARs no necesarios durante la exploración puede dar lugar a una mejora de tiempo significativa en el arranque y compilación de JSP .
18-Oct-2023 16:31:08.396 INFORMACIÓN [main] org.apache.catalina.startup.HostConfig.deployDirectory Deployment of web application directory [/home/samuel/dev/PAPP_WEB-VersionBoostrap/PAPP_WEB/apache-tomcat-9.0.80/webapps/ROOT] has finished in [220] ms
18-Oct-2023 16:31:08.397 INFORMACIÓN [main] org.apache.catalina.startup.HostConfig.deployDirectory Desplegando el directorio [/home/samuel/dev/PAPP_WEB-VersionBoostrap/PAPP_WEB/apache-tomcat-9.0.80/webapps/manager] de la aplicación web
18-Oct-2023 16:31:08.622 INFORMACIÓN [main] org.apache.jasper.servlet.TldScanner.scanJars Al menos un JAR, que se ha explorado buscando TLDs, aún no contenía TLDs. Activar historial de depuración para este historiador para una completa lista de los JARs que fueron explorados y de los que nos se halló TLDs. Saltarse JARs no necesarios durante la exploración puede dar lugar a una mejora de tiempo significativa en el arranque y compilación de JSP .
18-Oct-2023 16:31:08.625 INFORMACIÓN [main] org.apache.catalina.startup.HostConfig.deployDirectory Deployment of web application directory [/home/samuel/dev/PAPP_WEB-VersionBoostrap/PAPP_WEB/apache-tomcat-9.0.80/webapps/manager] has finished in [228] ms
18-Oct-2023 16:31:08.632 INFORMACIÓN [main] org.apache.coyote.AbstractProtocol.start Starting ProtocolHandler ["http-nio-8080"]
18-Oct-2023 16:31:08.733 INFORMACIÓN [main] org.apache.catalina.startup.Catalina.start Server startup in [2338] milliseconds
18-Oct-2023 16:31:10.556 INFORMACIÓN [http-nio-8080-exec-1] org.apache.catalina.startup.HostConfig.deployDescriptor Desplieque del descriptor de configuración [/home/samuel/dev/PAPP_WEB-VersionBoostrap/PAPP_WEB/apache-tomcat-9.0.80/conf/Catalina/localhost/LABPAPP_WEB.xml]
18-Oct-2023 16:31:10.557 ADVERTENCIA [http-nio-8080-exec-1] org.apache.catalina.startup.HostConfig.deployDescriptor The path attribute with value [/LABPAPP_WEB] in deployment descriptor [/home/samuel/dev/PAPP_WEB-VersionBoostrap/PAPP_WEB/apache-tomcat-9.0.80/conf/Catalina/localhost/LABPAPP_WEB.xml] has been ignored
18-Oct-2023 16:31:11.322 ADVERTENCIA [http-nio-8080-exec-1] java.util.ArrayList.forEach Name = tur Property maxActive is not used in DBCP2, use maxTotal instead. maxTotal default value is 8. You have set value of "20" for "maxActive" property, which is being ignored.
18-Oct-2023 16:31:11.322 ADVERTENCIA [http-nio-8080-exec-1] java.util.ArrayList.forEach Name = tur Property maxWait is not used in DBCP2 , use maxWaitMillis instead. maxWaitMillis default value is PT-0.001S. You have set value of "-1" for "maxWait" property, which is being ignored.
18-Oct-2023 16:31:11.345 ADVERTENCIA [http-nio-8080-exec-1] java.util.ArrayList.forEach Name = Turismo Property maxActive is not used in DBCP2, use maxTotal instead. maxTotal default value is 8. You have set value of "20" for "maxActive" property, which is being ignored.
18-Oct-2023 16:31:11.345 ADVERTENCIA [http-nio-8080-exec-1] java.util.ArrayList.forEach Name = Turismo Property maxWait is not used in DBCP2 , use maxWaitMillis instead. maxWaitMillis default value is PT-0.001S. You have set value of "-1" for "maxWait" property, which is being ignored.
18-Oct-2023 16:31:11.346 ADVERTENCIA [http-nio-8080-exec-1] java.util.ArrayList.forEach Name = LABPAPP_WEB Property maxActive is not used in DBCP2, use maxTotal instead. maxTotal default value is 8. You have set value of "20" for "maxActive" property, which is being ignored.
18-Oct-2023 16:31:11.346 ADVERTENCIA [http-nio-8080-exec-1] java.util.ArrayList.forEach Name = LABPAPP_WEB Property maxWait is not used in DBCP2 , use maxWaitMillis instead. maxWaitMillis default value is PT-0.001S. You have set value of "-1" for "maxWait" property, which is being ignored.
18-Oct-2023 16:31:11.347 ADVERTENCIA [http-nio-8080-exec-1] java.util.ArrayList.forEach Name = turismo Property maxActive is not used in DBCP2, use maxTotal instead. maxTotal default value is 8. You have set value of "20" for "maxActive" property, which is being ignored.
18-Oct-2023 16:31:11.347 ADVERTENCIA [http-nio-8080-exec-1] java.util.ArrayList.forEach Name = turismo Property maxWait is not used in DBCP2 , use maxWaitMillis instead. maxWaitMillis default value is PT-0.001S. You have set value of "-1" for "maxWait" property, which is being ignored.
18-Oct-2023 16:31:11.352 INFORMACIÓN [http-nio-8080-exec-1] org.apache.jasper.servlet.TldScanner.scanJars Al menos un JAR, que se ha explorado buscando TLDs, aún no contenía TLDs. Activar historial de depuración para este historiador para una completa lista de los JARs que fueron explorados y de los que nos se halló TLDs. Saltarse JARs no necesarios durante la exploración puede dar lugar a una mejora de tiempo significativa en el arranque y compilación de JSP .
18-Oct-2023 16:31:11.360 INFORMACIÓN [http-nio-8080-exec-1] org.apache.catalina.startup.HostConfig.deployDescriptor Deployment of deployment descriptor [/home/samuel/dev/PAPP_WEB-VersionBoostrap/PAPP_WEB/apache-tomcat-9.0.80/conf/Catalina/localhost/LABPAPP_WEB.xml] has finished in [803] ms
18-Oct-2023 16:31:11.365 INFORMACIÓN [http-nio-8080-exec-3] org.apache.catalina.util.LifecycleBase.start The start() method was called on component [StandardEngine[Catalina].StandardHost[localhost].StandardContext[/LABPAPP_WEB]] after start() had already been called. The second call will be ignored.
18-Oct-2023 16:32:21.612 INFORMACIÓN [main] org.apache.catalina.core.StandardServer.await Se ha recibido un comando de apagado a través del puerto de apagado. Parando la instancia del Servidor.
18-Oct-2023 16:32:21.612 INFORMACIÓN [main] org.apache.coyote.AbstractProtocol.pause Pausing ProtocolHandler ["http-nio-8080"]
18-Oct-2023 16:32:21.623 INFORMACIÓN [main] org.apache.catalina.core.StandardService.stopInternal Parando servicio [Catalina]
18-Oct-2023 16:32:21.743 INFORMACIÓN [main] org.apache.coyote.AbstractProtocol.stop Stopping ProtocolHandler ["http-nio-8080"]
18-Oct-2023 16:32:21.759 INFORMACIÓN [main] org.apache.coyote.AbstractProtocol.destroy Destroying ProtocolHandler ["http-nio-8080"]
18-Oct-2023 16:33:51.409 INFORMACIÓN [main] org.apache.catalina.startup.VersionLoggerListener.log Nombre de la versión del servidor: Apache Tomcat/9.0.80
18-Oct-2023 16:33:51.414 INFORMACIÓN [main] org.apache.catalina.startup.VersionLoggerListener.log Server built:                      Aug 23 2023 21:59:38 UTC
18-Oct-2023 16:33:51.414 INFORMACIÓN [main] org.apache.catalina.startup.VersionLoggerListener.log Número de versión de servidor:     9.0.80.0
18-Oct-2023 16:33:51.414 INFORMACIÓN [main] org.apache.catalina.startup.VersionLoggerListener.log OS Name:                           Linux
18-Oct-2023 16:33:51.414 INFORMACIÓN [main] org.apache.catalina.startup.VersionLoggerListener.log Versión de Systema Operativo:      6.2.0-34-generic
18-Oct-2023 16:33:51.414 INFORMACIÓN [main] org.apache.catalina.startup.VersionLoggerListener.log Arquitectura:                      amd64
18-Oct-2023 16:33:51.414 INFORMACIÓN [main] org.apache.catalina.startup.VersionLoggerListener.log Java Home:                         /snap/strictly-netbeans/33/jdk
18-Oct-2023 16:33:51.414 INFORMACIÓN [main] org.apache.catalina.startup.VersionLoggerListener.log JVM Version:                       21+35-snap
18-Oct-2023 16:33:51.414 INFORMACIÓN [main] org.apache.catalina.startup.VersionLoggerListener.log Vededor JVM:                       Snap Build
18-Oct-2023 16:33:51.414 INFORMACIÓN [main] org.apache.catalina.startup.VersionLoggerListener.log CATALINA_BASE:                     /home/samuel/dev/PAPP_WEB-VersionBoostrap/PAPP_WEB/apache-tomcat-9.0.80
18-Oct-2023 16:33:51.414 INFORMACIÓN [main] org.apache.catalina.startup.VersionLoggerListener.log CATALINA_HOME:                     /home/samuel/dev/PAPP_WEB-VersionBoostrap/PAPP_WEB/apache-tomcat-9.0.80
18-Oct-2023 16:33:51.426 INFORMACIÓN [main] org.apache.catalina.startup.VersionLoggerListener.log Command line argument:             --add-opens=java.base/java.lang=ALL-UNNAMED
18-Oct-2023 16:33:51.427 INFORMACIÓN [main] org.apache.catalina.startup.VersionLoggerListener.log Command line argument:             --add-opens=java.base/java.io=ALL-UNNAMED
18-Oct-2023 16:33:51.427 INFORMACIÓN [main] org.apache.catalina.startup.VersionLoggerListener.log Command line argument:             --add-opens=java.base/java.util=ALL-UNNAMED
18-Oct-2023 16:33:51.427 INFORMACIÓN [main] org.apache.catalina.startup.VersionLoggerListener.log Command line argument:             --add-opens=java.base/java.util.concurrent=ALL-UNNAMED
18-Oct-2023 16:33:51.427 INFORMACIÓN [main] org.apache.catalina.startup.VersionLoggerListener.log Command line argument:             --add-opens=java.rmi/sun.rmi.transport=ALL-UNNAMED
18-Oct-2023 16:33:51.427 INFORMACIÓN [main] org.apache.catalina.startup.VersionLoggerListener.log Command line argument:             -Djava.util.logging.config.file=/home/samuel/dev/PAPP_WEB-VersionBoostrap/PAPP_WEB/apache-tomcat-9.0.80/conf/logging.properties
18-Oct-2023 16:33:51.427 INFORMACIÓN [main] org.apache.catalina.startup.VersionLoggerListener.log Command line argument:             -Djava.util.logging.manager=org.apache.juli.ClassLoaderLogManager
18-Oct-2023 16:33:51.427 INFORMACIÓN [main] org.apache.catalina.startup.VersionLoggerListener.log Command line argument:             -Dhttp.nonProxyHosts=localhost|127.0.0.1|samuel-vm
18-Oct-2023 16:33:51.427 INFORMACIÓN [main] org.apache.catalina.startup.VersionLoggerListener.log Command line argument:             -Djdk.tls.ephemeralDHKeySize=2048
18-Oct-2023 16:33:51.429 INFORMACIÓN [main] org.apache.catalina.startup.VersionLoggerListener.log Command line argument:             -Djava.protocol.handler.pkgs=org.apache.catalina.webresources
18-Oct-2023 16:33:51.429 INFORMACIÓN [main] org.apache.catalina.startup.VersionLoggerListener.log Command line argument:             -Dorg.apache.catalina.security.SecurityListener.UMASK=0027
18-Oct-2023 16:33:51.430 INFORMACIÓN [main] org.apache.catalina.startup.VersionLoggerListener.log Command line argument:             -Dignore.endorsed.dirs=
18-Oct-2023 16:33:51.430 INFORMACIÓN [main] org.apache.catalina.startup.VersionLoggerListener.log Command line argument:             -Dcatalina.base=/home/samuel/dev/PAPP_WEB-VersionBoostrap/PAPP_WEB/apache-tomcat-9.0.80
18-Oct-2023 16:33:51.430 INFORMACIÓN [main] org.apache.catalina.startup.VersionLoggerListener.log Command line argument:             -Dcatalina.home=/home/samuel/dev/PAPP_WEB-VersionBoostrap/PAPP_WEB/apache-tomcat-9.0.80
18-Oct-2023 16:33:51.430 INFORMACIÓN [main] org.apache.catalina.startup.VersionLoggerListener.log Command line argument:             -Djava.io.tmpdir=/home/samuel/dev/PAPP_WEB-VersionBoostrap/PAPP_WEB/apache-tomcat-9.0.80/temp
18-Oct-2023 16:33:51.433 INFORMACIÓN [main] org.apache.catalina.core.AprLifecycleListener.lifecycleEvent La biblioteca nativa de Apache Tomcat basada en ARP que permite un rendimiento óptimo en entornos de desarrollo no ha sido hallada en java.library.path: [/var/lib/snapd/lib/gl:/var/lib/snapd/lib/gl32:/var/lib/snapd/void:/snap/strictly-netbeans/33/lib:/snap/strictly-netbeans/33/lib/x86_64-linux-gnu:/snap/strictly-netbeans/33/gnome-platform/lib/x86_64-linux-gnu:/snap/strictly-netbeans/33/gnome-platform/usr/lib/x86_64-linux-gnu:/snap/strictly-netbeans/33/gnome-platform/usr/lib:/snap/strictly-netbeans/33/gnome-platform/lib:/snap/strictly-netbeans/33/gnome-platform/usr/lib/x86_64-linux-gnu/dri:/var/lib/snapd/lib/gl:/snap/strictly-netbeans/33/gnome-platform/usr/lib/x86_64-linux-gnu/pulseaudio:/usr/java/packages/lib:/usr/lib64:/lib64:/lib:/usr/lib]
18-Oct-2023 16:33:51.896 INFORMACIÓN [main] org.apache.coyote.AbstractProtocol.init Inicializando el manejador de protocolo ["http-nio-8080"]

18-Oct-2023 16:33:51.915 INFORMACIÓN [main] org.apache.catalina.startup.Catalina.load Server initialization in [738] milliseconds
18-Oct-2023 16:33:51.967 INFORMACIÓN [main] org.apache.catalina.core.StandardService.startInternal Arrancando servicio [Catalina]
18-Oct-2023 16:33:51.967 INFORMACIÓN [main] org.apache.catalina.core.StandardEngine.startInternal Starting Servlet engine: [Apache Tomcat/9.0.80]
18-Oct-2023 16:33:51.975 INFORMACIÓN [main] org.apache.catalina.startup.HostConfig.deployDescriptor Desplieque del descriptor de configuración [/home/samuel/dev/PAPP_WEB-VersionBoostrap/PAPP_WEB/apache-tomcat-9.0.80/conf/Catalina/localhost/LABPAPP_WEB.xml]
18-Oct-2023 16:33:51.993 ADVERTENCIA [main] org.apache.catalina.startup.HostConfig.deployDescriptor The path attribute with value [/LABPAPP_WEB] in deployment descriptor [/home/samuel/dev/PAPP_WEB-VersionBoostrap/PAPP_WEB/apache-tomcat-9.0.80/conf/Catalina/localhost/LABPAPP_WEB.xml] has been ignored
18-Oct-2023 16:33:53.138 ADVERTENCIA [main] java.util.ArrayList.forEach Name = tur Property maxActive is not used in DBCP2, use maxTotal instead. maxTotal default value is 8. You have set value of "20" for "maxActive" property, which is being ignored.
18-Oct-2023 16:33:53.138 ADVERTENCIA [main] java.util.ArrayList.forEach Name = tur Property maxWait is not used in DBCP2 , use maxWaitMillis instead. maxWaitMillis default value is PT-0.001S. You have set value of "-1" for "maxWait" property, which is being ignored.
18-Oct-2023 16:33:53.163 ADVERTENCIA [main] java.util.ArrayList.forEach Name = Turismo Property maxActive is not used in DBCP2, use maxTotal instead. maxTotal default value is 8. You have set value of "20" for "maxActive" property, which is being ignored.
18-Oct-2023 16:33:53.163 ADVERTENCIA [main] java.util.ArrayList.forEach Name = Turismo Property maxWait is not used in DBCP2 , use maxWaitMillis instead. maxWaitMillis default value is PT-0.001S. You have set value of "-1" for "maxWait" property, which is being ignored.
18-Oct-2023 16:33:53.164 ADVERTENCIA [main] java.util.ArrayList.forEach Name = LABPAPP_WEB Property maxActive is not used in DBCP2, use maxTotal instead. maxTotal default value is 8. You have set value of "20" for "maxActive" property, which is being ignored.
18-Oct-2023 16:33:53.164 ADVERTENCIA [main] java.util.ArrayList.forEach Name = LABPAPP_WEB Property maxWait is not used in DBCP2 , use maxWaitMillis instead. maxWaitMillis default value is PT-0.001S. You have set value of "-1" for "maxWait" property, which is being ignored.
18-Oct-2023 16:33:53.165 ADVERTENCIA [main] java.util.ArrayList.forEach Name = turismo Property maxActive is not used in DBCP2, use maxTotal instead. maxTotal default value is 8. You have set value of "20" for "maxActive" property, which is being ignored.
18-Oct-2023 16:33:53.165 ADVERTENCIA [main] java.util.ArrayList.forEach Name = turismo Property maxWait is not used in DBCP2 , use maxWaitMillis instead. maxWaitMillis default value is PT-0.001S. You have set value of "-1" for "maxWait" property, which is being ignored.
18-Oct-2023 16:33:53.189 INFORMACIÓN [main] org.apache.jasper.servlet.TldScanner.scanJars Al menos un JAR, que se ha explorado buscando TLDs, aún no contenía TLDs. Activar historial de depuración para este historiador para una completa lista de los JARs que fueron explorados y de los que nos se halló TLDs. Saltarse JARs no necesarios durante la exploración puede dar lugar a una mejora de tiempo significativa en el arranque y compilación de JSP .
18-Oct-2023 16:33:53.281 INFORMACIÓN [main] org.apache.catalina.startup.HostConfig.deployDescriptor Deployment of deployment descriptor [/home/samuel/dev/PAPP_WEB-VersionBoostrap/PAPP_WEB/apache-tomcat-9.0.80/conf/Catalina/localhost/LABPAPP_WEB.xml] has finished in [1.303] ms
18-Oct-2023 16:33:53.282 INFORMACIÓN [main] org.apache.catalina.startup.HostConfig.deployDirectory Desplegando el directorio [/home/samuel/dev/PAPP_WEB-VersionBoostrap/PAPP_WEB/apache-tomcat-9.0.80/webapps/docs] de la aplicación web
18-Oct-2023 16:33:53.577 INFORMACIÓN [main] org.apache.jasper.servlet.TldScanner.scanJars Al menos un JAR, que se ha explorado buscando TLDs, aún no contenía TLDs. Activar historial de depuración para este historiador para una completa lista de los JARs que fueron explorados y de los que nos se halló TLDs. Saltarse JARs no necesarios durante la exploración puede dar lugar a una mejora de tiempo significativa en el arranque y compilación de JSP .
18-Oct-2023 16:33:53.581 INFORMACIÓN [main] org.apache.catalina.startup.HostConfig.deployDirectory Deployment of web application directory [/home/samuel/dev/PAPP_WEB-VersionBoostrap/PAPP_WEB/apache-tomcat-9.0.80/webapps/docs] has finished in [299] ms
18-Oct-2023 16:33:53.581 INFORMACIÓN [main] org.apache.catalina.startup.HostConfig.deployDirectory Desplegando el directorio [/home/samuel/dev/PAPP_WEB-VersionBoostrap/PAPP_WEB/apache-tomcat-9.0.80/webapps/host-manager] de la aplicación web
18-Oct-2023 16:33:53.822 INFORMACIÓN [main] org.apache.jasper.servlet.TldScanner.scanJars Al menos un JAR, que se ha explorado buscando TLDs, aún no contenía TLDs. Activar historial de depuración para este historiador para una completa lista de los JARs que fueron explorados y de los que nos se halló TLDs. Saltarse JARs no necesarios durante la exploración puede dar lugar a una mejora de tiempo significativa en el arranque y compilación de JSP .
18-Oct-2023 16:33:53.829 INFORMACIÓN [main] org.apache.catalina.startup.HostConfig.deployDirectory Deployment of web application directory [/home/samuel/dev/PAPP_WEB-VersionBoostrap/PAPP_WEB/apache-tomcat-9.0.80/webapps/host-manager] has finished in [248] ms
18-Oct-2023 16:33:53.830 INFORMACIÓN [main] org.apache.catalina.startup.HostConfig.deployDirectory Desplegando el directorio [/home/samuel/dev/PAPP_WEB-VersionBoostrap/PAPP_WEB/apache-tomcat-9.0.80/webapps/examples] de la aplicación web
18-Oct-2023 16:33:54.134 INFORMACIÓN [main] org.apache.jasper.servlet.TldScanner.scanJars Al menos un JAR, que se ha explorado buscando TLDs, aún no contenía TLDs. Activar historial de depuración para este historiador para una completa lista de los JARs que fueron explorados y de los que nos se halló TLDs. Saltarse JARs no necesarios durante la exploración puede dar lugar a una mejora de tiempo significativa en el arranque y compilación de JSP .
18-Oct-2023 16:33:54.168 INFORMACIÓN [main] org.apache.catalina.startup.HostConfig.deployDirectory Deployment of web application directory [/home/samuel/dev/PAPP_WEB-VersionBoostrap/PAPP_WEB/apache-tomcat-9.0.80/webapps/examples] has finished in [338] ms
18-Oct-2023 16:33:54.168 INFORMACIÓN [main] org.apache.catalina.startup.HostConfig.deployDirectory Desplegando el directorio [/home/samuel/dev/PAPP_WEB-VersionBoostrap/PAPP_WEB/apache-tomcat-9.0.80/webapps/ROOT] de la aplicación web
18-Oct-2023 16:33:54.385 INFORMACIÓN [main] org.apache.jasper.servlet.TldScanner.scanJars Al menos un JAR, que se ha explorado buscando TLDs, aún no contenía TLDs. Activar historial de depuración para este historiador para una completa lista de los JARs que fueron explorados y de los que nos se halló TLDs. Saltarse JARs no necesarios durante la exploración puede dar lugar a una mejora de tiempo significativa en el arranque y compilación de JSP .
18-Oct-2023 16:33:54.386 INFORMACIÓN [main] org.apache.catalina.startup.HostConfig.deployDirectory Deployment of web application directory [/home/samuel/dev/PAPP_WEB-VersionBoostrap/PAPP_WEB/apache-tomcat-9.0.80/webapps/ROOT] has finished in [218] ms
18-Oct-2023 16:33:54.387 INFORMACIÓN [main] org.apache.catalina.startup.HostConfig.deployDirectory Desplegando el directorio [/home/samuel/dev/PAPP_WEB-VersionBoostrap/PAPP_WEB/apache-tomcat-9.0.80/webapps/manager] de la aplicación web
18-Oct-2023 16:33:54.581 INFORMACIÓN [main] org.apache.jasper.servlet.TldScanner.scanJars Al menos un JAR, que se ha explorado buscando TLDs, aún no contenía TLDs. Activar historial de depuración para este historiador para una completa lista de los JARs que fueron explorados y de los que nos se halló TLDs. Saltarse JARs no necesarios durante la exploración puede dar lugar a una mejora de tiempo significativa en el arranque y compilación de JSP .
18-Oct-2023 16:33:54.584 INFORMACIÓN [main] org.apache.catalina.startup.HostConfig.deployDirectory Deployment of web application directory [/home/samuel/dev/PAPP_WEB-VersionBoostrap/PAPP_WEB/apache-tomcat-9.0.80/webapps/manager] has finished in [196] ms
18-Oct-2023 16:33:54.599 INFORMACIÓN [main] org.apache.coyote.AbstractProtocol.start Starting ProtocolHandler ["http-nio-8080"]
18-Oct-2023 16:33:54.671 INFORMACIÓN [main] org.apache.catalina.startup.Catalina.start Server startup in [2754] milliseconds
18-Oct-2023 16:33:57.453 INFORMACIÓN [http-nio-8080-exec-1] org.apache.catalina.startup.HostConfig.undeploy Repliegue (undeploy) de la aplicación web que tiene como trayectoria de contexto [/LABPAPP_WEB]
18-Oct-2023 16:33:57.504 INFORMACIÓN [http-nio-8080-exec-4] org.apache.catalina.startup.HostConfig.deployDescriptor Desplieque del descriptor de configuración [/home/samuel/dev/PAPP_WEB-VersionBoostrap/PAPP_WEB/apache-tomcat-9.0.80/conf/Catalina/localhost/LABPAPP_WEB.xml]
18-Oct-2023 16:33:57.506 ADVERTENCIA [http-nio-8080-exec-4] org.apache.catalina.startup.HostConfig.deployDescriptor The path attribute with value [/LABPAPP_WEB] in deployment descriptor [/home/samuel/dev/PAPP_WEB-VersionBoostrap/PAPP_WEB/apache-tomcat-9.0.80/conf/Catalina/localhost/LABPAPP_WEB.xml] has been ignored
18-Oct-2023 16:33:58.177 INFORMACIÓN [http-nio-8080-exec-4] org.apache.jasper.servlet.TldScanner.scanJars Al menos un JAR, que se ha explorado buscando TLDs, aún no contenía TLDs. Activar historial de depuración para este historiador para una completa lista de los JARs que fueron explorados y de los que nos se halló TLDs. Saltarse JARs no necesarios durante la exploración puede dar lugar a una mejora de tiempo significativa en el arranque y compilación de JSP .
18-Oct-2023 16:33:58.179 INFORMACIÓN [http-nio-8080-exec-4] org.apache.catalina.startup.HostConfig.deployDescriptor Deployment of deployment descriptor [/home/samuel/dev/PAPP_WEB-VersionBoostrap/PAPP_WEB/apache-tomcat-9.0.80/conf/Catalina/localhost/LABPAPP_WEB.xml] has finished in [675] ms
18-Oct-2023 16:33:58.184 INFORMACIÓN [http-nio-8080-exec-4] org.apache.catalina.util.LifecycleBase.start The start() method was called on component [StandardEngine[Catalina].StandardHost[localhost].StandardContext[/LABPAPP_WEB]] after start() had already been called. The second call will be ignored.
18-Oct-2023 16:39:59.866 INFORMACIÓN [main] org.apache.catalina.core.StandardServer.await Se ha recibido un comando de apagado a través del puerto de apagado. Parando la instancia del Servidor.
18-Oct-2023 16:39:59.866 INFORMACIÓN [main] org.apache.coyote.AbstractProtocol.pause Pausing ProtocolHandler ["http-nio-8080"]
18-Oct-2023 16:39:59.871 INFORMACIÓN [main] org.apache.catalina.core.StandardService.stopInternal Parando servicio [Catalina]
18-Oct-2023 16:39:59.900 INFORMACIÓN [main] org.apache.coyote.AbstractProtocol.stop Stopping ProtocolHandler ["http-nio-8080"]
18-Oct-2023 16:39:59.916 INFORMACIÓN [main] org.apache.coyote.AbstractProtocol.destroy Destroying ProtocolHandler ["http-nio-8080"]
18-Oct-2023 17:24:30.610 INFORMACIÓN [main] org.apache.catalina.startup.VersionLoggerListener.log Nombre de la versión del servidor: Apache Tomcat/9.0.80
18-Oct-2023 17:24:30.617 INFORMACIÓN [main] org.apache.catalina.startup.VersionLoggerListener.log Server built:                      Aug 23 2023 21:59:38 UTC
18-Oct-2023 17:24:30.617 INFORMACIÓN [main] org.apache.catalina.startup.VersionLoggerListener.log Número de versión de servidor:     9.0.80.0
18-Oct-2023 17:24:30.617 INFORMACIÓN [main] org.apache.catalina.startup.VersionLoggerListener.log OS Name:                           Linux
18-Oct-2023 17:24:30.617 INFORMACIÓN [main] org.apache.catalina.startup.VersionLoggerListener.log Versión de Systema Operativo:      6.2.0-34-generic
18-Oct-2023 17:24:30.617 INFORMACIÓN [main] org.apache.catalina.startup.VersionLoggerListener.log Arquitectura:                      amd64
18-Oct-2023 17:24:30.617 INFORMACIÓN [main] org.apache.catalina.startup.VersionLoggerListener.log Java Home:                         /snap/strictly-netbeans/33/jdk
18-Oct-2023 17:24:30.617 INFORMACIÓN [main] org.apache.catalina.startup.VersionLoggerListener.log JVM Version:                       21+35-snap
18-Oct-2023 17:24:30.617 INFORMACIÓN [main] org.apache.catalina.startup.VersionLoggerListener.log Vededor JVM:                       Snap Build
18-Oct-2023 17:24:30.618 INFORMACIÓN [main] org.apache.catalina.startup.VersionLoggerListener.log CATALINA_BASE:                     /home/samuel/dev/PAPP_WEB-VersionBoostrap/PAPP_WEB/apache-tomcat-9.0.80
18-Oct-2023 17:24:30.618 INFORMACIÓN [main] org.apache.catalina.startup.VersionLoggerListener.log CATALINA_HOME:                     /home/samuel/dev/PAPP_WEB-VersionBoostrap/PAPP_WEB/apache-tomcat-9.0.80
18-Oct-2023 17:24:30.636 INFORMACIÓN [main] org.apache.catalina.startup.VersionLoggerListener.log Command line argument:             --add-opens=java.base/java.lang=ALL-UNNAMED
18-Oct-2023 17:24:30.636 INFORMACIÓN [main] org.apache.catalina.startup.VersionLoggerListener.log Command line argument:             --add-opens=java.base/java.io=ALL-UNNAMED
18-Oct-2023 17:24:30.636 INFORMACIÓN [main] org.apache.catalina.startup.VersionLoggerListener.log Command line argument:             --add-opens=java.base/java.util=ALL-UNNAMED
18-Oct-2023 17:24:30.647 INFORMACIÓN [main] org.apache.catalina.startup.VersionLoggerListener.log Command line argument:             --add-opens=java.base/java.util.concurrent=ALL-UNNAMED
18-Oct-2023 17:24:30.648 INFORMACIÓN [main] org.apache.catalina.startup.VersionLoggerListener.log Command line argument:             --add-opens=java.rmi/sun.rmi.transport=ALL-UNNAMED
18-Oct-2023 17:24:30.661 INFORMACIÓN [main] org.apache.catalina.startup.VersionLoggerListener.log Command line argument:             -Djava.util.logging.config.file=/home/samuel/dev/PAPP_WEB-VersionBoostrap/PAPP_WEB/apache-tomcat-9.0.80/conf/logging.properties
18-Oct-2023 17:24:30.666 INFORMACIÓN [main] org.apache.catalina.startup.VersionLoggerListener.log Command line argument:             -Djava.util.logging.manager=org.apache.juli.ClassLoaderLogManager
18-Oct-2023 17:24:30.666 INFORMACIÓN [main] org.apache.catalina.startup.VersionLoggerListener.log Command line argument:             -Dhttp.nonProxyHosts=localhost|127.0.0.1|samuel-vm
18-Oct-2023 17:24:30.668 INFORMACIÓN [main] org.apache.catalina.startup.VersionLoggerListener.log Command line argument:             -Djdk.tls.ephemeralDHKeySize=2048
18-Oct-2023 17:24:30.668 INFORMACIÓN [main] org.apache.catalina.startup.VersionLoggerListener.log Command line argument:             -Djava.protocol.handler.pkgs=org.apache.catalina.webresources
18-Oct-2023 17:24:30.680 INFORMACIÓN [main] org.apache.catalina.startup.VersionLoggerListener.log Command line argument:             -Dorg.apache.catalina.security.SecurityListener.UMASK=0027
18-Oct-2023 17:24:30.685 INFORMACIÓN [main] org.apache.catalina.startup.VersionLoggerListener.log Command line argument:             -Dignore.endorsed.dirs=
18-Oct-2023 17:24:30.686 INFORMACIÓN [main] org.apache.catalina.startup.VersionLoggerListener.log Command line argument:             -Dcatalina.base=/home/samuel/dev/PAPP_WEB-VersionBoostrap/PAPP_WEB/apache-tomcat-9.0.80
18-Oct-2023 17:24:30.686 INFORMACIÓN [main] org.apache.catalina.startup.VersionLoggerListener.log Command line argument:             -Dcatalina.home=/home/samuel/dev/PAPP_WEB-VersionBoostrap/PAPP_WEB/apache-tomcat-9.0.80
18-Oct-2023 17:24:30.686 INFORMACIÓN [main] org.apache.catalina.startup.VersionLoggerListener.log Command line argument:             -Djava.io.tmpdir=/home/samuel/dev/PAPP_WEB-VersionBoostrap/PAPP_WEB/apache-tomcat-9.0.80/temp
18-Oct-2023 17:24:30.690 INFORMACIÓN [main] org.apache.catalina.core.AprLifecycleListener.lifecycleEvent La biblioteca nativa de Apache Tomcat basada en ARP que permite un rendimiento óptimo en entornos de desarrollo no ha sido hallada en java.library.path: [/var/lib/snapd/lib/gl:/var/lib/snapd/lib/gl32:/var/lib/snapd/void:/snap/strictly-netbeans/33/lib:/snap/strictly-netbeans/33/lib/x86_64-linux-gnu:/snap/strictly-netbeans/33/gnome-platform/lib/x86_64-linux-gnu:/snap/strictly-netbeans/33/gnome-platform/usr/lib/x86_64-linux-gnu:/snap/strictly-netbeans/33/gnome-platform/usr/lib:/snap/strictly-netbeans/33/gnome-platform/lib:/snap/strictly-netbeans/33/gnome-platform/usr/lib/x86_64-linux-gnu/dri:/var/lib/snapd/lib/gl:/snap/strictly-netbeans/33/gnome-platform/usr/lib/x86_64-linux-gnu/pulseaudio:/usr/java/packages/lib:/usr/lib64:/lib64:/lib:/usr/lib]
18-Oct-2023 17:24:31.516 INFORMACIÓN [main] org.apache.coyote.AbstractProtocol.init Inicializando el manejador de protocolo ["http-nio-8080"]

18-Oct-2023 17:24:31.560 INFORMACIÓN [main] org.apache.catalina.startup.Catalina.load Server initialization in [1178] milliseconds
18-Oct-2023 17:24:31.708 INFORMACIÓN [main] org.apache.catalina.core.StandardService.startInternal Arrancando servicio [Catalina]
18-Oct-2023 17:24:31.708 INFORMACIÓN [main] org.apache.catalina.core.StandardEngine.startInternal Starting Servlet engine: [Apache Tomcat/9.0.80]
18-Oct-2023 17:24:31.723 INFORMACIÓN [main] org.apache.catalina.startup.HostConfig.deployDescriptor Desplieque del descriptor de configuración [/home/samuel/dev/PAPP_WEB-VersionBoostrap/PAPP_WEB/apache-tomcat-9.0.80/conf/Catalina/localhost/LABPAPP_WEB.xml]
18-Oct-2023 17:24:31.759 ADVERTENCIA [main] org.apache.catalina.startup.HostConfig.deployDescriptor The path attribute with value [/LABPAPP_WEB] in deployment descriptor [/home/samuel/dev/PAPP_WEB-VersionBoostrap/PAPP_WEB/apache-tomcat-9.0.80/conf/Catalina/localhost/LABPAPP_WEB.xml] has been ignored
18-Oct-2023 17:24:33.842 ADVERTENCIA [main] java.util.ArrayList.forEach Name = tur Property maxActive is not used in DBCP2, use maxTotal instead. maxTotal default value is 8. You have set value of "20" for "maxActive" property, which is being ignored.
18-Oct-2023 17:24:33.842 ADVERTENCIA [main] java.util.ArrayList.forEach Name = tur Property maxWait is not used in DBCP2 , use maxWaitMillis instead. maxWaitMillis default value is PT-0.001S. You have set value of "-1" for "maxWait" property, which is being ignored.
18-Oct-2023 17:24:33.877 ADVERTENCIA [main] java.util.ArrayList.forEach Name = Turismo Property maxActive is not used in DBCP2, use maxTotal instead. maxTotal default value is 8. You have set value of "20" for "maxActive" property, which is being ignored.
18-Oct-2023 17:24:33.877 ADVERTENCIA [main] java.util.ArrayList.forEach Name = Turismo Property maxWait is not used in DBCP2 , use maxWaitMillis instead. maxWaitMillis default value is PT-0.001S. You have set value of "-1" for "maxWait" property, which is being ignored.
18-Oct-2023 17:24:33.878 ADVERTENCIA [main] java.util.ArrayList.forEach Name = LABPAPP_WEB Property maxActive is not used in DBCP2, use maxTotal instead. maxTotal default value is 8. You have set value of "20" for "maxActive" property, which is being ignored.
18-Oct-2023 17:24:33.878 ADVERTENCIA [main] java.util.ArrayList.forEach Name = LABPAPP_WEB Property maxWait is not used in DBCP2 , use maxWaitMillis instead. maxWaitMillis default value is PT-0.001S. You have set value of "-1" for "maxWait" property, which is being ignored.
18-Oct-2023 17:24:33.879 ADVERTENCIA [main] java.util.ArrayList.forEach Name = turismo Property maxActive is not used in DBCP2, use maxTotal instead. maxTotal default value is 8. You have set value of "20" for "maxActive" property, which is being ignored.
18-Oct-2023 17:24:33.879 ADVERTENCIA [main] java.util.ArrayList.forEach Name = turismo Property maxWait is not used in DBCP2 , use maxWaitMillis instead. maxWaitMillis default value is PT-0.001S. You have set value of "-1" for "maxWait" property, which is being ignored.
18-Oct-2023 17:24:33.938 INFORMACIÓN [main] org.apache.jasper.servlet.TldScanner.scanJars Al menos un JAR, que se ha explorado buscando TLDs, aún no contenía TLDs. Activar historial de depuración para este historiador para una completa lista de los JARs que fueron explorados y de los que nos se halló TLDs. Saltarse JARs no necesarios durante la exploración puede dar lugar a una mejora de tiempo significativa en el arranque y compilación de JSP .
18-Oct-2023 17:24:34.075 INFORMACIÓN [main] org.apache.catalina.startup.HostConfig.deployDescriptor Deployment of deployment descriptor [/home/samuel/dev/PAPP_WEB-VersionBoostrap/PAPP_WEB/apache-tomcat-9.0.80/conf/Catalina/localhost/LABPAPP_WEB.xml] has finished in [2.350] ms
18-Oct-2023 17:24:34.076 INFORMACIÓN [main] org.apache.catalina.startup.HostConfig.deployDirectory Desplegando el directorio [/home/samuel/dev/PAPP_WEB-VersionBoostrap/PAPP_WEB/apache-tomcat-9.0.80/webapps/docs] de la aplicación web
18-Oct-2023 17:24:34.338 INFORMACIÓN [main] org.apache.jasper.servlet.TldScanner.scanJars Al menos un JAR, que se ha explorado buscando TLDs, aún no contenía TLDs. Activar historial de depuración para este historiador para una completa lista de los JARs que fueron explorados y de los que nos se halló TLDs. Saltarse JARs no necesarios durante la exploración puede dar lugar a una mejora de tiempo significativa en el arranque y compilación de JSP .
18-Oct-2023 17:24:34.340 INFORMACIÓN [main] org.apache.catalina.startup.HostConfig.deployDirectory Deployment of web application directory [/home/samuel/dev/PAPP_WEB-VersionBoostrap/PAPP_WEB/apache-tomcat-9.0.80/webapps/docs] has finished in [263] ms
18-Oct-2023 17:24:34.340 INFORMACIÓN [main] org.apache.catalina.startup.HostConfig.deployDirectory Desplegando el directorio [/home/samuel/dev/PAPP_WEB-VersionBoostrap/PAPP_WEB/apache-tomcat-9.0.80/webapps/host-manager] de la aplicación web
18-Oct-2023 17:24:34.547 INFORMACIÓN [main] org.apache.jasper.servlet.TldScanner.scanJars Al menos un JAR, que se ha explorado buscando TLDs, aún no contenía TLDs. Activar historial de depuración para este historiador para una completa lista de los JARs que fueron explorados y de los que nos se halló TLDs. Saltarse JARs no necesarios durante la exploración puede dar lugar a una mejora de tiempo significativa en el arranque y compilación de JSP .
18-Oct-2023 17:24:34.555 INFORMACIÓN [main] org.apache.catalina.startup.HostConfig.deployDirectory Deployment of web application directory [/home/samuel/dev/PAPP_WEB-VersionBoostrap/PAPP_WEB/apache-tomcat-9.0.80/webapps/host-manager] has finished in [214] ms
18-Oct-2023 17:24:34.555 INFORMACIÓN [main] org.apache.catalina.startup.HostConfig.deployDirectory Desplegando el directorio [/home/samuel/dev/PAPP_WEB-VersionBoostrap/PAPP_WEB/apache-tomcat-9.0.80/webapps/examples] de la aplicación web
18-Oct-2023 17:24:34.997 INFORMACIÓN [main] org.apache.jasper.servlet.TldScanner.scanJars Al menos un JAR, que se ha explorado buscando TLDs, aún no contenía TLDs. Activar historial de depuración para este historiador para una completa lista de los JARs que fueron explorados y de los que nos se halló TLDs. Saltarse JARs no necesarios durante la exploración puede dar lugar a una mejora de tiempo significativa en el arranque y compilación de JSP .
18-Oct-2023 17:24:35.127 INFORMACIÓN [main] org.apache.catalina.startup.HostConfig.deployDirectory Deployment of web application directory [/home/samuel/dev/PAPP_WEB-VersionBoostrap/PAPP_WEB/apache-tomcat-9.0.80/webapps/examples] has finished in [572] ms
18-Oct-2023 17:24:35.127 INFORMACIÓN [main] org.apache.catalina.startup.HostConfig.deployDirectory Desplegando el directorio [/home/samuel/dev/PAPP_WEB-VersionBoostrap/PAPP_WEB/apache-tomcat-9.0.80/webapps/ROOT] de la aplicación web
18-Oct-2023 17:24:35.425 INFORMACIÓN [main] org.apache.jasper.servlet.TldScanner.scanJars Al menos un JAR, que se ha explorado buscando TLDs, aún no contenía TLDs. Activar historial de depuración para este historiador para una completa lista de los JARs que fueron explorados y de los que nos se halló TLDs. Saltarse JARs no necesarios durante la exploración puede dar lugar a una mejora de tiempo significativa en el arranque y compilación de JSP .
18-Oct-2023 17:24:35.427 INFORMACIÓN [main] org.apache.catalina.startup.HostConfig.deployDirectory Deployment of web application directory [/home/samuel/dev/PAPP_WEB-VersionBoostrap/PAPP_WEB/apache-tomcat-9.0.80/webapps/ROOT] has finished in [300] ms
18-Oct-2023 17:24:35.427 INFORMACIÓN [main] org.apache.catalina.startup.HostConfig.deployDirectory Desplegando el directorio [/home/samuel/dev/PAPP_WEB-VersionBoostrap/PAPP_WEB/apache-tomcat-9.0.80/webapps/manager] de la aplicación web
18-Oct-2023 17:24:35.728 INFORMACIÓN [main] org.apache.jasper.servlet.TldScanner.scanJars Al menos un JAR, que se ha explorado buscando TLDs, aún no contenía TLDs. Activar historial de depuración para este historiador para una completa lista de los JARs que fueron explorados y de los que nos se halló TLDs. Saltarse JARs no necesarios durante la exploración puede dar lugar a una mejora de tiempo significativa en el arranque y compilación de JSP .
18-Oct-2023 17:24:35.735 INFORMACIÓN [main] org.apache.catalina.startup.HostConfig.deployDirectory Deployment of web application directory [/home/samuel/dev/PAPP_WEB-VersionBoostrap/PAPP_WEB/apache-tomcat-9.0.80/webapps/manager] has finished in [308] ms
18-Oct-2023 17:24:35.742 INFORMACIÓN [main] org.apache.coyote.AbstractProtocol.start Starting ProtocolHandler ["http-nio-8080"]
18-Oct-2023 17:24:35.775 INFORMACIÓN [main] org.apache.catalina.startup.Catalina.start Server startup in [4212] milliseconds
18-Oct-2023 17:24:37.903 ADVERTENCIA [http-nio-8080-exec-2] org.apache.catalina.loader.WebappClassLoaderBase.clearReferencesThreads The web application [LABPAPP_WEB] appears to have started a thread named [mysql-cj-abandoned-connection-cleanup] but has failed to stop it. This is very likely to create a memory leak. Stack trace of thread:
 java.base/jdk.internal.misc.Unsafe.park(Native Method)
 java.base/java.util.concurrent.locks.LockSupport.parkNanos(LockSupport.java:269)
 java.base/java.util.concurrent.locks.AbstractQueuedSynchronizer$ConditionObject.await(AbstractQueuedSynchronizer.java:1847)
 java.base/java.lang.ref.ReferenceQueue.await(ReferenceQueue.java:71)
 java.base/java.lang.ref.ReferenceQueue.remove0(ReferenceQueue.java:143)
 java.base/java.lang.ref.ReferenceQueue.remove(ReferenceQueue.java:218)
 com.mysql.cj.jdbc.AbandonedConnectionCleanupThread.run(AbandonedConnectionCleanupThread.java:85)
 java.base/java.util.concurrent.ThreadPoolExecutor.runWorker(ThreadPoolExecutor.java:1144)
 java.base/java.util.concurrent.ThreadPoolExecutor$Worker.run(ThreadPoolExecutor.java:642)
 java.base/java.lang.Thread.run(Thread.java:1583)
18-Oct-2023 17:24:38.414 INFORMACIÓN [http-nio-8080-exec-2] org.apache.catalina.startup.HostConfig.undeploy Repliegue (undeploy) de la aplicación web que tiene como trayectoria de contexto [/LABPAPP_WEB]
18-Oct-2023 17:24:38.433 INFORMACIÓN [http-nio-8080-exec-5] org.apache.catalina.startup.HostConfig.deployDescriptor Desplieque del descriptor de configuración [/home/samuel/dev/PAPP_WEB-VersionBoostrap/PAPP_WEB/apache-tomcat-9.0.80/conf/Catalina/localhost/LABPAPP_WEB.xml]
18-Oct-2023 17:24:38.434 ADVERTENCIA [http-nio-8080-exec-5] org.apache.catalina.startup.HostConfig.deployDescriptor The path attribute with value [/LABPAPP_WEB] in deployment descriptor [/home/samuel/dev/PAPP_WEB-VersionBoostrap/PAPP_WEB/apache-tomcat-9.0.80/conf/Catalina/localhost/LABPAPP_WEB.xml] has been ignored
18-Oct-2023 17:24:39.287 INFORMACIÓN [http-nio-8080-exec-5] org.apache.jasper.servlet.TldScanner.scanJars Al menos un JAR, que se ha explorado buscando TLDs, aún no contenía TLDs. Activar historial de depuración para este historiador para una completa lista de los JARs que fueron explorados y de los que nos se halló TLDs. Saltarse JARs no necesarios durante la exploración puede dar lugar a una mejora de tiempo significativa en el arranque y compilación de JSP .
18-Oct-2023 17:24:39.292 INFORMACIÓN [http-nio-8080-exec-5] org.apache.catalina.startup.HostConfig.deployDescriptor Deployment of deployment descriptor [/home/samuel/dev/PAPP_WEB-VersionBoostrap/PAPP_WEB/apache-tomcat-9.0.80/conf/Catalina/localhost/LABPAPP_WEB.xml] has finished in [860] ms
18-Oct-2023 17:24:39.301 INFORMACIÓN [http-nio-8080-exec-9] org.apache.catalina.util.LifecycleBase.start The start() method was called on component [StandardEngine[Catalina].StandardHost[localhost].StandardContext[/LABPAPP_WEB]] after start() had already been called. The second call will be ignored.
18-Oct-2023 17:24:42.906 INFORMACIÓN [mysql-cj-abandoned-connection-cleanup] org.apache.catalina.loader.WebappClassLoaderBase.checkStateForResourceLoading Acceso ilegal: esta instancia de aplicación web ya ha sido parada.  Could not load [].  La eventual traza de pila que sigue ha sido motivada por un error lanzado con motivos de depuración así como para intentar terminar el hilo que motivó el acceso ilegal y no tiene impacto funcional.
	java.lang.IllegalStateException: Acceso ilegal: esta instancia de aplicación web ya ha sido parada.  Could not load [].  La eventual traza de pila que sigue ha sido motivada por un error lanzado con motivos de depuración así como para intentar terminar el hilo que motivó el acceso ilegal y no tiene impacto funcional.
		at org.apache.catalina.loader.WebappClassLoaderBase.checkStateForResourceLoading(WebappClassLoaderBase.java:1432)
		at org.apache.catalina.loader.WebappClassLoaderBase.getResource(WebappClassLoaderBase.java:1057)
		at com.mysql.cj.jdbc.AbandonedConnectionCleanupThread.checkThreadContextClassLoader(AbandonedConnectionCleanupThread.java:117)
		at com.mysql.cj.jdbc.AbandonedConnectionCleanupThread.run(AbandonedConnectionCleanupThread.java:84)
		at java.base/java.util.concurrent.ThreadPoolExecutor.runWorker(ThreadPoolExecutor.java:1144)
		at java.base/java.util.concurrent.ThreadPoolExecutor$Worker.run(ThreadPoolExecutor.java:642)
		at java.base/java.lang.Thread.run(Thread.java:1583)
18-Oct-2023 17:31:46.263 ADVERTENCIA [http-nio-8080-exec-20] org.apache.catalina.loader.WebappClassLoaderBase.clearReferencesJdbc La aplicación web [LABPAPP_WEB] registró el conductor JDBC [com.mysql.cj.jdbc.Driver] pero falló al anular el registro mientras la aplicación web estaba parada. Para prevenir un fallo de memoria, se ha anulado el registro del conductor JDBC por la fuerza.
18-Oct-2023 17:31:46.264 ADVERTENCIA [http-nio-8080-exec-20] org.apache.catalina.loader.WebappClassLoaderBase.clearReferencesThreads The web application [LABPAPP_WEB] appears to have started a thread named [mysql-cj-abandoned-connection-cleanup] but has failed to stop it. This is very likely to create a memory leak. Stack trace of thread:
 java.base/jdk.internal.misc.Unsafe.park(Native Method)
 java.base/java.util.concurrent.locks.LockSupport.parkNanos(LockSupport.java:269)
 java.base/java.util.concurrent.locks.AbstractQueuedSynchronizer$ConditionObject.await(AbstractQueuedSynchronizer.java:1847)
 java.base/java.lang.ref.ReferenceQueue.await(ReferenceQueue.java:71)
 java.base/java.lang.ref.ReferenceQueue.remove0(ReferenceQueue.java:143)
 java.base/java.lang.ref.ReferenceQueue.remove(ReferenceQueue.java:218)
 com.mysql.cj.jdbc.AbandonedConnectionCleanupThread.run(AbandonedConnectionCleanupThread.java:85)
 java.base/java.util.concurrent.ThreadPoolExecutor.runWorker(ThreadPoolExecutor.java:1144)
 java.base/java.util.concurrent.ThreadPoolExecutor$Worker.run(ThreadPoolExecutor.java:642)
 java.base/java.lang.Thread.run(Thread.java:1583)
18-Oct-2023 17:31:46.770 INFORMACIÓN [http-nio-8080-exec-20] org.apache.catalina.startup.HostConfig.undeploy Repliegue (undeploy) de la aplicación web que tiene como trayectoria de contexto [/LABPAPP_WEB]
18-Oct-2023 17:31:48.052 INFORMACIÓN [45] org.apache.catalina.loader.WebappClassLoaderBase.checkStateForResourceLoading Acceso ilegal: esta instancia de aplicación web ya ha sido parada.  Could not load [].  La eventual traza de pila que sigue ha sido motivada por un error lanzado con motivos de depuración así como para intentar terminar el hilo que motivó el acceso ilegal y no tiene impacto funcional.
	java.lang.IllegalStateException: Acceso ilegal: esta instancia de aplicación web ya ha sido parada.  Could not load [].  La eventual traza de pila que sigue ha sido motivada por un error lanzado con motivos de depuración así como para intentar terminar el hilo que motivó el acceso ilegal y no tiene impacto funcional.
		at org.apache.catalina.loader.WebappClassLoaderBase.checkStateForResourceLoading(WebappClassLoaderBase.java:1432)
		at org.apache.catalina.loader.WebappClassLoaderBase.getResource(WebappClassLoaderBase.java:1057)
		at com.mysql.cj.jdbc.AbandonedConnectionCleanupThread.checkThreadContextClassLoader(AbandonedConnectionCleanupThread.java:117)
		at com.mysql.cj.jdbc.AbandonedConnectionCleanupThread.run(AbandonedConnectionCleanupThread.java:84)
		at java.base/java.util.concurrent.ThreadPoolExecutor.runWorker(ThreadPoolExecutor.java:1144)
		at java.base/java.util.concurrent.ThreadPoolExecutor$Worker.run(ThreadPoolExecutor.java:642)
		at java.base/java.lang.Thread.run(Thread.java:1583)
18-Oct-2023 17:38:33.294 INFORMACIÓN [http-nio-8080-exec-29] org.apache.catalina.startup.HostConfig.deployDescriptor Desplieque del descriptor de configuración [/home/samuel/dev/PAPP_WEB-VersionBoostrap/PAPP_WEB/apache-tomcat-9.0.80/conf/Catalina/localhost/LABPAPP_WEB.xml]
18-Oct-2023 17:38:33.295 ADVERTENCIA [http-nio-8080-exec-29] org.apache.catalina.startup.HostConfig.deployDescriptor The path attribute with value [/LABPAPP_WEB] in deployment descriptor [/home/samuel/dev/PAPP_WEB-VersionBoostrap/PAPP_WEB/apache-tomcat-9.0.80/conf/Catalina/localhost/LABPAPP_WEB.xml] has been ignored
18-Oct-2023 17:38:34.244 INFORMACIÓN [http-nio-8080-exec-29] org.apache.jasper.servlet.TldScanner.scanJars Al menos un JAR, que se ha explorado buscando TLDs, aún no contenía TLDs. Activar historial de depuración para este historiador para una completa lista de los JARs que fueron explorados y de los que nos se halló TLDs. Saltarse JARs no necesarios durante la exploración puede dar lugar a una mejora de tiempo significativa en el arranque y compilación de JSP .
18-Oct-2023 17:38:34.247 INFORMACIÓN [http-nio-8080-exec-29] org.apache.catalina.startup.HostConfig.deployDescriptor Deployment of deployment descriptor [/home/samuel/dev/PAPP_WEB-VersionBoostrap/PAPP_WEB/apache-tomcat-9.0.80/conf/Catalina/localhost/LABPAPP_WEB.xml] has finished in [952] ms
18-Oct-2023 17:38:34.254 INFORMACIÓN [http-nio-8080-exec-30] org.apache.catalina.util.LifecycleBase.start The start() method was called on component [StandardEngine[Catalina].StandardHost[localhost].StandardContext[/LABPAPP_WEB]] after start() had already been called. The second call will be ignored.
18-Oct-2023 17:42:25.253 ADVERTENCIA [http-nio-8080-exec-27] org.apache.catalina.loader.WebappClassLoaderBase.clearReferencesJdbc La aplicación web [LABPAPP_WEB] registró el conductor JDBC [com.mysql.cj.jdbc.Driver] pero falló al anular el registro mientras la aplicación web estaba parada. Para prevenir un fallo de memoria, se ha anulado el registro del conductor JDBC por la fuerza.
18-Oct-2023 17:42:25.255 ADVERTENCIA [http-nio-8080-exec-27] org.apache.catalina.loader.WebappClassLoaderBase.clearReferencesThreads The web application [LABPAPP_WEB] appears to have started a thread named [mysql-cj-abandoned-connection-cleanup] but has failed to stop it. This is very likely to create a memory leak. Stack trace of thread:
 java.base/jdk.internal.misc.Unsafe.park(Native Method)
 java.base/java.util.concurrent.locks.LockSupport.parkNanos(LockSupport.java:269)
 java.base/java.util.concurrent.locks.AbstractQueuedSynchronizer$ConditionObject.await(AbstractQueuedSynchronizer.java:1847)
 java.base/java.lang.ref.ReferenceQueue.await(ReferenceQueue.java:71)
 java.base/java.lang.ref.ReferenceQueue.remove0(ReferenceQueue.java:143)
 java.base/java.lang.ref.ReferenceQueue.remove(ReferenceQueue.java:218)
 com.mysql.cj.jdbc.AbandonedConnectionCleanupThread.run(AbandonedConnectionCleanupThread.java:85)
 java.base/java.util.concurrent.ThreadPoolExecutor.runWorker(ThreadPoolExecutor.java:1144)
 java.base/java.util.concurrent.ThreadPoolExecutor$Worker.run(ThreadPoolExecutor.java:642)
 java.base/java.lang.Thread.run(Thread.java:1583)
18-Oct-2023 17:42:25.763 INFORMACIÓN [http-nio-8080-exec-27] org.apache.catalina.startup.HostConfig.undeploy Repliegue (undeploy) de la aplicación web que tiene como trayectoria de contexto [/LABPAPP_WEB]
18-Oct-2023 17:42:28.493 INFORMACIÓN [64] org.apache.catalina.loader.WebappClassLoaderBase.checkStateForResourceLoading Acceso ilegal: esta instancia de aplicación web ya ha sido parada.  Could not load [].  La eventual traza de pila que sigue ha sido motivada por un error lanzado con motivos de depuración así como para intentar terminar el hilo que motivó el acceso ilegal y no tiene impacto funcional.
	java.lang.IllegalStateException: Acceso ilegal: esta instancia de aplicación web ya ha sido parada.  Could not load [].  La eventual traza de pila que sigue ha sido motivada por un error lanzado con motivos de depuración así como para intentar terminar el hilo que motivó el acceso ilegal y no tiene impacto funcional.
		at org.apache.catalina.loader.WebappClassLoaderBase.checkStateForResourceLoading(WebappClassLoaderBase.java:1432)
		at org.apache.catalina.loader.WebappClassLoaderBase.getResource(WebappClassLoaderBase.java:1057)
		at com.mysql.cj.jdbc.AbandonedConnectionCleanupThread.checkThreadContextClassLoader(AbandonedConnectionCleanupThread.java:117)
		at com.mysql.cj.jdbc.AbandonedConnectionCleanupThread.run(AbandonedConnectionCleanupThread.java:84)
		at java.base/java.util.concurrent.ThreadPoolExecutor.runWorker(ThreadPoolExecutor.java:1144)
		at java.base/java.util.concurrent.ThreadPoolExecutor$Worker.run(ThreadPoolExecutor.java:642)
		at java.base/java.lang.Thread.run(Thread.java:1583)
18-Oct-2023 17:42:55.171 INFORMACIÓN [http-nio-8080-exec-21] org.apache.catalina.startup.HostConfig.deployDescriptor Desplieque del descriptor de configuración [/home/samuel/dev/PAPP_WEB-VersionBoostrap/PAPP_WEB/apache-tomcat-9.0.80/conf/Catalina/localhost/LABPAPP_WEB.xml]
18-Oct-2023 17:42:55.172 ADVERTENCIA [http-nio-8080-exec-21] org.apache.catalina.startup.HostConfig.deployDescriptor The path attribute with value [/LABPAPP_WEB] in deployment descriptor [/home/samuel/dev/PAPP_WEB-VersionBoostrap/PAPP_WEB/apache-tomcat-9.0.80/conf/Catalina/localhost/LABPAPP_WEB.xml] has been ignored
18-Oct-2023 17:42:56.382 INFORMACIÓN [http-nio-8080-exec-21] org.apache.jasper.servlet.TldScanner.scanJars Al menos un JAR, que se ha explorado buscando TLDs, aún no contenía TLDs. Activar historial de depuración para este historiador para una completa lista de los JARs que fueron explorados y de los que nos se halló TLDs. Saltarse JARs no necesarios durante la exploración puede dar lugar a una mejora de tiempo significativa en el arranque y compilación de JSP .
18-Oct-2023 17:42:56.384 INFORMACIÓN [http-nio-8080-exec-21] org.apache.catalina.startup.HostConfig.deployDescriptor Deployment of deployment descriptor [/home/samuel/dev/PAPP_WEB-VersionBoostrap/PAPP_WEB/apache-tomcat-9.0.80/conf/Catalina/localhost/LABPAPP_WEB.xml] has finished in [1.213] ms
18-Oct-2023 17:42:56.390 INFORMACIÓN [http-nio-8080-exec-26] org.apache.catalina.util.LifecycleBase.start The start() method was called on component [StandardEngine[Catalina].StandardHost[localhost].StandardContext[/LABPAPP_WEB]] after start() had already been called. The second call will be ignored.
18-Oct-2023 17:54:39.359 ADVERTENCIA [http-nio-8080-exec-39] org.apache.catalina.loader.WebappClassLoaderBase.clearReferencesJdbc La aplicación web [LABPAPP_WEB] registró el conductor JDBC [com.mysql.cj.jdbc.Driver] pero falló al anular el registro mientras la aplicación web estaba parada. Para prevenir un fallo de memoria, se ha anulado el registro del conductor JDBC por la fuerza.
18-Oct-2023 17:54:39.360 ADVERTENCIA [http-nio-8080-exec-39] org.apache.catalina.loader.WebappClassLoaderBase.clearReferencesThreads The web application [LABPAPP_WEB] appears to have started a thread named [mysql-cj-abandoned-connection-cleanup] but has failed to stop it. This is very likely to create a memory leak. Stack trace of thread:
 java.base/jdk.internal.misc.Unsafe.park(Native Method)
 java.base/java.util.concurrent.locks.LockSupport.parkNanos(LockSupport.java:269)
 java.base/java.util.concurrent.locks.AbstractQueuedSynchronizer$ConditionObject.await(AbstractQueuedSynchronizer.java:1847)
 java.base/java.lang.ref.ReferenceQueue.await(ReferenceQueue.java:71)
 java.base/java.lang.ref.ReferenceQueue.remove0(ReferenceQueue.java:143)
 java.base/java.lang.ref.ReferenceQueue.remove(ReferenceQueue.java:218)
 com.mysql.cj.jdbc.AbandonedConnectionCleanupThread.run(AbandonedConnectionCleanupThread.java:85)
 java.base/java.util.concurrent.ThreadPoolExecutor.runWorker(ThreadPoolExecutor.java:1144)
 java.base/java.util.concurrent.ThreadPoolExecutor$Worker.run(ThreadPoolExecutor.java:642)
 java.base/java.lang.Thread.run(Thread.java:1583)
18-Oct-2023 17:54:39.873 INFORMACIÓN [http-nio-8080-exec-39] org.apache.catalina.startup.HostConfig.undeploy Repliegue (undeploy) de la aplicación web que tiene como trayectoria de contexto [/LABPAPP_WEB]
18-Oct-2023 17:54:41.010 INFORMACIÓN [mysql-cj-abandoned-connection-cleanup] org.apache.catalina.loader.WebappClassLoaderBase.checkStateForResourceLoading Acceso ilegal: esta instancia de aplicación web ya ha sido parada.  Could not load [].  La eventual traza de pila que sigue ha sido motivada por un error lanzado con motivos de depuración así como para intentar terminar el hilo que motivó el acceso ilegal y no tiene impacto funcional.
	java.lang.IllegalStateException: Acceso ilegal: esta instancia de aplicación web ya ha sido parada.  Could not load [].  La eventual traza de pila que sigue ha sido motivada por un error lanzado con motivos de depuración así como para intentar terminar el hilo que motivó el acceso ilegal y no tiene impacto funcional.
		at org.apache.catalina.loader.WebappClassLoaderBase.checkStateForResourceLoading(WebappClassLoaderBase.java:1432)
		at org.apache.catalina.loader.WebappClassLoaderBase.getResource(WebappClassLoaderBase.java:1057)
		at com.mysql.cj.jdbc.AbandonedConnectionCleanupThread.checkThreadContextClassLoader(AbandonedConnectionCleanupThread.java:117)
		at com.mysql.cj.jdbc.AbandonedConnectionCleanupThread.run(AbandonedConnectionCleanupThread.java:84)
		at java.base/java.util.concurrent.ThreadPoolExecutor.runWorker(ThreadPoolExecutor.java:1144)
		at java.base/java.util.concurrent.ThreadPoolExecutor$Worker.run(ThreadPoolExecutor.java:642)
		at java.base/java.lang.Thread.run(Thread.java:1583)
18-Oct-2023 18:03:41.604 INFORMACIÓN [main] org.apache.catalina.core.StandardServer.await Se ha recibido un comando de apagado a través del puerto de apagado. Parando la instancia del Servidor.
18-Oct-2023 18:03:41.605 INFORMACIÓN [main] org.apache.coyote.AbstractProtocol.pause Pausing ProtocolHandler ["http-nio-8080"]
18-Oct-2023 18:03:41.610 INFORMACIÓN [main] org.apache.catalina.core.StandardService.stopInternal Parando servicio [Catalina]
18-Oct-2023 18:03:41.635 INFORMACIÓN [main] org.apache.coyote.AbstractProtocol.stop Stopping ProtocolHandler ["http-nio-8080"]
18-Oct-2023 18:03:41.649 INFORMACIÓN [main] org.apache.coyote.AbstractProtocol.destroy Destroying ProtocolHandler ["http-nio-8080"]
