13-Oct-2023 18:02:29.998 INFORMACIÓN [main] org.apache.catalina.startup.VersionLoggerListener.log Nombre de la versión del servidor: Apache Tomcat/9.0.80
13-Oct-2023 18:02:30.003 INFORMACIÓN [main] org.apache.catalina.startup.VersionLoggerListener.log Server built:                      Aug 23 2023 21:59:38 UTC
13-Oct-2023 18:02:30.003 INFORMACIÓN [main] org.apache.catalina.startup.VersionLoggerListener.log Número de versión de servidor:     9.0.80.0
13-Oct-2023 18:02:30.003 INFORMACIÓN [main] org.apache.catalina.startup.VersionLoggerListener.log OS Name:                           Linux
13-Oct-2023 18:02:30.003 INFORMACIÓN [main] org.apache.catalina.startup.VersionLoggerListener.log Versión de Systema Operativo:      6.2.0-34-generic
13-Oct-2023 18:02:30.004 INFORMACIÓN [main] org.apache.catalina.startup.VersionLoggerListener.log Arquitectura:                      amd64
13-Oct-2023 18:02:30.004 INFORMACIÓN [main] org.apache.catalina.startup.VersionLoggerListener.log Java Home:                         /snap/strictly-netbeans/33/jdk
13-Oct-2023 18:02:30.004 INFORMACIÓN [main] org.apache.catalina.startup.VersionLoggerListener.log JVM Version:                       21+35-snap
13-Oct-2023 18:02:30.004 INFORMACIÓN [main] org.apache.catalina.startup.VersionLoggerListener.log Vededor JVM:                       Snap Build
13-Oct-2023 18:02:30.004 INFORMACIÓN [main] org.apache.catalina.startup.VersionLoggerListener.log CATALINA_BASE:                     /home/samuel/dev/PAPP_WEB-VersionBoostrap/PAPP_WEB/apache-tomcat-9.0.80
13-Oct-2023 18:02:30.004 INFORMACIÓN [main] org.apache.catalina.startup.VersionLoggerListener.log CATALINA_HOME:                     /home/samuel/dev/PAPP_WEB-VersionBoostrap/PAPP_WEB/apache-tomcat-9.0.80
13-Oct-2023 18:02:30.017 INFORMACIÓN [main] org.apache.catalina.startup.VersionLoggerListener.log Command line argument:             --add-opens=java.base/java.lang=ALL-UNNAMED
13-Oct-2023 18:02:30.017 INFORMACIÓN [main] org.apache.catalina.startup.VersionLoggerListener.log Command line argument:             --add-opens=java.base/java.io=ALL-UNNAMED
13-Oct-2023 18:02:30.018 INFORMACIÓN [main] org.apache.catalina.startup.VersionLoggerListener.log Command line argument:             --add-opens=java.base/java.util=ALL-UNNAMED
13-Oct-2023 18:02:30.018 INFORMACIÓN [main] org.apache.catalina.startup.VersionLoggerListener.log Command line argument:             --add-opens=java.base/java.util.concurrent=ALL-UNNAMED
13-Oct-2023 18:02:30.018 INFORMACIÓN [main] org.apache.catalina.startup.VersionLoggerListener.log Command line argument:             --add-opens=java.rmi/sun.rmi.transport=ALL-UNNAMED
13-Oct-2023 18:02:30.018 INFORMACIÓN [main] org.apache.catalina.startup.VersionLoggerListener.log Command line argument:             -Djava.util.logging.config.file=/home/samuel/dev/PAPP_WEB-VersionBoostrap/PAPP_WEB/apache-tomcat-9.0.80/conf/logging.properties
13-Oct-2023 18:02:30.018 INFORMACIÓN [main] org.apache.catalina.startup.VersionLoggerListener.log Command line argument:             -Djava.util.logging.manager=org.apache.juli.ClassLoaderLogManager
13-Oct-2023 18:02:30.018 INFORMACIÓN [main] org.apache.catalina.startup.VersionLoggerListener.log Command line argument:             -Dhttp.nonProxyHosts=localhost|127.0.0.1|samuel-vm
13-Oct-2023 18:02:30.020 INFORMACIÓN [main] org.apache.catalina.startup.VersionLoggerListener.log Command line argument:             -Djdk.tls.ephemeralDHKeySize=2048
13-Oct-2023 18:02:30.020 INFORMACIÓN [main] org.apache.catalina.startup.VersionLoggerListener.log Command line argument:             -Djava.protocol.handler.pkgs=org.apache.catalina.webresources
13-Oct-2023 18:02:30.020 INFORMACIÓN [main] org.apache.catalina.startup.VersionLoggerListener.log Command line argument:             -Dorg.apache.catalina.security.SecurityListener.UMASK=0027
13-Oct-2023 18:02:30.020 INFORMACIÓN [main] org.apache.catalina.startup.VersionLoggerListener.log Command line argument:             -Dignore.endorsed.dirs=
13-Oct-2023 18:02:30.020 INFORMACIÓN [main] org.apache.catalina.startup.VersionLoggerListener.log Command line argument:             -Dcatalina.base=/home/samuel/dev/PAPP_WEB-VersionBoostrap/PAPP_WEB/apache-tomcat-9.0.80
13-Oct-2023 18:02:30.021 INFORMACIÓN [main] org.apache.catalina.startup.VersionLoggerListener.log Command line argument:             -Dcatalina.home=/home/samuel/dev/PAPP_WEB-VersionBoostrap/PAPP_WEB/apache-tomcat-9.0.80
13-Oct-2023 18:02:30.022 INFORMACIÓN [main] org.apache.catalina.startup.VersionLoggerListener.log Command line argument:             -Djava.io.tmpdir=/home/samuel/dev/PAPP_WEB-VersionBoostrap/PAPP_WEB/apache-tomcat-9.0.80/temp
13-Oct-2023 18:02:30.026 INFORMACIÓN [main] org.apache.catalina.core.AprLifecycleListener.lifecycleEvent La biblioteca nativa de Apache Tomcat basada en ARP que permite un rendimiento óptimo en entornos de desarrollo no ha sido hallada en java.library.path: [/var/lib/snapd/lib/gl:/var/lib/snapd/lib/gl32:/var/lib/snapd/void:/snap/strictly-netbeans/33/lib:/snap/strictly-netbeans/33/lib/x86_64-linux-gnu:/snap/strictly-netbeans/33/gnome-platform/lib/x86_64-linux-gnu:/snap/strictly-netbeans/33/gnome-platform/usr/lib/x86_64-linux-gnu:/snap/strictly-netbeans/33/gnome-platform/usr/lib:/snap/strictly-netbeans/33/gnome-platform/lib:/snap/strictly-netbeans/33/gnome-platform/usr/lib/x86_64-linux-gnu/dri:/var/lib/snapd/lib/gl:/snap/strictly-netbeans/33/gnome-platform/usr/lib/x86_64-linux-gnu/pulseaudio:/usr/java/packages/lib:/usr/lib64:/lib64:/lib:/usr/lib]
13-Oct-2023 18:02:30.524 INFORMACIÓN [main] org.apache.coyote.AbstractProtocol.init Inicializando el manejador de protocolo ["http-nio-8080"]

13-Oct-2023 18:02:30.550 INFORMACIÓN [main] org.apache.catalina.startup.Catalina.load Server initialization in [885] milliseconds
13-Oct-2023 18:02:30.703 INFORMACIÓN [main] org.apache.catalina.core.StandardService.startInternal Arrancando servicio [Catalina]
13-Oct-2023 18:02:30.703 INFORMACIÓN [main] org.apache.catalina.core.StandardEngine.startInternal Starting Servlet engine: [Apache Tomcat/9.0.80]
13-Oct-2023 18:02:30.759 INFORMACIÓN [main] org.apache.catalina.startup.HostConfig.deployDirectory Desplegando el directorio [/home/samuel/dev/PAPP_WEB-VersionBoostrap/PAPP_WEB/apache-tomcat-9.0.80/webapps/docs] de la aplicación web
13-Oct-2023 18:02:31.484 INFORMACIÓN [main] org.apache.jasper.servlet.TldScanner.scanJars Al menos un JAR, que se ha explorado buscando TLDs, aún no contenía TLDs. Activar historial de depuración para este historiador para una completa lista de los JARs que fueron explorados y de los que nos se halló TLDs. Saltarse JARs no necesarios durante la exploración puede dar lugar a una mejora de tiempo significativa en el arranque y compilación de JSP .
13-Oct-2023 18:02:31.707 INFORMACIÓN [main] org.apache.catalina.startup.HostConfig.deployDirectory Deployment of web application directory [/home/samuel/dev/PAPP_WEB-VersionBoostrap/PAPP_WEB/apache-tomcat-9.0.80/webapps/docs] has finished in [951] ms
13-Oct-2023 18:02:31.707 INFORMACIÓN [main] org.apache.catalina.startup.HostConfig.deployDirectory Desplegando el directorio [/home/samuel/dev/PAPP_WEB-VersionBoostrap/PAPP_WEB/apache-tomcat-9.0.80/webapps/host-manager] de la aplicación web
13-Oct-2023 18:02:32.042 INFORMACIÓN [main] org.apache.jasper.servlet.TldScanner.scanJars Al menos un JAR, que se ha explorado buscando TLDs, aún no contenía TLDs. Activar historial de depuración para este historiador para una completa lista de los JARs que fueron explorados y de los que nos se halló TLDs. Saltarse JARs no necesarios durante la exploración puede dar lugar a una mejora de tiempo significativa en el arranque y compilación de JSP .
13-Oct-2023 18:02:32.053 INFORMACIÓN [main] org.apache.catalina.startup.HostConfig.deployDirectory Deployment of web application directory [/home/samuel/dev/PAPP_WEB-VersionBoostrap/PAPP_WEB/apache-tomcat-9.0.80/webapps/host-manager] has finished in [345] ms
13-Oct-2023 18:02:32.053 INFORMACIÓN [main] org.apache.catalina.startup.HostConfig.deployDirectory Desplegando el directorio [/home/samuel/dev/PAPP_WEB-VersionBoostrap/PAPP_WEB/apache-tomcat-9.0.80/webapps/examples] de la aplicación web
13-Oct-2023 18:02:32.648 INFORMACIÓN [main] org.apache.jasper.servlet.TldScanner.scanJars Al menos un JAR, que se ha explorado buscando TLDs, aún no contenía TLDs. Activar historial de depuración para este historiador para una completa lista de los JARs que fueron explorados y de los que nos se halló TLDs. Saltarse JARs no necesarios durante la exploración puede dar lugar a una mejora de tiempo significativa en el arranque y compilación de JSP .
13-Oct-2023 18:02:32.703 INFORMACIÓN [main] org.apache.catalina.startup.HostConfig.deployDirectory Deployment of web application directory [/home/samuel/dev/PAPP_WEB-VersionBoostrap/PAPP_WEB/apache-tomcat-9.0.80/webapps/examples] has finished in [649] ms
13-Oct-2023 18:02:32.703 INFORMACIÓN [main] org.apache.catalina.startup.HostConfig.deployDirectory Desplegando el directorio [/home/samuel/dev/PAPP_WEB-VersionBoostrap/PAPP_WEB/apache-tomcat-9.0.80/webapps/ROOT] de la aplicación web
13-Oct-2023 18:02:33.065 INFORMACIÓN [main] org.apache.jasper.servlet.TldScanner.scanJars Al menos un JAR, que se ha explorado buscando TLDs, aún no contenía TLDs. Activar historial de depuración para este historiador para una completa lista de los JARs que fueron explorados y de los que nos se halló TLDs. Saltarse JARs no necesarios durante la exploración puede dar lugar a una mejora de tiempo significativa en el arranque y compilación de JSP .
13-Oct-2023 18:02:33.069 INFORMACIÓN [main] org.apache.catalina.startup.HostConfig.deployDirectory Deployment of web application directory [/home/samuel/dev/PAPP_WEB-VersionBoostrap/PAPP_WEB/apache-tomcat-9.0.80/webapps/ROOT] has finished in [366] ms
13-Oct-2023 18:02:33.070 INFORMACIÓN [main] org.apache.catalina.startup.HostConfig.deployDirectory Desplegando el directorio [/home/samuel/dev/PAPP_WEB-VersionBoostrap/PAPP_WEB/apache-tomcat-9.0.80/webapps/manager] de la aplicación web
13-Oct-2023 18:02:33.400 INFORMACIÓN [main] org.apache.jasper.servlet.TldScanner.scanJars Al menos un JAR, que se ha explorado buscando TLDs, aún no contenía TLDs. Activar historial de depuración para este historiador para una completa lista de los JARs que fueron explorados y de los que nos se halló TLDs. Saltarse JARs no necesarios durante la exploración puede dar lugar a una mejora de tiempo significativa en el arranque y compilación de JSP .
13-Oct-2023 18:02:33.404 INFORMACIÓN [main] org.apache.catalina.startup.HostConfig.deployDirectory Deployment of web application directory [/home/samuel/dev/PAPP_WEB-VersionBoostrap/PAPP_WEB/apache-tomcat-9.0.80/webapps/manager] has finished in [335] ms
13-Oct-2023 18:02:33.408 INFORMACIÓN [main] org.apache.coyote.AbstractProtocol.start Starting ProtocolHandler ["http-nio-8080"]
13-Oct-2023 18:02:33.503 INFORMACIÓN [main] org.apache.catalina.startup.Catalina.start Server startup in [2951] milliseconds
13-Oct-2023 18:02:36.016 INFORMACIÓN [http-nio-8080-exec-1] org.apache.catalina.startup.HostConfig.deployDescriptor Desplieque del descriptor de configuración [/home/samuel/dev/PAPP_WEB-VersionBoostrap/PAPP_WEB/apache-tomcat-9.0.80/conf/Catalina/localhost/LABPAPP_WEB.xml]
13-Oct-2023 18:02:36.017 ADVERTENCIA [http-nio-8080-exec-1] org.apache.catalina.startup.HostConfig.deployDescriptor The path attribute with value [/LABPAPP_WEB] in deployment descriptor [/home/samuel/dev/PAPP_WEB-VersionBoostrap/PAPP_WEB/apache-tomcat-9.0.80/conf/Catalina/localhost/LABPAPP_WEB.xml] has been ignored
13-Oct-2023 18:02:37.053 ADVERTENCIA [http-nio-8080-exec-1] java.util.ArrayList.forEach Name = tur Property maxActive is not used in DBCP2, use maxTotal instead. maxTotal default value is 8. You have set value of "20" for "maxActive" property, which is being ignored.
13-Oct-2023 18:02:37.054 ADVERTENCIA [http-nio-8080-exec-1] java.util.ArrayList.forEach Name = tur Property maxWait is not used in DBCP2 , use maxWaitMillis instead. maxWaitMillis default value is PT-0.001S. You have set value of "-1" for "maxWait" property, which is being ignored.
13-Oct-2023 18:02:37.089 ADVERTENCIA [http-nio-8080-exec-1] java.util.ArrayList.forEach Name = Turismo Property maxActive is not used in DBCP2, use maxTotal instead. maxTotal default value is 8. You have set value of "20" for "maxActive" property, which is being ignored.
13-Oct-2023 18:02:37.089 ADVERTENCIA [http-nio-8080-exec-1] java.util.ArrayList.forEach Name = Turismo Property maxWait is not used in DBCP2 , use maxWaitMillis instead. maxWaitMillis default value is PT-0.001S. You have set value of "-1" for "maxWait" property, which is being ignored.
13-Oct-2023 18:02:37.090 ADVERTENCIA [http-nio-8080-exec-1] java.util.ArrayList.forEach Name = LABPAPP_WEB Property maxActive is not used in DBCP2, use maxTotal instead. maxTotal default value is 8. You have set value of "20" for "maxActive" property, which is being ignored.
13-Oct-2023 18:02:37.090 ADVERTENCIA [http-nio-8080-exec-1] java.util.ArrayList.forEach Name = LABPAPP_WEB Property maxWait is not used in DBCP2 , use maxWaitMillis instead. maxWaitMillis default value is PT-0.001S. You have set value of "-1" for "maxWait" property, which is being ignored.
13-Oct-2023 18:02:37.092 ADVERTENCIA [http-nio-8080-exec-1] java.util.ArrayList.forEach Name = turismo Property maxActive is not used in DBCP2, use maxTotal instead. maxTotal default value is 8. You have set value of "20" for "maxActive" property, which is being ignored.
13-Oct-2023 18:02:37.092 ADVERTENCIA [http-nio-8080-exec-1] java.util.ArrayList.forEach Name = turismo Property maxWait is not used in DBCP2 , use maxWaitMillis instead. maxWaitMillis default value is PT-0.001S. You have set value of "-1" for "maxWait" property, which is being ignored.
13-Oct-2023 18:02:37.101 INFORMACIÓN [http-nio-8080-exec-1] org.apache.jasper.servlet.TldScanner.scanJars Al menos un JAR, que se ha explorado buscando TLDs, aún no contenía TLDs. Activar historial de depuración para este historiador para una completa lista de los JARs que fueron explorados y de los que nos se halló TLDs. Saltarse JARs no necesarios durante la exploración puede dar lugar a una mejora de tiempo significativa en el arranque y compilación de JSP .
13-Oct-2023 18:02:37.107 INFORMACIÓN [http-nio-8080-exec-1] org.apache.catalina.startup.HostConfig.deployDescriptor Deployment of deployment descriptor [/home/samuel/dev/PAPP_WEB-VersionBoostrap/PAPP_WEB/apache-tomcat-9.0.80/conf/Catalina/localhost/LABPAPP_WEB.xml] has finished in [1.091] ms
13-Oct-2023 18:02:37.130 INFORMACIÓN [http-nio-8080-exec-2] org.apache.catalina.util.LifecycleBase.start The start() method was called on component [StandardEngine[Catalina].StandardHost[localhost].StandardContext[/LABPAPP_WEB]] after start() had already been called. The second call will be ignored.
13-Oct-2023 18:07:09.114 INFORMACIÓN [http-nio-8080-exec-10] org.apache.catalina.startup.HostConfig.undeploy Repliegue (undeploy) de la aplicación web que tiene como trayectoria de contexto [/LABPAPP_WEB]
13-Oct-2023 18:07:09.126 INFORMACIÓN [http-nio-8080-exec-5] org.apache.catalina.startup.HostConfig.deployDescriptor Desplieque del descriptor de configuración [/home/samuel/dev/PAPP_WEB-VersionBoostrap/PAPP_WEB/apache-tomcat-9.0.80/conf/Catalina/localhost/LABPAPP_WEB.xml]
13-Oct-2023 18:07:09.128 ADVERTENCIA [http-nio-8080-exec-5] org.apache.catalina.startup.HostConfig.deployDescriptor The path attribute with value [/LABPAPP_WEB] in deployment descriptor [/home/samuel/dev/PAPP_WEB-VersionBoostrap/PAPP_WEB/apache-tomcat-9.0.80/conf/Catalina/localhost/LABPAPP_WEB.xml] has been ignored
13-Oct-2023 18:07:10.283 INFORMACIÓN [http-nio-8080-exec-5] org.apache.jasper.servlet.TldScanner.scanJars Al menos un JAR, que se ha explorado buscando TLDs, aún no contenía TLDs. Activar historial de depuración para este historiador para una completa lista de los JARs que fueron explorados y de los que nos se halló TLDs. Saltarse JARs no necesarios durante la exploración puede dar lugar a una mejora de tiempo significativa en el arranque y compilación de JSP .
13-Oct-2023 18:07:10.285 INFORMACIÓN [http-nio-8080-exec-5] org.apache.catalina.startup.HostConfig.deployDescriptor Deployment of deployment descriptor [/home/samuel/dev/PAPP_WEB-VersionBoostrap/PAPP_WEB/apache-tomcat-9.0.80/conf/Catalina/localhost/LABPAPP_WEB.xml] has finished in [1.159] ms
13-Oct-2023 18:07:10.289 INFORMACIÓN [http-nio-8080-exec-6] org.apache.catalina.util.LifecycleBase.start The start() method was called on component [StandardEngine[Catalina].StandardHost[localhost].StandardContext[/LABPAPP_WEB]] after start() had already been called. The second call will be ignored.
13-Oct-2023 18:08:40.049 INFORMACIÓN [http-nio-8080-exec-18] org.apache.catalina.startup.HostConfig.undeploy Repliegue (undeploy) de la aplicación web que tiene como trayectoria de contexto [/LABPAPP_WEB]
13-Oct-2023 18:08:40.068 INFORMACIÓN [http-nio-8080-exec-11] org.apache.catalina.startup.HostConfig.deployDescriptor Desplieque del descriptor de configuración [/home/samuel/dev/PAPP_WEB-VersionBoostrap/PAPP_WEB/apache-tomcat-9.0.80/conf/Catalina/localhost/LABPAPP_WEB.xml]
13-Oct-2023 18:08:40.069 ADVERTENCIA [http-nio-8080-exec-11] org.apache.catalina.startup.HostConfig.deployDescriptor The path attribute with value [/LABPAPP_WEB] in deployment descriptor [/home/samuel/dev/PAPP_WEB-VersionBoostrap/PAPP_WEB/apache-tomcat-9.0.80/conf/Catalina/localhost/LABPAPP_WEB.xml] has been ignored
13-Oct-2023 18:08:40.697 INFORMACIÓN [http-nio-8080-exec-11] org.apache.jasper.servlet.TldScanner.scanJars Al menos un JAR, que se ha explorado buscando TLDs, aún no contenía TLDs. Activar historial de depuración para este historiador para una completa lista de los JARs que fueron explorados y de los que nos se halló TLDs. Saltarse JARs no necesarios durante la exploración puede dar lugar a una mejora de tiempo significativa en el arranque y compilación de JSP .
13-Oct-2023 18:08:40.699 INFORMACIÓN [http-nio-8080-exec-11] org.apache.catalina.startup.HostConfig.deployDescriptor Deployment of deployment descriptor [/home/samuel/dev/PAPP_WEB-VersionBoostrap/PAPP_WEB/apache-tomcat-9.0.80/conf/Catalina/localhost/LABPAPP_WEB.xml] has finished in [631] ms
13-Oct-2023 18:08:40.704 INFORMACIÓN [http-nio-8080-exec-17] org.apache.catalina.util.LifecycleBase.start The start() method was called on component [StandardEngine[Catalina].StandardHost[localhost].StandardContext[/LABPAPP_WEB]] after start() had already been called. The second call will be ignored.
13-Oct-2023 18:22:48.780 INFORMACIÓN [http-nio-8080-exec-23] org.apache.catalina.startup.HostConfig.undeploy Repliegue (undeploy) de la aplicación web que tiene como trayectoria de contexto [/LABPAPP_WEB]
13-Oct-2023 18:23:35.877 INFORMACIÓN [http-nio-8080-exec-29] org.apache.catalina.startup.HostConfig.deployDescriptor Desplieque del descriptor de configuración [/home/samuel/dev/PAPP_WEB-VersionBoostrap/PAPP_WEB/apache-tomcat-9.0.80/conf/Catalina/localhost/LABPAPP_WEB.xml]
13-Oct-2023 18:23:35.879 ADVERTENCIA [http-nio-8080-exec-29] org.apache.catalina.startup.HostConfig.deployDescriptor The path attribute with value [/LABPAPP_WEB] in deployment descriptor [/home/samuel/dev/PAPP_WEB-VersionBoostrap/PAPP_WEB/apache-tomcat-9.0.80/conf/Catalina/localhost/LABPAPP_WEB.xml] has been ignored
13-Oct-2023 18:23:36.581 INFORMACIÓN [http-nio-8080-exec-29] org.apache.jasper.servlet.TldScanner.scanJars Al menos un JAR, que se ha explorado buscando TLDs, aún no contenía TLDs. Activar historial de depuración para este historiador para una completa lista de los JARs que fueron explorados y de los que nos se halló TLDs. Saltarse JARs no necesarios durante la exploración puede dar lugar a una mejora de tiempo significativa en el arranque y compilación de JSP .
13-Oct-2023 18:23:36.583 INFORMACIÓN [http-nio-8080-exec-29] org.apache.catalina.startup.HostConfig.deployDescriptor Deployment of deployment descriptor [/home/samuel/dev/PAPP_WEB-VersionBoostrap/PAPP_WEB/apache-tomcat-9.0.80/conf/Catalina/localhost/LABPAPP_WEB.xml] has finished in [706] ms
13-Oct-2023 18:23:36.591 INFORMACIÓN [http-nio-8080-exec-31] org.apache.catalina.util.LifecycleBase.start The start() method was called on component [StandardEngine[Catalina].StandardHost[localhost].StandardContext[/LABPAPP_WEB]] after start() had already been called. The second call will be ignored.
13-Oct-2023 18:28:40.878 INFORMACIÓN [main] org.apache.catalina.core.StandardServer.await Se ha recibido un comando de apagado a través del puerto de apagado. Parando la instancia del Servidor.
13-Oct-2023 18:28:40.879 INFORMACIÓN [main] org.apache.coyote.AbstractProtocol.pause Pausing ProtocolHandler ["http-nio-8080"]
13-Oct-2023 18:28:40.881 INFORMACIÓN [main] org.apache.catalina.core.StandardService.stopInternal Parando servicio [Catalina]
13-Oct-2023 18:28:40.899 INFORMACIÓN [main] org.apache.coyote.AbstractProtocol.stop Stopping ProtocolHandler ["http-nio-8080"]
13-Oct-2023 18:28:40.909 INFORMACIÓN [main] org.apache.coyote.AbstractProtocol.destroy Destroying ProtocolHandler ["http-nio-8080"]
13-Oct-2023 19:17:04.971 INFORMACIÓN [main] org.apache.catalina.startup.VersionLoggerListener.log Nombre de la versión del servidor: Apache Tomcat/9.0.80
13-Oct-2023 19:17:04.976 INFORMACIÓN [main] org.apache.catalina.startup.VersionLoggerListener.log Server built:                      Aug 23 2023 21:59:38 UTC
13-Oct-2023 19:17:04.976 INFORMACIÓN [main] org.apache.catalina.startup.VersionLoggerListener.log Número de versión de servidor:     9.0.80.0
13-Oct-2023 19:17:04.976 INFORMACIÓN [main] org.apache.catalina.startup.VersionLoggerListener.log OS Name:                           Linux
13-Oct-2023 19:17:04.976 INFORMACIÓN [main] org.apache.catalina.startup.VersionLoggerListener.log Versión de Systema Operativo:      6.2.0-34-generic
13-Oct-2023 19:17:04.976 INFORMACIÓN [main] org.apache.catalina.startup.VersionLoggerListener.log Arquitectura:                      amd64
13-Oct-2023 19:17:04.976 INFORMACIÓN [main] org.apache.catalina.startup.VersionLoggerListener.log Java Home:                         /snap/strictly-netbeans/33/jdk
13-Oct-2023 19:17:04.976 INFORMACIÓN [main] org.apache.catalina.startup.VersionLoggerListener.log JVM Version:                       21+35-snap
13-Oct-2023 19:17:04.976 INFORMACIÓN [main] org.apache.catalina.startup.VersionLoggerListener.log Vededor JVM:                       Snap Build
13-Oct-2023 19:17:04.976 INFORMACIÓN [main] org.apache.catalina.startup.VersionLoggerListener.log CATALINA_BASE:                     /home/samuel/dev/PAPP_WEB-VersionBoostrap/PAPP_WEB/apache-tomcat-9.0.80
13-Oct-2023 19:17:04.976 INFORMACIÓN [main] org.apache.catalina.startup.VersionLoggerListener.log CATALINA_HOME:                     /home/samuel/dev/PAPP_WEB-VersionBoostrap/PAPP_WEB/apache-tomcat-9.0.80
13-Oct-2023 19:17:04.991 INFORMACIÓN [main] org.apache.catalina.startup.VersionLoggerListener.log Command line argument:             --add-opens=java.base/java.lang=ALL-UNNAMED
13-Oct-2023 19:17:04.991 INFORMACIÓN [main] org.apache.catalina.startup.VersionLoggerListener.log Command line argument:             --add-opens=java.base/java.io=ALL-UNNAMED
13-Oct-2023 19:17:04.991 INFORMACIÓN [main] org.apache.catalina.startup.VersionLoggerListener.log Command line argument:             --add-opens=java.base/java.util=ALL-UNNAMED
13-Oct-2023 19:17:04.991 INFORMACIÓN [main] org.apache.catalina.startup.VersionLoggerListener.log Command line argument:             --add-opens=java.base/java.util.concurrent=ALL-UNNAMED
13-Oct-2023 19:17:04.991 INFORMACIÓN [main] org.apache.catalina.startup.VersionLoggerListener.log Command line argument:             --add-opens=java.rmi/sun.rmi.transport=ALL-UNNAMED
13-Oct-2023 19:17:04.992 INFORMACIÓN [main] org.apache.catalina.startup.VersionLoggerListener.log Command line argument:             -Djava.util.logging.config.file=/home/samuel/dev/PAPP_WEB-VersionBoostrap/PAPP_WEB/apache-tomcat-9.0.80/conf/logging.properties
13-Oct-2023 19:17:04.992 INFORMACIÓN [main] org.apache.catalina.startup.VersionLoggerListener.log Command line argument:             -Djava.util.logging.manager=org.apache.juli.ClassLoaderLogManager
13-Oct-2023 19:17:04.992 INFORMACIÓN [main] org.apache.catalina.startup.VersionLoggerListener.log Command line argument:             -Dhttp.nonProxyHosts=localhost|127.0.0.1|samuel-vm
13-Oct-2023 19:17:04.992 INFORMACIÓN [main] org.apache.catalina.startup.VersionLoggerListener.log Command line argument:             -Djdk.tls.ephemeralDHKeySize=2048
13-Oct-2023 19:17:04.992 INFORMACIÓN [main] org.apache.catalina.startup.VersionLoggerListener.log Command line argument:             -Djava.protocol.handler.pkgs=org.apache.catalina.webresources
13-Oct-2023 19:17:04.992 INFORMACIÓN [main] org.apache.catalina.startup.VersionLoggerListener.log Command line argument:             -Dorg.apache.catalina.security.SecurityListener.UMASK=0027
13-Oct-2023 19:17:04.992 INFORMACIÓN [main] org.apache.catalina.startup.VersionLoggerListener.log Command line argument:             -Dignore.endorsed.dirs=
13-Oct-2023 19:17:04.992 INFORMACIÓN [main] org.apache.catalina.startup.VersionLoggerListener.log Command line argument:             -Dcatalina.base=/home/samuel/dev/PAPP_WEB-VersionBoostrap/PAPP_WEB/apache-tomcat-9.0.80
13-Oct-2023 19:17:04.992 INFORMACIÓN [main] org.apache.catalina.startup.VersionLoggerListener.log Command line argument:             -Dcatalina.home=/home/samuel/dev/PAPP_WEB-VersionBoostrap/PAPP_WEB/apache-tomcat-9.0.80
13-Oct-2023 19:17:04.992 INFORMACIÓN [main] org.apache.catalina.startup.VersionLoggerListener.log Command line argument:             -Djava.io.tmpdir=/home/samuel/dev/PAPP_WEB-VersionBoostrap/PAPP_WEB/apache-tomcat-9.0.80/temp
13-Oct-2023 19:17:04.994 INFORMACIÓN [main] org.apache.catalina.core.AprLifecycleListener.lifecycleEvent La biblioteca nativa de Apache Tomcat basada en ARP que permite un rendimiento óptimo en entornos de desarrollo no ha sido hallada en java.library.path: [/var/lib/snapd/lib/gl:/var/lib/snapd/lib/gl32:/var/lib/snapd/void:/snap/strictly-netbeans/33/lib:/snap/strictly-netbeans/33/lib/x86_64-linux-gnu:/snap/strictly-netbeans/33/gnome-platform/lib/x86_64-linux-gnu:/snap/strictly-netbeans/33/gnome-platform/usr/lib/x86_64-linux-gnu:/snap/strictly-netbeans/33/gnome-platform/usr/lib:/snap/strictly-netbeans/33/gnome-platform/lib:/snap/strictly-netbeans/33/gnome-platform/usr/lib/x86_64-linux-gnu/dri:/var/lib/snapd/lib/gl:/snap/strictly-netbeans/33/gnome-platform/usr/lib/x86_64-linux-gnu/pulseaudio:/usr/java/packages/lib:/usr/lib64:/lib64:/lib:/usr/lib]
13-Oct-2023 19:17:05.442 INFORMACIÓN [main] org.apache.coyote.AbstractProtocol.init Inicializando el manejador de protocolo ["http-nio-8080"]

13-Oct-2023 19:17:05.470 INFORMACIÓN [main] org.apache.catalina.startup.Catalina.load Server initialization in [742] milliseconds
13-Oct-2023 19:17:05.616 INFORMACIÓN [main] org.apache.catalina.core.StandardService.startInternal Arrancando servicio [Catalina]
13-Oct-2023 19:17:05.616 INFORMACIÓN [main] org.apache.catalina.core.StandardEngine.startInternal Starting Servlet engine: [Apache Tomcat/9.0.80]
13-Oct-2023 19:17:05.625 INFORMACIÓN [main] org.apache.catalina.startup.HostConfig.deployDescriptor Desplieque del descriptor de configuración [/home/samuel/dev/PAPP_WEB-VersionBoostrap/PAPP_WEB/apache-tomcat-9.0.80/conf/Catalina/localhost/LABPAPP_WEB.xml]
13-Oct-2023 19:17:05.643 ADVERTENCIA [main] org.apache.catalina.startup.HostConfig.deployDescriptor The path attribute with value [/LABPAPP_WEB] in deployment descriptor [/home/samuel/dev/PAPP_WEB-VersionBoostrap/PAPP_WEB/apache-tomcat-9.0.80/conf/Catalina/localhost/LABPAPP_WEB.xml] has been ignored
13-Oct-2023 19:17:06.914 ADVERTENCIA [main] java.util.ArrayList.forEach Name = tur Property maxActive is not used in DBCP2, use maxTotal instead. maxTotal default value is 8. You have set value of "20" for "maxActive" property, which is being ignored.
13-Oct-2023 19:17:06.915 ADVERTENCIA [main] java.util.ArrayList.forEach Name = tur Property maxWait is not used in DBCP2 , use maxWaitMillis instead. maxWaitMillis default value is PT-0.001S. You have set value of "-1" for "maxWait" property, which is being ignored.
13-Oct-2023 19:17:06.955 ADVERTENCIA [main] java.util.ArrayList.forEach Name = Turismo Property maxActive is not used in DBCP2, use maxTotal instead. maxTotal default value is 8. You have set value of "20" for "maxActive" property, which is being ignored.
13-Oct-2023 19:17:06.956 ADVERTENCIA [main] java.util.ArrayList.forEach Name = Turismo Property maxWait is not used in DBCP2 , use maxWaitMillis instead. maxWaitMillis default value is PT-0.001S. You have set value of "-1" for "maxWait" property, which is being ignored.
13-Oct-2023 19:17:06.956 ADVERTENCIA [main] java.util.ArrayList.forEach Name = LABPAPP_WEB Property maxActive is not used in DBCP2, use maxTotal instead. maxTotal default value is 8. You have set value of "20" for "maxActive" property, which is being ignored.
13-Oct-2023 19:17:06.957 ADVERTENCIA [main] java.util.ArrayList.forEach Name = LABPAPP_WEB Property maxWait is not used in DBCP2 , use maxWaitMillis instead. maxWaitMillis default value is PT-0.001S. You have set value of "-1" for "maxWait" property, which is being ignored.
13-Oct-2023 19:17:06.957 ADVERTENCIA [main] java.util.ArrayList.forEach Name = turismo Property maxActive is not used in DBCP2, use maxTotal instead. maxTotal default value is 8. You have set value of "20" for "maxActive" property, which is being ignored.
13-Oct-2023 19:17:06.957 ADVERTENCIA [main] java.util.ArrayList.forEach Name = turismo Property maxWait is not used in DBCP2 , use maxWaitMillis instead. maxWaitMillis default value is PT-0.001S. You have set value of "-1" for "maxWait" property, which is being ignored.
13-Oct-2023 19:17:07.043 INFORMACIÓN [main] org.apache.jasper.servlet.TldScanner.scanJars Al menos un JAR, que se ha explorado buscando TLDs, aún no contenía TLDs. Activar historial de depuración para este historiador para una completa lista de los JARs que fueron explorados y de los que nos se halló TLDs. Saltarse JARs no necesarios durante la exploración puede dar lugar a una mejora de tiempo significativa en el arranque y compilación de JSP .
13-Oct-2023 19:17:07.219 INFORMACIÓN [main] org.apache.catalina.startup.HostConfig.deployDescriptor Deployment of deployment descriptor [/home/samuel/dev/PAPP_WEB-VersionBoostrap/PAPP_WEB/apache-tomcat-9.0.80/conf/Catalina/localhost/LABPAPP_WEB.xml] has finished in [1.591] ms
13-Oct-2023 19:17:07.220 INFORMACIÓN [main] org.apache.catalina.startup.HostConfig.deployDirectory Desplegando el directorio [/home/samuel/dev/PAPP_WEB-VersionBoostrap/PAPP_WEB/apache-tomcat-9.0.80/webapps/docs] de la aplicación web
13-Oct-2023 19:17:07.434 INFORMACIÓN [main] org.apache.jasper.servlet.TldScanner.scanJars Al menos un JAR, que se ha explorado buscando TLDs, aún no contenía TLDs. Activar historial de depuración para este historiador para una completa lista de los JARs que fueron explorados y de los que nos se halló TLDs. Saltarse JARs no necesarios durante la exploración puede dar lugar a una mejora de tiempo significativa en el arranque y compilación de JSP .
13-Oct-2023 19:17:07.435 INFORMACIÓN [main] org.apache.catalina.startup.HostConfig.deployDirectory Deployment of web application directory [/home/samuel/dev/PAPP_WEB-VersionBoostrap/PAPP_WEB/apache-tomcat-9.0.80/webapps/docs] has finished in [215] ms
13-Oct-2023 19:17:07.436 INFORMACIÓN [main] org.apache.catalina.startup.HostConfig.deployDirectory Desplegando el directorio [/home/samuel/dev/PAPP_WEB-VersionBoostrap/PAPP_WEB/apache-tomcat-9.0.80/webapps/host-manager] de la aplicación web
13-Oct-2023 19:17:07.659 INFORMACIÓN [main] org.apache.jasper.servlet.TldScanner.scanJars Al menos un JAR, que se ha explorado buscando TLDs, aún no contenía TLDs. Activar historial de depuración para este historiador para una completa lista de los JARs que fueron explorados y de los que nos se halló TLDs. Saltarse JARs no necesarios durante la exploración puede dar lugar a una mejora de tiempo significativa en el arranque y compilación de JSP .
13-Oct-2023 19:17:07.665 INFORMACIÓN [main] org.apache.catalina.startup.HostConfig.deployDirectory Deployment of web application directory [/home/samuel/dev/PAPP_WEB-VersionBoostrap/PAPP_WEB/apache-tomcat-9.0.80/webapps/host-manager] has finished in [229] ms
13-Oct-2023 19:17:07.666 INFORMACIÓN [main] org.apache.catalina.startup.HostConfig.deployDirectory Desplegando el directorio [/home/samuel/dev/PAPP_WEB-VersionBoostrap/PAPP_WEB/apache-tomcat-9.0.80/webapps/examples] de la aplicación web
13-Oct-2023 19:17:08.070 INFORMACIÓN [main] org.apache.jasper.servlet.TldScanner.scanJars Al menos un JAR, que se ha explorado buscando TLDs, aún no contenía TLDs. Activar historial de depuración para este historiador para una completa lista de los JARs que fueron explorados y de los que nos se halló TLDs. Saltarse JARs no necesarios durante la exploración puede dar lugar a una mejora de tiempo significativa en el arranque y compilación de JSP .
13-Oct-2023 19:17:08.160 INFORMACIÓN [main] org.apache.catalina.startup.HostConfig.deployDirectory Deployment of web application directory [/home/samuel/dev/PAPP_WEB-VersionBoostrap/PAPP_WEB/apache-tomcat-9.0.80/webapps/examples] has finished in [494] ms
13-Oct-2023 19:17:08.160 INFORMACIÓN [main] org.apache.catalina.startup.HostConfig.deployDirectory Desplegando el directorio [/home/samuel/dev/PAPP_WEB-VersionBoostrap/PAPP_WEB/apache-tomcat-9.0.80/webapps/ROOT] de la aplicación web
13-Oct-2023 19:17:08.400 INFORMACIÓN [main] org.apache.jasper.servlet.TldScanner.scanJars Al menos un JAR, que se ha explorado buscando TLDs, aún no contenía TLDs. Activar historial de depuración para este historiador para una completa lista de los JARs que fueron explorados y de los que nos se halló TLDs. Saltarse JARs no necesarios durante la exploración puede dar lugar a una mejora de tiempo significativa en el arranque y compilación de JSP .
13-Oct-2023 19:17:08.402 INFORMACIÓN [main] org.apache.catalina.startup.HostConfig.deployDirectory Deployment of web application directory [/home/samuel/dev/PAPP_WEB-VersionBoostrap/PAPP_WEB/apache-tomcat-9.0.80/webapps/ROOT] has finished in [241] ms
13-Oct-2023 19:17:08.403 INFORMACIÓN [main] org.apache.catalina.startup.HostConfig.deployDirectory Desplegando el directorio [/home/samuel/dev/PAPP_WEB-VersionBoostrap/PAPP_WEB/apache-tomcat-9.0.80/webapps/manager] de la aplicación web
13-Oct-2023 19:17:08.599 INFORMACIÓN [main] org.apache.jasper.servlet.TldScanner.scanJars Al menos un JAR, que se ha explorado buscando TLDs, aún no contenía TLDs. Activar historial de depuración para este historiador para una completa lista de los JARs que fueron explorados y de los que nos se halló TLDs. Saltarse JARs no necesarios durante la exploración puede dar lugar a una mejora de tiempo significativa en el arranque y compilación de JSP .
13-Oct-2023 19:17:08.601 INFORMACIÓN [main] org.apache.catalina.startup.HostConfig.deployDirectory Deployment of web application directory [/home/samuel/dev/PAPP_WEB-VersionBoostrap/PAPP_WEB/apache-tomcat-9.0.80/webapps/manager] has finished in [198] ms
13-Oct-2023 19:17:08.604 INFORMACIÓN [main] org.apache.coyote.AbstractProtocol.start Starting ProtocolHandler ["http-nio-8080"]
13-Oct-2023 19:17:08.618 INFORMACIÓN [main] org.apache.catalina.startup.Catalina.start Server startup in [3146] milliseconds
13-Oct-2023 19:17:11.961 INFORMACIÓN [http-nio-8080-exec-9] org.apache.catalina.startup.HostConfig.undeploy Repliegue (undeploy) de la aplicación web que tiene como trayectoria de contexto [/LABPAPP_WEB]
13-Oct-2023 19:17:12.037 INFORMACIÓN [http-nio-8080-exec-3] org.apache.catalina.startup.HostConfig.deployDescriptor Desplieque del descriptor de configuración [/home/samuel/dev/PAPP_WEB-VersionBoostrap/PAPP_WEB/apache-tomcat-9.0.80/conf/Catalina/localhost/LABPAPP_WEB.xml]
13-Oct-2023 19:17:12.039 ADVERTENCIA [http-nio-8080-exec-3] org.apache.catalina.startup.HostConfig.deployDescriptor The path attribute with value [/LABPAPP_WEB] in deployment descriptor [/home/samuel/dev/PAPP_WEB-VersionBoostrap/PAPP_WEB/apache-tomcat-9.0.80/conf/Catalina/localhost/LABPAPP_WEB.xml] has been ignored
13-Oct-2023 19:17:12.988 INFORMACIÓN [http-nio-8080-exec-3] org.apache.jasper.servlet.TldScanner.scanJars Al menos un JAR, que se ha explorado buscando TLDs, aún no contenía TLDs. Activar historial de depuración para este historiador para una completa lista de los JARs que fueron explorados y de los que nos se halló TLDs. Saltarse JARs no necesarios durante la exploración puede dar lugar a una mejora de tiempo significativa en el arranque y compilación de JSP .
13-Oct-2023 19:17:12.991 INFORMACIÓN [http-nio-8080-exec-3] org.apache.catalina.startup.HostConfig.deployDescriptor Deployment of deployment descriptor [/home/samuel/dev/PAPP_WEB-VersionBoostrap/PAPP_WEB/apache-tomcat-9.0.80/conf/Catalina/localhost/LABPAPP_WEB.xml] has finished in [954] ms
13-Oct-2023 19:17:12.996 INFORMACIÓN [http-nio-8080-exec-5] org.apache.catalina.util.LifecycleBase.start The start() method was called on component [StandardEngine[Catalina].StandardHost[localhost].StandardContext[/LABPAPP_WEB]] after start() had already been called. The second call will be ignored.
13-Oct-2023 19:19:48.161 INFORMACIÓN [http-nio-8080-exec-12] org.apache.catalina.startup.HostConfig.undeploy Repliegue (undeploy) de la aplicación web que tiene como trayectoria de contexto [/LABPAPP_WEB]
13-Oct-2023 19:20:07.213 INFORMACIÓN [http-nio-8080-exec-19] org.apache.catalina.startup.HostConfig.deployDescriptor Desplieque del descriptor de configuración [/home/samuel/dev/PAPP_WEB-VersionBoostrap/PAPP_WEB/apache-tomcat-9.0.80/conf/Catalina/localhost/LABPAPP_WEB.xml]
13-Oct-2023 19:20:07.215 ADVERTENCIA [http-nio-8080-exec-19] org.apache.catalina.startup.HostConfig.deployDescriptor The path attribute with value [/LABPAPP_WEB] in deployment descriptor [/home/samuel/dev/PAPP_WEB-VersionBoostrap/PAPP_WEB/apache-tomcat-9.0.80/conf/Catalina/localhost/LABPAPP_WEB.xml] has been ignored
13-Oct-2023 19:20:07.896 INFORMACIÓN [http-nio-8080-exec-19] org.apache.jasper.servlet.TldScanner.scanJars Al menos un JAR, que se ha explorado buscando TLDs, aún no contenía TLDs. Activar historial de depuración para este historiador para una completa lista de los JARs que fueron explorados y de los que nos se halló TLDs. Saltarse JARs no necesarios durante la exploración puede dar lugar a una mejora de tiempo significativa en el arranque y compilación de JSP .
13-Oct-2023 19:20:07.899 INFORMACIÓN [http-nio-8080-exec-19] org.apache.catalina.startup.HostConfig.deployDescriptor Deployment of deployment descriptor [/home/samuel/dev/PAPP_WEB-VersionBoostrap/PAPP_WEB/apache-tomcat-9.0.80/conf/Catalina/localhost/LABPAPP_WEB.xml] has finished in [685] ms
13-Oct-2023 19:20:07.904 INFORMACIÓN [http-nio-8080-exec-21] org.apache.catalina.util.LifecycleBase.start The start() method was called on component [StandardEngine[Catalina].StandardHost[localhost].StandardContext[/LABPAPP_WEB]] after start() had already been called. The second call will be ignored.
13-Oct-2023 19:21:03.696 INFORMACIÓN [http-nio-8080-exec-29] org.apache.catalina.startup.HostConfig.undeploy Repliegue (undeploy) de la aplicación web que tiene como trayectoria de contexto [/LABPAPP_WEB]
13-Oct-2023 19:21:18.617 INFORMACIÓN [http-nio-8080-exec-23] org.apache.catalina.startup.HostConfig.deployDescriptor Desplieque del descriptor de configuración [/home/samuel/dev/PAPP_WEB-VersionBoostrap/PAPP_WEB/apache-tomcat-9.0.80/conf/Catalina/localhost/LABPAPP_WEB.xml]
13-Oct-2023 19:21:18.619 ADVERTENCIA [http-nio-8080-exec-23] org.apache.catalina.startup.HostConfig.deployDescriptor The path attribute with value [/LABPAPP_WEB] in deployment descriptor [/home/samuel/dev/PAPP_WEB-VersionBoostrap/PAPP_WEB/apache-tomcat-9.0.80/conf/Catalina/localhost/LABPAPP_WEB.xml] has been ignored
13-Oct-2023 19:21:19.301 INFORMACIÓN [http-nio-8080-exec-23] org.apache.jasper.servlet.TldScanner.scanJars Al menos un JAR, que se ha explorado buscando TLDs, aún no contenía TLDs. Activar historial de depuración para este historiador para una completa lista de los JARs que fueron explorados y de los que nos se halló TLDs. Saltarse JARs no necesarios durante la exploración puede dar lugar a una mejora de tiempo significativa en el arranque y compilación de JSP .
13-Oct-2023 19:21:19.303 INFORMACIÓN [http-nio-8080-exec-23] org.apache.catalina.startup.HostConfig.deployDescriptor Deployment of deployment descriptor [/home/samuel/dev/PAPP_WEB-VersionBoostrap/PAPP_WEB/apache-tomcat-9.0.80/conf/Catalina/localhost/LABPAPP_WEB.xml] has finished in [686] ms
13-Oct-2023 19:21:19.310 INFORMACIÓN [http-nio-8080-exec-31] org.apache.catalina.util.LifecycleBase.start The start() method was called on component [StandardEngine[Catalina].StandardHost[localhost].StandardContext[/LABPAPP_WEB]] after start() had already been called. The second call will be ignored.
13-Oct-2023 19:27:08.182 INFORMACIÓN [http-nio-8080-exec-40] org.apache.catalina.startup.HostConfig.undeploy Repliegue (undeploy) de la aplicación web que tiene como trayectoria de contexto [/LABPAPP_WEB]
13-Oct-2023 19:27:30.239 INFORMACIÓN [http-nio-8080-exec-32] org.apache.catalina.startup.HostConfig.deployDescriptor Desplieque del descriptor de configuración [/home/samuel/dev/PAPP_WEB-VersionBoostrap/PAPP_WEB/apache-tomcat-9.0.80/conf/Catalina/localhost/LABPAPP_WEB.xml]
13-Oct-2023 19:27:30.240 ADVERTENCIA [http-nio-8080-exec-32] org.apache.catalina.startup.HostConfig.deployDescriptor The path attribute with value [/LABPAPP_WEB] in deployment descriptor [/home/samuel/dev/PAPP_WEB-VersionBoostrap/PAPP_WEB/apache-tomcat-9.0.80/conf/Catalina/localhost/LABPAPP_WEB.xml] has been ignored
13-Oct-2023 19:27:31.028 INFORMACIÓN [http-nio-8080-exec-32] org.apache.jasper.servlet.TldScanner.scanJars Al menos un JAR, que se ha explorado buscando TLDs, aún no contenía TLDs. Activar historial de depuración para este historiador para una completa lista de los JARs que fueron explorados y de los que nos se halló TLDs. Saltarse JARs no necesarios durante la exploración puede dar lugar a una mejora de tiempo significativa en el arranque y compilación de JSP .
13-Oct-2023 19:27:31.031 INFORMACIÓN [http-nio-8080-exec-32] org.apache.catalina.startup.HostConfig.deployDescriptor Deployment of deployment descriptor [/home/samuel/dev/PAPP_WEB-VersionBoostrap/PAPP_WEB/apache-tomcat-9.0.80/conf/Catalina/localhost/LABPAPP_WEB.xml] has finished in [792] ms
13-Oct-2023 19:27:31.037 INFORMACIÓN [http-nio-8080-exec-42] org.apache.catalina.util.LifecycleBase.start The start() method was called on component [StandardEngine[Catalina].StandardHost[localhost].StandardContext[/LABPAPP_WEB]] after start() had already been called. The second call will be ignored.
13-Oct-2023 19:29:18.828 INFORMACIÓN [http-nio-8080-exec-49] org.apache.catalina.startup.HostConfig.undeploy Repliegue (undeploy) de la aplicación web que tiene como trayectoria de contexto [/LABPAPP_WEB]
13-Oct-2023 19:29:18.866 INFORMACIÓN [http-nio-8080-exec-41] org.apache.catalina.startup.HostConfig.deployDescriptor Desplieque del descriptor de configuración [/home/samuel/dev/PAPP_WEB-VersionBoostrap/PAPP_WEB/apache-tomcat-9.0.80/conf/Catalina/localhost/LABPAPP_WEB.xml]
13-Oct-2023 19:29:18.867 ADVERTENCIA [http-nio-8080-exec-41] org.apache.catalina.startup.HostConfig.deployDescriptor The path attribute with value [/LABPAPP_WEB] in deployment descriptor [/home/samuel/dev/PAPP_WEB-VersionBoostrap/PAPP_WEB/apache-tomcat-9.0.80/conf/Catalina/localhost/LABPAPP_WEB.xml] has been ignored
13-Oct-2023 19:29:19.593 INFORMACIÓN [http-nio-8080-exec-41] org.apache.jasper.servlet.TldScanner.scanJars Al menos un JAR, que se ha explorado buscando TLDs, aún no contenía TLDs. Activar historial de depuración para este historiador para una completa lista de los JARs que fueron explorados y de los que nos se halló TLDs. Saltarse JARs no necesarios durante la exploración puede dar lugar a una mejora de tiempo significativa en el arranque y compilación de JSP .
13-Oct-2023 19:29:19.595 INFORMACIÓN [http-nio-8080-exec-41] org.apache.catalina.startup.HostConfig.deployDescriptor Deployment of deployment descriptor [/home/samuel/dev/PAPP_WEB-VersionBoostrap/PAPP_WEB/apache-tomcat-9.0.80/conf/Catalina/localhost/LABPAPP_WEB.xml] has finished in [729] ms
13-Oct-2023 19:29:19.601 INFORMACIÓN [http-nio-8080-exec-45] org.apache.catalina.util.LifecycleBase.start The start() method was called on component [StandardEngine[Catalina].StandardHost[localhost].StandardContext[/LABPAPP_WEB]] after start() had already been called. The second call will be ignored.
13-Oct-2023 19:36:39.653 INFORMACIÓN [http-nio-8080-exec-59] org.apache.catalina.startup.HostConfig.undeploy Repliegue (undeploy) de la aplicación web que tiene como trayectoria de contexto [/LABPAPP_WEB]
13-Oct-2023 19:36:40.159 INFORMACIÓN [Catalina-utility-1] org.apache.catalina.startup.HostConfig.undeploy Repliegue (undeploy) de la aplicación web que tiene como trayectoria de contexto [/LABPAPP_WEB]
13-Oct-2023 19:47:08.042 INFORMACIÓN [http-nio-8080-exec-67] org.apache.catalina.startup.HostConfig.deployDescriptor Desplieque del descriptor de configuración [/home/samuel/dev/PAPP_WEB-VersionBoostrap/PAPP_WEB/apache-tomcat-9.0.80/conf/Catalina/localhost/LABPAPP_WEB.xml]
13-Oct-2023 19:47:08.043 ADVERTENCIA [http-nio-8080-exec-67] org.apache.catalina.startup.HostConfig.deployDescriptor The path attribute with value [/LABPAPP_WEB] in deployment descriptor [/home/samuel/dev/PAPP_WEB-VersionBoostrap/PAPP_WEB/apache-tomcat-9.0.80/conf/Catalina/localhost/LABPAPP_WEB.xml] has been ignored
13-Oct-2023 19:47:08.743 INFORMACIÓN [http-nio-8080-exec-67] org.apache.jasper.servlet.TldScanner.scanJars Al menos un JAR, que se ha explorado buscando TLDs, aún no contenía TLDs. Activar historial de depuración para este historiador para una completa lista de los JARs que fueron explorados y de los que nos se halló TLDs. Saltarse JARs no necesarios durante la exploración puede dar lugar a una mejora de tiempo significativa en el arranque y compilación de JSP .
13-Oct-2023 19:47:08.746 INFORMACIÓN [http-nio-8080-exec-67] org.apache.catalina.startup.HostConfig.deployDescriptor Deployment of deployment descriptor [/home/samuel/dev/PAPP_WEB-VersionBoostrap/PAPP_WEB/apache-tomcat-9.0.80/conf/Catalina/localhost/LABPAPP_WEB.xml] has finished in [703] ms
13-Oct-2023 19:47:08.751 INFORMACIÓN [http-nio-8080-exec-68] org.apache.catalina.util.LifecycleBase.start The start() method was called on component [StandardEngine[Catalina].StandardHost[localhost].StandardContext[/LABPAPP_WEB]] after start() had already been called. The second call will be ignored.
13-Oct-2023 19:51:36.629 INFORMACIÓN [http-nio-8080-exec-62] org.apache.catalina.startup.HostConfig.undeploy Repliegue (undeploy) de la aplicación web que tiene como trayectoria de contexto [/LABPAPP_WEB]
13-Oct-2023 19:51:36.669 INFORMACIÓN [http-nio-8080-exec-61] org.apache.catalina.startup.HostConfig.deployDescriptor Desplieque del descriptor de configuración [/home/samuel/dev/PAPP_WEB-VersionBoostrap/PAPP_WEB/apache-tomcat-9.0.80/conf/Catalina/localhost/LABPAPP_WEB.xml]
13-Oct-2023 19:51:36.672 ADVERTENCIA [http-nio-8080-exec-61] org.apache.catalina.startup.HostConfig.deployDescriptor The path attribute with value [/LABPAPP_WEB] in deployment descriptor [/home/samuel/dev/PAPP_WEB-VersionBoostrap/PAPP_WEB/apache-tomcat-9.0.80/conf/Catalina/localhost/LABPAPP_WEB.xml] has been ignored
13-Oct-2023 19:51:37.616 INFORMACIÓN [http-nio-8080-exec-61] org.apache.jasper.servlet.TldScanner.scanJars Al menos un JAR, que se ha explorado buscando TLDs, aún no contenía TLDs. Activar historial de depuración para este historiador para una completa lista de los JARs que fueron explorados y de los que nos se halló TLDs. Saltarse JARs no necesarios durante la exploración puede dar lugar a una mejora de tiempo significativa en el arranque y compilación de JSP .
13-Oct-2023 19:51:37.618 INFORMACIÓN [http-nio-8080-exec-61] org.apache.catalina.startup.HostConfig.deployDescriptor Deployment of deployment descriptor [/home/samuel/dev/PAPP_WEB-VersionBoostrap/PAPP_WEB/apache-tomcat-9.0.80/conf/Catalina/localhost/LABPAPP_WEB.xml] has finished in [949] ms
13-Oct-2023 19:51:37.623 INFORMACIÓN [http-nio-8080-exec-65] org.apache.catalina.util.LifecycleBase.start The start() method was called on component [StandardEngine[Catalina].StandardHost[localhost].StandardContext[/LABPAPP_WEB]] after start() had already been called. The second call will be ignored.
13-Oct-2023 19:57:37.314 INFORMACIÓN [http-nio-8080-exec-77] org.apache.catalina.startup.HostConfig.undeploy Repliegue (undeploy) de la aplicación web que tiene como trayectoria de contexto [/LABPAPP_WEB]
13-Oct-2023 19:57:37.365 INFORMACIÓN [http-nio-8080-exec-79] org.apache.catalina.startup.HostConfig.deployDescriptor Desplieque del descriptor de configuración [/home/samuel/dev/PAPP_WEB-VersionBoostrap/PAPP_WEB/apache-tomcat-9.0.80/conf/Catalina/localhost/LABPAPP_WEB.xml]
13-Oct-2023 19:57:37.376 ADVERTENCIA [http-nio-8080-exec-79] org.apache.catalina.startup.HostConfig.deployDescriptor The path attribute with value [/LABPAPP_WEB] in deployment descriptor [/home/samuel/dev/PAPP_WEB-VersionBoostrap/PAPP_WEB/apache-tomcat-9.0.80/conf/Catalina/localhost/LABPAPP_WEB.xml] has been ignored
13-Oct-2023 19:57:39.080 INFORMACIÓN [http-nio-8080-exec-79] org.apache.jasper.servlet.TldScanner.scanJars Al menos un JAR, que se ha explorado buscando TLDs, aún no contenía TLDs. Activar historial de depuración para este historiador para una completa lista de los JARs que fueron explorados y de los que nos se halló TLDs. Saltarse JARs no necesarios durante la exploración puede dar lugar a una mejora de tiempo significativa en el arranque y compilación de JSP .
13-Oct-2023 19:57:39.085 INFORMACIÓN [http-nio-8080-exec-79] org.apache.catalina.startup.HostConfig.deployDescriptor Deployment of deployment descriptor [/home/samuel/dev/PAPP_WEB-VersionBoostrap/PAPP_WEB/apache-tomcat-9.0.80/conf/Catalina/localhost/LABPAPP_WEB.xml] has finished in [1.719] ms
13-Oct-2023 19:57:39.089 INFORMACIÓN [http-nio-8080-exec-79] org.apache.catalina.util.LifecycleBase.start The start() method was called on component [StandardEngine[Catalina].StandardHost[localhost].StandardContext[/LABPAPP_WEB]] after start() had already been called. The second call will be ignored.
13-Oct-2023 20:04:18.086 INFORMACIÓN [http-nio-8080-exec-83] org.apache.catalina.startup.HostConfig.undeploy Repliegue (undeploy) de la aplicación web que tiene como trayectoria de contexto [/LABPAPP_WEB]
13-Oct-2023 20:13:33.800 INFORMACIÓN [main] org.apache.catalina.core.StandardServer.await Se ha recibido un comando de apagado a través del puerto de apagado. Parando la instancia del Servidor.
13-Oct-2023 20:13:33.801 INFORMACIÓN [main] org.apache.coyote.AbstractProtocol.pause Pausing ProtocolHandler ["http-nio-8080"]
13-Oct-2023 20:13:33.802 INFORMACIÓN [main] org.apache.catalina.core.StandardService.stopInternal Parando servicio [Catalina]
13-Oct-2023 20:13:33.834 INFORMACIÓN [main] org.apache.coyote.AbstractProtocol.stop Stopping ProtocolHandler ["http-nio-8080"]
13-Oct-2023 20:13:33.854 INFORMACIÓN [main] org.apache.coyote.AbstractProtocol.destroy Destroying ProtocolHandler ["http-nio-8080"]
13-Oct-2023 20:24:01.881 INFORMACIÓN [main] org.apache.catalina.startup.VersionLoggerListener.log Nombre de la versión del servidor: Apache Tomcat/9.0.80
13-Oct-2023 20:24:01.886 INFORMACIÓN [main] org.apache.catalina.startup.VersionLoggerListener.log Server built:                      Aug 23 2023 21:59:38 UTC
13-Oct-2023 20:24:01.886 INFORMACIÓN [main] org.apache.catalina.startup.VersionLoggerListener.log Número de versión de servidor:     9.0.80.0
13-Oct-2023 20:24:01.886 INFORMACIÓN [main] org.apache.catalina.startup.VersionLoggerListener.log OS Name:                           Linux
13-Oct-2023 20:24:01.886 INFORMACIÓN [main] org.apache.catalina.startup.VersionLoggerListener.log Versión de Systema Operativo:      6.2.0-34-generic
13-Oct-2023 20:24:01.886 INFORMACIÓN [main] org.apache.catalina.startup.VersionLoggerListener.log Arquitectura:                      amd64
13-Oct-2023 20:24:01.886 INFORMACIÓN [main] org.apache.catalina.startup.VersionLoggerListener.log Java Home:                         /snap/strictly-netbeans/33/jdk
13-Oct-2023 20:24:01.887 INFORMACIÓN [main] org.apache.catalina.startup.VersionLoggerListener.log JVM Version:                       21+35-snap
13-Oct-2023 20:24:01.887 INFORMACIÓN [main] org.apache.catalina.startup.VersionLoggerListener.log Vededor JVM:                       Snap Build
13-Oct-2023 20:24:01.887 INFORMACIÓN [main] org.apache.catalina.startup.VersionLoggerListener.log CATALINA_BASE:                     /home/samuel/dev/PAPP_WEB-VersionBoostrap/PAPP_WEB/apache-tomcat-9.0.80
13-Oct-2023 20:24:01.887 INFORMACIÓN [main] org.apache.catalina.startup.VersionLoggerListener.log CATALINA_HOME:                     /home/samuel/dev/PAPP_WEB-VersionBoostrap/PAPP_WEB/apache-tomcat-9.0.80
13-Oct-2023 20:24:01.909 INFORMACIÓN [main] org.apache.catalina.startup.VersionLoggerListener.log Command line argument:             --add-opens=java.base/java.lang=ALL-UNNAMED
13-Oct-2023 20:24:01.909 INFORMACIÓN [main] org.apache.catalina.startup.VersionLoggerListener.log Command line argument:             --add-opens=java.base/java.io=ALL-UNNAMED
13-Oct-2023 20:24:01.910 INFORMACIÓN [main] org.apache.catalina.startup.VersionLoggerListener.log Command line argument:             --add-opens=java.base/java.util=ALL-UNNAMED
13-Oct-2023 20:24:01.910 INFORMACIÓN [main] org.apache.catalina.startup.VersionLoggerListener.log Command line argument:             --add-opens=java.base/java.util.concurrent=ALL-UNNAMED
13-Oct-2023 20:24:01.911 INFORMACIÓN [main] org.apache.catalina.startup.VersionLoggerListener.log Command line argument:             --add-opens=java.rmi/sun.rmi.transport=ALL-UNNAMED
13-Oct-2023 20:24:01.911 INFORMACIÓN [main] org.apache.catalina.startup.VersionLoggerListener.log Command line argument:             -Djava.util.logging.config.file=/home/samuel/dev/PAPP_WEB-VersionBoostrap/PAPP_WEB/apache-tomcat-9.0.80/conf/logging.properties
13-Oct-2023 20:24:01.911 INFORMACIÓN [main] org.apache.catalina.startup.VersionLoggerListener.log Command line argument:             -Djava.util.logging.manager=org.apache.juli.ClassLoaderLogManager
13-Oct-2023 20:24:01.911 INFORMACIÓN [main] org.apache.catalina.startup.VersionLoggerListener.log Command line argument:             -Dhttp.nonProxyHosts=localhost|127.0.0.1|samuel-vm
13-Oct-2023 20:24:01.911 INFORMACIÓN [main] org.apache.catalina.startup.VersionLoggerListener.log Command line argument:             -Djdk.tls.ephemeralDHKeySize=2048
13-Oct-2023 20:24:01.911 INFORMACIÓN [main] org.apache.catalina.startup.VersionLoggerListener.log Command line argument:             -Djava.protocol.handler.pkgs=org.apache.catalina.webresources
13-Oct-2023 20:24:01.911 INFORMACIÓN [main] org.apache.catalina.startup.VersionLoggerListener.log Command line argument:             -Dorg.apache.catalina.security.SecurityListener.UMASK=0027
13-Oct-2023 20:24:01.911 INFORMACIÓN [main] org.apache.catalina.startup.VersionLoggerListener.log Command line argument:             -Dignore.endorsed.dirs=
13-Oct-2023 20:24:01.911 INFORMACIÓN [main] org.apache.catalina.startup.VersionLoggerListener.log Command line argument:             -Dcatalina.base=/home/samuel/dev/PAPP_WEB-VersionBoostrap/PAPP_WEB/apache-tomcat-9.0.80
13-Oct-2023 20:24:01.911 INFORMACIÓN [main] org.apache.catalina.startup.VersionLoggerListener.log Command line argument:             -Dcatalina.home=/home/samuel/dev/PAPP_WEB-VersionBoostrap/PAPP_WEB/apache-tomcat-9.0.80
13-Oct-2023 20:24:01.911 INFORMACIÓN [main] org.apache.catalina.startup.VersionLoggerListener.log Command line argument:             -Djava.io.tmpdir=/home/samuel/dev/PAPP_WEB-VersionBoostrap/PAPP_WEB/apache-tomcat-9.0.80/temp
13-Oct-2023 20:24:01.915 INFORMACIÓN [main] org.apache.catalina.core.AprLifecycleListener.lifecycleEvent La biblioteca nativa de Apache Tomcat basada en ARP que permite un rendimiento óptimo en entornos de desarrollo no ha sido hallada en java.library.path: [/var/lib/snapd/lib/gl:/var/lib/snapd/lib/gl32:/var/lib/snapd/void:/snap/strictly-netbeans/33/lib:/snap/strictly-netbeans/33/lib/x86_64-linux-gnu:/snap/strictly-netbeans/33/gnome-platform/lib/x86_64-linux-gnu:/snap/strictly-netbeans/33/gnome-platform/usr/lib/x86_64-linux-gnu:/snap/strictly-netbeans/33/gnome-platform/usr/lib:/snap/strictly-netbeans/33/gnome-platform/lib:/snap/strictly-netbeans/33/gnome-platform/usr/lib/x86_64-linux-gnu/dri:/var/lib/snapd/lib/gl:/snap/strictly-netbeans/33/gnome-platform/usr/lib/x86_64-linux-gnu/pulseaudio:/usr/java/packages/lib:/usr/lib64:/lib64:/lib:/usr/lib]
13-Oct-2023 20:24:02.437 INFORMACIÓN [main] org.apache.coyote.AbstractProtocol.init Inicializando el manejador de protocolo ["http-nio-8080"]

13-Oct-2023 20:24:02.464 INFORMACIÓN [main] org.apache.catalina.startup.Catalina.load Server initialization in [931] milliseconds
13-Oct-2023 20:24:02.615 INFORMACIÓN [main] org.apache.catalina.core.StandardService.startInternal Arrancando servicio [Catalina]
13-Oct-2023 20:24:02.616 INFORMACIÓN [main] org.apache.catalina.core.StandardEngine.startInternal Starting Servlet engine: [Apache Tomcat/9.0.80]
13-Oct-2023 20:24:02.662 INFORMACIÓN [main] org.apache.catalina.startup.HostConfig.deployDirectory Desplegando el directorio [/home/samuel/dev/PAPP_WEB-VersionBoostrap/PAPP_WEB/apache-tomcat-9.0.80/webapps/docs] de la aplicación web
13-Oct-2023 20:24:03.549 INFORMACIÓN [main] org.apache.jasper.servlet.TldScanner.scanJars Al menos un JAR, que se ha explorado buscando TLDs, aún no contenía TLDs. Activar historial de depuración para este historiador para una completa lista de los JARs que fueron explorados y de los que nos se halló TLDs. Saltarse JARs no necesarios durante la exploración puede dar lugar a una mejora de tiempo significativa en el arranque y compilación de JSP .
13-Oct-2023 20:24:03.671 INFORMACIÓN [main] org.apache.catalina.startup.HostConfig.deployDirectory Deployment of web application directory [/home/samuel/dev/PAPP_WEB-VersionBoostrap/PAPP_WEB/apache-tomcat-9.0.80/webapps/docs] has finished in [1.005] ms
13-Oct-2023 20:24:03.671 INFORMACIÓN [main] org.apache.catalina.startup.HostConfig.deployDirectory Desplegando el directorio [/home/samuel/dev/PAPP_WEB-VersionBoostrap/PAPP_WEB/apache-tomcat-9.0.80/webapps/host-manager] de la aplicación web
13-Oct-2023 20:24:04.179 INFORMACIÓN [main] org.apache.jasper.servlet.TldScanner.scanJars Al menos un JAR, que se ha explorado buscando TLDs, aún no contenía TLDs. Activar historial de depuración para este historiador para una completa lista de los JARs que fueron explorados y de los que nos se halló TLDs. Saltarse JARs no necesarios durante la exploración puede dar lugar a una mejora de tiempo significativa en el arranque y compilación de JSP .
13-Oct-2023 20:24:04.190 INFORMACIÓN [main] org.apache.catalina.startup.HostConfig.deployDirectory Deployment of web application directory [/home/samuel/dev/PAPP_WEB-VersionBoostrap/PAPP_WEB/apache-tomcat-9.0.80/webapps/host-manager] has finished in [519] ms
13-Oct-2023 20:24:04.190 INFORMACIÓN [main] org.apache.catalina.startup.HostConfig.deployDirectory Desplegando el directorio [/home/samuel/dev/PAPP_WEB-VersionBoostrap/PAPP_WEB/apache-tomcat-9.0.80/webapps/examples] de la aplicación web
13-Oct-2023 20:24:04.816 INFORMACIÓN [main] org.apache.jasper.servlet.TldScanner.scanJars Al menos un JAR, que se ha explorado buscando TLDs, aún no contenía TLDs. Activar historial de depuración para este historiador para una completa lista de los JARs que fueron explorados y de los que nos se halló TLDs. Saltarse JARs no necesarios durante la exploración puede dar lugar a una mejora de tiempo significativa en el arranque y compilación de JSP .
13-Oct-2023 20:24:04.889 INFORMACIÓN [main] org.apache.catalina.startup.HostConfig.deployDirectory Deployment of web application directory [/home/samuel/dev/PAPP_WEB-VersionBoostrap/PAPP_WEB/apache-tomcat-9.0.80/webapps/examples] has finished in [698] ms
13-Oct-2023 20:24:04.890 INFORMACIÓN [main] org.apache.catalina.startup.HostConfig.deployDirectory Desplegando el directorio [/home/samuel/dev/PAPP_WEB-VersionBoostrap/PAPP_WEB/apache-tomcat-9.0.80/webapps/ROOT] de la aplicación web
13-Oct-2023 20:24:05.126 INFORMACIÓN [main] org.apache.jasper.servlet.TldScanner.scanJars Al menos un JAR, que se ha explorado buscando TLDs, aún no contenía TLDs. Activar historial de depuración para este historiador para una completa lista de los JARs que fueron explorados y de los que nos se halló TLDs. Saltarse JARs no necesarios durante la exploración puede dar lugar a una mejora de tiempo significativa en el arranque y compilación de JSP .
13-Oct-2023 20:24:05.134 INFORMACIÓN [main] org.apache.catalina.startup.HostConfig.deployDirectory Deployment of web application directory [/home/samuel/dev/PAPP_WEB-VersionBoostrap/PAPP_WEB/apache-tomcat-9.0.80/webapps/ROOT] has finished in [244] ms
13-Oct-2023 20:24:05.135 INFORMACIÓN [main] org.apache.catalina.startup.HostConfig.deployDirectory Desplegando el directorio [/home/samuel/dev/PAPP_WEB-VersionBoostrap/PAPP_WEB/apache-tomcat-9.0.80/webapps/manager] de la aplicación web
13-Oct-2023 20:24:05.356 INFORMACIÓN [main] org.apache.jasper.servlet.TldScanner.scanJars Al menos un JAR, que se ha explorado buscando TLDs, aún no contenía TLDs. Activar historial de depuración para este historiador para una completa lista de los JARs que fueron explorados y de los que nos se halló TLDs. Saltarse JARs no necesarios durante la exploración puede dar lugar a una mejora de tiempo significativa en el arranque y compilación de JSP .
13-Oct-2023 20:24:05.360 INFORMACIÓN [main] org.apache.catalina.startup.HostConfig.deployDirectory Deployment of web application directory [/home/samuel/dev/PAPP_WEB-VersionBoostrap/PAPP_WEB/apache-tomcat-9.0.80/webapps/manager] has finished in [224] ms
13-Oct-2023 20:24:05.363 INFORMACIÓN [main] org.apache.coyote.AbstractProtocol.start Starting ProtocolHandler ["http-nio-8080"]
13-Oct-2023 20:24:05.392 INFORMACIÓN [main] org.apache.catalina.startup.Catalina.start Server startup in [2926] milliseconds
13-Oct-2023 20:24:08.151 INFORMACIÓN [http-nio-8080-exec-1] org.apache.catalina.startup.HostConfig.deployDescriptor Desplieque del descriptor de configuración [/home/samuel/dev/PAPP_WEB-VersionBoostrap/PAPP_WEB/apache-tomcat-9.0.80/conf/Catalina/localhost/LABPAPP_WEB.xml]
13-Oct-2023 20:24:08.152 ADVERTENCIA [http-nio-8080-exec-1] org.apache.catalina.startup.HostConfig.deployDescriptor The path attribute with value [/LABPAPP_WEB] in deployment descriptor [/home/samuel/dev/PAPP_WEB-VersionBoostrap/PAPP_WEB/apache-tomcat-9.0.80/conf/Catalina/localhost/LABPAPP_WEB.xml] has been ignored
13-Oct-2023 20:24:09.024 ADVERTENCIA [http-nio-8080-exec-1] java.util.ArrayList.forEach Name = tur Property maxActive is not used in DBCP2, use maxTotal instead. maxTotal default value is 8. You have set value of "20" for "maxActive" property, which is being ignored.
13-Oct-2023 20:24:09.024 ADVERTENCIA [http-nio-8080-exec-1] java.util.ArrayList.forEach Name = tur Property maxWait is not used in DBCP2 , use maxWaitMillis instead. maxWaitMillis default value is PT-0.001S. You have set value of "-1" for "maxWait" property, which is being ignored.
13-Oct-2023 20:24:09.062 ADVERTENCIA [http-nio-8080-exec-1] java.util.ArrayList.forEach Name = Turismo Property maxActive is not used in DBCP2, use maxTotal instead. maxTotal default value is 8. You have set value of "20" for "maxActive" property, which is being ignored.
13-Oct-2023 20:24:09.062 ADVERTENCIA [http-nio-8080-exec-1] java.util.ArrayList.forEach Name = Turismo Property maxWait is not used in DBCP2 , use maxWaitMillis instead. maxWaitMillis default value is PT-0.001S. You have set value of "-1" for "maxWait" property, which is being ignored.
13-Oct-2023 20:24:09.063 ADVERTENCIA [http-nio-8080-exec-1] java.util.ArrayList.forEach Name = LABPAPP_WEB Property maxActive is not used in DBCP2, use maxTotal instead. maxTotal default value is 8. You have set value of "20" for "maxActive" property, which is being ignored.
13-Oct-2023 20:24:09.063 ADVERTENCIA [http-nio-8080-exec-1] java.util.ArrayList.forEach Name = LABPAPP_WEB Property maxWait is not used in DBCP2 , use maxWaitMillis instead. maxWaitMillis default value is PT-0.001S. You have set value of "-1" for "maxWait" property, which is being ignored.
13-Oct-2023 20:24:09.064 ADVERTENCIA [http-nio-8080-exec-1] java.util.ArrayList.forEach Name = turismo Property maxActive is not used in DBCP2, use maxTotal instead. maxTotal default value is 8. You have set value of "20" for "maxActive" property, which is being ignored.
13-Oct-2023 20:24:09.064 ADVERTENCIA [http-nio-8080-exec-1] java.util.ArrayList.forEach Name = turismo Property maxWait is not used in DBCP2 , use maxWaitMillis instead. maxWaitMillis default value is PT-0.001S. You have set value of "-1" for "maxWait" property, which is being ignored.
13-Oct-2023 20:24:09.083 INFORMACIÓN [http-nio-8080-exec-1] org.apache.jasper.servlet.TldScanner.scanJars Al menos un JAR, que se ha explorado buscando TLDs, aún no contenía TLDs. Activar historial de depuración para este historiador para una completa lista de los JARs que fueron explorados y de los que nos se halló TLDs. Saltarse JARs no necesarios durante la exploración puede dar lugar a una mejora de tiempo significativa en el arranque y compilación de JSP .
13-Oct-2023 20:24:09.091 INFORMACIÓN [http-nio-8080-exec-1] org.apache.catalina.startup.HostConfig.deployDescriptor Deployment of deployment descriptor [/home/samuel/dev/PAPP_WEB-VersionBoostrap/PAPP_WEB/apache-tomcat-9.0.80/conf/Catalina/localhost/LABPAPP_WEB.xml] has finished in [940] ms
13-Oct-2023 20:24:09.102 INFORMACIÓN [http-nio-8080-exec-2] org.apache.catalina.util.LifecycleBase.start The start() method was called on component [StandardEngine[Catalina].StandardHost[localhost].StandardContext[/LABPAPP_WEB]] after start() had already been called. The second call will be ignored.
13-Oct-2023 20:29:30.629 INFORMACIÓN [http-nio-8080-exec-8] org.apache.catalina.startup.HostConfig.undeploy Repliegue (undeploy) de la aplicación web que tiene como trayectoria de contexto [/LABPAPP_WEB]
13-Oct-2023 20:29:30.658 INFORMACIÓN [http-nio-8080-exec-5] org.apache.catalina.startup.HostConfig.deployDescriptor Desplieque del descriptor de configuración [/home/samuel/dev/PAPP_WEB-VersionBoostrap/PAPP_WEB/apache-tomcat-9.0.80/conf/Catalina/localhost/LABPAPP_WEB.xml]
13-Oct-2023 20:29:30.660 ADVERTENCIA [http-nio-8080-exec-5] org.apache.catalina.startup.HostConfig.deployDescriptor The path attribute with value [/LABPAPP_WEB] in deployment descriptor [/home/samuel/dev/PAPP_WEB-VersionBoostrap/PAPP_WEB/apache-tomcat-9.0.80/conf/Catalina/localhost/LABPAPP_WEB.xml] has been ignored
13-Oct-2023 20:29:31.450 INFORMACIÓN [http-nio-8080-exec-5] org.apache.jasper.servlet.TldScanner.scanJars Al menos un JAR, que se ha explorado buscando TLDs, aún no contenía TLDs. Activar historial de depuración para este historiador para una completa lista de los JARs que fueron explorados y de los que nos se halló TLDs. Saltarse JARs no necesarios durante la exploración puede dar lugar a una mejora de tiempo significativa en el arranque y compilación de JSP .
13-Oct-2023 20:29:31.452 INFORMACIÓN [http-nio-8080-exec-5] org.apache.catalina.startup.HostConfig.deployDescriptor Deployment of deployment descriptor [/home/samuel/dev/PAPP_WEB-VersionBoostrap/PAPP_WEB/apache-tomcat-9.0.80/conf/Catalina/localhost/LABPAPP_WEB.xml] has finished in [794] ms
13-Oct-2023 20:29:31.458 INFORMACIÓN [http-nio-8080-exec-7] org.apache.catalina.util.LifecycleBase.start The start() method was called on component [StandardEngine[Catalina].StandardHost[localhost].StandardContext[/LABPAPP_WEB]] after start() had already been called. The second call will be ignored.
13-Oct-2023 20:32:02.689 INFORMACIÓN [http-nio-8080-exec-14] org.apache.catalina.startup.HostConfig.undeploy Repliegue (undeploy) de la aplicación web que tiene como trayectoria de contexto [/LABPAPP_WEB]
13-Oct-2023 20:32:02.754 INFORMACIÓN [http-nio-8080-exec-18] org.apache.catalina.startup.HostConfig.deployDescriptor Desplieque del descriptor de configuración [/home/samuel/dev/PAPP_WEB-VersionBoostrap/PAPP_WEB/apache-tomcat-9.0.80/conf/Catalina/localhost/LABPAPP_WEB.xml]
13-Oct-2023 20:32:02.755 ADVERTENCIA [http-nio-8080-exec-18] org.apache.catalina.startup.HostConfig.deployDescriptor The path attribute with value [/LABPAPP_WEB] in deployment descriptor [/home/samuel/dev/PAPP_WEB-VersionBoostrap/PAPP_WEB/apache-tomcat-9.0.80/conf/Catalina/localhost/LABPAPP_WEB.xml] has been ignored
13-Oct-2023 20:32:03.516 INFORMACIÓN [http-nio-8080-exec-18] org.apache.jasper.servlet.TldScanner.scanJars Al menos un JAR, que se ha explorado buscando TLDs, aún no contenía TLDs. Activar historial de depuración para este historiador para una completa lista de los JARs que fueron explorados y de los que nos se halló TLDs. Saltarse JARs no necesarios durante la exploración puede dar lugar a una mejora de tiempo significativa en el arranque y compilación de JSP .
13-Oct-2023 20:32:03.518 INFORMACIÓN [http-nio-8080-exec-18] org.apache.catalina.startup.HostConfig.deployDescriptor Deployment of deployment descriptor [/home/samuel/dev/PAPP_WEB-VersionBoostrap/PAPP_WEB/apache-tomcat-9.0.80/conf/Catalina/localhost/LABPAPP_WEB.xml] has finished in [764] ms
13-Oct-2023 20:32:03.522 INFORMACIÓN [http-nio-8080-exec-18] org.apache.catalina.util.LifecycleBase.start The start() method was called on component [StandardEngine[Catalina].StandardHost[localhost].StandardContext[/LABPAPP_WEB]] after start() had already been called. The second call will be ignored.
13-Oct-2023 20:36:22.969 INFORMACIÓN [http-nio-8080-exec-27] org.apache.catalina.startup.HostConfig.undeploy Repliegue (undeploy) de la aplicación web que tiene como trayectoria de contexto [/LABPAPP_WEB]
13-Oct-2023 20:36:22.988 INFORMACIÓN [http-nio-8080-exec-30] org.apache.catalina.startup.HostConfig.deployDescriptor Desplieque del descriptor de configuración [/home/samuel/dev/PAPP_WEB-VersionBoostrap/PAPP_WEB/apache-tomcat-9.0.80/conf/Catalina/localhost/LABPAPP_WEB.xml]
13-Oct-2023 20:36:22.990 ADVERTENCIA [http-nio-8080-exec-30] org.apache.catalina.startup.HostConfig.deployDescriptor The path attribute with value [/LABPAPP_WEB] in deployment descriptor [/home/samuel/dev/PAPP_WEB-VersionBoostrap/PAPP_WEB/apache-tomcat-9.0.80/conf/Catalina/localhost/LABPAPP_WEB.xml] has been ignored
13-Oct-2023 20:36:23.812 INFORMACIÓN [http-nio-8080-exec-30] org.apache.jasper.servlet.TldScanner.scanJars Al menos un JAR, que se ha explorado buscando TLDs, aún no contenía TLDs. Activar historial de depuración para este historiador para una completa lista de los JARs que fueron explorados y de los que nos se halló TLDs. Saltarse JARs no necesarios durante la exploración puede dar lugar a una mejora de tiempo significativa en el arranque y compilación de JSP .
13-Oct-2023 20:36:23.815 INFORMACIÓN [http-nio-8080-exec-30] org.apache.catalina.startup.HostConfig.deployDescriptor Deployment of deployment descriptor [/home/samuel/dev/PAPP_WEB-VersionBoostrap/PAPP_WEB/apache-tomcat-9.0.80/conf/Catalina/localhost/LABPAPP_WEB.xml] has finished in [826] ms
13-Oct-2023 20:36:23.819 INFORMACIÓN [http-nio-8080-exec-25] org.apache.catalina.util.LifecycleBase.start The start() method was called on component [StandardEngine[Catalina].StandardHost[localhost].StandardContext[/LABPAPP_WEB]] after start() had already been called. The second call will be ignored.
13-Oct-2023 20:36:54.025 INFORMACIÓN [http-nio-8080-exec-38] org.apache.catalina.startup.HostConfig.undeploy Repliegue (undeploy) de la aplicación web que tiene como trayectoria de contexto [/LABPAPP_WEB]
13-Oct-2023 20:37:18.179 INFORMACIÓN [http-nio-8080-exec-38] org.apache.catalina.startup.HostConfig.deployDescriptor Desplieque del descriptor de configuración [/home/samuel/dev/PAPP_WEB-VersionBoostrap/PAPP_WEB/apache-tomcat-9.0.80/conf/Catalina/localhost/LABPAPP_WEB.xml]
13-Oct-2023 20:37:18.180 ADVERTENCIA [http-nio-8080-exec-38] org.apache.catalina.startup.HostConfig.deployDescriptor The path attribute with value [/LABPAPP_WEB] in deployment descriptor [/home/samuel/dev/PAPP_WEB-VersionBoostrap/PAPP_WEB/apache-tomcat-9.0.80/conf/Catalina/localhost/LABPAPP_WEB.xml] has been ignored
13-Oct-2023 20:37:18.841 INFORMACIÓN [http-nio-8080-exec-38] org.apache.jasper.servlet.TldScanner.scanJars Al menos un JAR, que se ha explorado buscando TLDs, aún no contenía TLDs. Activar historial de depuración para este historiador para una completa lista de los JARs que fueron explorados y de los que nos se halló TLDs. Saltarse JARs no necesarios durante la exploración puede dar lugar a una mejora de tiempo significativa en el arranque y compilación de JSP .
13-Oct-2023 20:37:18.843 INFORMACIÓN [http-nio-8080-exec-38] org.apache.catalina.startup.HostConfig.deployDescriptor Deployment of deployment descriptor [/home/samuel/dev/PAPP_WEB-VersionBoostrap/PAPP_WEB/apache-tomcat-9.0.80/conf/Catalina/localhost/LABPAPP_WEB.xml] has finished in [664] ms
13-Oct-2023 20:37:18.848 INFORMACIÓN [http-nio-8080-exec-40] org.apache.catalina.util.LifecycleBase.start The start() method was called on component [StandardEngine[Catalina].StandardHost[localhost].StandardContext[/LABPAPP_WEB]] after start() had already been called. The second call will be ignored.
13-Oct-2023 20:40:53.892 INFORMACIÓN [http-nio-8080-exec-49] org.apache.catalina.startup.HostConfig.undeploy Repliegue (undeploy) de la aplicación web que tiene como trayectoria de contexto [/LABPAPP_WEB]
13-Oct-2023 20:41:16.466 INFORMACIÓN [http-nio-8080-exec-50] org.apache.catalina.startup.HostConfig.deployDescriptor Desplieque del descriptor de configuración [/home/samuel/dev/PAPP_WEB-VersionBoostrap/PAPP_WEB/apache-tomcat-9.0.80/conf/Catalina/localhost/LABPAPP_WEB.xml]
13-Oct-2023 20:41:16.467 ADVERTENCIA [http-nio-8080-exec-50] org.apache.catalina.startup.HostConfig.deployDescriptor The path attribute with value [/LABPAPP_WEB] in deployment descriptor [/home/samuel/dev/PAPP_WEB-VersionBoostrap/PAPP_WEB/apache-tomcat-9.0.80/conf/Catalina/localhost/LABPAPP_WEB.xml] has been ignored
13-Oct-2023 20:41:17.215 INFORMACIÓN [http-nio-8080-exec-50] org.apache.jasper.servlet.TldScanner.scanJars Al menos un JAR, que se ha explorado buscando TLDs, aún no contenía TLDs. Activar historial de depuración para este historiador para una completa lista de los JARs que fueron explorados y de los que nos se halló TLDs. Saltarse JARs no necesarios durante la exploración puede dar lugar a una mejora de tiempo significativa en el arranque y compilación de JSP .
13-Oct-2023 20:41:17.217 INFORMACIÓN [http-nio-8080-exec-50] org.apache.catalina.startup.HostConfig.deployDescriptor Deployment of deployment descriptor [/home/samuel/dev/PAPP_WEB-VersionBoostrap/PAPP_WEB/apache-tomcat-9.0.80/conf/Catalina/localhost/LABPAPP_WEB.xml] has finished in [751] ms
13-Oct-2023 20:41:17.221 INFORMACIÓN [http-nio-8080-exec-51] org.apache.catalina.util.LifecycleBase.start The start() method was called on component [StandardEngine[Catalina].StandardHost[localhost].StandardContext[/LABPAPP_WEB]] after start() had already been called. The second call will be ignored.
13-Oct-2023 20:47:28.150 INFORMACIÓN [http-nio-8080-exec-55] org.apache.catalina.startup.HostConfig.undeploy Repliegue (undeploy) de la aplicación web que tiene como trayectoria de contexto [/LABPAPP_WEB]
13-Oct-2023 20:48:15.701 INFORMACIÓN [http-nio-8080-exec-60] org.apache.catalina.startup.HostConfig.deployDescriptor Desplieque del descriptor de configuración [/home/samuel/dev/PAPP_WEB-VersionBoostrap/PAPP_WEB/apache-tomcat-9.0.80/conf/Catalina/localhost/LABPAPP_WEB.xml]
13-Oct-2023 20:48:15.702 ADVERTENCIA [http-nio-8080-exec-60] org.apache.catalina.startup.HostConfig.deployDescriptor The path attribute with value [/LABPAPP_WEB] in deployment descriptor [/home/samuel/dev/PAPP_WEB-VersionBoostrap/PAPP_WEB/apache-tomcat-9.0.80/conf/Catalina/localhost/LABPAPP_WEB.xml] has been ignored
13-Oct-2023 20:48:16.563 INFORMACIÓN [http-nio-8080-exec-60] org.apache.jasper.servlet.TldScanner.scanJars Al menos un JAR, que se ha explorado buscando TLDs, aún no contenía TLDs. Activar historial de depuración para este historiador para una completa lista de los JARs que fueron explorados y de los que nos se halló TLDs. Saltarse JARs no necesarios durante la exploración puede dar lugar a una mejora de tiempo significativa en el arranque y compilación de JSP .
13-Oct-2023 20:48:16.565 INFORMACIÓN [http-nio-8080-exec-60] org.apache.catalina.startup.HostConfig.deployDescriptor Deployment of deployment descriptor [/home/samuel/dev/PAPP_WEB-VersionBoostrap/PAPP_WEB/apache-tomcat-9.0.80/conf/Catalina/localhost/LABPAPP_WEB.xml] has finished in [863] ms
13-Oct-2023 20:48:16.569 INFORMACIÓN [http-nio-8080-exec-60] org.apache.catalina.util.LifecycleBase.start The start() method was called on component [StandardEngine[Catalina].StandardHost[localhost].StandardContext[/LABPAPP_WEB]] after start() had already been called. The second call will be ignored.
13-Oct-2023 20:54:25.608 INFORMACIÓN [http-nio-8080-exec-69] org.apache.catalina.startup.HostConfig.undeploy Repliegue (undeploy) de la aplicación web que tiene como trayectoria de contexto [/LABPAPP_WEB]
13-Oct-2023 20:54:42.401 INFORMACIÓN [http-nio-8080-exec-65] org.apache.catalina.startup.HostConfig.deployDescriptor Desplieque del descriptor de configuración [/home/samuel/dev/PAPP_WEB-VersionBoostrap/PAPP_WEB/apache-tomcat-9.0.80/conf/Catalina/localhost/LABPAPP_WEB.xml]
13-Oct-2023 20:54:42.402 ADVERTENCIA [http-nio-8080-exec-65] org.apache.catalina.startup.HostConfig.deployDescriptor The path attribute with value [/LABPAPP_WEB] in deployment descriptor [/home/samuel/dev/PAPP_WEB-VersionBoostrap/PAPP_WEB/apache-tomcat-9.0.80/conf/Catalina/localhost/LABPAPP_WEB.xml] has been ignored
13-Oct-2023 20:54:43.259 INFORMACIÓN [http-nio-8080-exec-65] org.apache.jasper.servlet.TldScanner.scanJars Al menos un JAR, que se ha explorado buscando TLDs, aún no contenía TLDs. Activar historial de depuración para este historiador para una completa lista de los JARs que fueron explorados y de los que nos se halló TLDs. Saltarse JARs no necesarios durante la exploración puede dar lugar a una mejora de tiempo significativa en el arranque y compilación de JSP .
13-Oct-2023 20:54:43.262 INFORMACIÓN [http-nio-8080-exec-65] org.apache.catalina.startup.HostConfig.deployDescriptor Deployment of deployment descriptor [/home/samuel/dev/PAPP_WEB-VersionBoostrap/PAPP_WEB/apache-tomcat-9.0.80/conf/Catalina/localhost/LABPAPP_WEB.xml] has finished in [861] ms
13-Oct-2023 20:54:43.267 INFORMACIÓN [http-nio-8080-exec-70] org.apache.catalina.util.LifecycleBase.start The start() method was called on component [StandardEngine[Catalina].StandardHost[localhost].StandardContext[/LABPAPP_WEB]] after start() had already been called. The second call will be ignored.
13-Oct-2023 20:55:56.202 INFORMACIÓN [main] org.apache.catalina.core.StandardServer.await Se ha recibido un comando de apagado a través del puerto de apagado. Parando la instancia del Servidor.
13-Oct-2023 20:55:56.203 INFORMACIÓN [main] org.apache.coyote.AbstractProtocol.pause Pausing ProtocolHandler ["http-nio-8080"]
13-Oct-2023 20:55:56.207 INFORMACIÓN [main] org.apache.catalina.core.StandardService.stopInternal Parando servicio [Catalina]
13-Oct-2023 20:55:56.249 INFORMACIÓN [main] org.apache.coyote.AbstractProtocol.stop Stopping ProtocolHandler ["http-nio-8080"]
13-Oct-2023 20:55:56.266 INFORMACIÓN [main] org.apache.coyote.AbstractProtocol.destroy Destroying ProtocolHandler ["http-nio-8080"]
