08-Oct-2023 08:54:14.239 INFORMACIÓN [main] org.apache.catalina.startup.VersionLoggerListener.log Nombre de la versión del servidor: Apache Tomcat/9.0.80
08-Oct-2023 08:54:14.244 INFORMACIÓN [main] org.apache.catalina.startup.VersionLoggerListener.log Server built:                      Aug 23 2023 21:59:38 UTC
08-Oct-2023 08:54:14.244 INFORMACIÓN [main] org.apache.catalina.startup.VersionLoggerListener.log Número de versión de servidor:     9.0.80.0
08-Oct-2023 08:54:14.244 INFORMACIÓN [main] org.apache.catalina.startup.VersionLoggerListener.log OS Name:                           Linux
08-Oct-2023 08:54:14.244 INFORMACIÓN [main] org.apache.catalina.startup.VersionLoggerListener.log Versión de Systema Operativo:      6.2.0-33-generic
08-Oct-2023 08:54:14.245 INFORMACIÓN [main] org.apache.catalina.startup.VersionLoggerListener.log Arquitectura:                      amd64
08-Oct-2023 08:54:14.245 INFORMACIÓN [main] org.apache.catalina.startup.VersionLoggerListener.log Java Home:                         /snap/strictly-netbeans/33/jdk
08-Oct-2023 08:54:14.245 INFORMACIÓN [main] org.apache.catalina.startup.VersionLoggerListener.log JVM Version:                       21+35-snap
08-Oct-2023 08:54:14.245 INFORMACIÓN [main] org.apache.catalina.startup.VersionLoggerListener.log Vededor JVM:                       Snap Build
08-Oct-2023 08:54:14.245 INFORMACIÓN [main] org.apache.catalina.startup.VersionLoggerListener.log CATALINA_BASE:                     /home/samuel/dev/PAPP_WEB-VersionBoostrap/PAPP_WEB/apache-tomcat-9.0.80
08-Oct-2023 08:54:14.246 INFORMACIÓN [main] org.apache.catalina.startup.VersionLoggerListener.log CATALINA_HOME:                     /home/samuel/dev/PAPP_WEB-VersionBoostrap/PAPP_WEB/apache-tomcat-9.0.80
08-Oct-2023 08:54:14.257 INFORMACIÓN [main] org.apache.catalina.startup.VersionLoggerListener.log Command line argument:             --add-opens=java.base/java.lang=ALL-UNNAMED
08-Oct-2023 08:54:14.257 INFORMACIÓN [main] org.apache.catalina.startup.VersionLoggerListener.log Command line argument:             --add-opens=java.base/java.io=ALL-UNNAMED
08-Oct-2023 08:54:14.257 INFORMACIÓN [main] org.apache.catalina.startup.VersionLoggerListener.log Command line argument:             --add-opens=java.base/java.util=ALL-UNNAMED
08-Oct-2023 08:54:14.257 INFORMACIÓN [main] org.apache.catalina.startup.VersionLoggerListener.log Command line argument:             --add-opens=java.base/java.util.concurrent=ALL-UNNAMED
08-Oct-2023 08:54:14.258 INFORMACIÓN [main] org.apache.catalina.startup.VersionLoggerListener.log Command line argument:             --add-opens=java.rmi/sun.rmi.transport=ALL-UNNAMED
08-Oct-2023 08:54:14.258 INFORMACIÓN [main] org.apache.catalina.startup.VersionLoggerListener.log Command line argument:             -Djava.util.logging.config.file=/home/samuel/dev/PAPP_WEB-VersionBoostrap/PAPP_WEB/apache-tomcat-9.0.80/conf/logging.properties
08-Oct-2023 08:54:14.258 INFORMACIÓN [main] org.apache.catalina.startup.VersionLoggerListener.log Command line argument:             -Djava.util.logging.manager=org.apache.juli.ClassLoaderLogManager
08-Oct-2023 08:54:14.258 INFORMACIÓN [main] org.apache.catalina.startup.VersionLoggerListener.log Command line argument:             -Dhttp.nonProxyHosts=localhost|127.0.0.1|samuel-vm
08-Oct-2023 08:54:14.258 INFORMACIÓN [main] org.apache.catalina.startup.VersionLoggerListener.log Command line argument:             -Djdk.tls.ephemeralDHKeySize=2048
08-Oct-2023 08:54:14.258 INFORMACIÓN [main] org.apache.catalina.startup.VersionLoggerListener.log Command line argument:             -Djava.protocol.handler.pkgs=org.apache.catalina.webresources
08-Oct-2023 08:54:14.258 INFORMACIÓN [main] org.apache.catalina.startup.VersionLoggerListener.log Command line argument:             -Dorg.apache.catalina.security.SecurityListener.UMASK=0027
08-Oct-2023 08:54:14.258 INFORMACIÓN [main] org.apache.catalina.startup.VersionLoggerListener.log Command line argument:             -Dignore.endorsed.dirs=
08-Oct-2023 08:54:14.258 INFORMACIÓN [main] org.apache.catalina.startup.VersionLoggerListener.log Command line argument:             -Dcatalina.base=/home/samuel/dev/PAPP_WEB-VersionBoostrap/PAPP_WEB/apache-tomcat-9.0.80
08-Oct-2023 08:54:14.258 INFORMACIÓN [main] org.apache.catalina.startup.VersionLoggerListener.log Command line argument:             -Dcatalina.home=/home/samuel/dev/PAPP_WEB-VersionBoostrap/PAPP_WEB/apache-tomcat-9.0.80
08-Oct-2023 08:54:14.258 INFORMACIÓN [main] org.apache.catalina.startup.VersionLoggerListener.log Command line argument:             -Djava.io.tmpdir=/home/samuel/dev/PAPP_WEB-VersionBoostrap/PAPP_WEB/apache-tomcat-9.0.80/temp
08-Oct-2023 08:54:14.271 INFORMACIÓN [main] org.apache.catalina.core.AprLifecycleListener.lifecycleEvent La biblioteca nativa de Apache Tomcat basada en ARP que permite un rendimiento óptimo en entornos de desarrollo no ha sido hallada en java.library.path: [/var/lib/snapd/lib/gl:/var/lib/snapd/lib/gl32:/var/lib/snapd/void:/snap/strictly-netbeans/33/lib:/snap/strictly-netbeans/33/lib/x86_64-linux-gnu:/snap/strictly-netbeans/33/gnome-platform/lib/x86_64-linux-gnu:/snap/strictly-netbeans/33/gnome-platform/usr/lib/x86_64-linux-gnu:/snap/strictly-netbeans/33/gnome-platform/usr/lib:/snap/strictly-netbeans/33/gnome-platform/lib:/snap/strictly-netbeans/33/gnome-platform/usr/lib/x86_64-linux-gnu/dri:/var/lib/snapd/lib/gl:/snap/strictly-netbeans/33/gnome-platform/usr/lib/x86_64-linux-gnu/pulseaudio:/usr/java/packages/lib:/usr/lib64:/lib64:/lib:/usr/lib]
08-Oct-2023 08:54:14.740 INFORMACIÓN [main] org.apache.coyote.AbstractProtocol.init Inicializando el manejador de protocolo ["http-nio-8080"]

08-Oct-2023 08:54:14.765 INFORMACIÓN [main] org.apache.catalina.startup.Catalina.load Server initialization in [883] milliseconds
08-Oct-2023 08:54:14.895 INFORMACIÓN [main] org.apache.catalina.core.StandardService.startInternal Arrancando servicio [Catalina]
08-Oct-2023 08:54:14.895 INFORMACIÓN [main] org.apache.catalina.core.StandardEngine.startInternal Starting Servlet engine: [Apache Tomcat/9.0.80]
08-Oct-2023 08:54:14.916 INFORMACIÓN [main] org.apache.catalina.startup.HostConfig.deployDescriptor Desplieque del descriptor de configuración [/home/samuel/dev/PAPP_WEB-VersionBoostrap/PAPP_WEB/apache-tomcat-9.0.80/conf/Catalina/localhost/LABPAPP_WEB.xml]
08-Oct-2023 08:54:14.959 ADVERTENCIA [main] org.apache.catalina.startup.HostConfig.deployDescriptor The path attribute with value [/LABPAPP_WEB] in deployment descriptor [/home/samuel/dev/PAPP_WEB-VersionBoostrap/PAPP_WEB/apache-tomcat-9.0.80/conf/Catalina/localhost/LABPAPP_WEB.xml] has been ignored
08-Oct-2023 08:54:16.142 ADVERTENCIA [main] java.util.ArrayList.forEach Name = tur Property maxActive is not used in DBCP2, use maxTotal instead. maxTotal default value is 8. You have set value of "20" for "maxActive" property, which is being ignored.
08-Oct-2023 08:54:16.143 ADVERTENCIA [main] java.util.ArrayList.forEach Name = tur Property maxWait is not used in DBCP2 , use maxWaitMillis instead. maxWaitMillis default value is PT-0.001S. You have set value of "-1" for "maxWait" property, which is being ignored.
08-Oct-2023 08:54:16.172 ADVERTENCIA [main] java.util.ArrayList.forEach Name = Turismo Property maxActive is not used in DBCP2, use maxTotal instead. maxTotal default value is 8. You have set value of "20" for "maxActive" property, which is being ignored.
08-Oct-2023 08:54:16.172 ADVERTENCIA [main] java.util.ArrayList.forEach Name = Turismo Property maxWait is not used in DBCP2 , use maxWaitMillis instead. maxWaitMillis default value is PT-0.001S. You have set value of "-1" for "maxWait" property, which is being ignored.
08-Oct-2023 08:54:16.173 ADVERTENCIA [main] java.util.ArrayList.forEach Name = LABPAPP_WEB Property maxActive is not used in DBCP2, use maxTotal instead. maxTotal default value is 8. You have set value of "20" for "maxActive" property, which is being ignored.
08-Oct-2023 08:54:16.173 ADVERTENCIA [main] java.util.ArrayList.forEach Name = LABPAPP_WEB Property maxWait is not used in DBCP2 , use maxWaitMillis instead. maxWaitMillis default value is PT-0.001S. You have set value of "-1" for "maxWait" property, which is being ignored.
08-Oct-2023 08:54:16.173 ADVERTENCIA [main] java.util.ArrayList.forEach Name = turismo Property maxActive is not used in DBCP2, use maxTotal instead. maxTotal default value is 8. You have set value of "20" for "maxActive" property, which is being ignored.
08-Oct-2023 08:54:16.174 ADVERTENCIA [main] java.util.ArrayList.forEach Name = turismo Property maxWait is not used in DBCP2 , use maxWaitMillis instead. maxWaitMillis default value is PT-0.001S. You have set value of "-1" for "maxWait" property, which is being ignored.
08-Oct-2023 08:54:16.209 INFORMACIÓN [main] org.apache.jasper.servlet.TldScanner.scanJars Al menos un JAR, que se ha explorado buscando TLDs, aún no contenía TLDs. Activar historial de depuración para este historiador para una completa lista de los JARs que fueron explorados y de los que nos se halló TLDs. Saltarse JARs no necesarios durante la exploración puede dar lugar a una mejora de tiempo significativa en el arranque y compilación de JSP .
08-Oct-2023 08:54:16.387 INFORMACIÓN [main] org.apache.catalina.startup.HostConfig.deployDescriptor Deployment of deployment descriptor [/home/samuel/dev/PAPP_WEB-VersionBoostrap/PAPP_WEB/apache-tomcat-9.0.80/conf/Catalina/localhost/LABPAPP_WEB.xml] has finished in [1.467] ms
08-Oct-2023 08:54:16.388 INFORMACIÓN [main] org.apache.catalina.startup.HostConfig.deployDirectory Desplegando el directorio [/home/samuel/dev/PAPP_WEB-VersionBoostrap/PAPP_WEB/apache-tomcat-9.0.80/webapps/docs] de la aplicación web
08-Oct-2023 08:54:16.716 INFORMACIÓN [main] org.apache.jasper.servlet.TldScanner.scanJars Al menos un JAR, que se ha explorado buscando TLDs, aún no contenía TLDs. Activar historial de depuración para este historiador para una completa lista de los JARs que fueron explorados y de los que nos se halló TLDs. Saltarse JARs no necesarios durante la exploración puede dar lugar a una mejora de tiempo significativa en el arranque y compilación de JSP .
08-Oct-2023 08:54:16.719 INFORMACIÓN [main] org.apache.catalina.startup.HostConfig.deployDirectory Deployment of web application directory [/home/samuel/dev/PAPP_WEB-VersionBoostrap/PAPP_WEB/apache-tomcat-9.0.80/webapps/docs] has finished in [331] ms
08-Oct-2023 08:54:16.719 INFORMACIÓN [main] org.apache.catalina.startup.HostConfig.deployDirectory Desplegando el directorio [/home/samuel/dev/PAPP_WEB-VersionBoostrap/PAPP_WEB/apache-tomcat-9.0.80/webapps/host-manager] de la aplicación web
08-Oct-2023 08:54:16.952 INFORMACIÓN [main] org.apache.jasper.servlet.TldScanner.scanJars Al menos un JAR, que se ha explorado buscando TLDs, aún no contenía TLDs. Activar historial de depuración para este historiador para una completa lista de los JARs que fueron explorados y de los que nos se halló TLDs. Saltarse JARs no necesarios durante la exploración puede dar lugar a una mejora de tiempo significativa en el arranque y compilación de JSP .
08-Oct-2023 08:54:16.959 INFORMACIÓN [main] org.apache.catalina.startup.HostConfig.deployDirectory Deployment of web application directory [/home/samuel/dev/PAPP_WEB-VersionBoostrap/PAPP_WEB/apache-tomcat-9.0.80/webapps/host-manager] has finished in [240] ms
08-Oct-2023 08:54:16.959 INFORMACIÓN [main] org.apache.catalina.startup.HostConfig.deployDirectory Desplegando el directorio [/home/samuel/dev/PAPP_WEB-VersionBoostrap/PAPP_WEB/apache-tomcat-9.0.80/webapps/examples] de la aplicación web
08-Oct-2023 08:54:17.487 INFORMACIÓN [main] org.apache.jasper.servlet.TldScanner.scanJars Al menos un JAR, que se ha explorado buscando TLDs, aún no contenía TLDs. Activar historial de depuración para este historiador para una completa lista de los JARs que fueron explorados y de los que nos se halló TLDs. Saltarse JARs no necesarios durante la exploración puede dar lugar a una mejora de tiempo significativa en el arranque y compilación de JSP .
08-Oct-2023 08:54:17.532 INFORMACIÓN [main] org.apache.catalina.startup.HostConfig.deployDirectory Deployment of web application directory [/home/samuel/dev/PAPP_WEB-VersionBoostrap/PAPP_WEB/apache-tomcat-9.0.80/webapps/examples] has finished in [573] ms
08-Oct-2023 08:54:17.533 INFORMACIÓN [main] org.apache.catalina.startup.HostConfig.deployDirectory Desplegando el directorio [/home/samuel/dev/PAPP_WEB-VersionBoostrap/PAPP_WEB/apache-tomcat-9.0.80/webapps/ROOT] de la aplicación web
08-Oct-2023 08:54:17.770 INFORMACIÓN [main] org.apache.jasper.servlet.TldScanner.scanJars Al menos un JAR, que se ha explorado buscando TLDs, aún no contenía TLDs. Activar historial de depuración para este historiador para una completa lista de los JARs que fueron explorados y de los que nos se halló TLDs. Saltarse JARs no necesarios durante la exploración puede dar lugar a una mejora de tiempo significativa en el arranque y compilación de JSP .
08-Oct-2023 08:54:17.774 INFORMACIÓN [main] org.apache.catalina.startup.HostConfig.deployDirectory Deployment of web application directory [/home/samuel/dev/PAPP_WEB-VersionBoostrap/PAPP_WEB/apache-tomcat-9.0.80/webapps/ROOT] has finished in [242] ms
08-Oct-2023 08:54:17.775 INFORMACIÓN [main] org.apache.catalina.startup.HostConfig.deployDirectory Desplegando el directorio [/home/samuel/dev/PAPP_WEB-VersionBoostrap/PAPP_WEB/apache-tomcat-9.0.80/webapps/manager] de la aplicación web
08-Oct-2023 08:54:17.957 INFORMACIÓN [main] org.apache.jasper.servlet.TldScanner.scanJars Al menos un JAR, que se ha explorado buscando TLDs, aún no contenía TLDs. Activar historial de depuración para este historiador para una completa lista de los JARs que fueron explorados y de los que nos se halló TLDs. Saltarse JARs no necesarios durante la exploración puede dar lugar a una mejora de tiempo significativa en el arranque y compilación de JSP .
08-Oct-2023 08:54:17.963 INFORMACIÓN [main] org.apache.catalina.startup.HostConfig.deployDirectory Deployment of web application directory [/home/samuel/dev/PAPP_WEB-VersionBoostrap/PAPP_WEB/apache-tomcat-9.0.80/webapps/manager] has finished in [189] ms
08-Oct-2023 08:54:17.967 INFORMACIÓN [main] org.apache.coyote.AbstractProtocol.start Starting ProtocolHandler ["http-nio-8080"]
08-Oct-2023 08:54:18.029 INFORMACIÓN [main] org.apache.catalina.startup.Catalina.start Server startup in [3262] milliseconds
08-Oct-2023 08:54:23.818 INFORMACIÓN [http-nio-8080-exec-2] org.apache.catalina.startup.HostConfig.undeploy Repliegue (undeploy) de la aplicación web que tiene como trayectoria de contexto [/LABPAPP_WEB]
08-Oct-2023 08:54:23.893 INFORMACIÓN [http-nio-8080-exec-10] org.apache.catalina.startup.HostConfig.deployDescriptor Desplieque del descriptor de configuración [/home/samuel/dev/PAPP_WEB-VersionBoostrap/PAPP_WEB/apache-tomcat-9.0.80/conf/Catalina/localhost/LABPAPP_WEB.xml]
08-Oct-2023 08:54:23.894 ADVERTENCIA [http-nio-8080-exec-10] org.apache.catalina.startup.HostConfig.deployDescriptor The path attribute with value [/LABPAPP_WEB] in deployment descriptor [/home/samuel/dev/PAPP_WEB-VersionBoostrap/PAPP_WEB/apache-tomcat-9.0.80/conf/Catalina/localhost/LABPAPP_WEB.xml] has been ignored
08-Oct-2023 08:54:24.579 INFORMACIÓN [http-nio-8080-exec-10] org.apache.jasper.servlet.TldScanner.scanJars Al menos un JAR, que se ha explorado buscando TLDs, aún no contenía TLDs. Activar historial de depuración para este historiador para una completa lista de los JARs que fueron explorados y de los que nos se halló TLDs. Saltarse JARs no necesarios durante la exploración puede dar lugar a una mejora de tiempo significativa en el arranque y compilación de JSP .
08-Oct-2023 08:54:24.581 INFORMACIÓN [http-nio-8080-exec-10] org.apache.catalina.startup.HostConfig.deployDescriptor Deployment of deployment descriptor [/home/samuel/dev/PAPP_WEB-VersionBoostrap/PAPP_WEB/apache-tomcat-9.0.80/conf/Catalina/localhost/LABPAPP_WEB.xml] has finished in [687] ms
08-Oct-2023 08:54:24.586 INFORMACIÓN [http-nio-8080-exec-5] org.apache.catalina.util.LifecycleBase.start The start() method was called on component [StandardEngine[Catalina].StandardHost[localhost].StandardContext[/LABPAPP_WEB]] after start() had already been called. The second call will be ignored.
08-Oct-2023 08:57:31.177 INFORMACIÓN [http-nio-8080-exec-20] org.apache.catalina.startup.HostConfig.undeploy Repliegue (undeploy) de la aplicación web que tiene como trayectoria de contexto [/LABPAPP_WEB]
08-Oct-2023 08:57:49.184 INFORMACIÓN [http-nio-8080-exec-17] org.apache.catalina.startup.HostConfig.deployDescriptor Desplieque del descriptor de configuración [/home/samuel/dev/PAPP_WEB-VersionBoostrap/PAPP_WEB/apache-tomcat-9.0.80/conf/Catalina/localhost/LABPAPP_WEB.xml]
08-Oct-2023 08:57:49.186 ADVERTENCIA [http-nio-8080-exec-17] org.apache.catalina.startup.HostConfig.deployDescriptor The path attribute with value [/LABPAPP_WEB] in deployment descriptor [/home/samuel/dev/PAPP_WEB-VersionBoostrap/PAPP_WEB/apache-tomcat-9.0.80/conf/Catalina/localhost/LABPAPP_WEB.xml] has been ignored
08-Oct-2023 08:57:49.873 INFORMACIÓN [http-nio-8080-exec-17] org.apache.jasper.servlet.TldScanner.scanJars Al menos un JAR, que se ha explorado buscando TLDs, aún no contenía TLDs. Activar historial de depuración para este historiador para una completa lista de los JARs que fueron explorados y de los que nos se halló TLDs. Saltarse JARs no necesarios durante la exploración puede dar lugar a una mejora de tiempo significativa en el arranque y compilación de JSP .
08-Oct-2023 08:57:49.875 INFORMACIÓN [http-nio-8080-exec-17] org.apache.catalina.startup.HostConfig.deployDescriptor Deployment of deployment descriptor [/home/samuel/dev/PAPP_WEB-VersionBoostrap/PAPP_WEB/apache-tomcat-9.0.80/conf/Catalina/localhost/LABPAPP_WEB.xml] has finished in [691] ms
08-Oct-2023 08:57:49.882 INFORMACIÓN [http-nio-8080-exec-21] org.apache.catalina.util.LifecycleBase.start The start() method was called on component [StandardEngine[Catalina].StandardHost[localhost].StandardContext[/LABPAPP_WEB]] after start() had already been called. The second call will be ignored.
08-Oct-2023 09:09:06.820 INFORMACIÓN [http-nio-8080-exec-21] org.apache.catalina.startup.HostConfig.undeploy Repliegue (undeploy) de la aplicación web que tiene como trayectoria de contexto [/LABPAPP_WEB]
08-Oct-2023 09:10:46.600 INFORMACIÓN [http-nio-8080-exec-25] org.apache.catalina.startup.HostConfig.deployDescriptor Desplieque del descriptor de configuración [/home/samuel/dev/PAPP_WEB-VersionBoostrap/PAPP_WEB/apache-tomcat-9.0.80/conf/Catalina/localhost/LABPAPP_WEB.xml]
08-Oct-2023 09:10:46.601 ADVERTENCIA [http-nio-8080-exec-25] org.apache.catalina.startup.HostConfig.deployDescriptor The path attribute with value [/LABPAPP_WEB] in deployment descriptor [/home/samuel/dev/PAPP_WEB-VersionBoostrap/PAPP_WEB/apache-tomcat-9.0.80/conf/Catalina/localhost/LABPAPP_WEB.xml] has been ignored
08-Oct-2023 09:10:47.246 INFORMACIÓN [http-nio-8080-exec-25] org.apache.jasper.servlet.TldScanner.scanJars Al menos un JAR, que se ha explorado buscando TLDs, aún no contenía TLDs. Activar historial de depuración para este historiador para una completa lista de los JARs que fueron explorados y de los que nos se halló TLDs. Saltarse JARs no necesarios durante la exploración puede dar lugar a una mejora de tiempo significativa en el arranque y compilación de JSP .
08-Oct-2023 09:10:47.249 INFORMACIÓN [http-nio-8080-exec-25] org.apache.catalina.startup.HostConfig.deployDescriptor Deployment of deployment descriptor [/home/samuel/dev/PAPP_WEB-VersionBoostrap/PAPP_WEB/apache-tomcat-9.0.80/conf/Catalina/localhost/LABPAPP_WEB.xml] has finished in [649] ms
08-Oct-2023 09:10:47.256 INFORMACIÓN [http-nio-8080-exec-33] org.apache.catalina.util.LifecycleBase.start The start() method was called on component [StandardEngine[Catalina].StandardHost[localhost].StandardContext[/LABPAPP_WEB]] after start() had already been called. The second call will be ignored.
08-Oct-2023 09:12:53.726 INFORMACIÓN [http-nio-8080-exec-32] org.apache.catalina.startup.HostConfig.undeploy Repliegue (undeploy) de la aplicación web que tiene como trayectoria de contexto [/LABPAPP_WEB]
08-Oct-2023 09:13:38.824 INFORMACIÓN [http-nio-8080-exec-41] org.apache.catalina.startup.HostConfig.deployDescriptor Desplieque del descriptor de configuración [/home/samuel/dev/PAPP_WEB-VersionBoostrap/PAPP_WEB/apache-tomcat-9.0.80/conf/Catalina/localhost/LABPAPP_WEB.xml]
08-Oct-2023 09:13:38.825 ADVERTENCIA [http-nio-8080-exec-41] org.apache.catalina.startup.HostConfig.deployDescriptor The path attribute with value [/LABPAPP_WEB] in deployment descriptor [/home/samuel/dev/PAPP_WEB-VersionBoostrap/PAPP_WEB/apache-tomcat-9.0.80/conf/Catalina/localhost/LABPAPP_WEB.xml] has been ignored
08-Oct-2023 09:13:39.462 INFORMACIÓN [http-nio-8080-exec-41] org.apache.jasper.servlet.TldScanner.scanJars Al menos un JAR, que se ha explorado buscando TLDs, aún no contenía TLDs. Activar historial de depuración para este historiador para una completa lista de los JARs que fueron explorados y de los que nos se halló TLDs. Saltarse JARs no necesarios durante la exploración puede dar lugar a una mejora de tiempo significativa en el arranque y compilación de JSP .
08-Oct-2023 09:13:39.464 INFORMACIÓN [http-nio-8080-exec-41] org.apache.catalina.startup.HostConfig.deployDescriptor Deployment of deployment descriptor [/home/samuel/dev/PAPP_WEB-VersionBoostrap/PAPP_WEB/apache-tomcat-9.0.80/conf/Catalina/localhost/LABPAPP_WEB.xml] has finished in [640] ms
08-Oct-2023 09:13:39.469 INFORMACIÓN [http-nio-8080-exec-41] org.apache.catalina.util.LifecycleBase.start The start() method was called on component [StandardEngine[Catalina].StandardHost[localhost].StandardContext[/LABPAPP_WEB]] after start() had already been called. The second call will be ignored.
08-Oct-2023 09:14:39.569 INFORMACIÓN [http-nio-8080-exec-50] org.apache.catalina.startup.HostConfig.undeploy Repliegue (undeploy) de la aplicación web que tiene como trayectoria de contexto [/LABPAPP_WEB]
08-Oct-2023 09:14:39.608 INFORMACIÓN [http-nio-8080-exec-47] org.apache.catalina.startup.HostConfig.deployDescriptor Desplieque del descriptor de configuración [/home/samuel/dev/PAPP_WEB-VersionBoostrap/PAPP_WEB/apache-tomcat-9.0.80/conf/Catalina/localhost/LABPAPP_WEB.xml]
08-Oct-2023 09:14:39.610 ADVERTENCIA [http-nio-8080-exec-47] org.apache.catalina.startup.HostConfig.deployDescriptor The path attribute with value [/LABPAPP_WEB] in deployment descriptor [/home/samuel/dev/PAPP_WEB-VersionBoostrap/PAPP_WEB/apache-tomcat-9.0.80/conf/Catalina/localhost/LABPAPP_WEB.xml] has been ignored
08-Oct-2023 09:14:40.831 INFORMACIÓN [http-nio-8080-exec-47] org.apache.jasper.servlet.TldScanner.scanJars Al menos un JAR, que se ha explorado buscando TLDs, aún no contenía TLDs. Activar historial de depuración para este historiador para una completa lista de los JARs que fueron explorados y de los que nos se halló TLDs. Saltarse JARs no necesarios durante la exploración puede dar lugar a una mejora de tiempo significativa en el arranque y compilación de JSP .
08-Oct-2023 09:14:40.833 INFORMACIÓN [http-nio-8080-exec-47] org.apache.catalina.startup.HostConfig.deployDescriptor Deployment of deployment descriptor [/home/samuel/dev/PAPP_WEB-VersionBoostrap/PAPP_WEB/apache-tomcat-9.0.80/conf/Catalina/localhost/LABPAPP_WEB.xml] has finished in [1.225] ms
08-Oct-2023 09:14:40.902 INFORMACIÓN [http-nio-8080-exec-48] org.apache.catalina.util.LifecycleBase.start The start() method was called on component [StandardEngine[Catalina].StandardHost[localhost].StandardContext[/LABPAPP_WEB]] after start() had already been called. The second call will be ignored.
08-Oct-2023 09:17:19.443 INFORMACIÓN [http-nio-8080-exec-58] org.apache.catalina.startup.HostConfig.undeploy Repliegue (undeploy) de la aplicación web que tiene como trayectoria de contexto [/LABPAPP_WEB]
08-Oct-2023 09:17:37.297 INFORMACIÓN [http-nio-8080-exec-55] org.apache.catalina.startup.HostConfig.deployDescriptor Desplieque del descriptor de configuración [/home/samuel/dev/PAPP_WEB-VersionBoostrap/PAPP_WEB/apache-tomcat-9.0.80/conf/Catalina/localhost/LABPAPP_WEB.xml]
08-Oct-2023 09:17:37.299 ADVERTENCIA [http-nio-8080-exec-55] org.apache.catalina.startup.HostConfig.deployDescriptor The path attribute with value [/LABPAPP_WEB] in deployment descriptor [/home/samuel/dev/PAPP_WEB-VersionBoostrap/PAPP_WEB/apache-tomcat-9.0.80/conf/Catalina/localhost/LABPAPP_WEB.xml] has been ignored
08-Oct-2023 09:17:38.031 INFORMACIÓN [http-nio-8080-exec-55] org.apache.jasper.servlet.TldScanner.scanJars Al menos un JAR, que se ha explorado buscando TLDs, aún no contenía TLDs. Activar historial de depuración para este historiador para una completa lista de los JARs que fueron explorados y de los que nos se halló TLDs. Saltarse JARs no necesarios durante la exploración puede dar lugar a una mejora de tiempo significativa en el arranque y compilación de JSP .
08-Oct-2023 09:17:38.033 INFORMACIÓN [http-nio-8080-exec-55] org.apache.catalina.startup.HostConfig.deployDescriptor Deployment of deployment descriptor [/home/samuel/dev/PAPP_WEB-VersionBoostrap/PAPP_WEB/apache-tomcat-9.0.80/conf/Catalina/localhost/LABPAPP_WEB.xml] has finished in [736] ms
08-Oct-2023 09:17:38.039 INFORMACIÓN [http-nio-8080-exec-62] org.apache.catalina.util.LifecycleBase.start The start() method was called on component [StandardEngine[Catalina].StandardHost[localhost].StandardContext[/LABPAPP_WEB]] after start() had already been called. The second call will be ignored.
08-Oct-2023 09:28:07.363 INFORMACIÓN [http-nio-8080-exec-65] org.apache.catalina.startup.HostConfig.undeploy Repliegue (undeploy) de la aplicación web que tiene como trayectoria de contexto [/LABPAPP_WEB]
08-Oct-2023 09:28:36.818 INFORMACIÓN [http-nio-8080-exec-72] org.apache.catalina.startup.HostConfig.deployDescriptor Desplieque del descriptor de configuración [/home/samuel/dev/PAPP_WEB-VersionBoostrap/PAPP_WEB/apache-tomcat-9.0.80/conf/Catalina/localhost/LABPAPP_WEB.xml]
08-Oct-2023 09:28:36.821 ADVERTENCIA [http-nio-8080-exec-72] org.apache.catalina.startup.HostConfig.deployDescriptor The path attribute with value [/LABPAPP_WEB] in deployment descriptor [/home/samuel/dev/PAPP_WEB-VersionBoostrap/PAPP_WEB/apache-tomcat-9.0.80/conf/Catalina/localhost/LABPAPP_WEB.xml] has been ignored
08-Oct-2023 09:28:37.511 INFORMACIÓN [http-nio-8080-exec-72] org.apache.jasper.servlet.TldScanner.scanJars Al menos un JAR, que se ha explorado buscando TLDs, aún no contenía TLDs. Activar historial de depuración para este historiador para una completa lista de los JARs que fueron explorados y de los que nos se halló TLDs. Saltarse JARs no necesarios durante la exploración puede dar lugar a una mejora de tiempo significativa en el arranque y compilación de JSP .
08-Oct-2023 09:28:37.513 INFORMACIÓN [http-nio-8080-exec-72] org.apache.catalina.startup.HostConfig.deployDescriptor Deployment of deployment descriptor [/home/samuel/dev/PAPP_WEB-VersionBoostrap/PAPP_WEB/apache-tomcat-9.0.80/conf/Catalina/localhost/LABPAPP_WEB.xml] has finished in [695] ms
08-Oct-2023 09:28:37.524 INFORMACIÓN [http-nio-8080-exec-71] org.apache.catalina.util.LifecycleBase.start The start() method was called on component [StandardEngine[Catalina].StandardHost[localhost].StandardContext[/LABPAPP_WEB]] after start() had already been called. The second call will be ignored.
08-Oct-2023 09:33:40.911 INFORMACIÓN [http-nio-8080-exec-74] org.apache.catalina.startup.HostConfig.undeploy Repliegue (undeploy) de la aplicación web que tiene como trayectoria de contexto [/LABPAPP_WEB]
08-Oct-2023 09:34:00.592 INFORMACIÓN [http-nio-8080-exec-76] org.apache.catalina.startup.HostConfig.deployDescriptor Desplieque del descriptor de configuración [/home/samuel/dev/PAPP_WEB-VersionBoostrap/PAPP_WEB/apache-tomcat-9.0.80/conf/Catalina/localhost/LABPAPP_WEB.xml]
08-Oct-2023 09:34:00.593 ADVERTENCIA [http-nio-8080-exec-76] org.apache.catalina.startup.HostConfig.deployDescriptor The path attribute with value [/LABPAPP_WEB] in deployment descriptor [/home/samuel/dev/PAPP_WEB-VersionBoostrap/PAPP_WEB/apache-tomcat-9.0.80/conf/Catalina/localhost/LABPAPP_WEB.xml] has been ignored
08-Oct-2023 09:34:01.495 INFORMACIÓN [http-nio-8080-exec-76] org.apache.jasper.servlet.TldScanner.scanJars Al menos un JAR, que se ha explorado buscando TLDs, aún no contenía TLDs. Activar historial de depuración para este historiador para una completa lista de los JARs que fueron explorados y de los que nos se halló TLDs. Saltarse JARs no necesarios durante la exploración puede dar lugar a una mejora de tiempo significativa en el arranque y compilación de JSP .
08-Oct-2023 09:34:01.497 INFORMACIÓN [http-nio-8080-exec-76] org.apache.catalina.startup.HostConfig.deployDescriptor Deployment of deployment descriptor [/home/samuel/dev/PAPP_WEB-VersionBoostrap/PAPP_WEB/apache-tomcat-9.0.80/conf/Catalina/localhost/LABPAPP_WEB.xml] has finished in [904] ms
08-Oct-2023 09:34:01.508 INFORMACIÓN [http-nio-8080-exec-80] org.apache.catalina.util.LifecycleBase.start The start() method was called on component [StandardEngine[Catalina].StandardHost[localhost].StandardContext[/LABPAPP_WEB]] after start() had already been called. The second call will be ignored.
08-Oct-2023 09:38:28.168 INFORMACIÓN [http-nio-8080-exec-89] org.apache.catalina.startup.HostConfig.undeploy Repliegue (undeploy) de la aplicación web que tiene como trayectoria de contexto [/LABPAPP_WEB]
08-Oct-2023 09:38:52.575 INFORMACIÓN [http-nio-8080-exec-92] org.apache.catalina.startup.HostConfig.deployDescriptor Desplieque del descriptor de configuración [/home/samuel/dev/PAPP_WEB-VersionBoostrap/PAPP_WEB/apache-tomcat-9.0.80/conf/Catalina/localhost/LABPAPP_WEB.xml]
08-Oct-2023 09:38:52.576 ADVERTENCIA [http-nio-8080-exec-92] org.apache.catalina.startup.HostConfig.deployDescriptor The path attribute with value [/LABPAPP_WEB] in deployment descriptor [/home/samuel/dev/PAPP_WEB-VersionBoostrap/PAPP_WEB/apache-tomcat-9.0.80/conf/Catalina/localhost/LABPAPP_WEB.xml] has been ignored
08-Oct-2023 09:38:53.279 INFORMACIÓN [http-nio-8080-exec-92] org.apache.jasper.servlet.TldScanner.scanJars Al menos un JAR, que se ha explorado buscando TLDs, aún no contenía TLDs. Activar historial de depuración para este historiador para una completa lista de los JARs que fueron explorados y de los que nos se halló TLDs. Saltarse JARs no necesarios durante la exploración puede dar lugar a una mejora de tiempo significativa en el arranque y compilación de JSP .
08-Oct-2023 09:38:53.281 INFORMACIÓN [http-nio-8080-exec-92] org.apache.catalina.startup.HostConfig.deployDescriptor Deployment of deployment descriptor [/home/samuel/dev/PAPP_WEB-VersionBoostrap/PAPP_WEB/apache-tomcat-9.0.80/conf/Catalina/localhost/LABPAPP_WEB.xml] has finished in [706] ms
08-Oct-2023 09:38:53.287 INFORMACIÓN [http-nio-8080-exec-91] org.apache.catalina.util.LifecycleBase.start The start() method was called on component [StandardEngine[Catalina].StandardHost[localhost].StandardContext[/LABPAPP_WEB]] after start() had already been called. The second call will be ignored.
08-Oct-2023 09:55:50.924 INFORMACIÓN [http-nio-8080-exec-98] org.apache.catalina.startup.HostConfig.undeploy Repliegue (undeploy) de la aplicación web que tiene como trayectoria de contexto [/LABPAPP_WEB]
08-Oct-2023 09:56:12.094 INFORMACIÓN [http-nio-8080-exec-101] org.apache.catalina.startup.HostConfig.deployDescriptor Desplieque del descriptor de configuración [/home/samuel/dev/PAPP_WEB-VersionBoostrap/PAPP_WEB/apache-tomcat-9.0.80/conf/Catalina/localhost/LABPAPP_WEB.xml]
08-Oct-2023 09:56:12.103 ADVERTENCIA [http-nio-8080-exec-101] org.apache.catalina.startup.HostConfig.deployDescriptor The path attribute with value [/LABPAPP_WEB] in deployment descriptor [/home/samuel/dev/PAPP_WEB-VersionBoostrap/PAPP_WEB/apache-tomcat-9.0.80/conf/Catalina/localhost/LABPAPP_WEB.xml] has been ignored
08-Oct-2023 09:56:13.292 INFORMACIÓN [http-nio-8080-exec-101] org.apache.jasper.servlet.TldScanner.scanJars Al menos un JAR, que se ha explorado buscando TLDs, aún no contenía TLDs. Activar historial de depuración para este historiador para una completa lista de los JARs que fueron explorados y de los que nos se halló TLDs. Saltarse JARs no necesarios durante la exploración puede dar lugar a una mejora de tiempo significativa en el arranque y compilación de JSP .
08-Oct-2023 09:56:13.296 INFORMACIÓN [http-nio-8080-exec-101] org.apache.catalina.startup.HostConfig.deployDescriptor Deployment of deployment descriptor [/home/samuel/dev/PAPP_WEB-VersionBoostrap/PAPP_WEB/apache-tomcat-9.0.80/conf/Catalina/localhost/LABPAPP_WEB.xml] has finished in [1.201] ms
08-Oct-2023 09:56:13.301 INFORMACIÓN [http-nio-8080-exec-102] org.apache.catalina.util.LifecycleBase.start The start() method was called on component [StandardEngine[Catalina].StandardHost[localhost].StandardContext[/LABPAPP_WEB]] after start() had already been called. The second call will be ignored.
08-Oct-2023 10:01:47.360 INFORMACIÓN [http-nio-8080-exec-110] org.apache.catalina.startup.HostConfig.undeploy Repliegue (undeploy) de la aplicación web que tiene como trayectoria de contexto [/LABPAPP_WEB]
08-Oct-2023 10:02:32.038 INFORMACIÓN [http-nio-8080-exec-111] org.apache.catalina.startup.HostConfig.deployDescriptor Desplieque del descriptor de configuración [/home/samuel/dev/PAPP_WEB-VersionBoostrap/PAPP_WEB/apache-tomcat-9.0.80/conf/Catalina/localhost/LABPAPP_WEB.xml]
08-Oct-2023 10:02:32.039 ADVERTENCIA [http-nio-8080-exec-111] org.apache.catalina.startup.HostConfig.deployDescriptor The path attribute with value [/LABPAPP_WEB] in deployment descriptor [/home/samuel/dev/PAPP_WEB-VersionBoostrap/PAPP_WEB/apache-tomcat-9.0.80/conf/Catalina/localhost/LABPAPP_WEB.xml] has been ignored
08-Oct-2023 10:02:32.822 INFORMACIÓN [http-nio-8080-exec-111] org.apache.jasper.servlet.TldScanner.scanJars Al menos un JAR, que se ha explorado buscando TLDs, aún no contenía TLDs. Activar historial de depuración para este historiador para una completa lista de los JARs que fueron explorados y de los que nos se halló TLDs. Saltarse JARs no necesarios durante la exploración puede dar lugar a una mejora de tiempo significativa en el arranque y compilación de JSP .
08-Oct-2023 10:02:32.826 INFORMACIÓN [http-nio-8080-exec-111] org.apache.catalina.startup.HostConfig.deployDescriptor Deployment of deployment descriptor [/home/samuel/dev/PAPP_WEB-VersionBoostrap/PAPP_WEB/apache-tomcat-9.0.80/conf/Catalina/localhost/LABPAPP_WEB.xml] has finished in [788] ms
08-Oct-2023 10:02:32.835 INFORMACIÓN [http-nio-8080-exec-112] org.apache.catalina.util.LifecycleBase.start The start() method was called on component [StandardEngine[Catalina].StandardHost[localhost].StandardContext[/LABPAPP_WEB]] after start() had already been called. The second call will be ignored.
08-Oct-2023 10:08:47.920 INFORMACIÓN [http-nio-8080-exec-120] org.apache.catalina.startup.HostConfig.undeploy Repliegue (undeploy) de la aplicación web que tiene como trayectoria de contexto [/LABPAPP_WEB]
08-Oct-2023 10:09:40.372 INFORMACIÓN [http-nio-8080-exec-111] org.apache.catalina.startup.HostConfig.deployDescriptor Desplieque del descriptor de configuración [/home/samuel/dev/PAPP_WEB-VersionBoostrap/PAPP_WEB/apache-tomcat-9.0.80/conf/Catalina/localhost/LABPAPP_WEB.xml]
08-Oct-2023 10:09:40.373 ADVERTENCIA [http-nio-8080-exec-111] org.apache.catalina.startup.HostConfig.deployDescriptor The path attribute with value [/LABPAPP_WEB] in deployment descriptor [/home/samuel/dev/PAPP_WEB-VersionBoostrap/PAPP_WEB/apache-tomcat-9.0.80/conf/Catalina/localhost/LABPAPP_WEB.xml] has been ignored
08-Oct-2023 10:09:41.098 INFORMACIÓN [http-nio-8080-exec-111] org.apache.jasper.servlet.TldScanner.scanJars Al menos un JAR, que se ha explorado buscando TLDs, aún no contenía TLDs. Activar historial de depuración para este historiador para una completa lista de los JARs que fueron explorados y de los que nos se halló TLDs. Saltarse JARs no necesarios durante la exploración puede dar lugar a una mejora de tiempo significativa en el arranque y compilación de JSP .
08-Oct-2023 10:09:41.101 INFORMACIÓN [http-nio-8080-exec-111] org.apache.catalina.startup.HostConfig.deployDescriptor Deployment of deployment descriptor [/home/samuel/dev/PAPP_WEB-VersionBoostrap/PAPP_WEB/apache-tomcat-9.0.80/conf/Catalina/localhost/LABPAPP_WEB.xml] has finished in [728] ms
08-Oct-2023 10:09:41.105 INFORMACIÓN [http-nio-8080-exec-116] org.apache.catalina.util.LifecycleBase.start The start() method was called on component [StandardEngine[Catalina].StandardHost[localhost].StandardContext[/LABPAPP_WEB]] after start() had already been called. The second call will be ignored.
08-Oct-2023 10:10:35.286 GRAVE [http-nio-8080-exec-117] servlets.SvRegistro.doPost null
	excepciones.UsuarioRepetidoException: El nickname sam ya está en uso
		at controladores.Sistema.registrarUsuario(Sistema.java:488)
		at servlets.SvRegistro.doPost(SvRegistro.java:147)
		at javax.servlet.http.HttpServlet.service(HttpServlet.java:555)
		at javax.servlet.http.HttpServlet.service(HttpServlet.java:623)
		at org.apache.catalina.core.ApplicationFilterChain.internalDoFilter(ApplicationFilterChain.java:209)
		at org.apache.catalina.core.ApplicationFilterChain.doFilter(ApplicationFilterChain.java:153)
		at org.apache.tomcat.websocket.server.WsFilter.doFilter(WsFilter.java:51)
		at org.apache.catalina.core.ApplicationFilterChain.internalDoFilter(ApplicationFilterChain.java:178)
		at org.apache.catalina.core.ApplicationFilterChain.doFilter(ApplicationFilterChain.java:153)
		at org.apache.catalina.core.StandardWrapperValve.invoke(StandardWrapperValve.java:168)
		at org.apache.catalina.core.StandardContextValve.invoke(StandardContextValve.java:90)
		at org.apache.catalina.authenticator.AuthenticatorBase.invoke(AuthenticatorBase.java:481)
		at org.apache.catalina.core.StandardHostValve.invoke(StandardHostValve.java:130)
		at org.apache.catalina.valves.ErrorReportValve.invoke(ErrorReportValve.java:93)
		at org.apache.catalina.valves.AbstractAccessLogValve.invoke(AbstractAccessLogValve.java:670)
		at org.apache.catalina.core.StandardEngineValve.invoke(StandardEngineValve.java:74)
		at org.apache.catalina.connector.CoyoteAdapter.service(CoyoteAdapter.java:343)
		at org.apache.coyote.http11.Http11Processor.service(Http11Processor.java:390)
		at org.apache.coyote.AbstractProcessorLight.process(AbstractProcessorLight.java:63)
		at org.apache.coyote.AbstractProtocol$ConnectionHandler.process(AbstractProtocol.java:926)
		at org.apache.tomcat.util.net.NioEndpoint$SocketProcessor.doRun(NioEndpoint.java:1790)
		at org.apache.tomcat.util.net.SocketProcessorBase.run(SocketProcessorBase.java:52)
		at org.apache.tomcat.util.threads.ThreadPoolExecutor.runWorker(ThreadPoolExecutor.java:1191)
		at org.apache.tomcat.util.threads.ThreadPoolExecutor$Worker.run(ThreadPoolExecutor.java:659)
		at org.apache.tomcat.util.threads.TaskThread$WrappingRunnable.run(TaskThread.java:61)
		at java.base/java.lang.Thread.run(Thread.java:1583)
08-Oct-2023 10:13:54.787 INFORMACIÓN [http-nio-8080-exec-124] org.apache.catalina.startup.HostConfig.undeploy Repliegue (undeploy) de la aplicación web que tiene como trayectoria de contexto [/LABPAPP_WEB]
08-Oct-2023 10:14:39.456 INFORMACIÓN [http-nio-8080-exec-132] org.apache.catalina.startup.HostConfig.deployDescriptor Desplieque del descriptor de configuración [/home/samuel/dev/PAPP_WEB-VersionBoostrap/PAPP_WEB/apache-tomcat-9.0.80/conf/Catalina/localhost/LABPAPP_WEB.xml]
08-Oct-2023 10:14:39.458 ADVERTENCIA [http-nio-8080-exec-132] org.apache.catalina.startup.HostConfig.deployDescriptor The path attribute with value [/LABPAPP_WEB] in deployment descriptor [/home/samuel/dev/PAPP_WEB-VersionBoostrap/PAPP_WEB/apache-tomcat-9.0.80/conf/Catalina/localhost/LABPAPP_WEB.xml] has been ignored
08-Oct-2023 10:14:40.367 INFORMACIÓN [http-nio-8080-exec-132] org.apache.jasper.servlet.TldScanner.scanJars Al menos un JAR, que se ha explorado buscando TLDs, aún no contenía TLDs. Activar historial de depuración para este historiador para una completa lista de los JARs que fueron explorados y de los que nos se halló TLDs. Saltarse JARs no necesarios durante la exploración puede dar lugar a una mejora de tiempo significativa en el arranque y compilación de JSP .
08-Oct-2023 10:14:40.370 INFORMACIÓN [http-nio-8080-exec-132] org.apache.catalina.startup.HostConfig.deployDescriptor Deployment of deployment descriptor [/home/samuel/dev/PAPP_WEB-VersionBoostrap/PAPP_WEB/apache-tomcat-9.0.80/conf/Catalina/localhost/LABPAPP_WEB.xml] has finished in [914] ms
08-Oct-2023 10:14:40.377 INFORMACIÓN [http-nio-8080-exec-133] org.apache.catalina.util.LifecycleBase.start The start() method was called on component [StandardEngine[Catalina].StandardHost[localhost].StandardContext[/LABPAPP_WEB]] after start() had already been called. The second call will be ignored.
08-Oct-2023 10:18:56.383 INFORMACIÓN [http-nio-8080-exec-133] org.apache.catalina.startup.HostConfig.undeploy Repliegue (undeploy) de la aplicación web que tiene como trayectoria de contexto [/LABPAPP_WEB]
08-Oct-2023 10:19:13.477 INFORMACIÓN [http-nio-8080-exec-135] org.apache.catalina.startup.HostConfig.deployDescriptor Desplieque del descriptor de configuración [/home/samuel/dev/PAPP_WEB-VersionBoostrap/PAPP_WEB/apache-tomcat-9.0.80/conf/Catalina/localhost/LABPAPP_WEB.xml]
08-Oct-2023 10:19:13.478 ADVERTENCIA [http-nio-8080-exec-135] org.apache.catalina.startup.HostConfig.deployDescriptor The path attribute with value [/LABPAPP_WEB] in deployment descriptor [/home/samuel/dev/PAPP_WEB-VersionBoostrap/PAPP_WEB/apache-tomcat-9.0.80/conf/Catalina/localhost/LABPAPP_WEB.xml] has been ignored
08-Oct-2023 10:19:14.168 INFORMACIÓN [http-nio-8080-exec-135] org.apache.jasper.servlet.TldScanner.scanJars Al menos un JAR, que se ha explorado buscando TLDs, aún no contenía TLDs. Activar historial de depuración para este historiador para una completa lista de los JARs que fueron explorados y de los que nos se halló TLDs. Saltarse JARs no necesarios durante la exploración puede dar lugar a una mejora de tiempo significativa en el arranque y compilación de JSP .
08-Oct-2023 10:19:14.170 INFORMACIÓN [http-nio-8080-exec-135] org.apache.catalina.startup.HostConfig.deployDescriptor Deployment of deployment descriptor [/home/samuel/dev/PAPP_WEB-VersionBoostrap/PAPP_WEB/apache-tomcat-9.0.80/conf/Catalina/localhost/LABPAPP_WEB.xml] has finished in [693] ms
08-Oct-2023 10:19:14.174 INFORMACIÓN [http-nio-8080-exec-141] org.apache.catalina.util.LifecycleBase.start The start() method was called on component [StandardEngine[Catalina].StandardHost[localhost].StandardContext[/LABPAPP_WEB]] after start() had already been called. The second call will be ignored.
08-Oct-2023 10:30:53.767 INFORMACIÓN [http-nio-8080-exec-150] org.apache.catalina.startup.HostConfig.undeploy Repliegue (undeploy) de la aplicación web que tiene como trayectoria de contexto [/LABPAPP_WEB]
08-Oct-2023 10:31:12.455 INFORMACIÓN [http-nio-8080-exec-145] org.apache.catalina.startup.HostConfig.deployDescriptor Desplieque del descriptor de configuración [/home/samuel/dev/PAPP_WEB-VersionBoostrap/PAPP_WEB/apache-tomcat-9.0.80/conf/Catalina/localhost/LABPAPP_WEB.xml]
08-Oct-2023 10:31:12.456 ADVERTENCIA [http-nio-8080-exec-145] org.apache.catalina.startup.HostConfig.deployDescriptor The path attribute with value [/LABPAPP_WEB] in deployment descriptor [/home/samuel/dev/PAPP_WEB-VersionBoostrap/PAPP_WEB/apache-tomcat-9.0.80/conf/Catalina/localhost/LABPAPP_WEB.xml] has been ignored
08-Oct-2023 10:31:13.208 INFORMACIÓN [http-nio-8080-exec-145] org.apache.jasper.servlet.TldScanner.scanJars Al menos un JAR, que se ha explorado buscando TLDs, aún no contenía TLDs. Activar historial de depuración para este historiador para una completa lista de los JARs que fueron explorados y de los que nos se halló TLDs. Saltarse JARs no necesarios durante la exploración puede dar lugar a una mejora de tiempo significativa en el arranque y compilación de JSP .
08-Oct-2023 10:31:13.211 INFORMACIÓN [http-nio-8080-exec-145] org.apache.catalina.startup.HostConfig.deployDescriptor Deployment of deployment descriptor [/home/samuel/dev/PAPP_WEB-VersionBoostrap/PAPP_WEB/apache-tomcat-9.0.80/conf/Catalina/localhost/LABPAPP_WEB.xml] has finished in [755] ms
08-Oct-2023 10:31:13.218 INFORMACIÓN [http-nio-8080-exec-152] org.apache.catalina.util.LifecycleBase.start The start() method was called on component [StandardEngine[Catalina].StandardHost[localhost].StandardContext[/LABPAPP_WEB]] after start() had already been called. The second call will be ignored.
08-Oct-2023 10:32:07.341 INFORMACIÓN [http-nio-8080-exec-152] org.apache.catalina.startup.HostConfig.undeploy Repliegue (undeploy) de la aplicación web que tiene como trayectoria de contexto [/LABPAPP_WEB]
08-Oct-2023 10:32:07.352 INFORMACIÓN [http-nio-8080-exec-157] org.apache.catalina.startup.HostConfig.deployDescriptor Desplieque del descriptor de configuración [/home/samuel/dev/PAPP_WEB-VersionBoostrap/PAPP_WEB/apache-tomcat-9.0.80/conf/Catalina/localhost/LABPAPP_WEB.xml]
08-Oct-2023 10:32:07.353 ADVERTENCIA [http-nio-8080-exec-157] org.apache.catalina.startup.HostConfig.deployDescriptor The path attribute with value [/LABPAPP_WEB] in deployment descriptor [/home/samuel/dev/PAPP_WEB-VersionBoostrap/PAPP_WEB/apache-tomcat-9.0.80/conf/Catalina/localhost/LABPAPP_WEB.xml] has been ignored
08-Oct-2023 10:32:08.230 INFORMACIÓN [http-nio-8080-exec-157] org.apache.jasper.servlet.TldScanner.scanJars Al menos un JAR, que se ha explorado buscando TLDs, aún no contenía TLDs. Activar historial de depuración para este historiador para una completa lista de los JARs que fueron explorados y de los que nos se halló TLDs. Saltarse JARs no necesarios durante la exploración puede dar lugar a una mejora de tiempo significativa en el arranque y compilación de JSP .
08-Oct-2023 10:32:08.233 INFORMACIÓN [http-nio-8080-exec-157] org.apache.catalina.startup.HostConfig.deployDescriptor Deployment of deployment descriptor [/home/samuel/dev/PAPP_WEB-VersionBoostrap/PAPP_WEB/apache-tomcat-9.0.80/conf/Catalina/localhost/LABPAPP_WEB.xml] has finished in [881] ms
08-Oct-2023 10:32:08.238 INFORMACIÓN [http-nio-8080-exec-153] org.apache.catalina.util.LifecycleBase.start The start() method was called on component [StandardEngine[Catalina].StandardHost[localhost].StandardContext[/LABPAPP_WEB]] after start() had already been called. The second call will be ignored.
08-Oct-2023 10:32:46.109 INFORMACIÓN [http-nio-8080-exec-164] org.apache.catalina.startup.HostConfig.undeploy Repliegue (undeploy) de la aplicación web que tiene como trayectoria de contexto [/LABPAPP_WEB]
08-Oct-2023 10:33:10.919 INFORMACIÓN [http-nio-8080-exec-164] org.apache.catalina.startup.HostConfig.deployDescriptor Desplieque del descriptor de configuración [/home/samuel/dev/PAPP_WEB-VersionBoostrap/PAPP_WEB/apache-tomcat-9.0.80/conf/Catalina/localhost/LABPAPP_WEB.xml]
08-Oct-2023 10:33:10.921 ADVERTENCIA [http-nio-8080-exec-164] org.apache.catalina.startup.HostConfig.deployDescriptor The path attribute with value [/LABPAPP_WEB] in deployment descriptor [/home/samuel/dev/PAPP_WEB-VersionBoostrap/PAPP_WEB/apache-tomcat-9.0.80/conf/Catalina/localhost/LABPAPP_WEB.xml] has been ignored
08-Oct-2023 10:33:11.597 INFORMACIÓN [http-nio-8080-exec-164] org.apache.jasper.servlet.TldScanner.scanJars Al menos un JAR, que se ha explorado buscando TLDs, aún no contenía TLDs. Activar historial de depuración para este historiador para una completa lista de los JARs que fueron explorados y de los que nos se halló TLDs. Saltarse JARs no necesarios durante la exploración puede dar lugar a una mejora de tiempo significativa en el arranque y compilación de JSP .
08-Oct-2023 10:33:11.599 INFORMACIÓN [http-nio-8080-exec-164] org.apache.catalina.startup.HostConfig.deployDescriptor Deployment of deployment descriptor [/home/samuel/dev/PAPP_WEB-VersionBoostrap/PAPP_WEB/apache-tomcat-9.0.80/conf/Catalina/localhost/LABPAPP_WEB.xml] has finished in [680] ms
08-Oct-2023 10:33:11.603 INFORMACIÓN [http-nio-8080-exec-166] org.apache.catalina.util.LifecycleBase.start The start() method was called on component [StandardEngine[Catalina].StandardHost[localhost].StandardContext[/LABPAPP_WEB]] after start() had already been called. The second call will be ignored.
08-Oct-2023 10:41:24.900 INFORMACIÓN [http-nio-8080-exec-175] org.apache.catalina.startup.HostConfig.undeploy Repliegue (undeploy) de la aplicación web que tiene como trayectoria de contexto [/LABPAPP_WEB]
08-Oct-2023 10:41:58.203 INFORMACIÓN [http-nio-8080-exec-176] org.apache.catalina.startup.HostConfig.deployDescriptor Desplieque del descriptor de configuración [/home/samuel/dev/PAPP_WEB-VersionBoostrap/PAPP_WEB/apache-tomcat-9.0.80/conf/Catalina/localhost/LABPAPP_WEB.xml]
08-Oct-2023 10:41:58.204 ADVERTENCIA [http-nio-8080-exec-176] org.apache.catalina.startup.HostConfig.deployDescriptor The path attribute with value [/LABPAPP_WEB] in deployment descriptor [/home/samuel/dev/PAPP_WEB-VersionBoostrap/PAPP_WEB/apache-tomcat-9.0.80/conf/Catalina/localhost/LABPAPP_WEB.xml] has been ignored
08-Oct-2023 10:41:59.878 INFORMACIÓN [http-nio-8080-exec-176] org.apache.jasper.servlet.TldScanner.scanJars Al menos un JAR, que se ha explorado buscando TLDs, aún no contenía TLDs. Activar historial de depuración para este historiador para una completa lista de los JARs que fueron explorados y de los que nos se halló TLDs. Saltarse JARs no necesarios durante la exploración puede dar lugar a una mejora de tiempo significativa en el arranque y compilación de JSP .
08-Oct-2023 10:41:59.880 INFORMACIÓN [http-nio-8080-exec-176] org.apache.catalina.startup.HostConfig.deployDescriptor Deployment of deployment descriptor [/home/samuel/dev/PAPP_WEB-VersionBoostrap/PAPP_WEB/apache-tomcat-9.0.80/conf/Catalina/localhost/LABPAPP_WEB.xml] has finished in [1.676] ms
08-Oct-2023 10:41:59.893 INFORMACIÓN [http-nio-8080-exec-178] org.apache.catalina.util.LifecycleBase.start The start() method was called on component [StandardEngine[Catalina].StandardHost[localhost].StandardContext[/LABPAPP_WEB]] after start() had already been called. The second call will be ignored.
08-Oct-2023 10:42:34.751 GRAVE [http-nio-8080-exec-168] servlets.SvRegistro.doPost null
	excepciones.UsuarioRepetidoException: El nickname lachiqui ya está en uso
		at controladores.Sistema.registrarUsuario(Sistema.java:488)
		at servlets.SvRegistro.doPost(SvRegistro.java:150)
		at javax.servlet.http.HttpServlet.service(HttpServlet.java:555)
		at javax.servlet.http.HttpServlet.service(HttpServlet.java:623)
		at org.apache.catalina.core.ApplicationFilterChain.internalDoFilter(ApplicationFilterChain.java:209)
		at org.apache.catalina.core.ApplicationFilterChain.doFilter(ApplicationFilterChain.java:153)
		at org.apache.tomcat.websocket.server.WsFilter.doFilter(WsFilter.java:51)
		at org.apache.catalina.core.ApplicationFilterChain.internalDoFilter(ApplicationFilterChain.java:178)
		at org.apache.catalina.core.ApplicationFilterChain.doFilter(ApplicationFilterChain.java:153)
		at org.apache.catalina.core.StandardWrapperValve.invoke(StandardWrapperValve.java:168)
		at org.apache.catalina.core.StandardContextValve.invoke(StandardContextValve.java:90)
		at org.apache.catalina.authenticator.AuthenticatorBase.invoke(AuthenticatorBase.java:481)
		at org.apache.catalina.core.StandardHostValve.invoke(StandardHostValve.java:130)
		at org.apache.catalina.valves.ErrorReportValve.invoke(ErrorReportValve.java:93)
		at org.apache.catalina.valves.AbstractAccessLogValve.invoke(AbstractAccessLogValve.java:670)
		at org.apache.catalina.core.StandardEngineValve.invoke(StandardEngineValve.java:74)
		at org.apache.catalina.connector.CoyoteAdapter.service(CoyoteAdapter.java:343)
		at org.apache.coyote.http11.Http11Processor.service(Http11Processor.java:390)
		at org.apache.coyote.AbstractProcessorLight.process(AbstractProcessorLight.java:63)
		at org.apache.coyote.AbstractProtocol$ConnectionHandler.process(AbstractProtocol.java:926)
		at org.apache.tomcat.util.net.NioEndpoint$SocketProcessor.doRun(NioEndpoint.java:1790)
		at org.apache.tomcat.util.net.SocketProcessorBase.run(SocketProcessorBase.java:52)
		at org.apache.tomcat.util.threads.ThreadPoolExecutor.runWorker(ThreadPoolExecutor.java:1191)
		at org.apache.tomcat.util.threads.ThreadPoolExecutor$Worker.run(ThreadPoolExecutor.java:659)
		at org.apache.tomcat.util.threads.TaskThread$WrappingRunnable.run(TaskThread.java:61)
		at java.base/java.lang.Thread.run(Thread.java:1583)
08-Oct-2023 10:45:12.289 INFORMACIÓN [http-nio-8080-exec-185] org.apache.catalina.startup.HostConfig.undeploy Repliegue (undeploy) de la aplicación web que tiene como trayectoria de contexto [/LABPAPP_WEB]
08-Oct-2023 10:45:37.520 INFORMACIÓN [http-nio-8080-exec-186] org.apache.catalina.startup.HostConfig.deployDescriptor Desplieque del descriptor de configuración [/home/samuel/dev/PAPP_WEB-VersionBoostrap/PAPP_WEB/apache-tomcat-9.0.80/conf/Catalina/localhost/LABPAPP_WEB.xml]
08-Oct-2023 10:45:37.521 ADVERTENCIA [http-nio-8080-exec-186] org.apache.catalina.startup.HostConfig.deployDescriptor The path attribute with value [/LABPAPP_WEB] in deployment descriptor [/home/samuel/dev/PAPP_WEB-VersionBoostrap/PAPP_WEB/apache-tomcat-9.0.80/conf/Catalina/localhost/LABPAPP_WEB.xml] has been ignored
08-Oct-2023 10:45:38.141 INFORMACIÓN [http-nio-8080-exec-186] org.apache.jasper.servlet.TldScanner.scanJars Al menos un JAR, que se ha explorado buscando TLDs, aún no contenía TLDs. Activar historial de depuración para este historiador para una completa lista de los JARs que fueron explorados y de los que nos se halló TLDs. Saltarse JARs no necesarios durante la exploración puede dar lugar a una mejora de tiempo significativa en el arranque y compilación de JSP .
08-Oct-2023 10:45:38.142 INFORMACIÓN [http-nio-8080-exec-186] org.apache.catalina.startup.HostConfig.deployDescriptor Deployment of deployment descriptor [/home/samuel/dev/PAPP_WEB-VersionBoostrap/PAPP_WEB/apache-tomcat-9.0.80/conf/Catalina/localhost/LABPAPP_WEB.xml] has finished in [622] ms
08-Oct-2023 10:45:38.147 INFORMACIÓN [http-nio-8080-exec-188] org.apache.catalina.util.LifecycleBase.start The start() method was called on component [StandardEngine[Catalina].StandardHost[localhost].StandardContext[/LABPAPP_WEB]] after start() had already been called. The second call will be ignored.
08-Oct-2023 10:46:46.457 INFORMACIÓN [http-nio-8080-exec-187] org.apache.catalina.startup.HostConfig.undeploy Repliegue (undeploy) de la aplicación web que tiene como trayectoria de contexto [/LABPAPP_WEB]
08-Oct-2023 10:47:09.001 INFORMACIÓN [http-nio-8080-exec-192] org.apache.catalina.startup.HostConfig.deployDescriptor Desplieque del descriptor de configuración [/home/samuel/dev/PAPP_WEB-VersionBoostrap/PAPP_WEB/apache-tomcat-9.0.80/conf/Catalina/localhost/LABPAPP_WEB.xml]
08-Oct-2023 10:47:09.002 ADVERTENCIA [http-nio-8080-exec-192] org.apache.catalina.startup.HostConfig.deployDescriptor The path attribute with value [/LABPAPP_WEB] in deployment descriptor [/home/samuel/dev/PAPP_WEB-VersionBoostrap/PAPP_WEB/apache-tomcat-9.0.80/conf/Catalina/localhost/LABPAPP_WEB.xml] has been ignored
08-Oct-2023 10:47:09.775 INFORMACIÓN [http-nio-8080-exec-192] org.apache.jasper.servlet.TldScanner.scanJars Al menos un JAR, que se ha explorado buscando TLDs, aún no contenía TLDs. Activar historial de depuración para este historiador para una completa lista de los JARs que fueron explorados y de los que nos se halló TLDs. Saltarse JARs no necesarios durante la exploración puede dar lugar a una mejora de tiempo significativa en el arranque y compilación de JSP .
08-Oct-2023 10:47:09.777 INFORMACIÓN [http-nio-8080-exec-192] org.apache.catalina.startup.HostConfig.deployDescriptor Deployment of deployment descriptor [/home/samuel/dev/PAPP_WEB-VersionBoostrap/PAPP_WEB/apache-tomcat-9.0.80/conf/Catalina/localhost/LABPAPP_WEB.xml] has finished in [777] ms
08-Oct-2023 10:47:09.782 INFORMACIÓN [http-nio-8080-exec-195] org.apache.catalina.util.LifecycleBase.start The start() method was called on component [StandardEngine[Catalina].StandardHost[localhost].StandardContext[/LABPAPP_WEB]] after start() had already been called. The second call will be ignored.
08-Oct-2023 10:48:18.877 INFORMACIÓN [http-nio-8080-exec-203] org.apache.catalina.startup.HostConfig.undeploy Repliegue (undeploy) de la aplicación web que tiene como trayectoria de contexto [/LABPAPP_WEB]
08-Oct-2023 10:48:40.680 INFORMACIÓN [http-nio-8080-exec-203] org.apache.catalina.startup.HostConfig.deployDescriptor Desplieque del descriptor de configuración [/home/samuel/dev/PAPP_WEB-VersionBoostrap/PAPP_WEB/apache-tomcat-9.0.80/conf/Catalina/localhost/LABPAPP_WEB.xml]
08-Oct-2023 10:48:40.681 ADVERTENCIA [http-nio-8080-exec-203] org.apache.catalina.startup.HostConfig.deployDescriptor The path attribute with value [/LABPAPP_WEB] in deployment descriptor [/home/samuel/dev/PAPP_WEB-VersionBoostrap/PAPP_WEB/apache-tomcat-9.0.80/conf/Catalina/localhost/LABPAPP_WEB.xml] has been ignored
08-Oct-2023 10:48:41.486 INFORMACIÓN [http-nio-8080-exec-203] org.apache.jasper.servlet.TldScanner.scanJars Al menos un JAR, que se ha explorado buscando TLDs, aún no contenía TLDs. Activar historial de depuración para este historiador para una completa lista de los JARs que fueron explorados y de los que nos se halló TLDs. Saltarse JARs no necesarios durante la exploración puede dar lugar a una mejora de tiempo significativa en el arranque y compilación de JSP .
08-Oct-2023 10:48:41.491 INFORMACIÓN [http-nio-8080-exec-203] org.apache.catalina.startup.HostConfig.deployDescriptor Deployment of deployment descriptor [/home/samuel/dev/PAPP_WEB-VersionBoostrap/PAPP_WEB/apache-tomcat-9.0.80/conf/Catalina/localhost/LABPAPP_WEB.xml] has finished in [810] ms
08-Oct-2023 10:48:41.495 INFORMACIÓN [http-nio-8080-exec-203] org.apache.catalina.util.LifecycleBase.start The start() method was called on component [StandardEngine[Catalina].StandardHost[localhost].StandardContext[/LABPAPP_WEB]] after start() had already been called. The second call will be ignored.
08-Oct-2023 10:50:52.901 INFORMACIÓN [http-nio-8080-exec-214] org.apache.catalina.startup.HostConfig.undeploy Repliegue (undeploy) de la aplicación web que tiene como trayectoria de contexto [/LABPAPP_WEB]
08-Oct-2023 10:51:12.794 INFORMACIÓN [http-nio-8080-exec-209] org.apache.catalina.startup.HostConfig.deployDescriptor Desplieque del descriptor de configuración [/home/samuel/dev/PAPP_WEB-VersionBoostrap/PAPP_WEB/apache-tomcat-9.0.80/conf/Catalina/localhost/LABPAPP_WEB.xml]
08-Oct-2023 10:51:12.795 ADVERTENCIA [http-nio-8080-exec-209] org.apache.catalina.startup.HostConfig.deployDescriptor The path attribute with value [/LABPAPP_WEB] in deployment descriptor [/home/samuel/dev/PAPP_WEB-VersionBoostrap/PAPP_WEB/apache-tomcat-9.0.80/conf/Catalina/localhost/LABPAPP_WEB.xml] has been ignored
08-Oct-2023 10:51:13.496 INFORMACIÓN [http-nio-8080-exec-209] org.apache.jasper.servlet.TldScanner.scanJars Al menos un JAR, que se ha explorado buscando TLDs, aún no contenía TLDs. Activar historial de depuración para este historiador para una completa lista de los JARs que fueron explorados y de los que nos se halló TLDs. Saltarse JARs no necesarios durante la exploración puede dar lugar a una mejora de tiempo significativa en el arranque y compilación de JSP .
08-Oct-2023 10:51:13.501 INFORMACIÓN [http-nio-8080-exec-209] org.apache.catalina.startup.HostConfig.deployDescriptor Deployment of deployment descriptor [/home/samuel/dev/PAPP_WEB-VersionBoostrap/PAPP_WEB/apache-tomcat-9.0.80/conf/Catalina/localhost/LABPAPP_WEB.xml] has finished in [707] ms
08-Oct-2023 10:51:13.506 INFORMACIÓN [http-nio-8080-exec-215] org.apache.catalina.util.LifecycleBase.start The start() method was called on component [StandardEngine[Catalina].StandardHost[localhost].StandardContext[/LABPAPP_WEB]] after start() had already been called. The second call will be ignored.
08-Oct-2023 10:53:46.978 INFORMACIÓN [http-nio-8080-exec-224] org.apache.catalina.startup.HostConfig.undeploy Repliegue (undeploy) de la aplicación web que tiene como trayectoria de contexto [/LABPAPP_WEB]
08-Oct-2023 10:54:13.927 INFORMACIÓN [http-nio-8080-exec-219] org.apache.catalina.startup.HostConfig.deployDescriptor Desplieque del descriptor de configuración [/home/samuel/dev/PAPP_WEB-VersionBoostrap/PAPP_WEB/apache-tomcat-9.0.80/conf/Catalina/localhost/LABPAPP_WEB.xml]
08-Oct-2023 10:54:13.929 ADVERTENCIA [http-nio-8080-exec-219] org.apache.catalina.startup.HostConfig.deployDescriptor The path attribute with value [/LABPAPP_WEB] in deployment descriptor [/home/samuel/dev/PAPP_WEB-VersionBoostrap/PAPP_WEB/apache-tomcat-9.0.80/conf/Catalina/localhost/LABPAPP_WEB.xml] has been ignored
08-Oct-2023 10:54:14.700 INFORMACIÓN [http-nio-8080-exec-219] org.apache.jasper.servlet.TldScanner.scanJars Al menos un JAR, que se ha explorado buscando TLDs, aún no contenía TLDs. Activar historial de depuración para este historiador para una completa lista de los JARs que fueron explorados y de los que nos se halló TLDs. Saltarse JARs no necesarios durante la exploración puede dar lugar a una mejora de tiempo significativa en el arranque y compilación de JSP .
08-Oct-2023 10:54:14.702 INFORMACIÓN [http-nio-8080-exec-219] org.apache.catalina.startup.HostConfig.deployDescriptor Deployment of deployment descriptor [/home/samuel/dev/PAPP_WEB-VersionBoostrap/PAPP_WEB/apache-tomcat-9.0.80/conf/Catalina/localhost/LABPAPP_WEB.xml] has finished in [775] ms
08-Oct-2023 10:54:14.705 INFORMACIÓN [http-nio-8080-exec-226] org.apache.catalina.util.LifecycleBase.start The start() method was called on component [StandardEngine[Catalina].StandardHost[localhost].StandardContext[/LABPAPP_WEB]] after start() had already been called. The second call will be ignored.
08-Oct-2023 10:56:19.957 INFORMACIÓN [http-nio-8080-exec-215] org.apache.catalina.startup.HostConfig.undeploy Repliegue (undeploy) de la aplicación web que tiene como trayectoria de contexto [/LABPAPP_WEB]
08-Oct-2023 10:56:39.495 INFORMACIÓN [http-nio-8080-exec-219] org.apache.catalina.startup.HostConfig.deployDescriptor Desplieque del descriptor de configuración [/home/samuel/dev/PAPP_WEB-VersionBoostrap/PAPP_WEB/apache-tomcat-9.0.80/conf/Catalina/localhost/LABPAPP_WEB.xml]
08-Oct-2023 10:56:39.495 ADVERTENCIA [http-nio-8080-exec-219] org.apache.catalina.startup.HostConfig.deployDescriptor The path attribute with value [/LABPAPP_WEB] in deployment descriptor [/home/samuel/dev/PAPP_WEB-VersionBoostrap/PAPP_WEB/apache-tomcat-9.0.80/conf/Catalina/localhost/LABPAPP_WEB.xml] has been ignored
08-Oct-2023 10:56:40.206 INFORMACIÓN [http-nio-8080-exec-219] org.apache.jasper.servlet.TldScanner.scanJars Al menos un JAR, que se ha explorado buscando TLDs, aún no contenía TLDs. Activar historial de depuración para este historiador para una completa lista de los JARs que fueron explorados y de los que nos se halló TLDs. Saltarse JARs no necesarios durante la exploración puede dar lugar a una mejora de tiempo significativa en el arranque y compilación de JSP .
08-Oct-2023 10:56:40.209 INFORMACIÓN [http-nio-8080-exec-219] org.apache.catalina.startup.HostConfig.deployDescriptor Deployment of deployment descriptor [/home/samuel/dev/PAPP_WEB-VersionBoostrap/PAPP_WEB/apache-tomcat-9.0.80/conf/Catalina/localhost/LABPAPP_WEB.xml] has finished in [715] ms
08-Oct-2023 10:56:40.214 INFORMACIÓN [http-nio-8080-exec-228] org.apache.catalina.util.LifecycleBase.start The start() method was called on component [StandardEngine[Catalina].StandardHost[localhost].StandardContext[/LABPAPP_WEB]] after start() had already been called. The second call will be ignored.
08-Oct-2023 10:58:13.447 INFORMACIÓN [http-nio-8080-exec-241] org.apache.catalina.startup.HostConfig.undeploy Repliegue (undeploy) de la aplicación web que tiene como trayectoria de contexto [/LABPAPP_WEB]
08-Oct-2023 10:59:12.537 INFORMACIÓN [main] org.apache.catalina.core.StandardServer.await Se ha recibido un comando de apagado a través del puerto de apagado. Parando la instancia del Servidor.
08-Oct-2023 10:59:12.539 INFORMACIÓN [main] org.apache.coyote.AbstractProtocol.pause Pausing ProtocolHandler ["http-nio-8080"]
08-Oct-2023 10:59:12.541 INFORMACIÓN [main] org.apache.catalina.core.StandardService.stopInternal Parando servicio [Catalina]
08-Oct-2023 10:59:12.571 INFORMACIÓN [main] org.apache.coyote.AbstractProtocol.stop Stopping ProtocolHandler ["http-nio-8080"]
08-Oct-2023 10:59:12.583 INFORMACIÓN [main] org.apache.coyote.AbstractProtocol.destroy Destroying ProtocolHandler ["http-nio-8080"]
