30-Sep-2023 11:06:24.698 INFORMACIÓN [main] org.apache.catalina.startup.VersionLoggerListener.log Nombre de la versión del servidor: Apache Tomcat/9.0.80
30-Sep-2023 11:06:24.703 INFORMACIÓN [main] org.apache.catalina.startup.VersionLoggerListener.log Server built:                      Aug 23 2023 21:59:38 UTC
30-Sep-2023 11:06:24.703 INFORMACIÓN [main] org.apache.catalina.startup.VersionLoggerListener.log Número de versión de servidor:     9.0.80.0
30-Sep-2023 11:06:24.704 INFORMACIÓN [main] org.apache.catalina.startup.VersionLoggerListener.log OS Name:                           Linux
30-Sep-2023 11:06:24.704 INFORMACIÓN [main] org.apache.catalina.startup.VersionLoggerListener.log Versión de Systema Operativo:      6.2.0-26-generic
30-Sep-2023 11:06:24.704 INFORMACIÓN [main] org.apache.catalina.startup.VersionLoggerListener.log Arquitectura:                      amd64
30-Sep-2023 11:06:24.704 INFORMACIÓN [main] org.apache.catalina.startup.VersionLoggerListener.log Java Home:                         /snap/strictly-netbeans/33/jdk
30-Sep-2023 11:06:24.704 INFORMACIÓN [main] org.apache.catalina.startup.VersionLoggerListener.log JVM Version:                       21+35-snap
30-Sep-2023 11:06:24.706 INFORMACIÓN [main] org.apache.catalina.startup.VersionLoggerListener.log Vededor JVM:                       Snap Build
30-Sep-2023 11:06:24.706 INFORMACIÓN [main] org.apache.catalina.startup.VersionLoggerListener.log CATALINA_BASE:                     /home/samuel/dev/PAPP_WEB/apache-tomcat-9.0.80
30-Sep-2023 11:06:24.707 INFORMACIÓN [main] org.apache.catalina.startup.VersionLoggerListener.log CATALINA_HOME:                     /home/samuel/dev/PAPP_WEB/apache-tomcat-9.0.80
30-Sep-2023 11:06:24.719 INFORMACIÓN [main] org.apache.catalina.startup.VersionLoggerListener.log Command line argument:             --add-opens=java.base/java.lang=ALL-UNNAMED
30-Sep-2023 11:06:24.719 INFORMACIÓN [main] org.apache.catalina.startup.VersionLoggerListener.log Command line argument:             --add-opens=java.base/java.io=ALL-UNNAMED
30-Sep-2023 11:06:24.719 INFORMACIÓN [main] org.apache.catalina.startup.VersionLoggerListener.log Command line argument:             --add-opens=java.base/java.util=ALL-UNNAMED
30-Sep-2023 11:06:24.719 INFORMACIÓN [main] org.apache.catalina.startup.VersionLoggerListener.log Command line argument:             --add-opens=java.base/java.util.concurrent=ALL-UNNAMED
30-Sep-2023 11:06:24.720 INFORMACIÓN [main] org.apache.catalina.startup.VersionLoggerListener.log Command line argument:             --add-opens=java.rmi/sun.rmi.transport=ALL-UNNAMED
30-Sep-2023 11:06:24.720 INFORMACIÓN [main] org.apache.catalina.startup.VersionLoggerListener.log Command line argument:             -Djava.util.logging.config.file=/home/samuel/dev/PAPP_WEB/apache-tomcat-9.0.80/conf/logging.properties
30-Sep-2023 11:06:24.721 INFORMACIÓN [main] org.apache.catalina.startup.VersionLoggerListener.log Command line argument:             -Djava.util.logging.manager=org.apache.juli.ClassLoaderLogManager
30-Sep-2023 11:06:24.721 INFORMACIÓN [main] org.apache.catalina.startup.VersionLoggerListener.log Command line argument:             -Dhttp.nonProxyHosts=localhost|127.0.0.1|samuel-vm
30-Sep-2023 11:06:24.721 INFORMACIÓN [main] org.apache.catalina.startup.VersionLoggerListener.log Command line argument:             -Djdk.tls.ephemeralDHKeySize=2048
30-Sep-2023 11:06:24.721 INFORMACIÓN [main] org.apache.catalina.startup.VersionLoggerListener.log Command line argument:             -Djava.protocol.handler.pkgs=org.apache.catalina.webresources
30-Sep-2023 11:06:24.721 INFORMACIÓN [main] org.apache.catalina.startup.VersionLoggerListener.log Command line argument:             -Dorg.apache.catalina.security.SecurityListener.UMASK=0027
30-Sep-2023 11:06:24.721 INFORMACIÓN [main] org.apache.catalina.startup.VersionLoggerListener.log Command line argument:             -Dignore.endorsed.dirs=
30-Sep-2023 11:06:24.721 INFORMACIÓN [main] org.apache.catalina.startup.VersionLoggerListener.log Command line argument:             -Dcatalina.base=/home/samuel/dev/PAPP_WEB/apache-tomcat-9.0.80
30-Sep-2023 11:06:24.722 INFORMACIÓN [main] org.apache.catalina.startup.VersionLoggerListener.log Command line argument:             -Dcatalina.home=/home/samuel/dev/PAPP_WEB/apache-tomcat-9.0.80
30-Sep-2023 11:06:24.723 INFORMACIÓN [main] org.apache.catalina.startup.VersionLoggerListener.log Command line argument:             -Djava.io.tmpdir=/home/samuel/dev/PAPP_WEB/apache-tomcat-9.0.80/temp
30-Sep-2023 11:06:24.731 INFORMACIÓN [main] org.apache.catalina.core.AprLifecycleListener.lifecycleEvent La biblioteca nativa de Apache Tomcat basada en ARP que permite un rendimiento óptimo en entornos de desarrollo no ha sido hallada en java.library.path: [/var/lib/snapd/lib/gl:/var/lib/snapd/lib/gl32:/var/lib/snapd/void:/snap/strictly-netbeans/33/lib:/snap/strictly-netbeans/33/lib/x86_64-linux-gnu:/snap/strictly-netbeans/33/gnome-platform/lib/x86_64-linux-gnu:/snap/strictly-netbeans/33/gnome-platform/usr/lib/x86_64-linux-gnu:/snap/strictly-netbeans/33/gnome-platform/usr/lib:/snap/strictly-netbeans/33/gnome-platform/lib:/snap/strictly-netbeans/33/gnome-platform/usr/lib/x86_64-linux-gnu/dri:/var/lib/snapd/lib/gl:/snap/strictly-netbeans/33/gnome-platform/usr/lib/x86_64-linux-gnu/pulseaudio:/usr/java/packages/lib:/usr/lib64:/lib64:/lib:/usr/lib]
30-Sep-2023 11:06:25.156 INFORMACIÓN [main] org.apache.coyote.AbstractProtocol.init Inicializando el manejador de protocolo ["http-nio-8080"]

30-Sep-2023 11:06:25.204 INFORMACIÓN [main] org.apache.catalina.startup.Catalina.load Server initialization in [757] milliseconds
30-Sep-2023 11:06:25.299 INFORMACIÓN [main] org.apache.catalina.core.StandardService.startInternal Arrancando servicio [Catalina]
30-Sep-2023 11:06:25.300 INFORMACIÓN [main] org.apache.catalina.core.StandardEngine.startInternal Starting Servlet engine: [Apache Tomcat/9.0.80]
30-Sep-2023 11:06:25.308 INFORMACIÓN [main] org.apache.catalina.startup.HostConfig.deployDirectory Desplegando el directorio [/home/samuel/dev/PAPP_WEB/apache-tomcat-9.0.80/webapps/docs] de la aplicación web
30-Sep-2023 11:06:25.659 INFORMACIÓN [main] org.apache.catalina.startup.HostConfig.deployDirectory Deployment of web application directory [/home/samuel/dev/PAPP_WEB/apache-tomcat-9.0.80/webapps/docs] has finished in [348] ms
30-Sep-2023 11:06:25.660 INFORMACIÓN [main] org.apache.catalina.startup.HostConfig.deployDirectory Desplegando el directorio [/home/samuel/dev/PAPP_WEB/apache-tomcat-9.0.80/webapps/host-manager] de la aplicación web
30-Sep-2023 11:06:25.705 INFORMACIÓN [main] org.apache.catalina.startup.HostConfig.deployDirectory Deployment of web application directory [/home/samuel/dev/PAPP_WEB/apache-tomcat-9.0.80/webapps/host-manager] has finished in [45] ms
30-Sep-2023 11:06:25.705 INFORMACIÓN [main] org.apache.catalina.startup.HostConfig.deployDirectory Desplegando el directorio [/home/samuel/dev/PAPP_WEB/apache-tomcat-9.0.80/webapps/examples] de la aplicación web
30-Sep-2023 11:06:26.023 INFORMACIÓN [main] org.apache.catalina.startup.HostConfig.deployDirectory Deployment of web application directory [/home/samuel/dev/PAPP_WEB/apache-tomcat-9.0.80/webapps/examples] has finished in [318] ms
30-Sep-2023 11:06:26.024 INFORMACIÓN [main] org.apache.catalina.startup.HostConfig.deployDirectory Desplegando el directorio [/home/samuel/dev/PAPP_WEB/apache-tomcat-9.0.80/webapps/ROOT] de la aplicación web
30-Sep-2023 11:06:26.060 INFORMACIÓN [main] org.apache.catalina.startup.HostConfig.deployDirectory Deployment of web application directory [/home/samuel/dev/PAPP_WEB/apache-tomcat-9.0.80/webapps/ROOT] has finished in [36] ms
30-Sep-2023 11:06:26.061 INFORMACIÓN [main] org.apache.catalina.startup.HostConfig.deployDirectory Desplegando el directorio [/home/samuel/dev/PAPP_WEB/apache-tomcat-9.0.80/webapps/manager] de la aplicación web
30-Sep-2023 11:06:26.087 INFORMACIÓN [main] org.apache.catalina.startup.HostConfig.deployDirectory Deployment of web application directory [/home/samuel/dev/PAPP_WEB/apache-tomcat-9.0.80/webapps/manager] has finished in [26] ms
30-Sep-2023 11:06:26.091 INFORMACIÓN [main] org.apache.coyote.AbstractProtocol.start Starting ProtocolHandler ["http-nio-8080"]
30-Sep-2023 11:06:26.141 INFORMACIÓN [main] org.apache.catalina.startup.Catalina.start Server startup in [934] milliseconds
30-Sep-2023 11:06:36.258 INFORMACIÓN [http-nio-8080-exec-3] org.apache.catalina.startup.HostConfig.deployDescriptor Desplieque del descriptor de configuración [/home/samuel/dev/PAPP_WEB/apache-tomcat-9.0.80/conf/Catalina/localhost/LABPAPP_WEB.xml]
30-Sep-2023 11:06:36.260 ADVERTENCIA [http-nio-8080-exec-3] org.apache.catalina.startup.HostConfig.deployDescriptor The path attribute with value [/LABPAPP_WEB] in deployment descriptor [/home/samuel/dev/PAPP_WEB/apache-tomcat-9.0.80/conf/Catalina/localhost/LABPAPP_WEB.xml] has been ignored
30-Sep-2023 11:06:36.360 INFORMACIÓN [http-nio-8080-exec-3] org.apache.catalina.startup.HostConfig.deployDescriptor Deployment of deployment descriptor [/home/samuel/dev/PAPP_WEB/apache-tomcat-9.0.80/conf/Catalina/localhost/LABPAPP_WEB.xml] has finished in [102] ms
30-Sep-2023 11:06:36.375 INFORMACIÓN [http-nio-8080-exec-4] org.apache.catalina.util.LifecycleBase.start The start() method was called on component [StandardEngine[Catalina].StandardHost[localhost].StandardContext[/LABPAPP_WEB]] after start() had already been called. The second call will be ignored.
30-Sep-2023 11:17:15.494 INFORMACIÓN [http-nio-8080-exec-9] org.apache.catalina.startup.HostConfig.undeploy Repliegue (undeploy) de la aplicación web que tiene como trayectoria de contexto [/LABPAPP_WEB]
30-Sep-2023 11:19:42.739 INFORMACIÓN [http-nio-8080-exec-12] org.apache.catalina.startup.HostConfig.deployDescriptor Desplieque del descriptor de configuración [/home/samuel/dev/PAPP_WEB/apache-tomcat-9.0.80/conf/Catalina/localhost/LABPAPP_WEB.xml]
30-Sep-2023 11:19:42.739 ADVERTENCIA [http-nio-8080-exec-12] org.apache.catalina.startup.HostConfig.deployDescriptor The path attribute with value [/LABPAPP_WEB] in deployment descriptor [/home/samuel/dev/PAPP_WEB/apache-tomcat-9.0.80/conf/Catalina/localhost/LABPAPP_WEB.xml] has been ignored
30-Sep-2023 11:19:42.773 INFORMACIÓN [http-nio-8080-exec-12] org.apache.catalina.startup.HostConfig.deployDescriptor Deployment of deployment descriptor [/home/samuel/dev/PAPP_WEB/apache-tomcat-9.0.80/conf/Catalina/localhost/LABPAPP_WEB.xml] has finished in [34] ms
30-Sep-2023 11:19:42.777 INFORMACIÓN [http-nio-8080-exec-16] org.apache.catalina.util.LifecycleBase.start The start() method was called on component [StandardEngine[Catalina].StandardHost[localhost].StandardContext[/LABPAPP_WEB]] after start() had already been called. The second call will be ignored.
30-Sep-2023 11:31:12.873 INFORMACIÓN [http-nio-8080-exec-17] org.apache.catalina.startup.HostConfig.undeploy Repliegue (undeploy) de la aplicación web que tiene como trayectoria de contexto [/LABPAPP_WEB]
30-Sep-2023 11:31:26.423 INFORMACIÓN [http-nio-8080-exec-15] org.apache.catalina.startup.HostConfig.deployDescriptor Desplieque del descriptor de configuración [/home/samuel/dev/PAPP_WEB/apache-tomcat-9.0.80/conf/Catalina/localhost/LABPAPP_WEB.xml]
30-Sep-2023 11:31:26.424 ADVERTENCIA [http-nio-8080-exec-15] org.apache.catalina.startup.HostConfig.deployDescriptor The path attribute with value [/LABPAPP_WEB] in deployment descriptor [/home/samuel/dev/PAPP_WEB/apache-tomcat-9.0.80/conf/Catalina/localhost/LABPAPP_WEB.xml] has been ignored
30-Sep-2023 11:31:26.447 INFORMACIÓN [http-nio-8080-exec-15] org.apache.catalina.startup.HostConfig.deployDescriptor Deployment of deployment descriptor [/home/samuel/dev/PAPP_WEB/apache-tomcat-9.0.80/conf/Catalina/localhost/LABPAPP_WEB.xml] has finished in [24] ms
30-Sep-2023 11:31:26.455 INFORMACIÓN [http-nio-8080-exec-18] org.apache.catalina.util.LifecycleBase.start The start() method was called on component [StandardEngine[Catalina].StandardHost[localhost].StandardContext[/LABPAPP_WEB]] after start() had already been called. The second call will be ignored.
30-Sep-2023 11:36:23.910 INFORMACIÓN [http-nio-8080-exec-29] org.apache.catalina.startup.HostConfig.undeploy Repliegue (undeploy) de la aplicación web que tiene como trayectoria de contexto [/LABPAPP_WEB]
30-Sep-2023 11:36:23.972 INFORMACIÓN [http-nio-8080-exec-22] org.apache.catalina.startup.HostConfig.deployDescriptor Desplieque del descriptor de configuración [/home/samuel/dev/PAPP_WEB/apache-tomcat-9.0.80/conf/Catalina/localhost/LABPAPP_WEB.xml]
30-Sep-2023 11:36:23.975 ADVERTENCIA [http-nio-8080-exec-22] org.apache.catalina.startup.HostConfig.deployDescriptor The path attribute with value [/LABPAPP_WEB] in deployment descriptor [/home/samuel/dev/PAPP_WEB/apache-tomcat-9.0.80/conf/Catalina/localhost/LABPAPP_WEB.xml] has been ignored
30-Sep-2023 11:36:24.011 INFORMACIÓN [http-nio-8080-exec-22] org.apache.catalina.startup.HostConfig.deployDescriptor Deployment of deployment descriptor [/home/samuel/dev/PAPP_WEB/apache-tomcat-9.0.80/conf/Catalina/localhost/LABPAPP_WEB.xml] has finished in [39] ms
30-Sep-2023 11:36:24.015 INFORMACIÓN [http-nio-8080-exec-28] org.apache.catalina.util.LifecycleBase.start The start() method was called on component [StandardEngine[Catalina].StandardHost[localhost].StandardContext[/LABPAPP_WEB]] after start() had already been called. The second call will be ignored.
30-Sep-2023 11:38:25.846 INFORMACIÓN [http-nio-8080-exec-22] org.apache.catalina.startup.HostConfig.undeploy Repliegue (undeploy) de la aplicación web que tiene como trayectoria de contexto [/LABPAPP_WEB]
30-Sep-2023 11:38:25.874 INFORMACIÓN [http-nio-8080-exec-37] org.apache.catalina.startup.HostConfig.deployDescriptor Desplieque del descriptor de configuración [/home/samuel/dev/PAPP_WEB/apache-tomcat-9.0.80/conf/Catalina/localhost/LABPAPP_WEB.xml]
30-Sep-2023 11:38:25.874 ADVERTENCIA [http-nio-8080-exec-37] org.apache.catalina.startup.HostConfig.deployDescriptor The path attribute with value [/LABPAPP_WEB] in deployment descriptor [/home/samuel/dev/PAPP_WEB/apache-tomcat-9.0.80/conf/Catalina/localhost/LABPAPP_WEB.xml] has been ignored
30-Sep-2023 11:38:25.904 INFORMACIÓN [http-nio-8080-exec-37] org.apache.catalina.startup.HostConfig.deployDescriptor Deployment of deployment descriptor [/home/samuel/dev/PAPP_WEB/apache-tomcat-9.0.80/conf/Catalina/localhost/LABPAPP_WEB.xml] has finished in [31] ms
30-Sep-2023 11:38:25.908 INFORMACIÓN [http-nio-8080-exec-37] org.apache.catalina.util.LifecycleBase.start The start() method was called on component [StandardEngine[Catalina].StandardHost[localhost].StandardContext[/LABPAPP_WEB]] after start() had already been called. The second call will be ignored.
30-Sep-2023 11:55:19.740 INFORMACIÓN [main] org.apache.catalina.core.StandardServer.await Se ha recibido un comando de apagado a través del puerto de apagado. Parando la instancia del Servidor.
30-Sep-2023 11:55:19.742 INFORMACIÓN [main] org.apache.coyote.AbstractProtocol.pause Pausing ProtocolHandler ["http-nio-8080"]
30-Sep-2023 11:55:19.749 INFORMACIÓN [main] org.apache.catalina.core.StandardService.stopInternal Parando servicio [Catalina]
30-Sep-2023 11:55:19.771 INFORMACIÓN [main] org.apache.coyote.AbstractProtocol.stop Stopping ProtocolHandler ["http-nio-8080"]
30-Sep-2023 11:55:19.782 INFORMACIÓN [main] org.apache.coyote.AbstractProtocol.destroy Destroying ProtocolHandler ["http-nio-8080"]
30-Sep-2023 19:45:58.844 INFORMACIÓN [main] org.apache.catalina.startup.VersionLoggerListener.log Nombre de la versión del servidor: Apache Tomcat/9.0.80
30-Sep-2023 19:45:58.851 INFORMACIÓN [main] org.apache.catalina.startup.VersionLoggerListener.log Server built:                      Aug 23 2023 21:59:38 UTC
30-Sep-2023 19:45:58.852 INFORMACIÓN [main] org.apache.catalina.startup.VersionLoggerListener.log Número de versión de servidor:     9.0.80.0
30-Sep-2023 19:45:58.852 INFORMACIÓN [main] org.apache.catalina.startup.VersionLoggerListener.log OS Name:                           Linux
30-Sep-2023 19:45:58.852 INFORMACIÓN [main] org.apache.catalina.startup.VersionLoggerListener.log Versión de Systema Operativo:      6.2.0-26-generic
30-Sep-2023 19:45:58.855 INFORMACIÓN [main] org.apache.catalina.startup.VersionLoggerListener.log Arquitectura:                      amd64
30-Sep-2023 19:45:58.855 INFORMACIÓN [main] org.apache.catalina.startup.VersionLoggerListener.log Java Home:                         /snap/strictly-netbeans/33/jdk
30-Sep-2023 19:45:58.855 INFORMACIÓN [main] org.apache.catalina.startup.VersionLoggerListener.log JVM Version:                       21+35-snap
30-Sep-2023 19:45:58.855 INFORMACIÓN [main] org.apache.catalina.startup.VersionLoggerListener.log Vededor JVM:                       Snap Build
30-Sep-2023 19:45:58.855 INFORMACIÓN [main] org.apache.catalina.startup.VersionLoggerListener.log CATALINA_BASE:                     /home/samuel/dev/PAPP_WEB/apache-tomcat-9.0.80
30-Sep-2023 19:45:58.856 INFORMACIÓN [main] org.apache.catalina.startup.VersionLoggerListener.log CATALINA_HOME:                     /home/samuel/dev/PAPP_WEB/apache-tomcat-9.0.80
30-Sep-2023 19:45:58.914 INFORMACIÓN [main] org.apache.catalina.startup.VersionLoggerListener.log Command line argument:             --add-opens=java.base/java.lang=ALL-UNNAMED
30-Sep-2023 19:45:58.915 INFORMACIÓN [main] org.apache.catalina.startup.VersionLoggerListener.log Command line argument:             --add-opens=java.base/java.io=ALL-UNNAMED
30-Sep-2023 19:45:58.915 INFORMACIÓN [main] org.apache.catalina.startup.VersionLoggerListener.log Command line argument:             --add-opens=java.base/java.util=ALL-UNNAMED
30-Sep-2023 19:45:58.915 INFORMACIÓN [main] org.apache.catalina.startup.VersionLoggerListener.log Command line argument:             --add-opens=java.base/java.util.concurrent=ALL-UNNAMED
30-Sep-2023 19:45:58.915 INFORMACIÓN [main] org.apache.catalina.startup.VersionLoggerListener.log Command line argument:             --add-opens=java.rmi/sun.rmi.transport=ALL-UNNAMED
30-Sep-2023 19:45:58.916 INFORMACIÓN [main] org.apache.catalina.startup.VersionLoggerListener.log Command line argument:             -Djava.util.logging.config.file=/home/samuel/dev/PAPP_WEB/apache-tomcat-9.0.80/conf/logging.properties
30-Sep-2023 19:45:58.916 INFORMACIÓN [main] org.apache.catalina.startup.VersionLoggerListener.log Command line argument:             -Djava.util.logging.manager=org.apache.juli.ClassLoaderLogManager
30-Sep-2023 19:45:58.916 INFORMACIÓN [main] org.apache.catalina.startup.VersionLoggerListener.log Command line argument:             -Dhttp.nonProxyHosts=localhost|127.0.0.1|samuel-vm
30-Sep-2023 19:45:58.916 INFORMACIÓN [main] org.apache.catalina.startup.VersionLoggerListener.log Command line argument:             -Djdk.tls.ephemeralDHKeySize=2048
30-Sep-2023 19:45:58.916 INFORMACIÓN [main] org.apache.catalina.startup.VersionLoggerListener.log Command line argument:             -Djava.protocol.handler.pkgs=org.apache.catalina.webresources
30-Sep-2023 19:45:58.916 INFORMACIÓN [main] org.apache.catalina.startup.VersionLoggerListener.log Command line argument:             -Dorg.apache.catalina.security.SecurityListener.UMASK=0027
30-Sep-2023 19:45:58.916 INFORMACIÓN [main] org.apache.catalina.startup.VersionLoggerListener.log Command line argument:             -Dignore.endorsed.dirs=
30-Sep-2023 19:45:58.917 INFORMACIÓN [main] org.apache.catalina.startup.VersionLoggerListener.log Command line argument:             -Dcatalina.base=/home/samuel/dev/PAPP_WEB/apache-tomcat-9.0.80
30-Sep-2023 19:45:58.917 INFORMACIÓN [main] org.apache.catalina.startup.VersionLoggerListener.log Command line argument:             -Dcatalina.home=/home/samuel/dev/PAPP_WEB/apache-tomcat-9.0.80
30-Sep-2023 19:45:58.917 INFORMACIÓN [main] org.apache.catalina.startup.VersionLoggerListener.log Command line argument:             -Djava.io.tmpdir=/home/samuel/dev/PAPP_WEB/apache-tomcat-9.0.80/temp
30-Sep-2023 19:45:58.921 INFORMACIÓN [main] org.apache.catalina.core.AprLifecycleListener.lifecycleEvent La biblioteca nativa de Apache Tomcat basada en ARP que permite un rendimiento óptimo en entornos de desarrollo no ha sido hallada en java.library.path: [/var/lib/snapd/lib/gl:/var/lib/snapd/lib/gl32:/var/lib/snapd/void:/snap/strictly-netbeans/33/lib:/snap/strictly-netbeans/33/lib/x86_64-linux-gnu:/snap/strictly-netbeans/33/gnome-platform/lib/x86_64-linux-gnu:/snap/strictly-netbeans/33/gnome-platform/usr/lib/x86_64-linux-gnu:/snap/strictly-netbeans/33/gnome-platform/usr/lib:/snap/strictly-netbeans/33/gnome-platform/lib:/snap/strictly-netbeans/33/gnome-platform/usr/lib/x86_64-linux-gnu/dri:/var/lib/snapd/lib/gl:/snap/strictly-netbeans/33/gnome-platform/usr/lib/x86_64-linux-gnu/pulseaudio:/usr/java/packages/lib:/usr/lib64:/lib64:/lib:/usr/lib]
30-Sep-2023 19:45:59.502 INFORMACIÓN [main] org.apache.coyote.AbstractProtocol.init Inicializando el manejador de protocolo ["http-nio-8080"]

30-Sep-2023 19:45:59.529 INFORMACIÓN [main] org.apache.catalina.startup.Catalina.load Server initialization in [1114] milliseconds
30-Sep-2023 19:45:59.646 INFORMACIÓN [main] org.apache.catalina.core.StandardService.startInternal Arrancando servicio [Catalina]
30-Sep-2023 19:45:59.646 INFORMACIÓN [main] org.apache.catalina.core.StandardEngine.startInternal Starting Servlet engine: [Apache Tomcat/9.0.80]
30-Sep-2023 19:45:59.655 INFORMACIÓN [main] org.apache.catalina.startup.HostConfig.deployDescriptor Desplieque del descriptor de configuración [/home/samuel/dev/PAPP_WEB/apache-tomcat-9.0.80/conf/Catalina/localhost/LABPAPP_WEB.xml]
30-Sep-2023 19:45:59.676 ADVERTENCIA [main] org.apache.catalina.startup.HostConfig.deployDescriptor The path attribute with value [/LABPAPP_WEB] in deployment descriptor [/home/samuel/dev/PAPP_WEB/apache-tomcat-9.0.80/conf/Catalina/localhost/LABPAPP_WEB.xml] has been ignored
30-Sep-2023 19:46:00.079 INFORMACIÓN [main] org.apache.catalina.startup.HostConfig.deployDescriptor Deployment of deployment descriptor [/home/samuel/dev/PAPP_WEB/apache-tomcat-9.0.80/conf/Catalina/localhost/LABPAPP_WEB.xml] has finished in [420] ms
30-Sep-2023 19:46:00.080 INFORMACIÓN [main] org.apache.catalina.startup.HostConfig.deployDirectory Desplegando el directorio [/home/samuel/dev/PAPP_WEB/apache-tomcat-9.0.80/webapps/docs] de la aplicación web
30-Sep-2023 19:46:00.108 INFORMACIÓN [main] org.apache.catalina.startup.HostConfig.deployDirectory Deployment of web application directory [/home/samuel/dev/PAPP_WEB/apache-tomcat-9.0.80/webapps/docs] has finished in [28] ms
30-Sep-2023 19:46:00.108 INFORMACIÓN [main] org.apache.catalina.startup.HostConfig.deployDirectory Desplegando el directorio [/home/samuel/dev/PAPP_WEB/apache-tomcat-9.0.80/webapps/host-manager] de la aplicación web
30-Sep-2023 19:46:00.181 INFORMACIÓN [main] org.apache.catalina.startup.HostConfig.deployDirectory Deployment of web application directory [/home/samuel/dev/PAPP_WEB/apache-tomcat-9.0.80/webapps/host-manager] has finished in [72] ms
30-Sep-2023 19:46:00.181 INFORMACIÓN [main] org.apache.catalina.startup.HostConfig.deployDirectory Desplegando el directorio [/home/samuel/dev/PAPP_WEB/apache-tomcat-9.0.80/webapps/examples] de la aplicación web
30-Sep-2023 19:46:00.468 INFORMACIÓN [main] org.apache.catalina.startup.HostConfig.deployDirectory Deployment of web application directory [/home/samuel/dev/PAPP_WEB/apache-tomcat-9.0.80/webapps/examples] has finished in [287] ms
30-Sep-2023 19:46:00.468 INFORMACIÓN [main] org.apache.catalina.startup.HostConfig.deployDirectory Desplegando el directorio [/home/samuel/dev/PAPP_WEB/apache-tomcat-9.0.80/webapps/ROOT] de la aplicación web
30-Sep-2023 19:46:00.486 INFORMACIÓN [main] org.apache.catalina.startup.HostConfig.deployDirectory Deployment of web application directory [/home/samuel/dev/PAPP_WEB/apache-tomcat-9.0.80/webapps/ROOT] has finished in [18] ms
30-Sep-2023 19:46:00.486 INFORMACIÓN [main] org.apache.catalina.startup.HostConfig.deployDirectory Desplegando el directorio [/home/samuel/dev/PAPP_WEB/apache-tomcat-9.0.80/webapps/manager] de la aplicación web
30-Sep-2023 19:46:00.510 INFORMACIÓN [main] org.apache.catalina.startup.HostConfig.deployDirectory Deployment of web application directory [/home/samuel/dev/PAPP_WEB/apache-tomcat-9.0.80/webapps/manager] has finished in [23] ms
30-Sep-2023 19:46:00.540 INFORMACIÓN [main] org.apache.coyote.AbstractProtocol.start Starting ProtocolHandler ["http-nio-8080"]
30-Sep-2023 19:46:00.577 INFORMACIÓN [main] org.apache.catalina.startup.Catalina.start Server startup in [1046] milliseconds
30-Sep-2023 19:46:03.817 INFORMACIÓN [http-nio-8080-exec-10] org.apache.catalina.startup.HostConfig.undeploy Repliegue (undeploy) de la aplicación web que tiene como trayectoria de contexto [/LABPAPP_WEB]
30-Sep-2023 19:46:03.837 INFORMACIÓN [http-nio-8080-exec-5] org.apache.catalina.startup.HostConfig.deployDescriptor Desplieque del descriptor de configuración [/home/samuel/dev/PAPP_WEB/apache-tomcat-9.0.80/conf/Catalina/localhost/LABPAPP_WEB.xml]
30-Sep-2023 19:46:03.838 ADVERTENCIA [http-nio-8080-exec-5] org.apache.catalina.startup.HostConfig.deployDescriptor The path attribute with value [/LABPAPP_WEB] in deployment descriptor [/home/samuel/dev/PAPP_WEB/apache-tomcat-9.0.80/conf/Catalina/localhost/LABPAPP_WEB.xml] has been ignored
30-Sep-2023 19:46:03.921 INFORMACIÓN [http-nio-8080-exec-5] org.apache.catalina.startup.HostConfig.deployDescriptor Deployment of deployment descriptor [/home/samuel/dev/PAPP_WEB/apache-tomcat-9.0.80/conf/Catalina/localhost/LABPAPP_WEB.xml] has finished in [81] ms
30-Sep-2023 19:46:03.947 INFORMACIÓN [http-nio-8080-exec-4] org.apache.catalina.util.LifecycleBase.start The start() method was called on component [StandardEngine[Catalina].StandardHost[localhost].StandardContext[/LABPAPP_WEB]] after start() had already been called. The second call will be ignored.
