18-Nov-2023 16:04:01.678 INFORMACIÓN [main] org.apache.catalina.core.ApplicationContext.log ContextListener: contextInitialized()
18-Nov-2023 16:04:01.680 INFORMACIÓN [main] org.apache.catalina.core.ApplicationContext.log SessionListener: contextInitialized()
18-Nov-2023 16:04:01.681 INFORMACIÓN [main] org.apache.catalina.core.ApplicationContext.log ContextListener: attributeAdded('StockTicker', 'async.Stockticker@60573151')
18-Nov-2023 16:12:00.825 GRAVE [http-nio-8080-exec-25] org.apache.catalina.core.ApplicationDispatcher.invoke El Servlet.service() para servlet [jsp] lanzó una excepción
	com.sun.xml.ws.fault.ServerSOAPFaultException: Client received SOAP Fault from server: Exception [EclipseLink-4002] (Eclipse Persistence Services - 2.7.12.v20230209-e5c4074ef3): org.eclipse.persistence.exceptions.DatabaseException
Internal Exception: java.sql.SQLIntegrityConstraintViolationException: Duplicate entry 'mirtha.legrand.ok@hotmail.com.ar-washington@turismorocha.gub.uy' for key 'USUARIOS_SEGUIDOS.PRIMARY'
Error Code: 1062
Call: INSERT INTO USUARIOS_SEGUIDOS (CORREO_SEGUIDO, CORREO_SEGUIDOR) VALUES (?, ?)
	bind => [2 parameters bound]
Query: DataModifyQuery(name="seguidos" sql="INSERT INTO USUARIOS_SEGUIDOS (CORREO_SEGUIDO, CORREO_SEGUIDOR) VALUES (?, ?)") Please see the server log to find more detail regarding exact cause of the failure.
		at com.sun.xml.ws.fault.SOAP11Fault.getProtocolException(SOAP11Fault.java:163)
		at com.sun.xml.ws.fault.SOAPFaultBuilder.createException(SOAPFaultBuilder.java:95)
		at com.sun.xml.ws.client.sei.StubHandler.readResponse(StubHandler.java:223)
		at com.sun.xml.ws.db.DatabindingImpl.deserializeResponse(DatabindingImpl.java:176)
		at com.sun.xml.ws.db.DatabindingImpl.deserializeResponse(DatabindingImpl.java:263)
		at com.sun.xml.ws.client.sei.SyncMethodHandler.invoke(SyncMethodHandler.java:88)
		at com.sun.xml.ws.client.sei.SyncMethodHandler.invoke(SyncMethodHandler.java:61)
		at com.sun.xml.ws.client.sei.SEIStub.invoke(SEIStub.java:131)
		at com.sun.proxy.$Proxy313.verInfoUsuarioNick(Unknown Source)
		at controladores.Sistema.verInfoUsuarioNick(Sistema.java:172)
		at org.apache.jsp.consultausuario_jsp._jspService(consultausuario_jsp.java:207)
		at org.apache.jasper.runtime.HttpJspBase.service(HttpJspBase.java:70)
		at javax.servlet.http.HttpServlet.service(HttpServlet.java:623)
		at org.apache.jasper.servlet.JspServletWrapper.service(JspServletWrapper.java:466)
		at org.apache.jasper.servlet.JspServlet.serviceJspFile(JspServlet.java:379)
		at org.apache.jasper.servlet.JspServlet.service(JspServlet.java:327)
		at javax.servlet.http.HttpServlet.service(HttpServlet.java:623)
		at org.apache.catalina.core.ApplicationFilterChain.internalDoFilter(ApplicationFilterChain.java:209)
		at org.apache.catalina.core.ApplicationFilterChain.doFilter(ApplicationFilterChain.java:153)
		at org.apache.tomcat.websocket.server.WsFilter.doFilter(WsFilter.java:51)
		at org.apache.catalina.core.ApplicationFilterChain.internalDoFilter(ApplicationFilterChain.java:178)
		at org.apache.catalina.core.ApplicationFilterChain.doFilter(ApplicationFilterChain.java:153)
		at org.apache.catalina.core.ApplicationDispatcher.invoke(ApplicationDispatcher.java:661)
		at org.apache.catalina.core.ApplicationDispatcher.processRequest(ApplicationDispatcher.java:425)
		at org.apache.catalina.core.ApplicationDispatcher.doForward(ApplicationDispatcher.java:357)
		at org.apache.catalina.core.ApplicationDispatcher.forward(ApplicationDispatcher.java:294)
		at servlets.SvConsultaUsr.doGet(SvConsultaUsr.java:23)
		at javax.servlet.http.HttpServlet.service(HttpServlet.java:529)
		at javax.servlet.http.HttpServlet.service(HttpServlet.java:623)
		at org.apache.catalina.core.ApplicationFilterChain.internalDoFilter(ApplicationFilterChain.java:209)
		at org.apache.catalina.core.ApplicationFilterChain.doFilter(ApplicationFilterChain.java:153)
		at org.apache.tomcat.websocket.server.WsFilter.doFilter(WsFilter.java:51)
		at org.apache.catalina.core.ApplicationFilterChain.internalDoFilter(ApplicationFilterChain.java:178)
		at org.apache.catalina.core.ApplicationFilterChain.doFilter(ApplicationFilterChain.java:153)
		at org.apache.catalina.core.StandardWrapperValve.invoke(StandardWrapperValve.java:168)
		at org.apache.catalina.core.StandardContextValve.invoke(StandardContextValve.java:90)
		at org.apache.catalina.authenticator.AuthenticatorBase.invoke(AuthenticatorBase.java:481)
		at org.apache.catalina.core.StandardHostValve.invoke(StandardHostValve.java:130)
		at org.apache.catalina.valves.ErrorReportValve.invoke(ErrorReportValve.java:93)
		at org.apache.catalina.valves.AbstractAccessLogValve.invoke(AbstractAccessLogValve.java:670)
		at org.apache.catalina.core.StandardEngineValve.invoke(StandardEngineValve.java:74)
		at org.apache.catalina.connector.CoyoteAdapter.service(CoyoteAdapter.java:343)
		at org.apache.coyote.http11.Http11Processor.service(Http11Processor.java:390)
		at org.apache.coyote.AbstractProcessorLight.process(AbstractProcessorLight.java:63)
		at org.apache.coyote.AbstractProtocol$ConnectionHandler.process(AbstractProtocol.java:926)
		at org.apache.tomcat.util.net.NioEndpoint$SocketProcessor.doRun(NioEndpoint.java:1790)
		at org.apache.tomcat.util.net.SocketProcessorBase.run(SocketProcessorBase.java:52)
		at org.apache.tomcat.util.threads.ThreadPoolExecutor.runWorker(ThreadPoolExecutor.java:1191)
		at org.apache.tomcat.util.threads.ThreadPoolExecutor$Worker.run(ThreadPoolExecutor.java:659)
		at org.apache.tomcat.util.threads.TaskThread$WrappingRunnable.run(TaskThread.java:61)
		at java.base/java.lang.Thread.run(Thread.java:829)
18-Nov-2023 16:12:00.827 GRAVE [http-nio-8080-exec-25] org.apache.catalina.core.StandardWrapperValve.invoke El Servlet.service() para el servlet [SvConsultaUsr] en el contexto con ruta [/LABPAPP_WEB] lanzó la excepción [Ha sucedido una excepción al procesar la página JSP [/Components/bodyPrincipal.jsp] en línea [18]

15: 
16:     if (logged) {
17:         nick = (String) session.getAttribute("nick");
18:         usuarioLoggeado = sys2.verInfoUsuarioNick(nick);
19:   
20:     }
21:     


Stacktrace:] con causa raíz
	com.sun.xml.ws.fault.ServerSOAPFaultException: Client received SOAP Fault from server: Exception [EclipseLink-4002] (Eclipse Persistence Services - 2.7.12.v20230209-e5c4074ef3): org.eclipse.persistence.exceptions.DatabaseException
Internal Exception: java.sql.SQLIntegrityConstraintViolationException: Duplicate entry 'mirtha.legrand.ok@hotmail.com.ar-washington@turismorocha.gub.uy' for key 'USUARIOS_SEGUIDOS.PRIMARY'
Error Code: 1062
Call: INSERT INTO USUARIOS_SEGUIDOS (CORREO_SEGUIDO, CORREO_SEGUIDOR) VALUES (?, ?)
	bind => [2 parameters bound]
Query: DataModifyQuery(name="seguidos" sql="INSERT INTO USUARIOS_SEGUIDOS (CORREO_SEGUIDO, CORREO_SEGUIDOR) VALUES (?, ?)") Please see the server log to find more detail regarding exact cause of the failure.
		at com.sun.xml.ws.fault.SOAP11Fault.getProtocolException(SOAP11Fault.java:163)
		at com.sun.xml.ws.fault.SOAPFaultBuilder.createException(SOAPFaultBuilder.java:95)
		at com.sun.xml.ws.client.sei.StubHandler.readResponse(StubHandler.java:223)
		at com.sun.xml.ws.db.DatabindingImpl.deserializeResponse(DatabindingImpl.java:176)
		at com.sun.xml.ws.db.DatabindingImpl.deserializeResponse(DatabindingImpl.java:263)
		at com.sun.xml.ws.client.sei.SyncMethodHandler.invoke(SyncMethodHandler.java:88)
		at com.sun.xml.ws.client.sei.SyncMethodHandler.invoke(SyncMethodHandler.java:61)
		at com.sun.xml.ws.client.sei.SEIStub.invoke(SEIStub.java:131)
		at com.sun.proxy.$Proxy313.verInfoUsuarioNick(Unknown Source)
		at controladores.Sistema.verInfoUsuarioNick(Sistema.java:172)
		at org.apache.jsp.consultausuario_jsp._jspService(consultausuario_jsp.java:207)
		at org.apache.jasper.runtime.HttpJspBase.service(HttpJspBase.java:70)
		at javax.servlet.http.HttpServlet.service(HttpServlet.java:623)
		at org.apache.jasper.servlet.JspServletWrapper.service(JspServletWrapper.java:466)
		at org.apache.jasper.servlet.JspServlet.serviceJspFile(JspServlet.java:379)
		at org.apache.jasper.servlet.JspServlet.service(JspServlet.java:327)
		at javax.servlet.http.HttpServlet.service(HttpServlet.java:623)
		at org.apache.catalina.core.ApplicationFilterChain.internalDoFilter(ApplicationFilterChain.java:209)
		at org.apache.catalina.core.ApplicationFilterChain.doFilter(ApplicationFilterChain.java:153)
		at org.apache.tomcat.websocket.server.WsFilter.doFilter(WsFilter.java:51)
		at org.apache.catalina.core.ApplicationFilterChain.internalDoFilter(ApplicationFilterChain.java:178)
		at org.apache.catalina.core.ApplicationFilterChain.doFilter(ApplicationFilterChain.java:153)
		at org.apache.catalina.core.ApplicationDispatcher.invoke(ApplicationDispatcher.java:661)
		at org.apache.catalina.core.ApplicationDispatcher.processRequest(ApplicationDispatcher.java:425)
		at org.apache.catalina.core.ApplicationDispatcher.doForward(ApplicationDispatcher.java:357)
		at org.apache.catalina.core.ApplicationDispatcher.forward(ApplicationDispatcher.java:294)
		at servlets.SvConsultaUsr.doGet(SvConsultaUsr.java:23)
		at javax.servlet.http.HttpServlet.service(HttpServlet.java:529)
		at javax.servlet.http.HttpServlet.service(HttpServlet.java:623)
		at org.apache.catalina.core.ApplicationFilterChain.internalDoFilter(ApplicationFilterChain.java:209)
		at org.apache.catalina.core.ApplicationFilterChain.doFilter(ApplicationFilterChain.java:153)
		at org.apache.tomcat.websocket.server.WsFilter.doFilter(WsFilter.java:51)
		at org.apache.catalina.core.ApplicationFilterChain.internalDoFilter(ApplicationFilterChain.java:178)
		at org.apache.catalina.core.ApplicationFilterChain.doFilter(ApplicationFilterChain.java:153)
		at org.apache.catalina.core.StandardWrapperValve.invoke(StandardWrapperValve.java:168)
		at org.apache.catalina.core.StandardContextValve.invoke(StandardContextValve.java:90)
		at org.apache.catalina.authenticator.AuthenticatorBase.invoke(AuthenticatorBase.java:481)
		at org.apache.catalina.core.StandardHostValve.invoke(StandardHostValve.java:130)
		at org.apache.catalina.valves.ErrorReportValve.invoke(ErrorReportValve.java:93)
		at org.apache.catalina.valves.AbstractAccessLogValve.invoke(AbstractAccessLogValve.java:670)
		at org.apache.catalina.core.StandardEngineValve.invoke(StandardEngineValve.java:74)
		at org.apache.catalina.connector.CoyoteAdapter.service(CoyoteAdapter.java:343)
		at org.apache.coyote.http11.Http11Processor.service(Http11Processor.java:390)
		at org.apache.coyote.AbstractProcessorLight.process(AbstractProcessorLight.java:63)
		at org.apache.coyote.AbstractProtocol$ConnectionHandler.process(AbstractProtocol.java:926)
		at org.apache.tomcat.util.net.NioEndpoint$SocketProcessor.doRun(NioEndpoint.java:1790)
		at org.apache.tomcat.util.net.SocketProcessorBase.run(SocketProcessorBase.java:52)
		at org.apache.tomcat.util.threads.ThreadPoolExecutor.runWorker(ThreadPoolExecutor.java:1191)
		at org.apache.tomcat.util.threads.ThreadPoolExecutor$Worker.run(ThreadPoolExecutor.java:659)
		at org.apache.tomcat.util.threads.TaskThread$WrappingRunnable.run(TaskThread.java:61)
		at java.base/java.lang.Thread.run(Thread.java:829)
18-Nov-2023 16:12:37.381 GRAVE [http-nio-8080-exec-24] org.apache.catalina.core.ApplicationDispatcher.invoke El Servlet.service() para servlet [jsp] lanzó una excepción
	com.sun.xml.ws.fault.ServerSOAPFaultException: Client received SOAP Fault from server: 
Exception Description: Transaction is currently active Please see the server log to find more detail regarding exact cause of the failure.
		at com.sun.xml.ws.fault.SOAP11Fault.getProtocolException(SOAP11Fault.java:163)
		at com.sun.xml.ws.fault.SOAPFaultBuilder.createException(SOAPFaultBuilder.java:95)
		at com.sun.xml.ws.client.sei.StubHandler.readResponse(StubHandler.java:223)
		at com.sun.xml.ws.db.DatabindingImpl.deserializeResponse(DatabindingImpl.java:176)
		at com.sun.xml.ws.db.DatabindingImpl.deserializeResponse(DatabindingImpl.java:263)
		at com.sun.xml.ws.client.sei.SyncMethodHandler.invoke(SyncMethodHandler.java:88)
		at com.sun.xml.ws.client.sei.SyncMethodHandler.invoke(SyncMethodHandler.java:61)
		at com.sun.xml.ws.client.sei.SEIStub.invoke(SEIStub.java:131)
		at com.sun.proxy.$Proxy313.verInfoUsuarioNick(Unknown Source)
		at controladores.Sistema.verInfoUsuarioNick(Sistema.java:172)
		at org.apache.jsp.usuarios_jsp._jspService(usuarios_jsp.java:177)
		at org.apache.jasper.runtime.HttpJspBase.service(HttpJspBase.java:70)
		at javax.servlet.http.HttpServlet.service(HttpServlet.java:623)
		at org.apache.jasper.servlet.JspServletWrapper.service(JspServletWrapper.java:466)
		at org.apache.jasper.servlet.JspServlet.serviceJspFile(JspServlet.java:379)
		at org.apache.jasper.servlet.JspServlet.service(JspServlet.java:327)
		at javax.servlet.http.HttpServlet.service(HttpServlet.java:623)
		at org.apache.catalina.core.ApplicationFilterChain.internalDoFilter(ApplicationFilterChain.java:209)
		at org.apache.catalina.core.ApplicationFilterChain.doFilter(ApplicationFilterChain.java:153)
		at org.apache.tomcat.websocket.server.WsFilter.doFilter(WsFilter.java:51)
		at org.apache.catalina.core.ApplicationFilterChain.internalDoFilter(ApplicationFilterChain.java:178)
		at org.apache.catalina.core.ApplicationFilterChain.doFilter(ApplicationFilterChain.java:153)
		at org.apache.catalina.core.ApplicationDispatcher.invoke(ApplicationDispatcher.java:661)
		at org.apache.catalina.core.ApplicationDispatcher.processRequest(ApplicationDispatcher.java:425)
		at org.apache.catalina.core.ApplicationDispatcher.doForward(ApplicationDispatcher.java:357)
		at org.apache.catalina.core.ApplicationDispatcher.forward(ApplicationDispatcher.java:294)
		at servlets.SvUsuarios.doGet(SvUsuarios.java:33)
		at javax.servlet.http.HttpServlet.service(HttpServlet.java:529)
		at javax.servlet.http.HttpServlet.service(HttpServlet.java:623)
		at org.apache.catalina.core.ApplicationFilterChain.internalDoFilter(ApplicationFilterChain.java:209)
		at org.apache.catalina.core.ApplicationFilterChain.doFilter(ApplicationFilterChain.java:153)
		at org.apache.tomcat.websocket.server.WsFilter.doFilter(WsFilter.java:51)
		at org.apache.catalina.core.ApplicationFilterChain.internalDoFilter(ApplicationFilterChain.java:178)
		at org.apache.catalina.core.ApplicationFilterChain.doFilter(ApplicationFilterChain.java:153)
		at org.apache.catalina.core.StandardWrapperValve.invoke(StandardWrapperValve.java:168)
		at org.apache.catalina.core.StandardContextValve.invoke(StandardContextValve.java:90)
		at org.apache.catalina.authenticator.AuthenticatorBase.invoke(AuthenticatorBase.java:481)
		at org.apache.catalina.core.StandardHostValve.invoke(StandardHostValve.java:130)
		at org.apache.catalina.valves.ErrorReportValve.invoke(ErrorReportValve.java:93)
		at org.apache.catalina.valves.AbstractAccessLogValve.invoke(AbstractAccessLogValve.java:670)
		at org.apache.catalina.core.StandardEngineValve.invoke(StandardEngineValve.java:74)
		at org.apache.catalina.connector.CoyoteAdapter.service(CoyoteAdapter.java:343)
		at org.apache.coyote.http11.Http11Processor.service(Http11Processor.java:390)
		at org.apache.coyote.AbstractProcessorLight.process(AbstractProcessorLight.java:63)
		at org.apache.coyote.AbstractProtocol$ConnectionHandler.process(AbstractProtocol.java:926)
		at org.apache.tomcat.util.net.NioEndpoint$SocketProcessor.doRun(NioEndpoint.java:1790)
		at org.apache.tomcat.util.net.SocketProcessorBase.run(SocketProcessorBase.java:52)
		at org.apache.tomcat.util.threads.ThreadPoolExecutor.runWorker(ThreadPoolExecutor.java:1191)
		at org.apache.tomcat.util.threads.ThreadPoolExecutor$Worker.run(ThreadPoolExecutor.java:659)
		at org.apache.tomcat.util.threads.TaskThread$WrappingRunnable.run(TaskThread.java:61)
		at java.base/java.lang.Thread.run(Thread.java:829)
18-Nov-2023 16:12:37.416 GRAVE [http-nio-8080-exec-24] org.apache.catalina.core.StandardWrapperValve.invoke El Servlet.service() para el servlet [SvUsuarios] en el contexto con ruta [/LABPAPP_WEB] lanzó la excepción [Ha sucedido una excepción al procesar la página JSP [/Components/bodyPrincipal.jsp] en línea [18]

15: 
16:     if (logged) {
17:         nick = (String) session.getAttribute("nick");
18:         usuarioLoggeado = sys2.verInfoUsuarioNick(nick);
19:   
20:     }
21:     


Stacktrace:] con causa raíz
	com.sun.xml.ws.fault.ServerSOAPFaultException: Client received SOAP Fault from server: 
Exception Description: Transaction is currently active Please see the server log to find more detail regarding exact cause of the failure.
		at com.sun.xml.ws.fault.SOAP11Fault.getProtocolException(SOAP11Fault.java:163)
		at com.sun.xml.ws.fault.SOAPFaultBuilder.createException(SOAPFaultBuilder.java:95)
		at com.sun.xml.ws.client.sei.StubHandler.readResponse(StubHandler.java:223)
		at com.sun.xml.ws.db.DatabindingImpl.deserializeResponse(DatabindingImpl.java:176)
		at com.sun.xml.ws.db.DatabindingImpl.deserializeResponse(DatabindingImpl.java:263)
		at com.sun.xml.ws.client.sei.SyncMethodHandler.invoke(SyncMethodHandler.java:88)
		at com.sun.xml.ws.client.sei.SyncMethodHandler.invoke(SyncMethodHandler.java:61)
		at com.sun.xml.ws.client.sei.SEIStub.invoke(SEIStub.java:131)
		at com.sun.proxy.$Proxy313.verInfoUsuarioNick(Unknown Source)
		at controladores.Sistema.verInfoUsuarioNick(Sistema.java:172)
		at org.apache.jsp.usuarios_jsp._jspService(usuarios_jsp.java:177)
		at org.apache.jasper.runtime.HttpJspBase.service(HttpJspBase.java:70)
		at javax.servlet.http.HttpServlet.service(HttpServlet.java:623)
		at org.apache.jasper.servlet.JspServletWrapper.service(JspServletWrapper.java:466)
		at org.apache.jasper.servlet.JspServlet.serviceJspFile(JspServlet.java:379)
		at org.apache.jasper.servlet.JspServlet.service(JspServlet.java:327)
		at javax.servlet.http.HttpServlet.service(HttpServlet.java:623)
		at org.apache.catalina.core.ApplicationFilterChain.internalDoFilter(ApplicationFilterChain.java:209)
		at org.apache.catalina.core.ApplicationFilterChain.doFilter(ApplicationFilterChain.java:153)
		at org.apache.tomcat.websocket.server.WsFilter.doFilter(WsFilter.java:51)
		at org.apache.catalina.core.ApplicationFilterChain.internalDoFilter(ApplicationFilterChain.java:178)
		at org.apache.catalina.core.ApplicationFilterChain.doFilter(ApplicationFilterChain.java:153)
		at org.apache.catalina.core.ApplicationDispatcher.invoke(ApplicationDispatcher.java:661)
		at org.apache.catalina.core.ApplicationDispatcher.processRequest(ApplicationDispatcher.java:425)
		at org.apache.catalina.core.ApplicationDispatcher.doForward(ApplicationDispatcher.java:357)
		at org.apache.catalina.core.ApplicationDispatcher.forward(ApplicationDispatcher.java:294)
		at servlets.SvUsuarios.doGet(SvUsuarios.java:33)
		at javax.servlet.http.HttpServlet.service(HttpServlet.java:529)
		at javax.servlet.http.HttpServlet.service(HttpServlet.java:623)
		at org.apache.catalina.core.ApplicationFilterChain.internalDoFilter(ApplicationFilterChain.java:209)
		at org.apache.catalina.core.ApplicationFilterChain.doFilter(ApplicationFilterChain.java:153)
		at org.apache.tomcat.websocket.server.WsFilter.doFilter(WsFilter.java:51)
		at org.apache.catalina.core.ApplicationFilterChain.internalDoFilter(ApplicationFilterChain.java:178)
		at org.apache.catalina.core.ApplicationFilterChain.doFilter(ApplicationFilterChain.java:153)
		at org.apache.catalina.core.StandardWrapperValve.invoke(StandardWrapperValve.java:168)
		at org.apache.catalina.core.StandardContextValve.invoke(StandardContextValve.java:90)
		at org.apache.catalina.authenticator.AuthenticatorBase.invoke(AuthenticatorBase.java:481)
		at org.apache.catalina.core.StandardHostValve.invoke(StandardHostValve.java:130)
		at org.apache.catalina.valves.ErrorReportValve.invoke(ErrorReportValve.java:93)
		at org.apache.catalina.valves.AbstractAccessLogValve.invoke(AbstractAccessLogValve.java:670)
		at org.apache.catalina.core.StandardEngineValve.invoke(StandardEngineValve.java:74)
		at org.apache.catalina.connector.CoyoteAdapter.service(CoyoteAdapter.java:343)
		at org.apache.coyote.http11.Http11Processor.service(Http11Processor.java:390)
		at org.apache.coyote.AbstractProcessorLight.process(AbstractProcessorLight.java:63)
		at org.apache.coyote.AbstractProtocol$ConnectionHandler.process(AbstractProtocol.java:926)
		at org.apache.tomcat.util.net.NioEndpoint$SocketProcessor.doRun(NioEndpoint.java:1790)
		at org.apache.tomcat.util.net.SocketProcessorBase.run(SocketProcessorBase.java:52)
		at org.apache.tomcat.util.threads.ThreadPoolExecutor.runWorker(ThreadPoolExecutor.java:1191)
		at org.apache.tomcat.util.threads.ThreadPoolExecutor$Worker.run(ThreadPoolExecutor.java:659)
		at org.apache.tomcat.util.threads.TaskThread$WrappingRunnable.run(TaskThread.java:61)
		at java.base/java.lang.Thread.run(Thread.java:829)
18-Nov-2023 16:13:32.354 GRAVE [http-nio-8080-exec-37] org.apache.catalina.core.ApplicationDispatcher.invoke El Servlet.service() para servlet [jsp] lanzó una excepción
	com.sun.xml.ws.fault.ServerSOAPFaultException: Client received SOAP Fault from server: 
Exception Description: Transaction is currently active Please see the server log to find more detail regarding exact cause of the failure.
		at com.sun.xml.ws.fault.SOAP11Fault.getProtocolException(SOAP11Fault.java:163)
		at com.sun.xml.ws.fault.SOAPFaultBuilder.createException(SOAPFaultBuilder.java:95)
		at com.sun.xml.ws.client.sei.StubHandler.readResponse(StubHandler.java:223)
		at com.sun.xml.ws.db.DatabindingImpl.deserializeResponse(DatabindingImpl.java:176)
		at com.sun.xml.ws.db.DatabindingImpl.deserializeResponse(DatabindingImpl.java:263)
		at com.sun.xml.ws.client.sei.SyncMethodHandler.invoke(SyncMethodHandler.java:88)
		at com.sun.xml.ws.client.sei.SyncMethodHandler.invoke(SyncMethodHandler.java:61)
		at com.sun.xml.ws.client.sei.SEIStub.invoke(SEIStub.java:131)
		at com.sun.proxy.$Proxy455.verInfoUsuarioNick(Unknown Source)
		at controladores.Sistema.verInfoUsuarioNick(Sistema.java:172)
		at org.apache.jsp.consultausuario_jsp._jspService(consultausuario_jsp.java:207)
		at org.apache.jasper.runtime.HttpJspBase.service(HttpJspBase.java:70)
		at javax.servlet.http.HttpServlet.service(HttpServlet.java:623)
		at org.apache.jasper.servlet.JspServletWrapper.service(JspServletWrapper.java:466)
		at org.apache.jasper.servlet.JspServlet.serviceJspFile(JspServlet.java:379)
		at org.apache.jasper.servlet.JspServlet.service(JspServlet.java:327)
		at javax.servlet.http.HttpServlet.service(HttpServlet.java:623)
		at org.apache.catalina.core.ApplicationFilterChain.internalDoFilter(ApplicationFilterChain.java:209)
		at org.apache.catalina.core.ApplicationFilterChain.doFilter(ApplicationFilterChain.java:153)
		at org.apache.tomcat.websocket.server.WsFilter.doFilter(WsFilter.java:51)
		at org.apache.catalina.core.ApplicationFilterChain.internalDoFilter(ApplicationFilterChain.java:178)
		at org.apache.catalina.core.ApplicationFilterChain.doFilter(ApplicationFilterChain.java:153)
		at org.apache.catalina.core.ApplicationDispatcher.invoke(ApplicationDispatcher.java:661)
		at org.apache.catalina.core.ApplicationDispatcher.processRequest(ApplicationDispatcher.java:425)
		at org.apache.catalina.core.ApplicationDispatcher.doForward(ApplicationDispatcher.java:357)
		at org.apache.catalina.core.ApplicationDispatcher.forward(ApplicationDispatcher.java:294)
		at servlets.SvConsultaUsr.doGet(SvConsultaUsr.java:23)
		at javax.servlet.http.HttpServlet.service(HttpServlet.java:529)
		at javax.servlet.http.HttpServlet.service(HttpServlet.java:623)
		at org.apache.catalina.core.ApplicationFilterChain.internalDoFilter(ApplicationFilterChain.java:209)
		at org.apache.catalina.core.ApplicationFilterChain.doFilter(ApplicationFilterChain.java:153)
		at org.apache.tomcat.websocket.server.WsFilter.doFilter(WsFilter.java:51)
		at org.apache.catalina.core.ApplicationFilterChain.internalDoFilter(ApplicationFilterChain.java:178)
		at org.apache.catalina.core.ApplicationFilterChain.doFilter(ApplicationFilterChain.java:153)
		at org.apache.catalina.core.StandardWrapperValve.invoke(StandardWrapperValve.java:168)
		at org.apache.catalina.core.StandardContextValve.invoke(StandardContextValve.java:90)
		at org.apache.catalina.authenticator.AuthenticatorBase.invoke(AuthenticatorBase.java:481)
		at org.apache.catalina.core.StandardHostValve.invoke(StandardHostValve.java:130)
		at org.apache.catalina.valves.ErrorReportValve.invoke(ErrorReportValve.java:93)
		at org.apache.catalina.valves.AbstractAccessLogValve.invoke(AbstractAccessLogValve.java:670)
		at org.apache.catalina.core.StandardEngineValve.invoke(StandardEngineValve.java:74)
		at org.apache.catalina.connector.CoyoteAdapter.service(CoyoteAdapter.java:343)
		at org.apache.coyote.http11.Http11Processor.service(Http11Processor.java:390)
		at org.apache.coyote.AbstractProcessorLight.process(AbstractProcessorLight.java:63)
		at org.apache.coyote.AbstractProtocol$ConnectionHandler.process(AbstractProtocol.java:926)
		at org.apache.tomcat.util.net.NioEndpoint$SocketProcessor.doRun(NioEndpoint.java:1790)
		at org.apache.tomcat.util.net.SocketProcessorBase.run(SocketProcessorBase.java:52)
		at org.apache.tomcat.util.threads.ThreadPoolExecutor.runWorker(ThreadPoolExecutor.java:1191)
		at org.apache.tomcat.util.threads.ThreadPoolExecutor$Worker.run(ThreadPoolExecutor.java:659)
		at org.apache.tomcat.util.threads.TaskThread$WrappingRunnable.run(TaskThread.java:61)
		at java.base/java.lang.Thread.run(Thread.java:829)
18-Nov-2023 16:13:32.366 GRAVE [http-nio-8080-exec-37] org.apache.catalina.core.StandardWrapperValve.invoke El Servlet.service() para el servlet [SvConsultaUsr] en el contexto con ruta [/LABPAPP_WEB] lanzó la excepción [Ha sucedido una excepción al procesar la página JSP [/Components/bodyPrincipal.jsp] en línea [18]

15: 
16:     if (logged) {
17:         nick = (String) session.getAttribute("nick");
18:         usuarioLoggeado = sys2.verInfoUsuarioNick(nick);
19:   
20:     }
21:     


Stacktrace:] con causa raíz
	com.sun.xml.ws.fault.ServerSOAPFaultException: Client received SOAP Fault from server: 
Exception Description: Transaction is currently active Please see the server log to find more detail regarding exact cause of the failure.
		at com.sun.xml.ws.fault.SOAP11Fault.getProtocolException(SOAP11Fault.java:163)
		at com.sun.xml.ws.fault.SOAPFaultBuilder.createException(SOAPFaultBuilder.java:95)
		at com.sun.xml.ws.client.sei.StubHandler.readResponse(StubHandler.java:223)
		at com.sun.xml.ws.db.DatabindingImpl.deserializeResponse(DatabindingImpl.java:176)
		at com.sun.xml.ws.db.DatabindingImpl.deserializeResponse(DatabindingImpl.java:263)
		at com.sun.xml.ws.client.sei.SyncMethodHandler.invoke(SyncMethodHandler.java:88)
		at com.sun.xml.ws.client.sei.SyncMethodHandler.invoke(SyncMethodHandler.java:61)
		at com.sun.xml.ws.client.sei.SEIStub.invoke(SEIStub.java:131)
		at com.sun.proxy.$Proxy455.verInfoUsuarioNick(Unknown Source)
		at controladores.Sistema.verInfoUsuarioNick(Sistema.java:172)
		at org.apache.jsp.consultausuario_jsp._jspService(consultausuario_jsp.java:207)
		at org.apache.jasper.runtime.HttpJspBase.service(HttpJspBase.java:70)
		at javax.servlet.http.HttpServlet.service(HttpServlet.java:623)
		at org.apache.jasper.servlet.JspServletWrapper.service(JspServletWrapper.java:466)
		at org.apache.jasper.servlet.JspServlet.serviceJspFile(JspServlet.java:379)
		at org.apache.jasper.servlet.JspServlet.service(JspServlet.java:327)
		at javax.servlet.http.HttpServlet.service(HttpServlet.java:623)
		at org.apache.catalina.core.ApplicationFilterChain.internalDoFilter(ApplicationFilterChain.java:209)
		at org.apache.catalina.core.ApplicationFilterChain.doFilter(ApplicationFilterChain.java:153)
		at org.apache.tomcat.websocket.server.WsFilter.doFilter(WsFilter.java:51)
		at org.apache.catalina.core.ApplicationFilterChain.internalDoFilter(ApplicationFilterChain.java:178)
		at org.apache.catalina.core.ApplicationFilterChain.doFilter(ApplicationFilterChain.java:153)
		at org.apache.catalina.core.ApplicationDispatcher.invoke(ApplicationDispatcher.java:661)
		at org.apache.catalina.core.ApplicationDispatcher.processRequest(ApplicationDispatcher.java:425)
		at org.apache.catalina.core.ApplicationDispatcher.doForward(ApplicationDispatcher.java:357)
		at org.apache.catalina.core.ApplicationDispatcher.forward(ApplicationDispatcher.java:294)
		at servlets.SvConsultaUsr.doGet(SvConsultaUsr.java:23)
		at javax.servlet.http.HttpServlet.service(HttpServlet.java:529)
		at javax.servlet.http.HttpServlet.service(HttpServlet.java:623)
		at org.apache.catalina.core.ApplicationFilterChain.internalDoFilter(ApplicationFilterChain.java:209)
		at org.apache.catalina.core.ApplicationFilterChain.doFilter(ApplicationFilterChain.java:153)
		at org.apache.tomcat.websocket.server.WsFilter.doFilter(WsFilter.java:51)
		at org.apache.catalina.core.ApplicationFilterChain.internalDoFilter(ApplicationFilterChain.java:178)
		at org.apache.catalina.core.ApplicationFilterChain.doFilter(ApplicationFilterChain.java:153)
		at org.apache.catalina.core.StandardWrapperValve.invoke(StandardWrapperValve.java:168)
		at org.apache.catalina.core.StandardContextValve.invoke(StandardContextValve.java:90)
		at org.apache.catalina.authenticator.AuthenticatorBase.invoke(AuthenticatorBase.java:481)
		at org.apache.catalina.core.StandardHostValve.invoke(StandardHostValve.java:130)
		at org.apache.catalina.valves.ErrorReportValve.invoke(ErrorReportValve.java:93)
		at org.apache.catalina.valves.AbstractAccessLogValve.invoke(AbstractAccessLogValve.java:670)
		at org.apache.catalina.core.StandardEngineValve.invoke(StandardEngineValve.java:74)
		at org.apache.catalina.connector.CoyoteAdapter.service(CoyoteAdapter.java:343)
		at org.apache.coyote.http11.Http11Processor.service(Http11Processor.java:390)
		at org.apache.coyote.AbstractProcessorLight.process(AbstractProcessorLight.java:63)
		at org.apache.coyote.AbstractProtocol$ConnectionHandler.process(AbstractProtocol.java:926)
		at org.apache.tomcat.util.net.NioEndpoint$SocketProcessor.doRun(NioEndpoint.java:1790)
		at org.apache.tomcat.util.net.SocketProcessorBase.run(SocketProcessorBase.java:52)
		at org.apache.tomcat.util.threads.ThreadPoolExecutor.runWorker(ThreadPoolExecutor.java:1191)
		at org.apache.tomcat.util.threads.ThreadPoolExecutor$Worker.run(ThreadPoolExecutor.java:659)
		at org.apache.tomcat.util.threads.TaskThread$WrappingRunnable.run(TaskThread.java:61)
		at java.base/java.lang.Thread.run(Thread.java:829)
18-Nov-2023 16:15:29.667 GRAVE [http-nio-8080-exec-52] org.apache.catalina.core.ApplicationDispatcher.invoke El Servlet.service() para servlet [jsp] lanzó una excepción
	com.sun.xml.ws.fault.ServerSOAPFaultException: Client received SOAP Fault from server: 
Exception Description: Transaction is currently active Please see the server log to find more detail regarding exact cause of the failure.
		at com.sun.xml.ws.fault.SOAP11Fault.getProtocolException(SOAP11Fault.java:163)
		at com.sun.xml.ws.fault.SOAPFaultBuilder.createException(SOAPFaultBuilder.java:95)
		at com.sun.xml.ws.client.sei.StubHandler.readResponse(StubHandler.java:223)
		at com.sun.xml.ws.db.DatabindingImpl.deserializeResponse(DatabindingImpl.java:176)
		at com.sun.xml.ws.db.DatabindingImpl.deserializeResponse(DatabindingImpl.java:263)
		at com.sun.xml.ws.client.sei.SyncMethodHandler.invoke(SyncMethodHandler.java:88)
		at com.sun.xml.ws.client.sei.SyncMethodHandler.invoke(SyncMethodHandler.java:61)
		at com.sun.xml.ws.client.sei.SEIStub.invoke(SEIStub.java:131)
		at com.sun.proxy.$Proxy597.verInfoUsuarioNick(Unknown Source)
		at controladores.Sistema.verInfoUsuarioNick(Sistema.java:172)
		at org.apache.jsp.consultausuario_jsp._jspService(consultausuario_jsp.java:207)
		at org.apache.jasper.runtime.HttpJspBase.service(HttpJspBase.java:70)
		at javax.servlet.http.HttpServlet.service(HttpServlet.java:623)
		at org.apache.jasper.servlet.JspServletWrapper.service(JspServletWrapper.java:466)
		at org.apache.jasper.servlet.JspServlet.serviceJspFile(JspServlet.java:379)
		at org.apache.jasper.servlet.JspServlet.service(JspServlet.java:327)
		at javax.servlet.http.HttpServlet.service(HttpServlet.java:623)
		at org.apache.catalina.core.ApplicationFilterChain.internalDoFilter(ApplicationFilterChain.java:209)
		at org.apache.catalina.core.ApplicationFilterChain.doFilter(ApplicationFilterChain.java:153)
		at org.apache.tomcat.websocket.server.WsFilter.doFilter(WsFilter.java:51)
		at org.apache.catalina.core.ApplicationFilterChain.internalDoFilter(ApplicationFilterChain.java:178)
		at org.apache.catalina.core.ApplicationFilterChain.doFilter(ApplicationFilterChain.java:153)
		at org.apache.catalina.core.ApplicationDispatcher.invoke(ApplicationDispatcher.java:661)
		at org.apache.catalina.core.ApplicationDispatcher.processRequest(ApplicationDispatcher.java:425)
		at org.apache.catalina.core.ApplicationDispatcher.doForward(ApplicationDispatcher.java:357)
		at org.apache.catalina.core.ApplicationDispatcher.forward(ApplicationDispatcher.java:294)
		at servlets.SvConsultaUsr.doGet(SvConsultaUsr.java:23)
		at javax.servlet.http.HttpServlet.service(HttpServlet.java:529)
		at javax.servlet.http.HttpServlet.service(HttpServlet.java:623)
		at org.apache.catalina.core.ApplicationFilterChain.internalDoFilter(ApplicationFilterChain.java:209)
		at org.apache.catalina.core.ApplicationFilterChain.doFilter(ApplicationFilterChain.java:153)
		at org.apache.tomcat.websocket.server.WsFilter.doFilter(WsFilter.java:51)
		at org.apache.catalina.core.ApplicationFilterChain.internalDoFilter(ApplicationFilterChain.java:178)
		at org.apache.catalina.core.ApplicationFilterChain.doFilter(ApplicationFilterChain.java:153)
		at org.apache.catalina.core.StandardWrapperValve.invoke(StandardWrapperValve.java:168)
		at org.apache.catalina.core.StandardContextValve.invoke(StandardContextValve.java:90)
		at org.apache.catalina.authenticator.AuthenticatorBase.invoke(AuthenticatorBase.java:481)
		at org.apache.catalina.core.StandardHostValve.invoke(StandardHostValve.java:130)
		at org.apache.catalina.valves.ErrorReportValve.invoke(ErrorReportValve.java:93)
		at org.apache.catalina.valves.AbstractAccessLogValve.invoke(AbstractAccessLogValve.java:670)
		at org.apache.catalina.core.StandardEngineValve.invoke(StandardEngineValve.java:74)
		at org.apache.catalina.connector.CoyoteAdapter.service(CoyoteAdapter.java:343)
		at org.apache.coyote.http11.Http11Processor.service(Http11Processor.java:390)
		at org.apache.coyote.AbstractProcessorLight.process(AbstractProcessorLight.java:63)
		at org.apache.coyote.AbstractProtocol$ConnectionHandler.process(AbstractProtocol.java:926)
		at org.apache.tomcat.util.net.NioEndpoint$SocketProcessor.doRun(NioEndpoint.java:1790)
		at org.apache.tomcat.util.net.SocketProcessorBase.run(SocketProcessorBase.java:52)
		at org.apache.tomcat.util.threads.ThreadPoolExecutor.runWorker(ThreadPoolExecutor.java:1191)
		at org.apache.tomcat.util.threads.ThreadPoolExecutor$Worker.run(ThreadPoolExecutor.java:659)
		at org.apache.tomcat.util.threads.TaskThread$WrappingRunnable.run(TaskThread.java:61)
		at java.base/java.lang.Thread.run(Thread.java:829)
18-Nov-2023 16:15:29.669 GRAVE [http-nio-8080-exec-52] org.apache.catalina.core.StandardWrapperValve.invoke El Servlet.service() para el servlet [SvConsultaUsr] en el contexto con ruta [/LABPAPP_WEB] lanzó la excepción [Ha sucedido una excepción al procesar la página JSP [/Components/bodyPrincipal.jsp] en línea [18]

15: 
16:     if (logged) {
17:         nick = (String) session.getAttribute("nick");
18:         usuarioLoggeado = sys2.verInfoUsuarioNick(nick);
19:   
20:     }
21:     


Stacktrace:] con causa raíz
	com.sun.xml.ws.fault.ServerSOAPFaultException: Client received SOAP Fault from server: 
Exception Description: Transaction is currently active Please see the server log to find more detail regarding exact cause of the failure.
		at com.sun.xml.ws.fault.SOAP11Fault.getProtocolException(SOAP11Fault.java:163)
		at com.sun.xml.ws.fault.SOAPFaultBuilder.createException(SOAPFaultBuilder.java:95)
		at com.sun.xml.ws.client.sei.StubHandler.readResponse(StubHandler.java:223)
		at com.sun.xml.ws.db.DatabindingImpl.deserializeResponse(DatabindingImpl.java:176)
		at com.sun.xml.ws.db.DatabindingImpl.deserializeResponse(DatabindingImpl.java:263)
		at com.sun.xml.ws.client.sei.SyncMethodHandler.invoke(SyncMethodHandler.java:88)
		at com.sun.xml.ws.client.sei.SyncMethodHandler.invoke(SyncMethodHandler.java:61)
		at com.sun.xml.ws.client.sei.SEIStub.invoke(SEIStub.java:131)
		at com.sun.proxy.$Proxy597.verInfoUsuarioNick(Unknown Source)
		at controladores.Sistema.verInfoUsuarioNick(Sistema.java:172)
		at org.apache.jsp.consultausuario_jsp._jspService(consultausuario_jsp.java:207)
		at org.apache.jasper.runtime.HttpJspBase.service(HttpJspBase.java:70)
		at javax.servlet.http.HttpServlet.service(HttpServlet.java:623)
		at org.apache.jasper.servlet.JspServletWrapper.service(JspServletWrapper.java:466)
		at org.apache.jasper.servlet.JspServlet.serviceJspFile(JspServlet.java:379)
		at org.apache.jasper.servlet.JspServlet.service(JspServlet.java:327)
		at javax.servlet.http.HttpServlet.service(HttpServlet.java:623)
		at org.apache.catalina.core.ApplicationFilterChain.internalDoFilter(ApplicationFilterChain.java:209)
		at org.apache.catalina.core.ApplicationFilterChain.doFilter(ApplicationFilterChain.java:153)
		at org.apache.tomcat.websocket.server.WsFilter.doFilter(WsFilter.java:51)
		at org.apache.catalina.core.ApplicationFilterChain.internalDoFilter(ApplicationFilterChain.java:178)
		at org.apache.catalina.core.ApplicationFilterChain.doFilter(ApplicationFilterChain.java:153)
		at org.apache.catalina.core.ApplicationDispatcher.invoke(ApplicationDispatcher.java:661)
		at org.apache.catalina.core.ApplicationDispatcher.processRequest(ApplicationDispatcher.java:425)
		at org.apache.catalina.core.ApplicationDispatcher.doForward(ApplicationDispatcher.java:357)
		at org.apache.catalina.core.ApplicationDispatcher.forward(ApplicationDispatcher.java:294)
		at servlets.SvConsultaUsr.doGet(SvConsultaUsr.java:23)
		at javax.servlet.http.HttpServlet.service(HttpServlet.java:529)
		at javax.servlet.http.HttpServlet.service(HttpServlet.java:623)
		at org.apache.catalina.core.ApplicationFilterChain.internalDoFilter(ApplicationFilterChain.java:209)
		at org.apache.catalina.core.ApplicationFilterChain.doFilter(ApplicationFilterChain.java:153)
		at org.apache.tomcat.websocket.server.WsFilter.doFilter(WsFilter.java:51)
		at org.apache.catalina.core.ApplicationFilterChain.internalDoFilter(ApplicationFilterChain.java:178)
		at org.apache.catalina.core.ApplicationFilterChain.doFilter(ApplicationFilterChain.java:153)
		at org.apache.catalina.core.StandardWrapperValve.invoke(StandardWrapperValve.java:168)
		at org.apache.catalina.core.StandardContextValve.invoke(StandardContextValve.java:90)
		at org.apache.catalina.authenticator.AuthenticatorBase.invoke(AuthenticatorBase.java:481)
		at org.apache.catalina.core.StandardHostValve.invoke(StandardHostValve.java:130)
		at org.apache.catalina.valves.ErrorReportValve.invoke(ErrorReportValve.java:93)
		at org.apache.catalina.valves.AbstractAccessLogValve.invoke(AbstractAccessLogValve.java:670)
		at org.apache.catalina.core.StandardEngineValve.invoke(StandardEngineValve.java:74)
		at org.apache.catalina.connector.CoyoteAdapter.service(CoyoteAdapter.java:343)
		at org.apache.coyote.http11.Http11Processor.service(Http11Processor.java:390)
		at org.apache.coyote.AbstractProcessorLight.process(AbstractProcessorLight.java:63)
		at org.apache.coyote.AbstractProtocol$ConnectionHandler.process(AbstractProtocol.java:926)
		at org.apache.tomcat.util.net.NioEndpoint$SocketProcessor.doRun(NioEndpoint.java:1790)
		at org.apache.tomcat.util.net.SocketProcessorBase.run(SocketProcessorBase.java:52)
		at org.apache.tomcat.util.threads.ThreadPoolExecutor.runWorker(ThreadPoolExecutor.java:1191)
		at org.apache.tomcat.util.threads.ThreadPoolExecutor$Worker.run(ThreadPoolExecutor.java:659)
		at org.apache.tomcat.util.threads.TaskThread$WrappingRunnable.run(TaskThread.java:61)
		at java.base/java.lang.Thread.run(Thread.java:829)
18-Nov-2023 16:17:00.492 INFORMACIÓN [main] org.apache.catalina.core.ApplicationContext.log SessionListener: contextDestroyed()
18-Nov-2023 16:17:00.492 INFORMACIÓN [main] org.apache.catalina.core.ApplicationContext.log ContextListener: contextDestroyed()
18-Nov-2023 16:18:15.671 INFORMACIÓN [main] org.apache.catalina.core.ApplicationContext.log ContextListener: contextInitialized()
18-Nov-2023 16:18:15.671 INFORMACIÓN [main] org.apache.catalina.core.ApplicationContext.log SessionListener: contextInitialized()
18-Nov-2023 16:18:15.673 INFORMACIÓN [main] org.apache.catalina.core.ApplicationContext.log ContextListener: attributeAdded('StockTicker', 'async.Stockticker@51b2414')
18-Nov-2023 16:18:49.555 INFORMACIÓN [Thread-1] org.apache.catalina.core.ApplicationContext.log SessionListener: contextDestroyed()
18-Nov-2023 16:18:49.557 INFORMACIÓN [Thread-1] org.apache.catalina.core.ApplicationContext.log ContextListener: contextDestroyed()
18-Nov-2023 16:21:04.846 INFORMACIÓN [main] org.apache.catalina.core.ApplicationContext.log ContextListener: contextInitialized()
18-Nov-2023 16:21:04.846 INFORMACIÓN [main] org.apache.catalina.core.ApplicationContext.log SessionListener: contextInitialized()
18-Nov-2023 16:21:04.854 INFORMACIÓN [main] org.apache.catalina.core.ApplicationContext.log ContextListener: attributeAdded('StockTicker', 'async.Stockticker@812394f')
18-Nov-2023 16:33:39.186 GRAVE [http-nio-8080-exec-33] org.apache.catalina.core.ApplicationDispatcher.invoke El Servlet.service() para servlet [jsp] lanzó una excepción
	com.sun.xml.ws.fault.ServerSOAPFaultException: Client received SOAP Fault from server: Exception [EclipseLink-4002] (Eclipse Persistence Services - 2.7.12.v20230209-e5c4074ef3): org.eclipse.persistence.exceptions.DatabaseException
Internal Exception: java.sql.SQLIntegrityConstraintViolationException: Duplicate entry 'mirtha.legrand.ok@hotmail.com.ar-eldiez@socfomturriv.org.uy' for key 'USUARIOS_SEGUIDOS.PRIMARY'
Error Code: 1062
Call: INSERT INTO USUARIOS_SEGUIDOS (CORREO_SEGUIDO, CORREO_SEGUIDOR) VALUES (?, ?)
	bind => [2 parameters bound]
Query: DataModifyQuery(name="seguidos" sql="INSERT INTO USUARIOS_SEGUIDOS (CORREO_SEGUIDO, CORREO_SEGUIDOR) VALUES (?, ?)") Please see the server log to find more detail regarding exact cause of the failure.
		at com.sun.xml.ws.fault.SOAP11Fault.getProtocolException(SOAP11Fault.java:163)
		at com.sun.xml.ws.fault.SOAPFaultBuilder.createException(SOAPFaultBuilder.java:95)
		at com.sun.xml.ws.client.sei.StubHandler.readResponse(StubHandler.java:223)
		at com.sun.xml.ws.db.DatabindingImpl.deserializeResponse(DatabindingImpl.java:176)
		at com.sun.xml.ws.db.DatabindingImpl.deserializeResponse(DatabindingImpl.java:263)
		at com.sun.xml.ws.client.sei.SyncMethodHandler.invoke(SyncMethodHandler.java:88)
		at com.sun.xml.ws.client.sei.SyncMethodHandler.invoke(SyncMethodHandler.java:61)
		at com.sun.xml.ws.client.sei.SEIStub.invoke(SEIStub.java:131)
		at com.sun.proxy.$Proxy352.verInfoUsuarioNick(Unknown Source)
		at controladores.Sistema.verInfoUsuarioNick(Sistema.java:172)
		at org.apache.jsp.consultausuario_jsp._jspService(consultausuario_jsp.java:207)
		at org.apache.jasper.runtime.HttpJspBase.service(HttpJspBase.java:70)
		at javax.servlet.http.HttpServlet.service(HttpServlet.java:623)
		at org.apache.jasper.servlet.JspServletWrapper.service(JspServletWrapper.java:466)
		at org.apache.jasper.servlet.JspServlet.serviceJspFile(JspServlet.java:379)
		at org.apache.jasper.servlet.JspServlet.service(JspServlet.java:327)
		at javax.servlet.http.HttpServlet.service(HttpServlet.java:623)
		at org.apache.catalina.core.ApplicationFilterChain.internalDoFilter(ApplicationFilterChain.java:209)
		at org.apache.catalina.core.ApplicationFilterChain.doFilter(ApplicationFilterChain.java:153)
		at org.apache.tomcat.websocket.server.WsFilter.doFilter(WsFilter.java:51)
		at org.apache.catalina.core.ApplicationFilterChain.internalDoFilter(ApplicationFilterChain.java:178)
		at org.apache.catalina.core.ApplicationFilterChain.doFilter(ApplicationFilterChain.java:153)
		at org.apache.catalina.core.ApplicationDispatcher.invoke(ApplicationDispatcher.java:661)
		at org.apache.catalina.core.ApplicationDispatcher.processRequest(ApplicationDispatcher.java:425)
		at org.apache.catalina.core.ApplicationDispatcher.doForward(ApplicationDispatcher.java:357)
		at org.apache.catalina.core.ApplicationDispatcher.forward(ApplicationDispatcher.java:294)
		at servlets.SvConsultaUsr.doGet(SvConsultaUsr.java:23)
		at javax.servlet.http.HttpServlet.service(HttpServlet.java:529)
		at javax.servlet.http.HttpServlet.service(HttpServlet.java:623)
		at org.apache.catalina.core.ApplicationFilterChain.internalDoFilter(ApplicationFilterChain.java:209)
		at org.apache.catalina.core.ApplicationFilterChain.doFilter(ApplicationFilterChain.java:153)
		at org.apache.tomcat.websocket.server.WsFilter.doFilter(WsFilter.java:51)
		at org.apache.catalina.core.ApplicationFilterChain.internalDoFilter(ApplicationFilterChain.java:178)
		at org.apache.catalina.core.ApplicationFilterChain.doFilter(ApplicationFilterChain.java:153)
		at org.apache.catalina.core.StandardWrapperValve.invoke(StandardWrapperValve.java:168)
		at org.apache.catalina.core.StandardContextValve.invoke(StandardContextValve.java:90)
		at org.apache.catalina.authenticator.AuthenticatorBase.invoke(AuthenticatorBase.java:481)
		at org.apache.catalina.core.StandardHostValve.invoke(StandardHostValve.java:130)
		at org.apache.catalina.valves.ErrorReportValve.invoke(ErrorReportValve.java:93)
		at org.apache.catalina.valves.AbstractAccessLogValve.invoke(AbstractAccessLogValve.java:670)
		at org.apache.catalina.core.StandardEngineValve.invoke(StandardEngineValve.java:74)
		at org.apache.catalina.connector.CoyoteAdapter.service(CoyoteAdapter.java:343)
		at org.apache.coyote.http11.Http11Processor.service(Http11Processor.java:390)
		at org.apache.coyote.AbstractProcessorLight.process(AbstractProcessorLight.java:63)
		at org.apache.coyote.AbstractProtocol$ConnectionHandler.process(AbstractProtocol.java:926)
		at org.apache.tomcat.util.net.NioEndpoint$SocketProcessor.doRun(NioEndpoint.java:1790)
		at org.apache.tomcat.util.net.SocketProcessorBase.run(SocketProcessorBase.java:52)
		at org.apache.tomcat.util.threads.ThreadPoolExecutor.runWorker(ThreadPoolExecutor.java:1191)
		at org.apache.tomcat.util.threads.ThreadPoolExecutor$Worker.run(ThreadPoolExecutor.java:659)
		at org.apache.tomcat.util.threads.TaskThread$WrappingRunnable.run(TaskThread.java:61)
		at java.base/java.lang.Thread.run(Thread.java:829)
18-Nov-2023 16:33:39.187 GRAVE [http-nio-8080-exec-33] org.apache.catalina.core.StandardWrapperValve.invoke El Servlet.service() para el servlet [SvConsultaUsr] en el contexto con ruta [/ServerWeb] lanzó la excepción [Ha sucedido una excepción al procesar la página JSP [/Components/bodyPrincipal.jsp] en línea [18]

15: 
16:     if (logged) {
17:         nick = (String) session.getAttribute("nick");
18:         usuarioLoggeado = sys2.verInfoUsuarioNick(nick);
19:   
20:     }
21:     


Stacktrace:] con causa raíz
	com.sun.xml.ws.fault.ServerSOAPFaultException: Client received SOAP Fault from server: Exception [EclipseLink-4002] (Eclipse Persistence Services - 2.7.12.v20230209-e5c4074ef3): org.eclipse.persistence.exceptions.DatabaseException
Internal Exception: java.sql.SQLIntegrityConstraintViolationException: Duplicate entry 'mirtha.legrand.ok@hotmail.com.ar-eldiez@socfomturriv.org.uy' for key 'USUARIOS_SEGUIDOS.PRIMARY'
Error Code: 1062
Call: INSERT INTO USUARIOS_SEGUIDOS (CORREO_SEGUIDO, CORREO_SEGUIDOR) VALUES (?, ?)
	bind => [2 parameters bound]
Query: DataModifyQuery(name="seguidos" sql="INSERT INTO USUARIOS_SEGUIDOS (CORREO_SEGUIDO, CORREO_SEGUIDOR) VALUES (?, ?)") Please see the server log to find more detail regarding exact cause of the failure.
		at com.sun.xml.ws.fault.SOAP11Fault.getProtocolException(SOAP11Fault.java:163)
		at com.sun.xml.ws.fault.SOAPFaultBuilder.createException(SOAPFaultBuilder.java:95)
		at com.sun.xml.ws.client.sei.StubHandler.readResponse(StubHandler.java:223)
		at com.sun.xml.ws.db.DatabindingImpl.deserializeResponse(DatabindingImpl.java:176)
		at com.sun.xml.ws.db.DatabindingImpl.deserializeResponse(DatabindingImpl.java:263)
		at com.sun.xml.ws.client.sei.SyncMethodHandler.invoke(SyncMethodHandler.java:88)
		at com.sun.xml.ws.client.sei.SyncMethodHandler.invoke(SyncMethodHandler.java:61)
		at com.sun.xml.ws.client.sei.SEIStub.invoke(SEIStub.java:131)
		at com.sun.proxy.$Proxy352.verInfoUsuarioNick(Unknown Source)
		at controladores.Sistema.verInfoUsuarioNick(Sistema.java:172)
		at org.apache.jsp.consultausuario_jsp._jspService(consultausuario_jsp.java:207)
		at org.apache.jasper.runtime.HttpJspBase.service(HttpJspBase.java:70)
		at javax.servlet.http.HttpServlet.service(HttpServlet.java:623)
		at org.apache.jasper.servlet.JspServletWrapper.service(JspServletWrapper.java:466)
		at org.apache.jasper.servlet.JspServlet.serviceJspFile(JspServlet.java:379)
		at org.apache.jasper.servlet.JspServlet.service(JspServlet.java:327)
		at javax.servlet.http.HttpServlet.service(HttpServlet.java:623)
		at org.apache.catalina.core.ApplicationFilterChain.internalDoFilter(ApplicationFilterChain.java:209)
		at org.apache.catalina.core.ApplicationFilterChain.doFilter(ApplicationFilterChain.java:153)
		at org.apache.tomcat.websocket.server.WsFilter.doFilter(WsFilter.java:51)
		at org.apache.catalina.core.ApplicationFilterChain.internalDoFilter(ApplicationFilterChain.java:178)
		at org.apache.catalina.core.ApplicationFilterChain.doFilter(ApplicationFilterChain.java:153)
		at org.apache.catalina.core.ApplicationDispatcher.invoke(ApplicationDispatcher.java:661)
		at org.apache.catalina.core.ApplicationDispatcher.processRequest(ApplicationDispatcher.java:425)
		at org.apache.catalina.core.ApplicationDispatcher.doForward(ApplicationDispatcher.java:357)
		at org.apache.catalina.core.ApplicationDispatcher.forward(ApplicationDispatcher.java:294)
		at servlets.SvConsultaUsr.doGet(SvConsultaUsr.java:23)
		at javax.servlet.http.HttpServlet.service(HttpServlet.java:529)
		at javax.servlet.http.HttpServlet.service(HttpServlet.java:623)
		at org.apache.catalina.core.ApplicationFilterChain.internalDoFilter(ApplicationFilterChain.java:209)
		at org.apache.catalina.core.ApplicationFilterChain.doFilter(ApplicationFilterChain.java:153)
		at org.apache.tomcat.websocket.server.WsFilter.doFilter(WsFilter.java:51)
		at org.apache.catalina.core.ApplicationFilterChain.internalDoFilter(ApplicationFilterChain.java:178)
		at org.apache.catalina.core.ApplicationFilterChain.doFilter(ApplicationFilterChain.java:153)
		at org.apache.catalina.core.StandardWrapperValve.invoke(StandardWrapperValve.java:168)
		at org.apache.catalina.core.StandardContextValve.invoke(StandardContextValve.java:90)
		at org.apache.catalina.authenticator.AuthenticatorBase.invoke(AuthenticatorBase.java:481)
		at org.apache.catalina.core.StandardHostValve.invoke(StandardHostValve.java:130)
		at org.apache.catalina.valves.ErrorReportValve.invoke(ErrorReportValve.java:93)
		at org.apache.catalina.valves.AbstractAccessLogValve.invoke(AbstractAccessLogValve.java:670)
		at org.apache.catalina.core.StandardEngineValve.invoke(StandardEngineValve.java:74)
		at org.apache.catalina.connector.CoyoteAdapter.service(CoyoteAdapter.java:343)
		at org.apache.coyote.http11.Http11Processor.service(Http11Processor.java:390)
		at org.apache.coyote.AbstractProcessorLight.process(AbstractProcessorLight.java:63)
		at org.apache.coyote.AbstractProtocol$ConnectionHandler.process(AbstractProtocol.java:926)
		at org.apache.tomcat.util.net.NioEndpoint$SocketProcessor.doRun(NioEndpoint.java:1790)
		at org.apache.tomcat.util.net.SocketProcessorBase.run(SocketProcessorBase.java:52)
		at org.apache.tomcat.util.threads.ThreadPoolExecutor.runWorker(ThreadPoolExecutor.java:1191)
		at org.apache.tomcat.util.threads.ThreadPoolExecutor$Worker.run(ThreadPoolExecutor.java:659)
		at org.apache.tomcat.util.threads.TaskThread$WrappingRunnable.run(TaskThread.java:61)
		at java.base/java.lang.Thread.run(Thread.java:829)
18-Nov-2023 16:34:56.851 GRAVE [http-nio-8080-exec-28] org.apache.catalina.core.ApplicationDispatcher.invoke El Servlet.service() para servlet [jsp] lanzó una excepción
	com.sun.xml.ws.fault.ServerSOAPFaultException: Client received SOAP Fault from server: 
Exception Description: Transaction is currently active Please see the server log to find more detail regarding exact cause of the failure.
		at com.sun.xml.ws.fault.SOAP11Fault.getProtocolException(SOAP11Fault.java:163)
		at com.sun.xml.ws.fault.SOAPFaultBuilder.createException(SOAPFaultBuilder.java:95)
		at com.sun.xml.ws.client.sei.StubHandler.readResponse(StubHandler.java:223)
		at com.sun.xml.ws.db.DatabindingImpl.deserializeResponse(DatabindingImpl.java:176)
		at com.sun.xml.ws.db.DatabindingImpl.deserializeResponse(DatabindingImpl.java:263)
		at com.sun.xml.ws.client.sei.SyncMethodHandler.invoke(SyncMethodHandler.java:88)
		at com.sun.xml.ws.client.sei.SyncMethodHandler.invoke(SyncMethodHandler.java:61)
		at com.sun.xml.ws.client.sei.SEIStub.invoke(SEIStub.java:131)
		at com.sun.proxy.$Proxy352.verInfoUsuarioNick(Unknown Source)
		at controladores.Sistema.verInfoUsuarioNick(Sistema.java:172)
		at org.apache.jsp.consultausuario_jsp._jspService(consultausuario_jsp.java:207)
		at org.apache.jasper.runtime.HttpJspBase.service(HttpJspBase.java:70)
		at javax.servlet.http.HttpServlet.service(HttpServlet.java:623)
		at org.apache.jasper.servlet.JspServletWrapper.service(JspServletWrapper.java:466)
		at org.apache.jasper.servlet.JspServlet.serviceJspFile(JspServlet.java:379)
		at org.apache.jasper.servlet.JspServlet.service(JspServlet.java:327)
		at javax.servlet.http.HttpServlet.service(HttpServlet.java:623)
		at org.apache.catalina.core.ApplicationFilterChain.internalDoFilter(ApplicationFilterChain.java:209)
		at org.apache.catalina.core.ApplicationFilterChain.doFilter(ApplicationFilterChain.java:153)
		at org.apache.tomcat.websocket.server.WsFilter.doFilter(WsFilter.java:51)
		at org.apache.catalina.core.ApplicationFilterChain.internalDoFilter(ApplicationFilterChain.java:178)
		at org.apache.catalina.core.ApplicationFilterChain.doFilter(ApplicationFilterChain.java:153)
		at org.apache.catalina.core.ApplicationDispatcher.invoke(ApplicationDispatcher.java:661)
		at org.apache.catalina.core.ApplicationDispatcher.processRequest(ApplicationDispatcher.java:425)
		at org.apache.catalina.core.ApplicationDispatcher.doForward(ApplicationDispatcher.java:357)
		at org.apache.catalina.core.ApplicationDispatcher.forward(ApplicationDispatcher.java:294)
		at servlets.SvConsultaUsr.doGet(SvConsultaUsr.java:23)
		at javax.servlet.http.HttpServlet.service(HttpServlet.java:529)
		at javax.servlet.http.HttpServlet.service(HttpServlet.java:623)
		at org.apache.catalina.core.ApplicationFilterChain.internalDoFilter(ApplicationFilterChain.java:209)
		at org.apache.catalina.core.ApplicationFilterChain.doFilter(ApplicationFilterChain.java:153)
		at org.apache.tomcat.websocket.server.WsFilter.doFilter(WsFilter.java:51)
		at org.apache.catalina.core.ApplicationFilterChain.internalDoFilter(ApplicationFilterChain.java:178)
		at org.apache.catalina.core.ApplicationFilterChain.doFilter(ApplicationFilterChain.java:153)
		at org.apache.catalina.core.StandardWrapperValve.invoke(StandardWrapperValve.java:168)
		at org.apache.catalina.core.StandardContextValve.invoke(StandardContextValve.java:90)
		at org.apache.catalina.authenticator.AuthenticatorBase.invoke(AuthenticatorBase.java:481)
		at org.apache.catalina.core.StandardHostValve.invoke(StandardHostValve.java:130)
		at org.apache.catalina.valves.ErrorReportValve.invoke(ErrorReportValve.java:93)
		at org.apache.catalina.valves.AbstractAccessLogValve.invoke(AbstractAccessLogValve.java:670)
		at org.apache.catalina.core.StandardEngineValve.invoke(StandardEngineValve.java:74)
		at org.apache.catalina.connector.CoyoteAdapter.service(CoyoteAdapter.java:343)
		at org.apache.coyote.http11.Http11Processor.service(Http11Processor.java:390)
		at org.apache.coyote.AbstractProcessorLight.process(AbstractProcessorLight.java:63)
		at org.apache.coyote.AbstractProtocol$ConnectionHandler.process(AbstractProtocol.java:926)
		at org.apache.tomcat.util.net.NioEndpoint$SocketProcessor.doRun(NioEndpoint.java:1790)
		at org.apache.tomcat.util.net.SocketProcessorBase.run(SocketProcessorBase.java:52)
		at org.apache.tomcat.util.threads.ThreadPoolExecutor.runWorker(ThreadPoolExecutor.java:1191)
		at org.apache.tomcat.util.threads.ThreadPoolExecutor$Worker.run(ThreadPoolExecutor.java:659)
		at org.apache.tomcat.util.threads.TaskThread$WrappingRunnable.run(TaskThread.java:61)
		at java.base/java.lang.Thread.run(Thread.java:829)
18-Nov-2023 16:34:56.851 GRAVE [http-nio-8080-exec-28] org.apache.catalina.core.StandardWrapperValve.invoke El Servlet.service() para el servlet [SvConsultaUsr] en el contexto con ruta [/ServerWeb] lanzó la excepción [Ha sucedido una excepción al procesar la página JSP [/Components/bodyPrincipal.jsp] en línea [18]

15: 
16:     if (logged) {
17:         nick = (String) session.getAttribute("nick");
18:         usuarioLoggeado = sys2.verInfoUsuarioNick(nick);
19:   
20:     }
21:     


Stacktrace:] con causa raíz
	com.sun.xml.ws.fault.ServerSOAPFaultException: Client received SOAP Fault from server: 
Exception Description: Transaction is currently active Please see the server log to find more detail regarding exact cause of the failure.
		at com.sun.xml.ws.fault.SOAP11Fault.getProtocolException(SOAP11Fault.java:163)
		at com.sun.xml.ws.fault.SOAPFaultBuilder.createException(SOAPFaultBuilder.java:95)
		at com.sun.xml.ws.client.sei.StubHandler.readResponse(StubHandler.java:223)
		at com.sun.xml.ws.db.DatabindingImpl.deserializeResponse(DatabindingImpl.java:176)
		at com.sun.xml.ws.db.DatabindingImpl.deserializeResponse(DatabindingImpl.java:263)
		at com.sun.xml.ws.client.sei.SyncMethodHandler.invoke(SyncMethodHandler.java:88)
		at com.sun.xml.ws.client.sei.SyncMethodHandler.invoke(SyncMethodHandler.java:61)
		at com.sun.xml.ws.client.sei.SEIStub.invoke(SEIStub.java:131)
		at com.sun.proxy.$Proxy352.verInfoUsuarioNick(Unknown Source)
		at controladores.Sistema.verInfoUsuarioNick(Sistema.java:172)
		at org.apache.jsp.consultausuario_jsp._jspService(consultausuario_jsp.java:207)
		at org.apache.jasper.runtime.HttpJspBase.service(HttpJspBase.java:70)
		at javax.servlet.http.HttpServlet.service(HttpServlet.java:623)
		at org.apache.jasper.servlet.JspServletWrapper.service(JspServletWrapper.java:466)
		at org.apache.jasper.servlet.JspServlet.serviceJspFile(JspServlet.java:379)
		at org.apache.jasper.servlet.JspServlet.service(JspServlet.java:327)
		at javax.servlet.http.HttpServlet.service(HttpServlet.java:623)
		at org.apache.catalina.core.ApplicationFilterChain.internalDoFilter(ApplicationFilterChain.java:209)
		at org.apache.catalina.core.ApplicationFilterChain.doFilter(ApplicationFilterChain.java:153)
		at org.apache.tomcat.websocket.server.WsFilter.doFilter(WsFilter.java:51)
		at org.apache.catalina.core.ApplicationFilterChain.internalDoFilter(ApplicationFilterChain.java:178)
		at org.apache.catalina.core.ApplicationFilterChain.doFilter(ApplicationFilterChain.java:153)
		at org.apache.catalina.core.ApplicationDispatcher.invoke(ApplicationDispatcher.java:661)
		at org.apache.catalina.core.ApplicationDispatcher.processRequest(ApplicationDispatcher.java:425)
		at org.apache.catalina.core.ApplicationDispatcher.doForward(ApplicationDispatcher.java:357)
		at org.apache.catalina.core.ApplicationDispatcher.forward(ApplicationDispatcher.java:294)
		at servlets.SvConsultaUsr.doGet(SvConsultaUsr.java:23)
		at javax.servlet.http.HttpServlet.service(HttpServlet.java:529)
		at javax.servlet.http.HttpServlet.service(HttpServlet.java:623)
		at org.apache.catalina.core.ApplicationFilterChain.internalDoFilter(ApplicationFilterChain.java:209)
		at org.apache.catalina.core.ApplicationFilterChain.doFilter(ApplicationFilterChain.java:153)
		at org.apache.tomcat.websocket.server.WsFilter.doFilter(WsFilter.java:51)
		at org.apache.catalina.core.ApplicationFilterChain.internalDoFilter(ApplicationFilterChain.java:178)
		at org.apache.catalina.core.ApplicationFilterChain.doFilter(ApplicationFilterChain.java:153)
		at org.apache.catalina.core.StandardWrapperValve.invoke(StandardWrapperValve.java:168)
		at org.apache.catalina.core.StandardContextValve.invoke(StandardContextValve.java:90)
		at org.apache.catalina.authenticator.AuthenticatorBase.invoke(AuthenticatorBase.java:481)
		at org.apache.catalina.core.StandardHostValve.invoke(StandardHostValve.java:130)
		at org.apache.catalina.valves.ErrorReportValve.invoke(ErrorReportValve.java:93)
		at org.apache.catalina.valves.AbstractAccessLogValve.invoke(AbstractAccessLogValve.java:670)
		at org.apache.catalina.core.StandardEngineValve.invoke(StandardEngineValve.java:74)
		at org.apache.catalina.connector.CoyoteAdapter.service(CoyoteAdapter.java:343)
		at org.apache.coyote.http11.Http11Processor.service(Http11Processor.java:390)
		at org.apache.coyote.AbstractProcessorLight.process(AbstractProcessorLight.java:63)
		at org.apache.coyote.AbstractProtocol$ConnectionHandler.process(AbstractProtocol.java:926)
		at org.apache.tomcat.util.net.NioEndpoint$SocketProcessor.doRun(NioEndpoint.java:1790)
		at org.apache.tomcat.util.net.SocketProcessorBase.run(SocketProcessorBase.java:52)
		at org.apache.tomcat.util.threads.ThreadPoolExecutor.runWorker(ThreadPoolExecutor.java:1191)
		at org.apache.tomcat.util.threads.ThreadPoolExecutor$Worker.run(ThreadPoolExecutor.java:659)
		at org.apache.tomcat.util.threads.TaskThread$WrappingRunnable.run(TaskThread.java:61)
		at java.base/java.lang.Thread.run(Thread.java:829)
18-Nov-2023 16:35:14.368 GRAVE [http-nio-8080-exec-29] org.apache.catalina.core.ApplicationDispatcher.invoke El Servlet.service() para servlet [jsp] lanzó una excepción
	com.sun.xml.ws.fault.ServerSOAPFaultException: Client received SOAP Fault from server: 
Exception Description: Transaction is currently active Please see the server log to find more detail regarding exact cause of the failure.
		at com.sun.xml.ws.fault.SOAP11Fault.getProtocolException(SOAP11Fault.java:163)
		at com.sun.xml.ws.fault.SOAPFaultBuilder.createException(SOAPFaultBuilder.java:95)
		at com.sun.xml.ws.client.sei.StubHandler.readResponse(StubHandler.java:223)
		at com.sun.xml.ws.db.DatabindingImpl.deserializeResponse(DatabindingImpl.java:176)
		at com.sun.xml.ws.db.DatabindingImpl.deserializeResponse(DatabindingImpl.java:263)
		at com.sun.xml.ws.client.sei.SyncMethodHandler.invoke(SyncMethodHandler.java:88)
		at com.sun.xml.ws.client.sei.SyncMethodHandler.invoke(SyncMethodHandler.java:61)
		at com.sun.xml.ws.client.sei.SEIStub.invoke(SEIStub.java:131)
		at com.sun.proxy.$Proxy352.verInfoUsuarioNick(Unknown Source)
		at controladores.Sistema.verInfoUsuarioNick(Sistema.java:172)
		at org.apache.jsp.consultausuario_jsp._jspService(consultausuario_jsp.java:207)
		at org.apache.jasper.runtime.HttpJspBase.service(HttpJspBase.java:70)
		at javax.servlet.http.HttpServlet.service(HttpServlet.java:623)
		at org.apache.jasper.servlet.JspServletWrapper.service(JspServletWrapper.java:466)
		at org.apache.jasper.servlet.JspServlet.serviceJspFile(JspServlet.java:379)
		at org.apache.jasper.servlet.JspServlet.service(JspServlet.java:327)
		at javax.servlet.http.HttpServlet.service(HttpServlet.java:623)
		at org.apache.catalina.core.ApplicationFilterChain.internalDoFilter(ApplicationFilterChain.java:209)
		at org.apache.catalina.core.ApplicationFilterChain.doFilter(ApplicationFilterChain.java:153)
		at org.apache.tomcat.websocket.server.WsFilter.doFilter(WsFilter.java:51)
		at org.apache.catalina.core.ApplicationFilterChain.internalDoFilter(ApplicationFilterChain.java:178)
		at org.apache.catalina.core.ApplicationFilterChain.doFilter(ApplicationFilterChain.java:153)
		at org.apache.catalina.core.ApplicationDispatcher.invoke(ApplicationDispatcher.java:661)
		at org.apache.catalina.core.ApplicationDispatcher.processRequest(ApplicationDispatcher.java:425)
		at org.apache.catalina.core.ApplicationDispatcher.doForward(ApplicationDispatcher.java:357)
		at org.apache.catalina.core.ApplicationDispatcher.forward(ApplicationDispatcher.java:294)
		at servlets.SvConsultaUsr.doGet(SvConsultaUsr.java:23)
		at javax.servlet.http.HttpServlet.service(HttpServlet.java:529)
		at javax.servlet.http.HttpServlet.service(HttpServlet.java:623)
		at org.apache.catalina.core.ApplicationFilterChain.internalDoFilter(ApplicationFilterChain.java:209)
		at org.apache.catalina.core.ApplicationFilterChain.doFilter(ApplicationFilterChain.java:153)
		at org.apache.tomcat.websocket.server.WsFilter.doFilter(WsFilter.java:51)
		at org.apache.catalina.core.ApplicationFilterChain.internalDoFilter(ApplicationFilterChain.java:178)
		at org.apache.catalina.core.ApplicationFilterChain.doFilter(ApplicationFilterChain.java:153)
		at org.apache.catalina.core.StandardWrapperValve.invoke(StandardWrapperValve.java:168)
		at org.apache.catalina.core.StandardContextValve.invoke(StandardContextValve.java:90)
		at org.apache.catalina.authenticator.AuthenticatorBase.invoke(AuthenticatorBase.java:481)
		at org.apache.catalina.core.StandardHostValve.invoke(StandardHostValve.java:130)
		at org.apache.catalina.valves.ErrorReportValve.invoke(ErrorReportValve.java:93)
		at org.apache.catalina.valves.AbstractAccessLogValve.invoke(AbstractAccessLogValve.java:670)
		at org.apache.catalina.core.StandardEngineValve.invoke(StandardEngineValve.java:74)
		at org.apache.catalina.connector.CoyoteAdapter.service(CoyoteAdapter.java:343)
		at org.apache.coyote.http11.Http11Processor.service(Http11Processor.java:390)
		at org.apache.coyote.AbstractProcessorLight.process(AbstractProcessorLight.java:63)
		at org.apache.coyote.AbstractProtocol$ConnectionHandler.process(AbstractProtocol.java:926)
		at org.apache.tomcat.util.net.NioEndpoint$SocketProcessor.doRun(NioEndpoint.java:1790)
		at org.apache.tomcat.util.net.SocketProcessorBase.run(SocketProcessorBase.java:52)
		at org.apache.tomcat.util.threads.ThreadPoolExecutor.runWorker(ThreadPoolExecutor.java:1191)
		at org.apache.tomcat.util.threads.ThreadPoolExecutor$Worker.run(ThreadPoolExecutor.java:659)
		at org.apache.tomcat.util.threads.TaskThread$WrappingRunnable.run(TaskThread.java:61)
		at java.base/java.lang.Thread.run(Thread.java:829)
18-Nov-2023 16:35:14.370 GRAVE [http-nio-8080-exec-29] org.apache.catalina.core.StandardWrapperValve.invoke El Servlet.service() para el servlet [SvConsultaUsr] en el contexto con ruta [/ServerWeb] lanzó la excepción [Ha sucedido una excepción al procesar la página JSP [/Components/bodyPrincipal.jsp] en línea [18]

15: 
16:     if (logged) {
17:         nick = (String) session.getAttribute("nick");
18:         usuarioLoggeado = sys2.verInfoUsuarioNick(nick);
19:   
20:     }
21:     


Stacktrace:] con causa raíz
	com.sun.xml.ws.fault.ServerSOAPFaultException: Client received SOAP Fault from server: 
Exception Description: Transaction is currently active Please see the server log to find more detail regarding exact cause of the failure.
		at com.sun.xml.ws.fault.SOAP11Fault.getProtocolException(SOAP11Fault.java:163)
		at com.sun.xml.ws.fault.SOAPFaultBuilder.createException(SOAPFaultBuilder.java:95)
		at com.sun.xml.ws.client.sei.StubHandler.readResponse(StubHandler.java:223)
		at com.sun.xml.ws.db.DatabindingImpl.deserializeResponse(DatabindingImpl.java:176)
		at com.sun.xml.ws.db.DatabindingImpl.deserializeResponse(DatabindingImpl.java:263)
		at com.sun.xml.ws.client.sei.SyncMethodHandler.invoke(SyncMethodHandler.java:88)
		at com.sun.xml.ws.client.sei.SyncMethodHandler.invoke(SyncMethodHandler.java:61)
		at com.sun.xml.ws.client.sei.SEIStub.invoke(SEIStub.java:131)
		at com.sun.proxy.$Proxy352.verInfoUsuarioNick(Unknown Source)
		at controladores.Sistema.verInfoUsuarioNick(Sistema.java:172)
		at org.apache.jsp.consultausuario_jsp._jspService(consultausuario_jsp.java:207)
		at org.apache.jasper.runtime.HttpJspBase.service(HttpJspBase.java:70)
		at javax.servlet.http.HttpServlet.service(HttpServlet.java:623)
		at org.apache.jasper.servlet.JspServletWrapper.service(JspServletWrapper.java:466)
		at org.apache.jasper.servlet.JspServlet.serviceJspFile(JspServlet.java:379)
		at org.apache.jasper.servlet.JspServlet.service(JspServlet.java:327)
		at javax.servlet.http.HttpServlet.service(HttpServlet.java:623)
		at org.apache.catalina.core.ApplicationFilterChain.internalDoFilter(ApplicationFilterChain.java:209)
		at org.apache.catalina.core.ApplicationFilterChain.doFilter(ApplicationFilterChain.java:153)
		at org.apache.tomcat.websocket.server.WsFilter.doFilter(WsFilter.java:51)
		at org.apache.catalina.core.ApplicationFilterChain.internalDoFilter(ApplicationFilterChain.java:178)
		at org.apache.catalina.core.ApplicationFilterChain.doFilter(ApplicationFilterChain.java:153)
		at org.apache.catalina.core.ApplicationDispatcher.invoke(ApplicationDispatcher.java:661)
		at org.apache.catalina.core.ApplicationDispatcher.processRequest(ApplicationDispatcher.java:425)
		at org.apache.catalina.core.ApplicationDispatcher.doForward(ApplicationDispatcher.java:357)
		at org.apache.catalina.core.ApplicationDispatcher.forward(ApplicationDispatcher.java:294)
		at servlets.SvConsultaUsr.doGet(SvConsultaUsr.java:23)
		at javax.servlet.http.HttpServlet.service(HttpServlet.java:529)
		at javax.servlet.http.HttpServlet.service(HttpServlet.java:623)
		at org.apache.catalina.core.ApplicationFilterChain.internalDoFilter(ApplicationFilterChain.java:209)
		at org.apache.catalina.core.ApplicationFilterChain.doFilter(ApplicationFilterChain.java:153)
		at org.apache.tomcat.websocket.server.WsFilter.doFilter(WsFilter.java:51)
		at org.apache.catalina.core.ApplicationFilterChain.internalDoFilter(ApplicationFilterChain.java:178)
		at org.apache.catalina.core.ApplicationFilterChain.doFilter(ApplicationFilterChain.java:153)
		at org.apache.catalina.core.StandardWrapperValve.invoke(StandardWrapperValve.java:168)
		at org.apache.catalina.core.StandardContextValve.invoke(StandardContextValve.java:90)
		at org.apache.catalina.authenticator.AuthenticatorBase.invoke(AuthenticatorBase.java:481)
		at org.apache.catalina.core.StandardHostValve.invoke(StandardHostValve.java:130)
		at org.apache.catalina.valves.ErrorReportValve.invoke(ErrorReportValve.java:93)
		at org.apache.catalina.valves.AbstractAccessLogValve.invoke(AbstractAccessLogValve.java:670)
		at org.apache.catalina.core.StandardEngineValve.invoke(StandardEngineValve.java:74)
		at org.apache.catalina.connector.CoyoteAdapter.service(CoyoteAdapter.java:343)
		at org.apache.coyote.http11.Http11Processor.service(Http11Processor.java:390)
		at org.apache.coyote.AbstractProcessorLight.process(AbstractProcessorLight.java:63)
		at org.apache.coyote.AbstractProtocol$ConnectionHandler.process(AbstractProtocol.java:926)
		at org.apache.tomcat.util.net.NioEndpoint$SocketProcessor.doRun(NioEndpoint.java:1790)
		at org.apache.tomcat.util.net.SocketProcessorBase.run(SocketProcessorBase.java:52)
		at org.apache.tomcat.util.threads.ThreadPoolExecutor.runWorker(ThreadPoolExecutor.java:1191)
		at org.apache.tomcat.util.threads.ThreadPoolExecutor$Worker.run(ThreadPoolExecutor.java:659)
		at org.apache.tomcat.util.threads.TaskThread$WrappingRunnable.run(TaskThread.java:61)
		at java.base/java.lang.Thread.run(Thread.java:829)
18-Nov-2023 16:35:35.195 INFORMACIÓN [main] org.apache.catalina.core.ApplicationContext.log SessionListener: contextDestroyed()
18-Nov-2023 16:35:35.195 INFORMACIÓN [main] org.apache.catalina.core.ApplicationContext.log ContextListener: contextDestroyed()
18-Nov-2023 16:36:02.392 INFORMACIÓN [main] org.apache.catalina.core.ApplicationContext.log ContextListener: contextInitialized()
18-Nov-2023 16:36:02.394 INFORMACIÓN [main] org.apache.catalina.core.ApplicationContext.log SessionListener: contextInitialized()
18-Nov-2023 16:36:02.395 INFORMACIÓN [main] org.apache.catalina.core.ApplicationContext.log ContextListener: attributeAdded('StockTicker', 'async.Stockticker@11789d5e')
18-Nov-2023 16:36:06.681 GRAVE [http-nio-8080-exec-3] org.apache.catalina.core.ApplicationDispatcher.invoke El Servlet.service() para servlet [jsp] lanzó una excepción
	com.sun.xml.ws.fault.ServerSOAPFaultException: Client received SOAP Fault from server: 
Exception Description: No transaction is currently active Please see the server log to find more detail regarding exact cause of the failure.
		at com.sun.xml.ws.fault.SOAP11Fault.getProtocolException(SOAP11Fault.java:163)
		at com.sun.xml.ws.fault.SOAPFaultBuilder.createException(SOAPFaultBuilder.java:95)
		at com.sun.xml.ws.client.sei.StubHandler.readResponse(StubHandler.java:223)
		at com.sun.xml.ws.db.DatabindingImpl.deserializeResponse(DatabindingImpl.java:176)
		at com.sun.xml.ws.db.DatabindingImpl.deserializeResponse(DatabindingImpl.java:263)
		at com.sun.xml.ws.client.sei.SyncMethodHandler.invoke(SyncMethodHandler.java:88)
		at com.sun.xml.ws.client.sei.SyncMethodHandler.invoke(SyncMethodHandler.java:61)
		at com.sun.xml.ws.client.sei.SEIStub.invoke(SEIStub.java:131)
		at jdk.proxy5/jdk.proxy5.$Proxy217.verInfoUsuarioNick(Unknown Source)
		at controladores.Sistema.verInfoUsuarioNick(Sistema.java:172)
		at org.apache.jsp.usuarios_jsp._jspService(usuarios_jsp.java:177)
		at org.apache.jasper.runtime.HttpJspBase.service(HttpJspBase.java:70)
		at javax.servlet.http.HttpServlet.service(HttpServlet.java:623)
		at org.apache.jasper.servlet.JspServletWrapper.service(JspServletWrapper.java:466)
		at org.apache.jasper.servlet.JspServlet.serviceJspFile(JspServlet.java:379)
		at org.apache.jasper.servlet.JspServlet.service(JspServlet.java:327)
		at javax.servlet.http.HttpServlet.service(HttpServlet.java:623)
		at org.apache.catalina.core.ApplicationFilterChain.internalDoFilter(ApplicationFilterChain.java:209)
		at org.apache.catalina.core.ApplicationFilterChain.doFilter(ApplicationFilterChain.java:153)
		at org.apache.tomcat.websocket.server.WsFilter.doFilter(WsFilter.java:51)
		at org.apache.catalina.core.ApplicationFilterChain.internalDoFilter(ApplicationFilterChain.java:178)
		at org.apache.catalina.core.ApplicationFilterChain.doFilter(ApplicationFilterChain.java:153)
		at org.apache.catalina.core.ApplicationDispatcher.invoke(ApplicationDispatcher.java:661)
		at org.apache.catalina.core.ApplicationDispatcher.processRequest(ApplicationDispatcher.java:425)
		at org.apache.catalina.core.ApplicationDispatcher.doForward(ApplicationDispatcher.java:357)
		at org.apache.catalina.core.ApplicationDispatcher.forward(ApplicationDispatcher.java:294)
		at servlets.SvUsuarios.doGet(SvUsuarios.java:33)
		at javax.servlet.http.HttpServlet.service(HttpServlet.java:529)
		at javax.servlet.http.HttpServlet.service(HttpServlet.java:623)
		at org.apache.catalina.core.ApplicationFilterChain.internalDoFilter(ApplicationFilterChain.java:209)
		at org.apache.catalina.core.ApplicationFilterChain.doFilter(ApplicationFilterChain.java:153)
		at org.apache.tomcat.websocket.server.WsFilter.doFilter(WsFilter.java:51)
		at org.apache.catalina.core.ApplicationFilterChain.internalDoFilter(ApplicationFilterChain.java:178)
		at org.apache.catalina.core.ApplicationFilterChain.doFilter(ApplicationFilterChain.java:153)
		at org.apache.catalina.core.StandardWrapperValve.invoke(StandardWrapperValve.java:168)
		at org.apache.catalina.core.StandardContextValve.invoke(StandardContextValve.java:90)
		at org.apache.catalina.authenticator.AuthenticatorBase.invoke(AuthenticatorBase.java:481)
		at org.apache.catalina.core.StandardHostValve.invoke(StandardHostValve.java:130)
		at org.apache.catalina.valves.ErrorReportValve.invoke(ErrorReportValve.java:93)
		at org.apache.catalina.valves.AbstractAccessLogValve.invoke(AbstractAccessLogValve.java:670)
		at org.apache.catalina.core.StandardEngineValve.invoke(StandardEngineValve.java:74)
		at org.apache.catalina.connector.CoyoteAdapter.service(CoyoteAdapter.java:343)
		at org.apache.coyote.http11.Http11Processor.service(Http11Processor.java:390)
		at org.apache.coyote.AbstractProcessorLight.process(AbstractProcessorLight.java:63)
		at org.apache.coyote.AbstractProtocol$ConnectionHandler.process(AbstractProtocol.java:926)
		at org.apache.tomcat.util.net.NioEndpoint$SocketProcessor.doRun(NioEndpoint.java:1790)
		at org.apache.tomcat.util.net.SocketProcessorBase.run(SocketProcessorBase.java:52)
		at org.apache.tomcat.util.threads.ThreadPoolExecutor.runWorker(ThreadPoolExecutor.java:1191)
		at org.apache.tomcat.util.threads.ThreadPoolExecutor$Worker.run(ThreadPoolExecutor.java:659)
		at org.apache.tomcat.util.threads.TaskThread$WrappingRunnable.run(TaskThread.java:61)
		at java.base/java.lang.Thread.run(Thread.java:1589)
18-Nov-2023 16:36:06.681 GRAVE [http-nio-8080-exec-3] org.apache.catalina.core.StandardWrapperValve.invoke El Servlet.service() para el servlet [SvUsuarios] en el contexto con ruta [/ServerWeb] lanzó la excepción [Ha sucedido una excepción al procesar la página JSP [Components/bodyPrincipal.jsp] en línea [18]

15: 
16:     if (logged) {
17:         nick = (String) session.getAttribute("nick");
18:         usuarioLoggeado = sys2.verInfoUsuarioNick(nick);
19:   
20:     }
21:     


Stacktrace:] con causa raíz
	com.sun.xml.ws.fault.ServerSOAPFaultException: Client received SOAP Fault from server: 
Exception Description: No transaction is currently active Please see the server log to find more detail regarding exact cause of the failure.
		at com.sun.xml.ws.fault.SOAP11Fault.getProtocolException(SOAP11Fault.java:163)
		at com.sun.xml.ws.fault.SOAPFaultBuilder.createException(SOAPFaultBuilder.java:95)
		at com.sun.xml.ws.client.sei.StubHandler.readResponse(StubHandler.java:223)
		at com.sun.xml.ws.db.DatabindingImpl.deserializeResponse(DatabindingImpl.java:176)
		at com.sun.xml.ws.db.DatabindingImpl.deserializeResponse(DatabindingImpl.java:263)
		at com.sun.xml.ws.client.sei.SyncMethodHandler.invoke(SyncMethodHandler.java:88)
		at com.sun.xml.ws.client.sei.SyncMethodHandler.invoke(SyncMethodHandler.java:61)
		at com.sun.xml.ws.client.sei.SEIStub.invoke(SEIStub.java:131)
		at jdk.proxy5/jdk.proxy5.$Proxy217.verInfoUsuarioNick(Unknown Source)
		at controladores.Sistema.verInfoUsuarioNick(Sistema.java:172)
		at org.apache.jsp.usuarios_jsp._jspService(usuarios_jsp.java:177)
		at org.apache.jasper.runtime.HttpJspBase.service(HttpJspBase.java:70)
		at javax.servlet.http.HttpServlet.service(HttpServlet.java:623)
		at org.apache.jasper.servlet.JspServletWrapper.service(JspServletWrapper.java:466)
		at org.apache.jasper.servlet.JspServlet.serviceJspFile(JspServlet.java:379)
		at org.apache.jasper.servlet.JspServlet.service(JspServlet.java:327)
		at javax.servlet.http.HttpServlet.service(HttpServlet.java:623)
		at org.apache.catalina.core.ApplicationFilterChain.internalDoFilter(ApplicationFilterChain.java:209)
		at org.apache.catalina.core.ApplicationFilterChain.doFilter(ApplicationFilterChain.java:153)
		at org.apache.tomcat.websocket.server.WsFilter.doFilter(WsFilter.java:51)
		at org.apache.catalina.core.ApplicationFilterChain.internalDoFilter(ApplicationFilterChain.java:178)
		at org.apache.catalina.core.ApplicationFilterChain.doFilter(ApplicationFilterChain.java:153)
		at org.apache.catalina.core.ApplicationDispatcher.invoke(ApplicationDispatcher.java:661)
		at org.apache.catalina.core.ApplicationDispatcher.processRequest(ApplicationDispatcher.java:425)
		at org.apache.catalina.core.ApplicationDispatcher.doForward(ApplicationDispatcher.java:357)
		at org.apache.catalina.core.ApplicationDispatcher.forward(ApplicationDispatcher.java:294)
		at servlets.SvUsuarios.doGet(SvUsuarios.java:33)
		at javax.servlet.http.HttpServlet.service(HttpServlet.java:529)
		at javax.servlet.http.HttpServlet.service(HttpServlet.java:623)
		at org.apache.catalina.core.ApplicationFilterChain.internalDoFilter(ApplicationFilterChain.java:209)
		at org.apache.catalina.core.ApplicationFilterChain.doFilter(ApplicationFilterChain.java:153)
		at org.apache.tomcat.websocket.server.WsFilter.doFilter(WsFilter.java:51)
		at org.apache.catalina.core.ApplicationFilterChain.internalDoFilter(ApplicationFilterChain.java:178)
		at org.apache.catalina.core.ApplicationFilterChain.doFilter(ApplicationFilterChain.java:153)
		at org.apache.catalina.core.StandardWrapperValve.invoke(StandardWrapperValve.java:168)
		at org.apache.catalina.core.StandardContextValve.invoke(StandardContextValve.java:90)
		at org.apache.catalina.authenticator.AuthenticatorBase.invoke(AuthenticatorBase.java:481)
		at org.apache.catalina.core.StandardHostValve.invoke(StandardHostValve.java:130)
		at org.apache.catalina.valves.ErrorReportValve.invoke(ErrorReportValve.java:93)
		at org.apache.catalina.valves.AbstractAccessLogValve.invoke(AbstractAccessLogValve.java:670)
		at org.apache.catalina.core.StandardEngineValve.invoke(StandardEngineValve.java:74)
		at org.apache.catalina.connector.CoyoteAdapter.service(CoyoteAdapter.java:343)
		at org.apache.coyote.http11.Http11Processor.service(Http11Processor.java:390)
		at org.apache.coyote.AbstractProcessorLight.process(AbstractProcessorLight.java:63)
		at org.apache.coyote.AbstractProtocol$ConnectionHandler.process(AbstractProtocol.java:926)
		at org.apache.tomcat.util.net.NioEndpoint$SocketProcessor.doRun(NioEndpoint.java:1790)
		at org.apache.tomcat.util.net.SocketProcessorBase.run(SocketProcessorBase.java:52)
		at org.apache.tomcat.util.threads.ThreadPoolExecutor.runWorker(ThreadPoolExecutor.java:1191)
		at org.apache.tomcat.util.threads.ThreadPoolExecutor$Worker.run(ThreadPoolExecutor.java:659)
		at org.apache.tomcat.util.threads.TaskThread$WrappingRunnable.run(TaskThread.java:61)
		at java.base/java.lang.Thread.run(Thread.java:1589)
18-Nov-2023 17:08:40.590 GRAVE [http-nio-8080-exec-23] org.apache.catalina.core.StandardWrapperValve.invoke Servlet.service() para servlet [SvLoginMovil] lanzó excepción
	java.lang.NullPointerException: Cannot invoke "String.equals(Object)" because the return value of "webservice.DataUsuario.getTipo()" is null
		at servlets.SvLoginMovil.doPost(SvLoginMovil.java:57)
		at javax.servlet.http.HttpServlet.service(HttpServlet.java:555)
		at javax.servlet.http.HttpServlet.service(HttpServlet.java:623)
		at org.apache.catalina.core.ApplicationFilterChain.internalDoFilter(ApplicationFilterChain.java:209)
		at org.apache.catalina.core.ApplicationFilterChain.doFilter(ApplicationFilterChain.java:153)
		at org.apache.tomcat.websocket.server.WsFilter.doFilter(WsFilter.java:51)
		at org.apache.catalina.core.ApplicationFilterChain.internalDoFilter(ApplicationFilterChain.java:178)
		at org.apache.catalina.core.ApplicationFilterChain.doFilter(ApplicationFilterChain.java:153)
		at org.apache.catalina.core.StandardWrapperValve.invoke(StandardWrapperValve.java:168)
		at org.apache.catalina.core.StandardContextValve.invoke(StandardContextValve.java:90)
		at org.apache.catalina.authenticator.AuthenticatorBase.invoke(AuthenticatorBase.java:481)
		at org.apache.catalina.core.StandardHostValve.invoke(StandardHostValve.java:130)
		at org.apache.catalina.valves.ErrorReportValve.invoke(ErrorReportValve.java:93)
		at org.apache.catalina.valves.AbstractAccessLogValve.invoke(AbstractAccessLogValve.java:670)
		at org.apache.catalina.core.StandardEngineValve.invoke(StandardEngineValve.java:74)
		at org.apache.catalina.connector.CoyoteAdapter.service(CoyoteAdapter.java:343)
		at org.apache.coyote.http11.Http11Processor.service(Http11Processor.java:390)
		at org.apache.coyote.AbstractProcessorLight.process(AbstractProcessorLight.java:63)
		at org.apache.coyote.AbstractProtocol$ConnectionHandler.process(AbstractProtocol.java:926)
		at org.apache.tomcat.util.net.NioEndpoint$SocketProcessor.doRun(NioEndpoint.java:1790)
		at org.apache.tomcat.util.net.SocketProcessorBase.run(SocketProcessorBase.java:52)
		at org.apache.tomcat.util.threads.ThreadPoolExecutor.runWorker(ThreadPoolExecutor.java:1191)
		at org.apache.tomcat.util.threads.ThreadPoolExecutor$Worker.run(ThreadPoolExecutor.java:659)
		at org.apache.tomcat.util.threads.TaskThread$WrappingRunnable.run(TaskThread.java:61)
		at java.base/java.lang.Thread.run(Thread.java:1589)
18-Nov-2023 17:13:19.416 GRAVE [http-nio-8080-exec-33] org.apache.catalina.core.StandardWrapperValve.invoke Servlet.service() para servlet [SvLoginMovil] lanzó excepción
	java.lang.IllegalStateException: No puedo llamar a sendRedirect() tras llevar a cabo la respuesta
		at org.apache.catalina.connector.ResponseFacade.checkCommitted(ResponseFacade.java:529)
		at org.apache.catalina.connector.ResponseFacade.sendRedirect(ResponseFacade.java:370)
		at servlets.SvLoginMovil.doPost(SvLoginMovil.java:74)
		at javax.servlet.http.HttpServlet.service(HttpServlet.java:555)
		at javax.servlet.http.HttpServlet.service(HttpServlet.java:623)
		at org.apache.catalina.core.ApplicationFilterChain.internalDoFilter(ApplicationFilterChain.java:209)
		at org.apache.catalina.core.ApplicationFilterChain.doFilter(ApplicationFilterChain.java:153)
		at org.apache.tomcat.websocket.server.WsFilter.doFilter(WsFilter.java:51)
		at org.apache.catalina.core.ApplicationFilterChain.internalDoFilter(ApplicationFilterChain.java:178)
		at org.apache.catalina.core.ApplicationFilterChain.doFilter(ApplicationFilterChain.java:153)
		at org.apache.catalina.core.StandardWrapperValve.invoke(StandardWrapperValve.java:168)
		at org.apache.catalina.core.StandardContextValve.invoke(StandardContextValve.java:90)
		at org.apache.catalina.authenticator.AuthenticatorBase.invoke(AuthenticatorBase.java:481)
		at org.apache.catalina.core.StandardHostValve.invoke(StandardHostValve.java:130)
		at org.apache.catalina.valves.ErrorReportValve.invoke(ErrorReportValve.java:93)
		at org.apache.catalina.valves.AbstractAccessLogValve.invoke(AbstractAccessLogValve.java:670)
		at org.apache.catalina.core.StandardEngineValve.invoke(StandardEngineValve.java:74)
		at org.apache.catalina.connector.CoyoteAdapter.service(CoyoteAdapter.java:343)
		at org.apache.coyote.http11.Http11Processor.service(Http11Processor.java:390)
		at org.apache.coyote.AbstractProcessorLight.process(AbstractProcessorLight.java:63)
		at org.apache.coyote.AbstractProtocol$ConnectionHandler.process(AbstractProtocol.java:926)
		at org.apache.tomcat.util.net.NioEndpoint$SocketProcessor.doRun(NioEndpoint.java:1790)
		at org.apache.tomcat.util.net.SocketProcessorBase.run(SocketProcessorBase.java:52)
		at org.apache.tomcat.util.threads.ThreadPoolExecutor.runWorker(ThreadPoolExecutor.java:1191)
		at org.apache.tomcat.util.threads.ThreadPoolExecutor$Worker.run(ThreadPoolExecutor.java:659)
		at org.apache.tomcat.util.threads.TaskThread$WrappingRunnable.run(TaskThread.java:61)
		at java.base/java.lang.Thread.run(Thread.java:1589)
