16-Nov-2023 12:42:59.310 INFORMACIÓN [main] org.apache.catalina.core.ApplicationContext.log ContextListener: contextInitialized()
16-Nov-2023 12:42:59.310 INFORMACIÓN [main] org.apache.catalina.core.ApplicationContext.log SessionListener: contextInitialized()
16-Nov-2023 12:42:59.311 INFORMACIÓN [main] org.apache.catalina.core.ApplicationContext.log ContextListener: attributeAdded('StockTicker', 'async.Stockticker@2cc7beea')
16-Nov-2023 12:49:36.516 GRAVE [http-nio-8080-exec-1] org.apache.catalina.core.ApplicationDispatcher.invoke El Servlet.service() para servlet [jsp] lanzó una excepción
	com.sun.xml.ws.fault.ServerSOAPFaultException: Client received SOAP Fault from server: class logica.Usuario cannot be cast to class logica.Proveedor (logica.Usuario and logica.Proveedor are in unnamed module of loader org.apache.catalina.loader.ParallelWebappClassLoader @54099984) Please see the server log to find more detail regarding exact cause of the failure.
		at com.sun.xml.ws.fault.SOAP11Fault.getProtocolException(SOAP11Fault.java:163)
		at com.sun.xml.ws.fault.SOAPFaultBuilder.createException(SOAPFaultBuilder.java:95)
		at com.sun.xml.ws.client.sei.StubHandler.readResponse(StubHandler.java:223)
		at com.sun.xml.ws.db.DatabindingImpl.deserializeResponse(DatabindingImpl.java:176)
		at com.sun.xml.ws.db.DatabindingImpl.deserializeResponse(DatabindingImpl.java:263)
		at com.sun.xml.ws.client.sei.SyncMethodHandler.invoke(SyncMethodHandler.java:88)
		at com.sun.xml.ws.client.sei.SyncMethodHandler.invoke(SyncMethodHandler.java:61)
		at com.sun.xml.ws.client.sei.SEIStub.invoke(SEIStub.java:131)
		at com.sun.proxy.$Proxy215.getActsProveedorBD(Unknown Source)
		at controladores.Sistema.getAllActsProveedorBD(Sistema.java:184)
		at org.apache.jsp.consultausuario_jsp._jspService(consultausuario_jsp.java:895)
		at org.apache.jasper.runtime.HttpJspBase.service(HttpJspBase.java:70)
		at javax.servlet.http.HttpServlet.service(HttpServlet.java:623)
		at org.apache.jasper.servlet.JspServletWrapper.service(JspServletWrapper.java:466)
		at org.apache.jasper.servlet.JspServlet.serviceJspFile(JspServlet.java:379)
		at org.apache.jasper.servlet.JspServlet.service(JspServlet.java:327)
		at javax.servlet.http.HttpServlet.service(HttpServlet.java:623)
		at org.apache.catalina.core.ApplicationFilterChain.internalDoFilter(ApplicationFilterChain.java:209)
		at org.apache.catalina.core.ApplicationFilterChain.doFilter(ApplicationFilterChain.java:153)
		at org.apache.tomcat.websocket.server.WsFilter.doFilter(WsFilter.java:51)
		at org.apache.catalina.core.ApplicationFilterChain.internalDoFilter(ApplicationFilterChain.java:178)
		at org.apache.catalina.core.ApplicationFilterChain.doFilter(ApplicationFilterChain.java:153)
		at org.apache.catalina.core.ApplicationDispatcher.invoke(ApplicationDispatcher.java:661)
		at org.apache.catalina.core.ApplicationDispatcher.processRequest(ApplicationDispatcher.java:425)
		at org.apache.catalina.core.ApplicationDispatcher.doForward(ApplicationDispatcher.java:357)
		at org.apache.catalina.core.ApplicationDispatcher.forward(ApplicationDispatcher.java:294)
		at servlets.SvConsultaUsr.doGet(SvConsultaUsr.java:23)
		at javax.servlet.http.HttpServlet.service(HttpServlet.java:529)
		at javax.servlet.http.HttpServlet.service(HttpServlet.java:623)
		at org.apache.catalina.core.ApplicationFilterChain.internalDoFilter(ApplicationFilterChain.java:209)
		at org.apache.catalina.core.ApplicationFilterChain.doFilter(ApplicationFilterChain.java:153)
		at org.apache.tomcat.websocket.server.WsFilter.doFilter(WsFilter.java:51)
		at org.apache.catalina.core.ApplicationFilterChain.internalDoFilter(ApplicationFilterChain.java:178)
		at org.apache.catalina.core.ApplicationFilterChain.doFilter(ApplicationFilterChain.java:153)
		at org.apache.catalina.core.StandardWrapperValve.invoke(StandardWrapperValve.java:168)
		at org.apache.catalina.core.StandardContextValve.invoke(StandardContextValve.java:90)
		at org.apache.catalina.authenticator.AuthenticatorBase.invoke(AuthenticatorBase.java:481)
		at org.apache.catalina.core.StandardHostValve.invoke(StandardHostValve.java:130)
		at org.apache.catalina.valves.ErrorReportValve.invoke(ErrorReportValve.java:93)
		at org.apache.catalina.valves.AbstractAccessLogValve.invoke(AbstractAccessLogValve.java:670)
		at org.apache.catalina.core.StandardEngineValve.invoke(StandardEngineValve.java:74)
		at org.apache.catalina.connector.CoyoteAdapter.service(CoyoteAdapter.java:343)
		at org.apache.coyote.http11.Http11Processor.service(Http11Processor.java:390)
		at org.apache.coyote.AbstractProcessorLight.process(AbstractProcessorLight.java:63)
		at org.apache.coyote.AbstractProtocol$ConnectionHandler.process(AbstractProtocol.java:926)
		at org.apache.tomcat.util.net.NioEndpoint$SocketProcessor.doRun(NioEndpoint.java:1790)
		at org.apache.tomcat.util.net.SocketProcessorBase.run(SocketProcessorBase.java:52)
		at org.apache.tomcat.util.threads.ThreadPoolExecutor.runWorker(ThreadPoolExecutor.java:1191)
		at org.apache.tomcat.util.threads.ThreadPoolExecutor$Worker.run(ThreadPoolExecutor.java:659)
		at org.apache.tomcat.util.threads.TaskThread$WrappingRunnable.run(TaskThread.java:61)
		at java.base/java.lang.Thread.run(Thread.java:829)
16-Nov-2023 12:49:36.520 GRAVE [http-nio-8080-exec-1] org.apache.catalina.core.StandardWrapperValve.invoke El Servlet.service() para el servlet [SvConsultaUsr] en el contexto con ruta [/LABPAPP_WEB] lanzó la excepción [Ha sucedido una excepción al procesar la página JSP [/consultausuario.jsp] en línea [217]

214:         <p>Actividades que provee:</p>
215:         <ul>
216:             <%
217:                 List<ActividadTuristica> acts = sys.getAllActsProveedorBD(usr.getCorreo());
218:                 String estado = "";
219:                 for (ActividadTuristica act : acts) {
220:                     if (act.getEstado() == EstadoActividad.CONFIRMADA || usr.getNick().equals(nick)) {


Stacktrace:] con causa raíz
	com.sun.xml.ws.fault.ServerSOAPFaultException: Client received SOAP Fault from server: class logica.Usuario cannot be cast to class logica.Proveedor (logica.Usuario and logica.Proveedor are in unnamed module of loader org.apache.catalina.loader.ParallelWebappClassLoader @54099984) Please see the server log to find more detail regarding exact cause of the failure.
		at com.sun.xml.ws.fault.SOAP11Fault.getProtocolException(SOAP11Fault.java:163)
		at com.sun.xml.ws.fault.SOAPFaultBuilder.createException(SOAPFaultBuilder.java:95)
		at com.sun.xml.ws.client.sei.StubHandler.readResponse(StubHandler.java:223)
		at com.sun.xml.ws.db.DatabindingImpl.deserializeResponse(DatabindingImpl.java:176)
		at com.sun.xml.ws.db.DatabindingImpl.deserializeResponse(DatabindingImpl.java:263)
		at com.sun.xml.ws.client.sei.SyncMethodHandler.invoke(SyncMethodHandler.java:88)
		at com.sun.xml.ws.client.sei.SyncMethodHandler.invoke(SyncMethodHandler.java:61)
		at com.sun.xml.ws.client.sei.SEIStub.invoke(SEIStub.java:131)
		at com.sun.proxy.$Proxy215.getActsProveedorBD(Unknown Source)
		at controladores.Sistema.getAllActsProveedorBD(Sistema.java:184)
		at org.apache.jsp.consultausuario_jsp._jspService(consultausuario_jsp.java:895)
		at org.apache.jasper.runtime.HttpJspBase.service(HttpJspBase.java:70)
		at javax.servlet.http.HttpServlet.service(HttpServlet.java:623)
		at org.apache.jasper.servlet.JspServletWrapper.service(JspServletWrapper.java:466)
		at org.apache.jasper.servlet.JspServlet.serviceJspFile(JspServlet.java:379)
		at org.apache.jasper.servlet.JspServlet.service(JspServlet.java:327)
		at javax.servlet.http.HttpServlet.service(HttpServlet.java:623)
		at org.apache.catalina.core.ApplicationFilterChain.internalDoFilter(ApplicationFilterChain.java:209)
		at org.apache.catalina.core.ApplicationFilterChain.doFilter(ApplicationFilterChain.java:153)
		at org.apache.tomcat.websocket.server.WsFilter.doFilter(WsFilter.java:51)
		at org.apache.catalina.core.ApplicationFilterChain.internalDoFilter(ApplicationFilterChain.java:178)
		at org.apache.catalina.core.ApplicationFilterChain.doFilter(ApplicationFilterChain.java:153)
		at org.apache.catalina.core.ApplicationDispatcher.invoke(ApplicationDispatcher.java:661)
		at org.apache.catalina.core.ApplicationDispatcher.processRequest(ApplicationDispatcher.java:425)
		at org.apache.catalina.core.ApplicationDispatcher.doForward(ApplicationDispatcher.java:357)
		at org.apache.catalina.core.ApplicationDispatcher.forward(ApplicationDispatcher.java:294)
		at servlets.SvConsultaUsr.doGet(SvConsultaUsr.java:23)
		at javax.servlet.http.HttpServlet.service(HttpServlet.java:529)
		at javax.servlet.http.HttpServlet.service(HttpServlet.java:623)
		at org.apache.catalina.core.ApplicationFilterChain.internalDoFilter(ApplicationFilterChain.java:209)
		at org.apache.catalina.core.ApplicationFilterChain.doFilter(ApplicationFilterChain.java:153)
		at org.apache.tomcat.websocket.server.WsFilter.doFilter(WsFilter.java:51)
		at org.apache.catalina.core.ApplicationFilterChain.internalDoFilter(ApplicationFilterChain.java:178)
		at org.apache.catalina.core.ApplicationFilterChain.doFilter(ApplicationFilterChain.java:153)
		at org.apache.catalina.core.StandardWrapperValve.invoke(StandardWrapperValve.java:168)
		at org.apache.catalina.core.StandardContextValve.invoke(StandardContextValve.java:90)
		at org.apache.catalina.authenticator.AuthenticatorBase.invoke(AuthenticatorBase.java:481)
		at org.apache.catalina.core.StandardHostValve.invoke(StandardHostValve.java:130)
		at org.apache.catalina.valves.ErrorReportValve.invoke(ErrorReportValve.java:93)
		at org.apache.catalina.valves.AbstractAccessLogValve.invoke(AbstractAccessLogValve.java:670)
		at org.apache.catalina.core.StandardEngineValve.invoke(StandardEngineValve.java:74)
		at org.apache.catalina.connector.CoyoteAdapter.service(CoyoteAdapter.java:343)
		at org.apache.coyote.http11.Http11Processor.service(Http11Processor.java:390)
		at org.apache.coyote.AbstractProcessorLight.process(AbstractProcessorLight.java:63)
		at org.apache.coyote.AbstractProtocol$ConnectionHandler.process(AbstractProtocol.java:926)
		at org.apache.tomcat.util.net.NioEndpoint$SocketProcessor.doRun(NioEndpoint.java:1790)
		at org.apache.tomcat.util.net.SocketProcessorBase.run(SocketProcessorBase.java:52)
		at org.apache.tomcat.util.threads.ThreadPoolExecutor.runWorker(ThreadPoolExecutor.java:1191)
		at org.apache.tomcat.util.threads.ThreadPoolExecutor$Worker.run(ThreadPoolExecutor.java:659)
		at org.apache.tomcat.util.threads.TaskThread$WrappingRunnable.run(TaskThread.java:61)
		at java.base/java.lang.Thread.run(Thread.java:829)
16-Nov-2023 12:53:08.350 GRAVE [http-nio-8080-exec-18] org.apache.catalina.core.ApplicationDispatcher.invoke El Servlet.service() para servlet [jsp] lanzó una excepción
	com.sun.xml.ws.fault.ServerSOAPFaultException: Client received SOAP Fault from server: class logica.Usuario cannot be cast to class logica.Proveedor (logica.Usuario and logica.Proveedor are in unnamed module of loader org.apache.catalina.loader.ParallelWebappClassLoader @54099984) Please see the server log to find more detail regarding exact cause of the failure.
		at com.sun.xml.ws.fault.SOAP11Fault.getProtocolException(SOAP11Fault.java:163)
		at com.sun.xml.ws.fault.SOAPFaultBuilder.createException(SOAPFaultBuilder.java:95)
		at com.sun.xml.ws.client.sei.StubHandler.readResponse(StubHandler.java:223)
		at com.sun.xml.ws.db.DatabindingImpl.deserializeResponse(DatabindingImpl.java:176)
		at com.sun.xml.ws.db.DatabindingImpl.deserializeResponse(DatabindingImpl.java:263)
		at com.sun.xml.ws.client.sei.SyncMethodHandler.invoke(SyncMethodHandler.java:88)
		at com.sun.xml.ws.client.sei.SyncMethodHandler.invoke(SyncMethodHandler.java:61)
		at com.sun.xml.ws.client.sei.SEIStub.invoke(SEIStub.java:131)
		at com.sun.proxy.$Proxy258.getActsProveedorBD(Unknown Source)
		at controladores.Sistema.getAllActsProveedorBD(Sistema.java:184)
		at org.apache.jsp.consultausuario_jsp._jspService(consultausuario_jsp.java:886)
		at org.apache.jasper.runtime.HttpJspBase.service(HttpJspBase.java:70)
		at javax.servlet.http.HttpServlet.service(HttpServlet.java:623)
		at org.apache.jasper.servlet.JspServletWrapper.service(JspServletWrapper.java:466)
		at org.apache.jasper.servlet.JspServlet.serviceJspFile(JspServlet.java:379)
		at org.apache.jasper.servlet.JspServlet.service(JspServlet.java:327)
		at javax.servlet.http.HttpServlet.service(HttpServlet.java:623)
		at org.apache.catalina.core.ApplicationFilterChain.internalDoFilter(ApplicationFilterChain.java:209)
		at org.apache.catalina.core.ApplicationFilterChain.doFilter(ApplicationFilterChain.java:153)
		at org.apache.tomcat.websocket.server.WsFilter.doFilter(WsFilter.java:51)
		at org.apache.catalina.core.ApplicationFilterChain.internalDoFilter(ApplicationFilterChain.java:178)
		at org.apache.catalina.core.ApplicationFilterChain.doFilter(ApplicationFilterChain.java:153)
		at org.apache.catalina.core.ApplicationDispatcher.invoke(ApplicationDispatcher.java:661)
		at org.apache.catalina.core.ApplicationDispatcher.processRequest(ApplicationDispatcher.java:425)
		at org.apache.catalina.core.ApplicationDispatcher.doForward(ApplicationDispatcher.java:357)
		at org.apache.catalina.core.ApplicationDispatcher.forward(ApplicationDispatcher.java:294)
		at servlets.SvConsultaUsr.doGet(SvConsultaUsr.java:23)
		at javax.servlet.http.HttpServlet.service(HttpServlet.java:529)
		at javax.servlet.http.HttpServlet.service(HttpServlet.java:623)
		at org.apache.catalina.core.ApplicationFilterChain.internalDoFilter(ApplicationFilterChain.java:209)
		at org.apache.catalina.core.ApplicationFilterChain.doFilter(ApplicationFilterChain.java:153)
		at org.apache.tomcat.websocket.server.WsFilter.doFilter(WsFilter.java:51)
		at org.apache.catalina.core.ApplicationFilterChain.internalDoFilter(ApplicationFilterChain.java:178)
		at org.apache.catalina.core.ApplicationFilterChain.doFilter(ApplicationFilterChain.java:153)
		at org.apache.catalina.core.StandardWrapperValve.invoke(StandardWrapperValve.java:168)
		at org.apache.catalina.core.StandardContextValve.invoke(StandardContextValve.java:90)
		at org.apache.catalina.authenticator.AuthenticatorBase.invoke(AuthenticatorBase.java:481)
		at org.apache.catalina.core.StandardHostValve.invoke(StandardHostValve.java:130)
		at org.apache.catalina.valves.ErrorReportValve.invoke(ErrorReportValve.java:93)
		at org.apache.catalina.valves.AbstractAccessLogValve.invoke(AbstractAccessLogValve.java:670)
		at org.apache.catalina.core.StandardEngineValve.invoke(StandardEngineValve.java:74)
		at org.apache.catalina.connector.CoyoteAdapter.service(CoyoteAdapter.java:343)
		at org.apache.coyote.http11.Http11Processor.service(Http11Processor.java:390)
		at org.apache.coyote.AbstractProcessorLight.process(AbstractProcessorLight.java:63)
		at org.apache.coyote.AbstractProtocol$ConnectionHandler.process(AbstractProtocol.java:926)
		at org.apache.tomcat.util.net.NioEndpoint$SocketProcessor.doRun(NioEndpoint.java:1790)
		at org.apache.tomcat.util.net.SocketProcessorBase.run(SocketProcessorBase.java:52)
		at org.apache.tomcat.util.threads.ThreadPoolExecutor.runWorker(ThreadPoolExecutor.java:1191)
		at org.apache.tomcat.util.threads.ThreadPoolExecutor$Worker.run(ThreadPoolExecutor.java:659)
		at org.apache.tomcat.util.threads.TaskThread$WrappingRunnable.run(TaskThread.java:61)
		at java.base/java.lang.Thread.run(Thread.java:829)
16-Nov-2023 12:53:08.353 GRAVE [http-nio-8080-exec-18] org.apache.catalina.core.StandardWrapperValve.invoke El Servlet.service() para el servlet [SvConsultaUsr] en el contexto con ruta [/LABPAPP_WEB] lanzó la excepción [Ha sucedido una excepción al procesar la página JSP [/consultausuario.jsp] en línea [216]

213:         <p>Actividades que provee:</p>
214:         <ul>
215:             <%
216:                 List<ActividadTuristica> acts = sys.getAllActsProveedorBD(usr.getCorreo());
217:                 String estado = "";
218:                 for (ActividadTuristica act : acts) {
219:                     if (act.getEstado() == EstadoActividad.CONFIRMADA || usr.getNick().equals(nick)) {


Stacktrace:] con causa raíz
	com.sun.xml.ws.fault.ServerSOAPFaultException: Client received SOAP Fault from server: class logica.Usuario cannot be cast to class logica.Proveedor (logica.Usuario and logica.Proveedor are in unnamed module of loader org.apache.catalina.loader.ParallelWebappClassLoader @54099984) Please see the server log to find more detail regarding exact cause of the failure.
		at com.sun.xml.ws.fault.SOAP11Fault.getProtocolException(SOAP11Fault.java:163)
		at com.sun.xml.ws.fault.SOAPFaultBuilder.createException(SOAPFaultBuilder.java:95)
		at com.sun.xml.ws.client.sei.StubHandler.readResponse(StubHandler.java:223)
		at com.sun.xml.ws.db.DatabindingImpl.deserializeResponse(DatabindingImpl.java:176)
		at com.sun.xml.ws.db.DatabindingImpl.deserializeResponse(DatabindingImpl.java:263)
		at com.sun.xml.ws.client.sei.SyncMethodHandler.invoke(SyncMethodHandler.java:88)
		at com.sun.xml.ws.client.sei.SyncMethodHandler.invoke(SyncMethodHandler.java:61)
		at com.sun.xml.ws.client.sei.SEIStub.invoke(SEIStub.java:131)
		at com.sun.proxy.$Proxy258.getActsProveedorBD(Unknown Source)
		at controladores.Sistema.getAllActsProveedorBD(Sistema.java:184)
		at org.apache.jsp.consultausuario_jsp._jspService(consultausuario_jsp.java:886)
		at org.apache.jasper.runtime.HttpJspBase.service(HttpJspBase.java:70)
		at javax.servlet.http.HttpServlet.service(HttpServlet.java:623)
		at org.apache.jasper.servlet.JspServletWrapper.service(JspServletWrapper.java:466)
		at org.apache.jasper.servlet.JspServlet.serviceJspFile(JspServlet.java:379)
		at org.apache.jasper.servlet.JspServlet.service(JspServlet.java:327)
		at javax.servlet.http.HttpServlet.service(HttpServlet.java:623)
		at org.apache.catalina.core.ApplicationFilterChain.internalDoFilter(ApplicationFilterChain.java:209)
		at org.apache.catalina.core.ApplicationFilterChain.doFilter(ApplicationFilterChain.java:153)
		at org.apache.tomcat.websocket.server.WsFilter.doFilter(WsFilter.java:51)
		at org.apache.catalina.core.ApplicationFilterChain.internalDoFilter(ApplicationFilterChain.java:178)
		at org.apache.catalina.core.ApplicationFilterChain.doFilter(ApplicationFilterChain.java:153)
		at org.apache.catalina.core.ApplicationDispatcher.invoke(ApplicationDispatcher.java:661)
		at org.apache.catalina.core.ApplicationDispatcher.processRequest(ApplicationDispatcher.java:425)
		at org.apache.catalina.core.ApplicationDispatcher.doForward(ApplicationDispatcher.java:357)
		at org.apache.catalina.core.ApplicationDispatcher.forward(ApplicationDispatcher.java:294)
		at servlets.SvConsultaUsr.doGet(SvConsultaUsr.java:23)
		at javax.servlet.http.HttpServlet.service(HttpServlet.java:529)
		at javax.servlet.http.HttpServlet.service(HttpServlet.java:623)
		at org.apache.catalina.core.ApplicationFilterChain.internalDoFilter(ApplicationFilterChain.java:209)
		at org.apache.catalina.core.ApplicationFilterChain.doFilter(ApplicationFilterChain.java:153)
		at org.apache.tomcat.websocket.server.WsFilter.doFilter(WsFilter.java:51)
		at org.apache.catalina.core.ApplicationFilterChain.internalDoFilter(ApplicationFilterChain.java:178)
		at org.apache.catalina.core.ApplicationFilterChain.doFilter(ApplicationFilterChain.java:153)
		at org.apache.catalina.core.StandardWrapperValve.invoke(StandardWrapperValve.java:168)
		at org.apache.catalina.core.StandardContextValve.invoke(StandardContextValve.java:90)
		at org.apache.catalina.authenticator.AuthenticatorBase.invoke(AuthenticatorBase.java:481)
		at org.apache.catalina.core.StandardHostValve.invoke(StandardHostValve.java:130)
		at org.apache.catalina.valves.ErrorReportValve.invoke(ErrorReportValve.java:93)
		at org.apache.catalina.valves.AbstractAccessLogValve.invoke(AbstractAccessLogValve.java:670)
		at org.apache.catalina.core.StandardEngineValve.invoke(StandardEngineValve.java:74)
		at org.apache.catalina.connector.CoyoteAdapter.service(CoyoteAdapter.java:343)
		at org.apache.coyote.http11.Http11Processor.service(Http11Processor.java:390)
		at org.apache.coyote.AbstractProcessorLight.process(AbstractProcessorLight.java:63)
		at org.apache.coyote.AbstractProtocol$ConnectionHandler.process(AbstractProtocol.java:926)
		at org.apache.tomcat.util.net.NioEndpoint$SocketProcessor.doRun(NioEndpoint.java:1790)
		at org.apache.tomcat.util.net.SocketProcessorBase.run(SocketProcessorBase.java:52)
		at org.apache.tomcat.util.threads.ThreadPoolExecutor.runWorker(ThreadPoolExecutor.java:1191)
		at org.apache.tomcat.util.threads.ThreadPoolExecutor$Worker.run(ThreadPoolExecutor.java:659)
		at org.apache.tomcat.util.threads.TaskThread$WrappingRunnable.run(TaskThread.java:61)
		at java.base/java.lang.Thread.run(Thread.java:829)
16-Nov-2023 12:57:55.060 GRAVE [http-nio-8080-exec-35] org.apache.catalina.core.ApplicationDispatcher.invoke El Servlet.service() para servlet [jsp] lanzó una excepción
	com.sun.xml.ws.fault.ServerSOAPFaultException: Client received SOAP Fault from server: class logica.Usuario cannot be cast to class logica.Proveedor (logica.Usuario and logica.Proveedor are in unnamed module of loader org.apache.catalina.loader.ParallelWebappClassLoader @ca13f2a) Please see the server log to find more detail regarding exact cause of the failure.
		at com.sun.xml.ws.fault.SOAP11Fault.getProtocolException(SOAP11Fault.java:163)
		at com.sun.xml.ws.fault.SOAPFaultBuilder.createException(SOAPFaultBuilder.java:95)
		at com.sun.xml.ws.client.sei.StubHandler.readResponse(StubHandler.java:223)
		at com.sun.xml.ws.db.DatabindingImpl.deserializeResponse(DatabindingImpl.java:176)
		at com.sun.xml.ws.db.DatabindingImpl.deserializeResponse(DatabindingImpl.java:263)
		at com.sun.xml.ws.client.sei.SyncMethodHandler.invoke(SyncMethodHandler.java:88)
		at com.sun.xml.ws.client.sei.SyncMethodHandler.invoke(SyncMethodHandler.java:61)
		at com.sun.xml.ws.client.sei.SEIStub.invoke(SEIStub.java:131)
		at com.sun.proxy.$Proxy397.getActsProveedorBD(Unknown Source)
		at controladores.Sistema.getAllActsProveedorBD(Sistema.java:184)
		at org.apache.jsp.consultausuario_jsp._jspService(consultausuario_jsp.java:895)
		at org.apache.jasper.runtime.HttpJspBase.service(HttpJspBase.java:70)
		at javax.servlet.http.HttpServlet.service(HttpServlet.java:623)
		at org.apache.jasper.servlet.JspServletWrapper.service(JspServletWrapper.java:466)
		at org.apache.jasper.servlet.JspServlet.serviceJspFile(JspServlet.java:379)
		at org.apache.jasper.servlet.JspServlet.service(JspServlet.java:327)
		at javax.servlet.http.HttpServlet.service(HttpServlet.java:623)
		at org.apache.catalina.core.ApplicationFilterChain.internalDoFilter(ApplicationFilterChain.java:209)
		at org.apache.catalina.core.ApplicationFilterChain.doFilter(ApplicationFilterChain.java:153)
		at org.apache.tomcat.websocket.server.WsFilter.doFilter(WsFilter.java:51)
		at org.apache.catalina.core.ApplicationFilterChain.internalDoFilter(ApplicationFilterChain.java:178)
		at org.apache.catalina.core.ApplicationFilterChain.doFilter(ApplicationFilterChain.java:153)
		at org.apache.catalina.core.ApplicationDispatcher.invoke(ApplicationDispatcher.java:661)
		at org.apache.catalina.core.ApplicationDispatcher.processRequest(ApplicationDispatcher.java:425)
		at org.apache.catalina.core.ApplicationDispatcher.doForward(ApplicationDispatcher.java:357)
		at org.apache.catalina.core.ApplicationDispatcher.forward(ApplicationDispatcher.java:294)
		at servlets.SvConsultaUsr.doGet(SvConsultaUsr.java:23)
		at javax.servlet.http.HttpServlet.service(HttpServlet.java:529)
		at javax.servlet.http.HttpServlet.service(HttpServlet.java:623)
		at org.apache.catalina.core.ApplicationFilterChain.internalDoFilter(ApplicationFilterChain.java:209)
		at org.apache.catalina.core.ApplicationFilterChain.doFilter(ApplicationFilterChain.java:153)
		at org.apache.tomcat.websocket.server.WsFilter.doFilter(WsFilter.java:51)
		at org.apache.catalina.core.ApplicationFilterChain.internalDoFilter(ApplicationFilterChain.java:178)
		at org.apache.catalina.core.ApplicationFilterChain.doFilter(ApplicationFilterChain.java:153)
		at org.apache.catalina.core.StandardWrapperValve.invoke(StandardWrapperValve.java:168)
		at org.apache.catalina.core.StandardContextValve.invoke(StandardContextValve.java:90)
		at org.apache.catalina.authenticator.AuthenticatorBase.invoke(AuthenticatorBase.java:481)
		at org.apache.catalina.core.StandardHostValve.invoke(StandardHostValve.java:130)
		at org.apache.catalina.valves.ErrorReportValve.invoke(ErrorReportValve.java:93)
		at org.apache.catalina.valves.AbstractAccessLogValve.invoke(AbstractAccessLogValve.java:670)
		at org.apache.catalina.core.StandardEngineValve.invoke(StandardEngineValve.java:74)
		at org.apache.catalina.connector.CoyoteAdapter.service(CoyoteAdapter.java:343)
		at org.apache.coyote.http11.Http11Processor.service(Http11Processor.java:390)
		at org.apache.coyote.AbstractProcessorLight.process(AbstractProcessorLight.java:63)
		at org.apache.coyote.AbstractProtocol$ConnectionHandler.process(AbstractProtocol.java:926)
		at org.apache.tomcat.util.net.NioEndpoint$SocketProcessor.doRun(NioEndpoint.java:1790)
		at org.apache.tomcat.util.net.SocketProcessorBase.run(SocketProcessorBase.java:52)
		at org.apache.tomcat.util.threads.ThreadPoolExecutor.runWorker(ThreadPoolExecutor.java:1191)
		at org.apache.tomcat.util.threads.ThreadPoolExecutor$Worker.run(ThreadPoolExecutor.java:659)
		at org.apache.tomcat.util.threads.TaskThread$WrappingRunnable.run(TaskThread.java:61)
		at java.base/java.lang.Thread.run(Thread.java:829)
16-Nov-2023 12:57:55.091 GRAVE [http-nio-8080-exec-35] org.apache.catalina.core.StandardWrapperValve.invoke El Servlet.service() para el servlet [SvConsultaUsr] en el contexto con ruta [/LABPAPP_WEB] lanzó la excepción [Ha sucedido una excepción al procesar la página JSP [/consultausuario.jsp] en línea [217]

214:         <p>Actividades que provee:</p>
215:         <ul>
216:             <%
217:                 List<ActividadTuristica> acts = sys.getAllActsProveedorBD(usr.getCorreo());
218:                 String estado = "";
219:                 for (ActividadTuristica act : acts) {
220:                     if (act.getEstado() == EstadoActividad.CONFIRMADA || usr.getNick().equals(nick)) {


Stacktrace:] con causa raíz
	com.sun.xml.ws.fault.ServerSOAPFaultException: Client received SOAP Fault from server: class logica.Usuario cannot be cast to class logica.Proveedor (logica.Usuario and logica.Proveedor are in unnamed module of loader org.apache.catalina.loader.ParallelWebappClassLoader @ca13f2a) Please see the server log to find more detail regarding exact cause of the failure.
		at com.sun.xml.ws.fault.SOAP11Fault.getProtocolException(SOAP11Fault.java:163)
		at com.sun.xml.ws.fault.SOAPFaultBuilder.createException(SOAPFaultBuilder.java:95)
		at com.sun.xml.ws.client.sei.StubHandler.readResponse(StubHandler.java:223)
		at com.sun.xml.ws.db.DatabindingImpl.deserializeResponse(DatabindingImpl.java:176)
		at com.sun.xml.ws.db.DatabindingImpl.deserializeResponse(DatabindingImpl.java:263)
		at com.sun.xml.ws.client.sei.SyncMethodHandler.invoke(SyncMethodHandler.java:88)
		at com.sun.xml.ws.client.sei.SyncMethodHandler.invoke(SyncMethodHandler.java:61)
		at com.sun.xml.ws.client.sei.SEIStub.invoke(SEIStub.java:131)
		at com.sun.proxy.$Proxy397.getActsProveedorBD(Unknown Source)
		at controladores.Sistema.getAllActsProveedorBD(Sistema.java:184)
		at org.apache.jsp.consultausuario_jsp._jspService(consultausuario_jsp.java:895)
		at org.apache.jasper.runtime.HttpJspBase.service(HttpJspBase.java:70)
		at javax.servlet.http.HttpServlet.service(HttpServlet.java:623)
		at org.apache.jasper.servlet.JspServletWrapper.service(JspServletWrapper.java:466)
		at org.apache.jasper.servlet.JspServlet.serviceJspFile(JspServlet.java:379)
		at org.apache.jasper.servlet.JspServlet.service(JspServlet.java:327)
		at javax.servlet.http.HttpServlet.service(HttpServlet.java:623)
		at org.apache.catalina.core.ApplicationFilterChain.internalDoFilter(ApplicationFilterChain.java:209)
		at org.apache.catalina.core.ApplicationFilterChain.doFilter(ApplicationFilterChain.java:153)
		at org.apache.tomcat.websocket.server.WsFilter.doFilter(WsFilter.java:51)
		at org.apache.catalina.core.ApplicationFilterChain.internalDoFilter(ApplicationFilterChain.java:178)
		at org.apache.catalina.core.ApplicationFilterChain.doFilter(ApplicationFilterChain.java:153)
		at org.apache.catalina.core.ApplicationDispatcher.invoke(ApplicationDispatcher.java:661)
		at org.apache.catalina.core.ApplicationDispatcher.processRequest(ApplicationDispatcher.java:425)
		at org.apache.catalina.core.ApplicationDispatcher.doForward(ApplicationDispatcher.java:357)
		at org.apache.catalina.core.ApplicationDispatcher.forward(ApplicationDispatcher.java:294)
		at servlets.SvConsultaUsr.doGet(SvConsultaUsr.java:23)
		at javax.servlet.http.HttpServlet.service(HttpServlet.java:529)
		at javax.servlet.http.HttpServlet.service(HttpServlet.java:623)
		at org.apache.catalina.core.ApplicationFilterChain.internalDoFilter(ApplicationFilterChain.java:209)
		at org.apache.catalina.core.ApplicationFilterChain.doFilter(ApplicationFilterChain.java:153)
		at org.apache.tomcat.websocket.server.WsFilter.doFilter(WsFilter.java:51)
		at org.apache.catalina.core.ApplicationFilterChain.internalDoFilter(ApplicationFilterChain.java:178)
		at org.apache.catalina.core.ApplicationFilterChain.doFilter(ApplicationFilterChain.java:153)
		at org.apache.catalina.core.StandardWrapperValve.invoke(StandardWrapperValve.java:168)
		at org.apache.catalina.core.StandardContextValve.invoke(StandardContextValve.java:90)
		at org.apache.catalina.authenticator.AuthenticatorBase.invoke(AuthenticatorBase.java:481)
		at org.apache.catalina.core.StandardHostValve.invoke(StandardHostValve.java:130)
		at org.apache.catalina.valves.ErrorReportValve.invoke(ErrorReportValve.java:93)
		at org.apache.catalina.valves.AbstractAccessLogValve.invoke(AbstractAccessLogValve.java:670)
		at org.apache.catalina.core.StandardEngineValve.invoke(StandardEngineValve.java:74)
		at org.apache.catalina.connector.CoyoteAdapter.service(CoyoteAdapter.java:343)
		at org.apache.coyote.http11.Http11Processor.service(Http11Processor.java:390)
		at org.apache.coyote.AbstractProcessorLight.process(AbstractProcessorLight.java:63)
		at org.apache.coyote.AbstractProtocol$ConnectionHandler.process(AbstractProtocol.java:926)
		at org.apache.tomcat.util.net.NioEndpoint$SocketProcessor.doRun(NioEndpoint.java:1790)
		at org.apache.tomcat.util.net.SocketProcessorBase.run(SocketProcessorBase.java:52)
		at org.apache.tomcat.util.threads.ThreadPoolExecutor.runWorker(ThreadPoolExecutor.java:1191)
		at org.apache.tomcat.util.threads.ThreadPoolExecutor$Worker.run(ThreadPoolExecutor.java:659)
		at org.apache.tomcat.util.threads.TaskThread$WrappingRunnable.run(TaskThread.java:61)
		at java.base/java.lang.Thread.run(Thread.java:829)
16-Nov-2023 13:05:16.524 GRAVE [http-nio-8080-exec-56] org.apache.catalina.core.ApplicationDispatcher.invoke El Servlet.service() para servlet [jsp] lanzó una excepción
	com.ctc.wstx.exc.WstxEOFException: Unexpected end of input block; expected an identifier
 at [row,col {unknown-source}]: [1,2167]
		at com.ctc.wstx.sr.StreamScanner.throwUnexpectedEOB(StreamScanner.java:714)
		at com.ctc.wstx.sr.StreamScanner.loadMoreFromCurrent(StreamScanner.java:1081)
		at com.ctc.wstx.sr.StreamScanner.getNextCharFromCurrent(StreamScanner.java:819)
		at com.ctc.wstx.sr.BasicStreamReader.handleStartElem(BasicStreamReader.java:3028)
		at com.ctc.wstx.sr.BasicStreamReader.nextFromTree(BasicStreamReader.java:2926)
		at com.ctc.wstx.sr.BasicStreamReader.next(BasicStreamReader.java:1122)
		at com.sun.xml.ws.util.xml.XMLStreamReaderFilter.next(XMLStreamReaderFilter.java:66)
		at com.sun.xml.bind.v2.runtime.unmarshaller.StAXStreamConnector.bridge(StAXStreamConnector.java:166)
		at com.sun.xml.bind.v2.runtime.unmarshaller.UnmarshallerImpl.unmarshal0(UnmarshallerImpl.java:385)
		at com.sun.xml.bind.v2.runtime.BridgeImpl.unmarshal(BridgeImpl.java:94)
		at com.sun.xml.bind.api.Bridge.unmarshal(Bridge.java:207)
		at com.sun.xml.ws.db.glassfish.BridgeWrapper.unmarshal(BridgeWrapper.java:242)
		at com.sun.xml.ws.client.sei.ResponseBuilder$DocLit.readResponse(ResponseBuilder.java:620)
		at com.sun.xml.ws.client.sei.StubHandler.readResponse(StubHandler.java:228)
		at com.sun.xml.ws.db.DatabindingImpl.deserializeResponse(DatabindingImpl.java:176)
		at com.sun.xml.ws.db.DatabindingImpl.deserializeResponse(DatabindingImpl.java:263)
		at com.sun.xml.ws.client.sei.SyncMethodHandler.invoke(SyncMethodHandler.java:88)
		at com.sun.xml.ws.client.sei.SyncMethodHandler.invoke(SyncMethodHandler.java:61)
		at com.sun.xml.ws.client.sei.SEIStub.invoke(SEIStub.java:131)
		at com.sun.proxy.$Proxy774.getUsuarioDB(Unknown Source)
		at controladores.Sistema.getUsuarioDB(Sistema.java:328)
		at org.apache.jsp.consultausuario_jsp._jspService(consultausuario_jsp.java:765)
		at org.apache.jasper.runtime.HttpJspBase.service(HttpJspBase.java:70)
		at javax.servlet.http.HttpServlet.service(HttpServlet.java:623)
		at org.apache.jasper.servlet.JspServletWrapper.service(JspServletWrapper.java:466)
		at org.apache.jasper.servlet.JspServlet.serviceJspFile(JspServlet.java:379)
		at org.apache.jasper.servlet.JspServlet.service(JspServlet.java:327)
		at javax.servlet.http.HttpServlet.service(HttpServlet.java:623)
		at org.apache.catalina.core.ApplicationFilterChain.internalDoFilter(ApplicationFilterChain.java:209)
		at org.apache.catalina.core.ApplicationFilterChain.doFilter(ApplicationFilterChain.java:153)
		at org.apache.tomcat.websocket.server.WsFilter.doFilter(WsFilter.java:51)
		at org.apache.catalina.core.ApplicationFilterChain.internalDoFilter(ApplicationFilterChain.java:178)
		at org.apache.catalina.core.ApplicationFilterChain.doFilter(ApplicationFilterChain.java:153)
		at org.apache.catalina.core.ApplicationDispatcher.invoke(ApplicationDispatcher.java:661)
		at org.apache.catalina.core.ApplicationDispatcher.processRequest(ApplicationDispatcher.java:425)
		at org.apache.catalina.core.ApplicationDispatcher.doForward(ApplicationDispatcher.java:357)
		at org.apache.catalina.core.ApplicationDispatcher.forward(ApplicationDispatcher.java:294)
		at servlets.SvConsultaUsr.doGet(SvConsultaUsr.java:23)
		at javax.servlet.http.HttpServlet.service(HttpServlet.java:529)
		at javax.servlet.http.HttpServlet.service(HttpServlet.java:623)
		at org.apache.catalina.core.ApplicationFilterChain.internalDoFilter(ApplicationFilterChain.java:209)
		at org.apache.catalina.core.ApplicationFilterChain.doFilter(ApplicationFilterChain.java:153)
		at org.apache.tomcat.websocket.server.WsFilter.doFilter(WsFilter.java:51)
		at org.apache.catalina.core.ApplicationFilterChain.internalDoFilter(ApplicationFilterChain.java:178)
		at org.apache.catalina.core.ApplicationFilterChain.doFilter(ApplicationFilterChain.java:153)
		at org.apache.catalina.core.StandardWrapperValve.invoke(StandardWrapperValve.java:168)
		at org.apache.catalina.core.StandardContextValve.invoke(StandardContextValve.java:90)
		at org.apache.catalina.authenticator.AuthenticatorBase.invoke(AuthenticatorBase.java:481)
		at org.apache.catalina.core.StandardHostValve.invoke(StandardHostValve.java:130)
		at org.apache.catalina.valves.ErrorReportValve.invoke(ErrorReportValve.java:93)
		at org.apache.catalina.valves.AbstractAccessLogValve.invoke(AbstractAccessLogValve.java:670)
		at org.apache.catalina.core.StandardEngineValve.invoke(StandardEngineValve.java:74)
		at org.apache.catalina.connector.CoyoteAdapter.service(CoyoteAdapter.java:343)
		at org.apache.coyote.http11.Http11Processor.service(Http11Processor.java:390)
		at org.apache.coyote.AbstractProcessorLight.process(AbstractProcessorLight.java:63)
		at org.apache.coyote.AbstractProtocol$ConnectionHandler.process(AbstractProtocol.java:926)
		at org.apache.tomcat.util.net.NioEndpoint$SocketProcessor.doRun(NioEndpoint.java:1790)
		at org.apache.tomcat.util.net.SocketProcessorBase.run(SocketProcessorBase.java:52)
		at org.apache.tomcat.util.threads.ThreadPoolExecutor.runWorker(ThreadPoolExecutor.java:1191)
		at org.apache.tomcat.util.threads.ThreadPoolExecutor$Worker.run(ThreadPoolExecutor.java:659)
		at org.apache.tomcat.util.threads.TaskThread$WrappingRunnable.run(TaskThread.java:61)
		at java.base/java.lang.Thread.run(Thread.java:829)
16-Nov-2023 13:05:16.539 GRAVE [http-nio-8080-exec-56] org.apache.catalina.core.StandardWrapperValve.invoke El Servlet.service() para el servlet [SvConsultaUsr] en el contexto con ruta [/LABPAPP_WEB] lanzó la excepción [Ha sucedido una excepción al procesar la página JSP [/consultausuario.jsp] en línea [151]

148:                 List<String> seguidores = sys.getSeguidoresBD(usr.getCorreo());
149:                 if (!seguidores.isEmpty()) {
150:                     for (String seg : seguidores) {
151:                         Usuario u = sys.getUsuarioDB(seg);
152:             %>    
153:             <li><%= seg%> <a href="usuario?nick=<%=u.getNick()%>">-Info</a></li>
154:                 <%}


Stacktrace:] con causa raíz
	com.ctc.wstx.exc.WstxEOFException: Unexpected end of input block; expected an identifier
 at [row,col {unknown-source}]: [1,2167]
		at com.ctc.wstx.sr.StreamScanner.throwUnexpectedEOB(StreamScanner.java:714)
		at com.ctc.wstx.sr.StreamScanner.loadMoreFromCurrent(StreamScanner.java:1081)
		at com.ctc.wstx.sr.StreamScanner.getNextCharFromCurrent(StreamScanner.java:819)
		at com.ctc.wstx.sr.BasicStreamReader.handleStartElem(BasicStreamReader.java:3028)
		at com.ctc.wstx.sr.BasicStreamReader.nextFromTree(BasicStreamReader.java:2926)
		at com.ctc.wstx.sr.BasicStreamReader.next(BasicStreamReader.java:1122)
		at com.sun.xml.ws.util.xml.XMLStreamReaderFilter.next(XMLStreamReaderFilter.java:66)
		at com.sun.xml.bind.v2.runtime.unmarshaller.StAXStreamConnector.bridge(StAXStreamConnector.java:166)
		at com.sun.xml.bind.v2.runtime.unmarshaller.UnmarshallerImpl.unmarshal0(UnmarshallerImpl.java:385)
		at com.sun.xml.bind.v2.runtime.BridgeImpl.unmarshal(BridgeImpl.java:94)
		at com.sun.xml.bind.api.Bridge.unmarshal(Bridge.java:207)
		at com.sun.xml.ws.db.glassfish.BridgeWrapper.unmarshal(BridgeWrapper.java:242)
		at com.sun.xml.ws.client.sei.ResponseBuilder$DocLit.readResponse(ResponseBuilder.java:620)
		at com.sun.xml.ws.client.sei.StubHandler.readResponse(StubHandler.java:228)
		at com.sun.xml.ws.db.DatabindingImpl.deserializeResponse(DatabindingImpl.java:176)
		at com.sun.xml.ws.db.DatabindingImpl.deserializeResponse(DatabindingImpl.java:263)
		at com.sun.xml.ws.client.sei.SyncMethodHandler.invoke(SyncMethodHandler.java:88)
		at com.sun.xml.ws.client.sei.SyncMethodHandler.invoke(SyncMethodHandler.java:61)
		at com.sun.xml.ws.client.sei.SEIStub.invoke(SEIStub.java:131)
		at com.sun.proxy.$Proxy774.getUsuarioDB(Unknown Source)
		at controladores.Sistema.getUsuarioDB(Sistema.java:328)
		at org.apache.jsp.consultausuario_jsp._jspService(consultausuario_jsp.java:765)
		at org.apache.jasper.runtime.HttpJspBase.service(HttpJspBase.java:70)
		at javax.servlet.http.HttpServlet.service(HttpServlet.java:623)
		at org.apache.jasper.servlet.JspServletWrapper.service(JspServletWrapper.java:466)
		at org.apache.jasper.servlet.JspServlet.serviceJspFile(JspServlet.java:379)
		at org.apache.jasper.servlet.JspServlet.service(JspServlet.java:327)
		at javax.servlet.http.HttpServlet.service(HttpServlet.java:623)
		at org.apache.catalina.core.ApplicationFilterChain.internalDoFilter(ApplicationFilterChain.java:209)
		at org.apache.catalina.core.ApplicationFilterChain.doFilter(ApplicationFilterChain.java:153)
		at org.apache.tomcat.websocket.server.WsFilter.doFilter(WsFilter.java:51)
		at org.apache.catalina.core.ApplicationFilterChain.internalDoFilter(ApplicationFilterChain.java:178)
		at org.apache.catalina.core.ApplicationFilterChain.doFilter(ApplicationFilterChain.java:153)
		at org.apache.catalina.core.ApplicationDispatcher.invoke(ApplicationDispatcher.java:661)
		at org.apache.catalina.core.ApplicationDispatcher.processRequest(ApplicationDispatcher.java:425)
		at org.apache.catalina.core.ApplicationDispatcher.doForward(ApplicationDispatcher.java:357)
		at org.apache.catalina.core.ApplicationDispatcher.forward(ApplicationDispatcher.java:294)
		at servlets.SvConsultaUsr.doGet(SvConsultaUsr.java:23)
		at javax.servlet.http.HttpServlet.service(HttpServlet.java:529)
		at javax.servlet.http.HttpServlet.service(HttpServlet.java:623)
		at org.apache.catalina.core.ApplicationFilterChain.internalDoFilter(ApplicationFilterChain.java:209)
		at org.apache.catalina.core.ApplicationFilterChain.doFilter(ApplicationFilterChain.java:153)
		at org.apache.tomcat.websocket.server.WsFilter.doFilter(WsFilter.java:51)
		at org.apache.catalina.core.ApplicationFilterChain.internalDoFilter(ApplicationFilterChain.java:178)
		at org.apache.catalina.core.ApplicationFilterChain.doFilter(ApplicationFilterChain.java:153)
		at org.apache.catalina.core.StandardWrapperValve.invoke(StandardWrapperValve.java:168)
		at org.apache.catalina.core.StandardContextValve.invoke(StandardContextValve.java:90)
		at org.apache.catalina.authenticator.AuthenticatorBase.invoke(AuthenticatorBase.java:481)
		at org.apache.catalina.core.StandardHostValve.invoke(StandardHostValve.java:130)
		at org.apache.catalina.valves.ErrorReportValve.invoke(ErrorReportValve.java:93)
		at org.apache.catalina.valves.AbstractAccessLogValve.invoke(AbstractAccessLogValve.java:670)
		at org.apache.catalina.core.StandardEngineValve.invoke(StandardEngineValve.java:74)
		at org.apache.catalina.connector.CoyoteAdapter.service(CoyoteAdapter.java:343)
		at org.apache.coyote.http11.Http11Processor.service(Http11Processor.java:390)
		at org.apache.coyote.AbstractProcessorLight.process(AbstractProcessorLight.java:63)
		at org.apache.coyote.AbstractProtocol$ConnectionHandler.process(AbstractProtocol.java:926)
		at org.apache.tomcat.util.net.NioEndpoint$SocketProcessor.doRun(NioEndpoint.java:1790)
		at org.apache.tomcat.util.net.SocketProcessorBase.run(SocketProcessorBase.java:52)
		at org.apache.tomcat.util.threads.ThreadPoolExecutor.runWorker(ThreadPoolExecutor.java:1191)
		at org.apache.tomcat.util.threads.ThreadPoolExecutor$Worker.run(ThreadPoolExecutor.java:659)
		at org.apache.tomcat.util.threads.TaskThread$WrappingRunnable.run(TaskThread.java:61)
		at java.base/java.lang.Thread.run(Thread.java:829)
16-Nov-2023 13:05:31.037 GRAVE [http-nio-8080-exec-63] org.apache.catalina.core.ApplicationDispatcher.invoke El Servlet.service() para servlet [jsp] lanzó una excepción
	com.ctc.wstx.exc.WstxEOFException: Unexpected end of input block in end tag
 at [row,col {unknown-source}]: [1,2158]
		at com.ctc.wstx.sr.StreamScanner.throwUnexpectedEOB(StreamScanner.java:714)
		at com.ctc.wstx.sr.StreamScanner.loadMoreFromCurrent(StreamScanner.java:1081)
		at com.ctc.wstx.sr.StreamScanner.getNextCharFromCurrent(StreamScanner.java:819)
		at com.ctc.wstx.sr.BasicStreamReader.readEndElem(BasicStreamReader.java:3249)
		at com.ctc.wstx.sr.BasicStreamReader.nextFromTree(BasicStreamReader.java:2918)
		at com.ctc.wstx.sr.BasicStreamReader.next(BasicStreamReader.java:1122)
		at com.sun.xml.ws.util.xml.XMLStreamReaderFilter.next(XMLStreamReaderFilter.java:66)
		at com.sun.xml.bind.v2.runtime.unmarshaller.StAXStreamConnector.bridge(StAXStreamConnector.java:166)
		at com.sun.xml.bind.v2.runtime.unmarshaller.UnmarshallerImpl.unmarshal0(UnmarshallerImpl.java:385)
		at com.sun.xml.bind.v2.runtime.BridgeImpl.unmarshal(BridgeImpl.java:94)
		at com.sun.xml.bind.api.Bridge.unmarshal(Bridge.java:207)
		at com.sun.xml.ws.db.glassfish.BridgeWrapper.unmarshal(BridgeWrapper.java:242)
		at com.sun.xml.ws.client.sei.ResponseBuilder$DocLit.readResponse(ResponseBuilder.java:620)
		at com.sun.xml.ws.client.sei.StubHandler.readResponse(StubHandler.java:228)
		at com.sun.xml.ws.db.DatabindingImpl.deserializeResponse(DatabindingImpl.java:176)
		at com.sun.xml.ws.db.DatabindingImpl.deserializeResponse(DatabindingImpl.java:263)
		at com.sun.xml.ws.client.sei.SyncMethodHandler.invoke(SyncMethodHandler.java:88)
		at com.sun.xml.ws.client.sei.SyncMethodHandler.invoke(SyncMethodHandler.java:61)
		at com.sun.xml.ws.client.sei.SEIStub.invoke(SEIStub.java:131)
		at com.sun.proxy.$Proxy774.getAllActsFromBD(Unknown Source)
		at controladores.Sistema.getAllActsFromBD(Sistema.java:310)
		at org.apache.jsp.actividadestur_jsp._jspService(actividadestur_jsp.java:685)
		at org.apache.jasper.runtime.HttpJspBase.service(HttpJspBase.java:70)
		at javax.servlet.http.HttpServlet.service(HttpServlet.java:623)
		at org.apache.jasper.servlet.JspServletWrapper.service(JspServletWrapper.java:466)
		at org.apache.jasper.servlet.JspServlet.serviceJspFile(JspServlet.java:379)
		at org.apache.jasper.servlet.JspServlet.service(JspServlet.java:327)
		at javax.servlet.http.HttpServlet.service(HttpServlet.java:623)
		at org.apache.catalina.core.ApplicationFilterChain.internalDoFilter(ApplicationFilterChain.java:209)
		at org.apache.catalina.core.ApplicationFilterChain.doFilter(ApplicationFilterChain.java:153)
		at org.apache.tomcat.websocket.server.WsFilter.doFilter(WsFilter.java:51)
		at org.apache.catalina.core.ApplicationFilterChain.internalDoFilter(ApplicationFilterChain.java:178)
		at org.apache.catalina.core.ApplicationFilterChain.doFilter(ApplicationFilterChain.java:153)
		at org.apache.catalina.core.ApplicationDispatcher.invoke(ApplicationDispatcher.java:661)
		at org.apache.catalina.core.ApplicationDispatcher.processRequest(ApplicationDispatcher.java:425)
		at org.apache.catalina.core.ApplicationDispatcher.doForward(ApplicationDispatcher.java:357)
		at org.apache.catalina.core.ApplicationDispatcher.forward(ApplicationDispatcher.java:294)
		at servlets.SvActividadTuristica.doGet(SvActividadTuristica.java:26)
		at javax.servlet.http.HttpServlet.service(HttpServlet.java:529)
		at javax.servlet.http.HttpServlet.service(HttpServlet.java:623)
		at org.apache.catalina.core.ApplicationFilterChain.internalDoFilter(ApplicationFilterChain.java:209)
		at org.apache.catalina.core.ApplicationFilterChain.doFilter(ApplicationFilterChain.java:153)
		at org.apache.tomcat.websocket.server.WsFilter.doFilter(WsFilter.java:51)
		at org.apache.catalina.core.ApplicationFilterChain.internalDoFilter(ApplicationFilterChain.java:178)
		at org.apache.catalina.core.ApplicationFilterChain.doFilter(ApplicationFilterChain.java:153)
		at org.apache.catalina.core.StandardWrapperValve.invoke(StandardWrapperValve.java:168)
		at org.apache.catalina.core.StandardContextValve.invoke(StandardContextValve.java:90)
		at org.apache.catalina.authenticator.AuthenticatorBase.invoke(AuthenticatorBase.java:481)
		at org.apache.catalina.core.StandardHostValve.invoke(StandardHostValve.java:130)
		at org.apache.catalina.valves.ErrorReportValve.invoke(ErrorReportValve.java:93)
		at org.apache.catalina.valves.AbstractAccessLogValve.invoke(AbstractAccessLogValve.java:670)
		at org.apache.catalina.core.StandardEngineValve.invoke(StandardEngineValve.java:74)
		at org.apache.catalina.connector.CoyoteAdapter.service(CoyoteAdapter.java:343)
		at org.apache.coyote.http11.Http11Processor.service(Http11Processor.java:390)
		at org.apache.coyote.AbstractProcessorLight.process(AbstractProcessorLight.java:63)
		at org.apache.coyote.AbstractProtocol$ConnectionHandler.process(AbstractProtocol.java:926)
		at org.apache.tomcat.util.net.NioEndpoint$SocketProcessor.doRun(NioEndpoint.java:1790)
		at org.apache.tomcat.util.net.SocketProcessorBase.run(SocketProcessorBase.java:52)
		at org.apache.tomcat.util.threads.ThreadPoolExecutor.runWorker(ThreadPoolExecutor.java:1191)
		at org.apache.tomcat.util.threads.ThreadPoolExecutor$Worker.run(ThreadPoolExecutor.java:659)
		at org.apache.tomcat.util.threads.TaskThread$WrappingRunnable.run(TaskThread.java:61)
		at java.base/java.lang.Thread.run(Thread.java:829)
16-Nov-2023 13:05:31.037 GRAVE [http-nio-8080-exec-63] org.apache.catalina.core.StandardWrapperValve.invoke El Servlet.service() para el servlet [SvActividadTuristica] en el contexto con ruta [/LABPAPP_WEB] lanzó la excepción [Ha sucedido una excepción al procesar la página JSP [/actividadestur.jsp] en línea [99]

96:                 }
97: 
98:                 if ((aca == null || aca.isEmpty()) && (aca2 == null || aca2.isEmpty())) {
99:                     List<ActividadTuristica> act = sys.getAllActsFromBD();
100:                     for (ActividadTuristica actividades : act) {
101:                         String actNombre = actividades.getNombre();
102: 


Stacktrace:] con causa raíz
	com.ctc.wstx.exc.WstxEOFException: Unexpected end of input block in end tag
 at [row,col {unknown-source}]: [1,2158]
		at com.ctc.wstx.sr.StreamScanner.throwUnexpectedEOB(StreamScanner.java:714)
		at com.ctc.wstx.sr.StreamScanner.loadMoreFromCurrent(StreamScanner.java:1081)
		at com.ctc.wstx.sr.StreamScanner.getNextCharFromCurrent(StreamScanner.java:819)
		at com.ctc.wstx.sr.BasicStreamReader.readEndElem(BasicStreamReader.java:3249)
		at com.ctc.wstx.sr.BasicStreamReader.nextFromTree(BasicStreamReader.java:2918)
		at com.ctc.wstx.sr.BasicStreamReader.next(BasicStreamReader.java:1122)
		at com.sun.xml.ws.util.xml.XMLStreamReaderFilter.next(XMLStreamReaderFilter.java:66)
		at com.sun.xml.bind.v2.runtime.unmarshaller.StAXStreamConnector.bridge(StAXStreamConnector.java:166)
		at com.sun.xml.bind.v2.runtime.unmarshaller.UnmarshallerImpl.unmarshal0(UnmarshallerImpl.java:385)
		at com.sun.xml.bind.v2.runtime.BridgeImpl.unmarshal(BridgeImpl.java:94)
		at com.sun.xml.bind.api.Bridge.unmarshal(Bridge.java:207)
		at com.sun.xml.ws.db.glassfish.BridgeWrapper.unmarshal(BridgeWrapper.java:242)
		at com.sun.xml.ws.client.sei.ResponseBuilder$DocLit.readResponse(ResponseBuilder.java:620)
		at com.sun.xml.ws.client.sei.StubHandler.readResponse(StubHandler.java:228)
		at com.sun.xml.ws.db.DatabindingImpl.deserializeResponse(DatabindingImpl.java:176)
		at com.sun.xml.ws.db.DatabindingImpl.deserializeResponse(DatabindingImpl.java:263)
		at com.sun.xml.ws.client.sei.SyncMethodHandler.invoke(SyncMethodHandler.java:88)
		at com.sun.xml.ws.client.sei.SyncMethodHandler.invoke(SyncMethodHandler.java:61)
		at com.sun.xml.ws.client.sei.SEIStub.invoke(SEIStub.java:131)
		at com.sun.proxy.$Proxy774.getAllActsFromBD(Unknown Source)
		at controladores.Sistema.getAllActsFromBD(Sistema.java:310)
		at org.apache.jsp.actividadestur_jsp._jspService(actividadestur_jsp.java:685)
		at org.apache.jasper.runtime.HttpJspBase.service(HttpJspBase.java:70)
		at javax.servlet.http.HttpServlet.service(HttpServlet.java:623)
		at org.apache.jasper.servlet.JspServletWrapper.service(JspServletWrapper.java:466)
		at org.apache.jasper.servlet.JspServlet.serviceJspFile(JspServlet.java:379)
		at org.apache.jasper.servlet.JspServlet.service(JspServlet.java:327)
		at javax.servlet.http.HttpServlet.service(HttpServlet.java:623)
		at org.apache.catalina.core.ApplicationFilterChain.internalDoFilter(ApplicationFilterChain.java:209)
		at org.apache.catalina.core.ApplicationFilterChain.doFilter(ApplicationFilterChain.java:153)
		at org.apache.tomcat.websocket.server.WsFilter.doFilter(WsFilter.java:51)
		at org.apache.catalina.core.ApplicationFilterChain.internalDoFilter(ApplicationFilterChain.java:178)
		at org.apache.catalina.core.ApplicationFilterChain.doFilter(ApplicationFilterChain.java:153)
		at org.apache.catalina.core.ApplicationDispatcher.invoke(ApplicationDispatcher.java:661)
		at org.apache.catalina.core.ApplicationDispatcher.processRequest(ApplicationDispatcher.java:425)
		at org.apache.catalina.core.ApplicationDispatcher.doForward(ApplicationDispatcher.java:357)
		at org.apache.catalina.core.ApplicationDispatcher.forward(ApplicationDispatcher.java:294)
		at servlets.SvActividadTuristica.doGet(SvActividadTuristica.java:26)
		at javax.servlet.http.HttpServlet.service(HttpServlet.java:529)
		at javax.servlet.http.HttpServlet.service(HttpServlet.java:623)
		at org.apache.catalina.core.ApplicationFilterChain.internalDoFilter(ApplicationFilterChain.java:209)
		at org.apache.catalina.core.ApplicationFilterChain.doFilter(ApplicationFilterChain.java:153)
		at org.apache.tomcat.websocket.server.WsFilter.doFilter(WsFilter.java:51)
		at org.apache.catalina.core.ApplicationFilterChain.internalDoFilter(ApplicationFilterChain.java:178)
		at org.apache.catalina.core.ApplicationFilterChain.doFilter(ApplicationFilterChain.java:153)
		at org.apache.catalina.core.StandardWrapperValve.invoke(StandardWrapperValve.java:168)
		at org.apache.catalina.core.StandardContextValve.invoke(StandardContextValve.java:90)
		at org.apache.catalina.authenticator.AuthenticatorBase.invoke(AuthenticatorBase.java:481)
		at org.apache.catalina.core.StandardHostValve.invoke(StandardHostValve.java:130)
		at org.apache.catalina.valves.ErrorReportValve.invoke(ErrorReportValve.java:93)
		at org.apache.catalina.valves.AbstractAccessLogValve.invoke(AbstractAccessLogValve.java:670)
		at org.apache.catalina.core.StandardEngineValve.invoke(StandardEngineValve.java:74)
		at org.apache.catalina.connector.CoyoteAdapter.service(CoyoteAdapter.java:343)
		at org.apache.coyote.http11.Http11Processor.service(Http11Processor.java:390)
		at org.apache.coyote.AbstractProcessorLight.process(AbstractProcessorLight.java:63)
		at org.apache.coyote.AbstractProtocol$ConnectionHandler.process(AbstractProtocol.java:926)
		at org.apache.tomcat.util.net.NioEndpoint$SocketProcessor.doRun(NioEndpoint.java:1790)
		at org.apache.tomcat.util.net.SocketProcessorBase.run(SocketProcessorBase.java:52)
		at org.apache.tomcat.util.threads.ThreadPoolExecutor.runWorker(ThreadPoolExecutor.java:1191)
		at org.apache.tomcat.util.threads.ThreadPoolExecutor$Worker.run(ThreadPoolExecutor.java:659)
		at org.apache.tomcat.util.threads.TaskThread$WrappingRunnable.run(TaskThread.java:61)
		at java.base/java.lang.Thread.run(Thread.java:829)
16-Nov-2023 13:44:26.397 INFORMACIÓN [main] org.apache.catalina.core.ApplicationContext.log SessionListener: contextDestroyed()
16-Nov-2023 13:44:26.397 INFORMACIÓN [main] org.apache.catalina.core.ApplicationContext.log ContextListener: contextDestroyed()
16-Nov-2023 20:48:36.541 INFORMACIÓN [main] org.apache.catalina.core.ApplicationContext.log ContextListener: contextInitialized()
16-Nov-2023 20:48:36.541 INFORMACIÓN [main] org.apache.catalina.core.ApplicationContext.log SessionListener: contextInitialized()
16-Nov-2023 20:48:36.543 INFORMACIÓN [main] org.apache.catalina.core.ApplicationContext.log ContextListener: attributeAdded('StockTicker', 'async.Stockticker@6164b6ba')
16-Nov-2023 20:49:30.941 GRAVE [http-nio-8080-exec-19] org.apache.catalina.core.ApplicationDispatcher.invoke El Servlet.service() para servlet [jsp] lanzó una excepción
	java.lang.NullPointerException
		at org.apache.jsp.usuarios_jsp._jspService(usuarios_jsp.java:574)
		at org.apache.jasper.runtime.HttpJspBase.service(HttpJspBase.java:70)
		at javax.servlet.http.HttpServlet.service(HttpServlet.java:623)
		at org.apache.jasper.servlet.JspServletWrapper.service(JspServletWrapper.java:466)
		at org.apache.jasper.servlet.JspServlet.serviceJspFile(JspServlet.java:379)
		at org.apache.jasper.servlet.JspServlet.service(JspServlet.java:327)
		at javax.servlet.http.HttpServlet.service(HttpServlet.java:623)
		at org.apache.catalina.core.ApplicationFilterChain.internalDoFilter(ApplicationFilterChain.java:209)
		at org.apache.catalina.core.ApplicationFilterChain.doFilter(ApplicationFilterChain.java:153)
		at org.apache.tomcat.websocket.server.WsFilter.doFilter(WsFilter.java:51)
		at org.apache.catalina.core.ApplicationFilterChain.internalDoFilter(ApplicationFilterChain.java:178)
		at org.apache.catalina.core.ApplicationFilterChain.doFilter(ApplicationFilterChain.java:153)
		at org.apache.catalina.core.ApplicationDispatcher.invoke(ApplicationDispatcher.java:661)
		at org.apache.catalina.core.ApplicationDispatcher.processRequest(ApplicationDispatcher.java:425)
		at org.apache.catalina.core.ApplicationDispatcher.doForward(ApplicationDispatcher.java:357)
		at org.apache.catalina.core.ApplicationDispatcher.forward(ApplicationDispatcher.java:294)
		at servlets.SvUsuarios.doGet(SvUsuarios.java:33)
		at javax.servlet.http.HttpServlet.service(HttpServlet.java:529)
		at javax.servlet.http.HttpServlet.service(HttpServlet.java:623)
		at org.apache.catalina.core.ApplicationFilterChain.internalDoFilter(ApplicationFilterChain.java:209)
		at org.apache.catalina.core.ApplicationFilterChain.doFilter(ApplicationFilterChain.java:153)
		at org.apache.tomcat.websocket.server.WsFilter.doFilter(WsFilter.java:51)
		at org.apache.catalina.core.ApplicationFilterChain.internalDoFilter(ApplicationFilterChain.java:178)
		at org.apache.catalina.core.ApplicationFilterChain.doFilter(ApplicationFilterChain.java:153)
		at org.apache.catalina.core.StandardWrapperValve.invoke(StandardWrapperValve.java:168)
		at org.apache.catalina.core.StandardContextValve.invoke(StandardContextValve.java:90)
		at org.apache.catalina.authenticator.AuthenticatorBase.invoke(AuthenticatorBase.java:481)
		at org.apache.catalina.core.StandardHostValve.invoke(StandardHostValve.java:130)
		at org.apache.catalina.valves.ErrorReportValve.invoke(ErrorReportValve.java:93)
		at org.apache.catalina.valves.AbstractAccessLogValve.invoke(AbstractAccessLogValve.java:670)
		at org.apache.catalina.core.StandardEngineValve.invoke(StandardEngineValve.java:74)
		at org.apache.catalina.connector.CoyoteAdapter.service(CoyoteAdapter.java:343)
		at org.apache.coyote.http11.Http11Processor.service(Http11Processor.java:390)
		at org.apache.coyote.AbstractProcessorLight.process(AbstractProcessorLight.java:63)
		at org.apache.coyote.AbstractProtocol$ConnectionHandler.process(AbstractProtocol.java:926)
		at org.apache.tomcat.util.net.NioEndpoint$SocketProcessor.doRun(NioEndpoint.java:1790)
		at org.apache.tomcat.util.net.SocketProcessorBase.run(SocketProcessorBase.java:52)
		at org.apache.tomcat.util.threads.ThreadPoolExecutor.runWorker(ThreadPoolExecutor.java:1191)
		at org.apache.tomcat.util.threads.ThreadPoolExecutor$Worker.run(ThreadPoolExecutor.java:659)
		at org.apache.tomcat.util.threads.TaskThread$WrappingRunnable.run(TaskThread.java:61)
		at java.base/java.lang.Thread.run(Thread.java:829)
16-Nov-2023 20:49:30.946 GRAVE [http-nio-8080-exec-19] org.apache.catalina.core.StandardWrapperValve.invoke El Servlet.service() para el servlet [SvUsuarios] en el contexto con ruta [/LABPAPP_WEB] lanzó la excepción [Ha sucedido una excepción al procesar la página JSP [/usuarios.jsp] en línea [18]

15:             <%
16:                 List <DataUsuario> usrs = sys.getUsuarios();
17:                 int i = 0;
18:                 for (DataUsuario usr : usrs) {
19:                     String nickUsr = usr.getNick();
20: 
21:             %>


Stacktrace:] con causa raíz
	java.lang.NullPointerException
		at org.apache.jsp.usuarios_jsp._jspService(usuarios_jsp.java:574)
		at org.apache.jasper.runtime.HttpJspBase.service(HttpJspBase.java:70)
		at javax.servlet.http.HttpServlet.service(HttpServlet.java:623)
		at org.apache.jasper.servlet.JspServletWrapper.service(JspServletWrapper.java:466)
		at org.apache.jasper.servlet.JspServlet.serviceJspFile(JspServlet.java:379)
		at org.apache.jasper.servlet.JspServlet.service(JspServlet.java:327)
		at javax.servlet.http.HttpServlet.service(HttpServlet.java:623)
		at org.apache.catalina.core.ApplicationFilterChain.internalDoFilter(ApplicationFilterChain.java:209)
		at org.apache.catalina.core.ApplicationFilterChain.doFilter(ApplicationFilterChain.java:153)
		at org.apache.tomcat.websocket.server.WsFilter.doFilter(WsFilter.java:51)
		at org.apache.catalina.core.ApplicationFilterChain.internalDoFilter(ApplicationFilterChain.java:178)
		at org.apache.catalina.core.ApplicationFilterChain.doFilter(ApplicationFilterChain.java:153)
		at org.apache.catalina.core.ApplicationDispatcher.invoke(ApplicationDispatcher.java:661)
		at org.apache.catalina.core.ApplicationDispatcher.processRequest(ApplicationDispatcher.java:425)
		at org.apache.catalina.core.ApplicationDispatcher.doForward(ApplicationDispatcher.java:357)
		at org.apache.catalina.core.ApplicationDispatcher.forward(ApplicationDispatcher.java:294)
		at servlets.SvUsuarios.doGet(SvUsuarios.java:33)
		at javax.servlet.http.HttpServlet.service(HttpServlet.java:529)
		at javax.servlet.http.HttpServlet.service(HttpServlet.java:623)
		at org.apache.catalina.core.ApplicationFilterChain.internalDoFilter(ApplicationFilterChain.java:209)
		at org.apache.catalina.core.ApplicationFilterChain.doFilter(ApplicationFilterChain.java:153)
		at org.apache.tomcat.websocket.server.WsFilter.doFilter(WsFilter.java:51)
		at org.apache.catalina.core.ApplicationFilterChain.internalDoFilter(ApplicationFilterChain.java:178)
		at org.apache.catalina.core.ApplicationFilterChain.doFilter(ApplicationFilterChain.java:153)
		at org.apache.catalina.core.StandardWrapperValve.invoke(StandardWrapperValve.java:168)
		at org.apache.catalina.core.StandardContextValve.invoke(StandardContextValve.java:90)
		at org.apache.catalina.authenticator.AuthenticatorBase.invoke(AuthenticatorBase.java:481)
		at org.apache.catalina.core.StandardHostValve.invoke(StandardHostValve.java:130)
		at org.apache.catalina.valves.ErrorReportValve.invoke(ErrorReportValve.java:93)
		at org.apache.catalina.valves.AbstractAccessLogValve.invoke(AbstractAccessLogValve.java:670)
		at org.apache.catalina.core.StandardEngineValve.invoke(StandardEngineValve.java:74)
		at org.apache.catalina.connector.CoyoteAdapter.service(CoyoteAdapter.java:343)
		at org.apache.coyote.http11.Http11Processor.service(Http11Processor.java:390)
		at org.apache.coyote.AbstractProcessorLight.process(AbstractProcessorLight.java:63)
		at org.apache.coyote.AbstractProtocol$ConnectionHandler.process(AbstractProtocol.java:926)
		at org.apache.tomcat.util.net.NioEndpoint$SocketProcessor.doRun(NioEndpoint.java:1790)
		at org.apache.tomcat.util.net.SocketProcessorBase.run(SocketProcessorBase.java:52)
		at org.apache.tomcat.util.threads.ThreadPoolExecutor.runWorker(ThreadPoolExecutor.java:1191)
		at org.apache.tomcat.util.threads.ThreadPoolExecutor$Worker.run(ThreadPoolExecutor.java:659)
		at org.apache.tomcat.util.threads.TaskThread$WrappingRunnable.run(TaskThread.java:61)
		at java.base/java.lang.Thread.run(Thread.java:829)
