04-Oct-2023 21:17:14.333 INFORMACIÓN [main] org.apache.catalina.core.ApplicationContext.log ContextListener: contextInitialized()
04-Oct-2023 21:17:14.333 INFORMACIÓN [main] org.apache.catalina.core.ApplicationContext.log SessionListener: contextInitialized()
04-Oct-2023 21:17:14.334 INFORMACIÓN [main] org.apache.catalina.core.ApplicationContext.log ContextListener: attributeAdded('StockTicker', 'async.Stockticker@6f25bf88')
04-Oct-2023 21:29:37.229 INFORMACIÓN [Thread-1] org.apache.catalina.core.ApplicationContext.log SessionListener: contextDestroyed()
04-Oct-2023 21:29:37.230 INFORMACIÓN [Thread-1] org.apache.catalina.core.ApplicationContext.log ContextListener: contextDestroyed()
04-Oct-2023 21:30:51.058 INFORMACIÓN [main] org.apache.catalina.core.ApplicationContext.log ContextListener: contextInitialized()
04-Oct-2023 21:30:51.058 INFORMACIÓN [main] org.apache.catalina.core.ApplicationContext.log SessionListener: contextInitialized()
04-Oct-2023 21:30:51.060 INFORMACIÓN [main] org.apache.catalina.core.ApplicationContext.log ContextListener: attributeAdded('StockTicker', 'async.Stockticker@572db5ee')
04-Oct-2023 21:31:21.305 INFORMACIÓN [Thread-1] org.apache.catalina.core.ApplicationContext.log SessionListener: contextDestroyed()
04-Oct-2023 21:31:21.305 INFORMACIÓN [Thread-1] org.apache.catalina.core.ApplicationContext.log ContextListener: contextDestroyed()
04-Oct-2023 21:34:18.483 INFORMACIÓN [main] org.apache.catalina.core.ApplicationContext.log ContextListener: contextInitialized()
04-Oct-2023 21:34:18.484 INFORMACIÓN [main] org.apache.catalina.core.ApplicationContext.log SessionListener: contextInitialized()
04-Oct-2023 21:34:18.487 INFORMACIÓN [main] org.apache.catalina.core.ApplicationContext.log ContextListener: attributeAdded('StockTicker', 'async.Stockticker@1dbf727a')
04-Oct-2023 21:35:04.924 INFORMACIÓN [main] org.apache.catalina.core.ApplicationContext.log SessionListener: contextDestroyed()
04-Oct-2023 21:35:04.924 INFORMACIÓN [main] org.apache.catalina.core.ApplicationContext.log ContextListener: contextDestroyed()
04-Oct-2023 21:36:57.160 INFORMACIÓN [main] org.apache.catalina.core.ApplicationContext.log ContextListener: contextInitialized()
04-Oct-2023 21:36:57.161 INFORMACIÓN [main] org.apache.catalina.core.ApplicationContext.log SessionListener: contextInitialized()
04-Oct-2023 21:36:57.162 INFORMACIÓN [main] org.apache.catalina.core.ApplicationContext.log ContextListener: attributeAdded('StockTicker', 'async.Stockticker@380e3122')
04-Oct-2023 21:40:51.313 INFORMACIÓN [main] org.apache.catalina.core.ApplicationContext.log SessionListener: contextDestroyed()
04-Oct-2023 21:40:51.314 INFORMACIÓN [main] org.apache.catalina.core.ApplicationContext.log ContextListener: contextDestroyed()
