12-Oct-2023 11:08:18.677 INFORMACIÓN [http-nio-8080-exec-5] org.apache.catalina.core.ApplicationContext.log Manager: init: Associated with Deployer 'Catalina:type=Deployer,host=localhost'
12-Oct-2023 11:08:18.678 INFORMACIÓN [http-nio-8080-exec-5] org.apache.catalina.core.ApplicationContext.log Manager: init: Global resources are available
12-Oct-2023 11:08:18.719 INFORMACIÓN [http-nio-8080-exec-6] org.apache.catalina.core.ApplicationContext.log Manager: list: Listing contexts for virtual host 'localhost'
12-Oct-2023 11:08:18.759 INFORMACIÓN [http-nio-8080-exec-10] org.apache.catalina.core.ApplicationContext.log Manager: undeploy: Undeploying web application at '/LABPAPP_WEB'
12-Oct-2023 11:08:19.340 INFORMACIÓN [http-nio-8080-exec-2] org.apache.catalina.core.ApplicationContext.log Manager: install: Installing context configuration at 'file:/tmp/context13394733443336393173.xml'
12-Oct-2023 11:08:20.459 INFORMACIÓN [http-nio-8080-exec-7] org.apache.catalina.core.ApplicationContext.log Manager: start: Starting web application '/LABPAPP_WEB'
12-Oct-2023 11:11:49.598 INFORMACIÓN [http-nio-8080-exec-19] org.apache.catalina.core.ApplicationContext.log Manager: list: Listing contexts for virtual host 'localhost'
12-Oct-2023 11:11:49.605 INFORMACIÓN [http-nio-8080-exec-20] org.apache.catalina.core.ApplicationContext.log Manager: undeploy: Undeploying web application at '/LABPAPP_WEB'
12-Oct-2023 11:12:14.479 INFORMACIÓN [http-nio-8080-exec-21] org.apache.catalina.core.ApplicationContext.log Manager: list: Listing contexts for virtual host 'localhost'
12-Oct-2023 11:12:14.485 INFORMACIÓN [http-nio-8080-exec-23] org.apache.catalina.core.ApplicationContext.log Manager: list: Listing contexts for virtual host 'localhost'
12-Oct-2023 11:12:14.532 INFORMACIÓN [http-nio-8080-exec-14] org.apache.catalina.core.ApplicationContext.log Manager: install: Installing context configuration at 'file:/tmp/context2886388604966012548.xml'
12-Oct-2023 11:12:15.417 INFORMACIÓN [http-nio-8080-exec-21] org.apache.catalina.core.ApplicationContext.log Manager: start: Starting web application '/LABPAPP_WEB'
12-Oct-2023 11:37:33.467 INFORMACIÓN [http-nio-8080-exec-30] org.apache.catalina.core.ApplicationContext.log Manager: list: Listing contexts for virtual host 'localhost'
12-Oct-2023 11:37:33.472 INFORMACIÓN [http-nio-8080-exec-23] org.apache.catalina.core.ApplicationContext.log Manager: list: Listing contexts for virtual host 'localhost'
12-Oct-2023 11:37:33.509 INFORMACIÓN [http-nio-8080-exec-29] org.apache.catalina.core.ApplicationContext.log Manager: undeploy: Undeploying web application at '/LABPAPP_WEB'
12-Oct-2023 11:37:34.059 INFORMACIÓN [http-nio-8080-exec-25] org.apache.catalina.core.ApplicationContext.log Manager: install: Installing context configuration at 'file:/tmp/context5383562495438848413.xml'
12-Oct-2023 11:37:34.843 INFORMACIÓN [http-nio-8080-exec-28] org.apache.catalina.core.ApplicationContext.log Manager: start: Starting web application '/LABPAPP_WEB'
12-Oct-2023 11:41:46.607 INFORMACIÓN [http-nio-8080-exec-31] org.apache.catalina.core.ApplicationContext.log Manager: list: Listing contexts for virtual host 'localhost'
12-Oct-2023 11:41:46.611 INFORMACIÓN [http-nio-8080-exec-34] org.apache.catalina.core.ApplicationContext.log Manager: list: Listing contexts for virtual host 'localhost'
12-Oct-2023 11:41:46.632 INFORMACIÓN [http-nio-8080-exec-39] org.apache.catalina.core.ApplicationContext.log Manager: undeploy: Undeploying web application at '/LABPAPP_WEB'
12-Oct-2023 11:41:47.175 INFORMACIÓN [http-nio-8080-exec-40] org.apache.catalina.core.ApplicationContext.log Manager: install: Installing context configuration at 'file:/tmp/context17584431578951599195.xml'
12-Oct-2023 11:41:47.895 INFORMACIÓN [http-nio-8080-exec-38] org.apache.catalina.core.ApplicationContext.log Manager: start: Starting web application '/LABPAPP_WEB'
12-Oct-2023 11:43:17.475 INFORMACIÓN [http-nio-8080-exec-41] org.apache.catalina.core.ApplicationContext.log Manager: list: Listing contexts for virtual host 'localhost'
12-Oct-2023 11:43:17.483 INFORMACIÓN [http-nio-8080-exec-45] org.apache.catalina.core.ApplicationContext.log Manager: list: Listing contexts for virtual host 'localhost'
12-Oct-2023 11:43:17.502 INFORMACIÓN [http-nio-8080-exec-47] org.apache.catalina.core.ApplicationContext.log Manager: undeploy: Undeploying web application at '/LABPAPP_WEB'
12-Oct-2023 11:43:18.052 INFORMACIÓN [http-nio-8080-exec-48] org.apache.catalina.core.ApplicationContext.log Manager: install: Installing context configuration at 'file:/tmp/context921193528494022724.xml'
12-Oct-2023 11:43:18.827 INFORMACIÓN [http-nio-8080-exec-38] org.apache.catalina.core.ApplicationContext.log Manager: start: Starting web application '/LABPAPP_WEB'
12-Oct-2023 11:46:20.993 INFORMACIÓN [http-nio-8080-exec-55] org.apache.catalina.core.ApplicationContext.log Manager: list: Listing contexts for virtual host 'localhost'
12-Oct-2023 11:46:20.998 INFORMACIÓN [http-nio-8080-exec-57] org.apache.catalina.core.ApplicationContext.log Manager: list: Listing contexts for virtual host 'localhost'
12-Oct-2023 11:46:21.024 INFORMACIÓN [http-nio-8080-exec-59] org.apache.catalina.core.ApplicationContext.log Manager: undeploy: Undeploying web application at '/LABPAPP_WEB'
12-Oct-2023 11:46:21.587 INFORMACIÓN [http-nio-8080-exec-50] org.apache.catalina.core.ApplicationContext.log Manager: install: Installing context configuration at 'file:/tmp/context13908147328371421587.xml'
12-Oct-2023 11:46:22.285 INFORMACIÓN [http-nio-8080-exec-54] org.apache.catalina.core.ApplicationContext.log Manager: start: Starting web application '/LABPAPP_WEB'
12-Oct-2023 11:48:17.720 INFORMACIÓN [http-nio-8080-exec-54] org.apache.catalina.core.ApplicationContext.log Manager: list: Listing contexts for virtual host 'localhost'
12-Oct-2023 11:48:17.727 INFORMACIÓN [http-nio-8080-exec-67] org.apache.catalina.core.ApplicationContext.log Manager: undeploy: Undeploying web application at '/LABPAPP_WEB'
12-Oct-2023 18:17:22.498 INFORMACIÓN [http-nio-8080-exec-5] org.apache.catalina.core.ApplicationContext.log Manager: init: Associated with Deployer 'Catalina:type=Deployer,host=localhost'
12-Oct-2023 18:17:22.499 INFORMACIÓN [http-nio-8080-exec-5] org.apache.catalina.core.ApplicationContext.log Manager: init: Global resources are available
12-Oct-2023 18:17:22.760 INFORMACIÓN [http-nio-8080-exec-9] org.apache.catalina.core.ApplicationContext.log Manager: list: Listing contexts for virtual host 'localhost'
12-Oct-2023 18:17:22.809 INFORMACIÓN [http-nio-8080-exec-7] org.apache.catalina.core.ApplicationContext.log Manager: list: Listing contexts for virtual host 'localhost'
12-Oct-2023 18:17:22.880 INFORMACIÓN [http-nio-8080-exec-10] org.apache.catalina.core.ApplicationContext.log Manager: install: Installing context configuration at 'file:/tmp/context17177675009146608451.xml'
12-Oct-2023 18:17:24.300 INFORMACIÓN [http-nio-8080-exec-1] org.apache.catalina.core.ApplicationContext.log Manager: start: Starting web application '/LABPAPP_WEB'
12-Oct-2023 18:33:14.085 INFORMACIÓN [http-nio-8080-exec-5] org.apache.catalina.core.ApplicationContext.log Manager: init: Associated with Deployer 'Catalina:type=Deployer,host=localhost'
12-Oct-2023 18:33:14.085 INFORMACIÓN [http-nio-8080-exec-5] org.apache.catalina.core.ApplicationContext.log Manager: init: Global resources are available
12-Oct-2023 18:33:14.129 INFORMACIÓN [http-nio-8080-exec-7] org.apache.catalina.core.ApplicationContext.log Manager: list: Listing contexts for virtual host 'localhost'
12-Oct-2023 18:33:14.154 INFORMACIÓN [http-nio-8080-exec-10] org.apache.catalina.core.ApplicationContext.log Manager: undeploy: Undeploying web application at '/LABPAPP_WEB'
12-Oct-2023 18:33:14.698 INFORMACIÓN [http-nio-8080-exec-4] org.apache.catalina.core.ApplicationContext.log Manager: install: Installing context configuration at 'file:/tmp/context15563879682685739539.xml'
12-Oct-2023 18:33:15.723 INFORMACIÓN [http-nio-8080-exec-2] org.apache.catalina.core.ApplicationContext.log Manager: start: Starting web application '/LABPAPP_WEB'
12-Oct-2023 18:37:57.135 INFORMACIÓN [http-nio-8080-exec-11] org.apache.catalina.core.ApplicationContext.log Manager: list: Listing contexts for virtual host 'localhost'
12-Oct-2023 18:37:57.141 INFORMACIÓN [http-nio-8080-exec-14] org.apache.catalina.core.ApplicationContext.log Manager: list: Listing contexts for virtual host 'localhost'
12-Oct-2023 18:37:57.167 INFORMACIÓN [http-nio-8080-exec-18] org.apache.catalina.core.ApplicationContext.log Manager: undeploy: Undeploying web application at '/LABPAPP_WEB'
12-Oct-2023 18:37:57.738 INFORMACIÓN [http-nio-8080-exec-20] org.apache.catalina.core.ApplicationContext.log Manager: install: Installing context configuration at 'file:/tmp/context7898114802733872873.xml'
12-Oct-2023 18:37:58.661 INFORMACIÓN [http-nio-8080-exec-11] org.apache.catalina.core.ApplicationContext.log Manager: start: Starting web application '/LABPAPP_WEB'
12-Oct-2023 18:39:17.834 INFORMACIÓN [http-nio-8080-exec-29] org.apache.catalina.core.ApplicationContext.log Manager: list: Listing contexts for virtual host 'localhost'
12-Oct-2023 18:39:17.848 INFORMACIÓN [http-nio-8080-exec-22] org.apache.catalina.core.ApplicationContext.log Manager: list: Listing contexts for virtual host 'localhost'
12-Oct-2023 18:39:17.916 INFORMACIÓN [http-nio-8080-exec-21] org.apache.catalina.core.ApplicationContext.log Manager: undeploy: Undeploying web application at '/LABPAPP_WEB'
12-Oct-2023 18:39:18.447 INFORMACIÓN [http-nio-8080-exec-28] org.apache.catalina.core.ApplicationContext.log Manager: install: Installing context configuration at 'file:/tmp/context16793218097241482720.xml'
12-Oct-2023 18:39:19.279 INFORMACIÓN [http-nio-8080-exec-24] org.apache.catalina.core.ApplicationContext.log Manager: start: Starting web application '/LABPAPP_WEB'
12-Oct-2023 18:49:33.183 INFORMACIÓN [http-nio-8080-exec-34] org.apache.catalina.core.ApplicationContext.log Manager: list: Listing contexts for virtual host 'localhost'
12-Oct-2023 18:49:33.189 INFORMACIÓN [http-nio-8080-exec-35] org.apache.catalina.core.ApplicationContext.log Manager: list: Listing contexts for virtual host 'localhost'
12-Oct-2023 18:49:33.224 INFORMACIÓN [http-nio-8080-exec-33] org.apache.catalina.core.ApplicationContext.log Manager: undeploy: Undeploying web application at '/LABPAPP_WEB'
12-Oct-2023 18:49:33.786 INFORMACIÓN [http-nio-8080-exec-32] org.apache.catalina.core.ApplicationContext.log Manager: install: Installing context configuration at 'file:/tmp/context15540669711471277623.xml'
12-Oct-2023 18:49:34.671 INFORMACIÓN [http-nio-8080-exec-36] org.apache.catalina.core.ApplicationContext.log Manager: start: Starting web application '/LABPAPP_WEB'
12-Oct-2023 18:51:13.840 INFORMACIÓN [http-nio-8080-exec-41] org.apache.catalina.core.ApplicationContext.log Manager: list: Listing contexts for virtual host 'localhost'
12-Oct-2023 18:51:13.845 INFORMACIÓN [http-nio-8080-exec-50] org.apache.catalina.core.ApplicationContext.log Manager: list: Listing contexts for virtual host 'localhost'
12-Oct-2023 18:51:13.870 INFORMACIÓN [http-nio-8080-exec-46] org.apache.catalina.core.ApplicationContext.log Manager: undeploy: Undeploying web application at '/LABPAPP_WEB'
12-Oct-2023 18:51:14.396 INFORMACIÓN [http-nio-8080-exec-45] org.apache.catalina.core.ApplicationContext.log Manager: install: Installing context configuration at 'file:/tmp/context14547642305468220140.xml'
12-Oct-2023 18:51:15.265 INFORMACIÓN [http-nio-8080-exec-48] org.apache.catalina.core.ApplicationContext.log Manager: start: Starting web application '/LABPAPP_WEB'
12-Oct-2023 18:55:43.858 INFORMACIÓN [http-nio-8080-exec-60] org.apache.catalina.core.ApplicationContext.log Manager: list: Listing contexts for virtual host 'localhost'
12-Oct-2023 18:55:43.862 INFORMACIÓN [http-nio-8080-exec-53] org.apache.catalina.core.ApplicationContext.log Manager: list: Listing contexts for virtual host 'localhost'
12-Oct-2023 18:55:43.884 INFORMACIÓN [http-nio-8080-exec-56] org.apache.catalina.core.ApplicationContext.log Manager: undeploy: Undeploying web application at '/LABPAPP_WEB'
12-Oct-2023 18:55:44.401 INFORMACIÓN [http-nio-8080-exec-55] org.apache.catalina.core.ApplicationContext.log Manager: install: Installing context configuration at 'file:/tmp/context10849363903214161131.xml'
12-Oct-2023 18:55:45.165 INFORMACIÓN [http-nio-8080-exec-57] org.apache.catalina.core.ApplicationContext.log Manager: start: Starting web application '/LABPAPP_WEB'
12-Oct-2023 18:57:47.695 INFORMACIÓN [http-nio-8080-exec-70] org.apache.catalina.core.ApplicationContext.log Manager: list: Listing contexts for virtual host 'localhost'
12-Oct-2023 18:57:47.712 INFORMACIÓN [http-nio-8080-exec-66] org.apache.catalina.core.ApplicationContext.log Manager: list: Listing contexts for virtual host 'localhost'
12-Oct-2023 18:57:47.748 INFORMACIÓN [http-nio-8080-exec-62] org.apache.catalina.core.ApplicationContext.log Manager: undeploy: Undeploying web application at '/LABPAPP_WEB'
12-Oct-2023 18:57:48.285 INFORMACIÓN [http-nio-8080-exec-66] org.apache.catalina.core.ApplicationContext.log Manager: install: Installing context configuration at 'file:/tmp/context5245368918380460865.xml'
12-Oct-2023 18:57:49.080 INFORMACIÓN [http-nio-8080-exec-61] org.apache.catalina.core.ApplicationContext.log Manager: start: Starting web application '/LABPAPP_WEB'
12-Oct-2023 19:35:47.384 INFORMACIÓN [http-nio-8080-exec-72] org.apache.catalina.core.ApplicationContext.log Manager: list: Listing contexts for virtual host 'localhost'
12-Oct-2023 19:35:47.388 INFORMACIÓN [http-nio-8080-exec-75] org.apache.catalina.core.ApplicationContext.log Manager: list: Listing contexts for virtual host 'localhost'
12-Oct-2023 19:35:47.405 INFORMACIÓN [http-nio-8080-exec-79] org.apache.catalina.core.ApplicationContext.log Manager: undeploy: Undeploying web application at '/LABPAPP_WEB'
12-Oct-2023 19:35:48.004 INFORMACIÓN [http-nio-8080-exec-77] org.apache.catalina.core.ApplicationContext.log Manager: install: Installing context configuration at 'file:/tmp/context2965237537595934567.xml'
12-Oct-2023 19:35:49.115 INFORMACIÓN [http-nio-8080-exec-80] org.apache.catalina.core.ApplicationContext.log Manager: start: Starting web application '/LABPAPP_WEB'
12-Oct-2023 19:47:42.155 INFORMACIÓN [http-nio-8080-exec-89] org.apache.catalina.core.ApplicationContext.log Manager: list: Listing contexts for virtual host 'localhost'
12-Oct-2023 19:47:42.159 INFORMACIÓN [http-nio-8080-exec-87] org.apache.catalina.core.ApplicationContext.log Manager: list: Listing contexts for virtual host 'localhost'
12-Oct-2023 19:47:42.172 INFORMACIÓN [http-nio-8080-exec-90] org.apache.catalina.core.ApplicationContext.log Manager: undeploy: Undeploying web application at '/LABPAPP_WEB'
12-Oct-2023 19:47:42.708 INFORMACIÓN [http-nio-8080-exec-89] org.apache.catalina.core.ApplicationContext.log Manager: install: Installing context configuration at 'file:/tmp/context8702632360284083304.xml'
12-Oct-2023 19:47:43.716 INFORMACIÓN [http-nio-8080-exec-81] org.apache.catalina.core.ApplicationContext.log Manager: start: Starting web application '/LABPAPP_WEB'
12-Oct-2023 19:50:22.506 INFORMACIÓN [http-nio-8080-exec-100] org.apache.catalina.core.ApplicationContext.log Manager: list: Listing contexts for virtual host 'localhost'
12-Oct-2023 19:50:22.510 INFORMACIÓN [http-nio-8080-exec-96] org.apache.catalina.core.ApplicationContext.log Manager: list: Listing contexts for virtual host 'localhost'
12-Oct-2023 19:50:22.527 INFORMACIÓN [http-nio-8080-exec-99] org.apache.catalina.core.ApplicationContext.log Manager: undeploy: Undeploying web application at '/LABPAPP_WEB'
12-Oct-2023 19:50:23.054 INFORMACIÓN [http-nio-8080-exec-96] org.apache.catalina.core.ApplicationContext.log Manager: install: Installing context configuration at 'file:/tmp/context17324917443579318304.xml'
12-Oct-2023 19:50:23.796 INFORMACIÓN [http-nio-8080-exec-98] org.apache.catalina.core.ApplicationContext.log Manager: start: Starting web application '/LABPAPP_WEB'
12-Oct-2023 19:50:49.103 INFORMACIÓN [http-nio-8080-exec-105] org.apache.catalina.core.ApplicationContext.log Manager: list: Listing contexts for virtual host 'localhost'
12-Oct-2023 19:50:49.109 INFORMACIÓN [http-nio-8080-exec-96] org.apache.catalina.core.ApplicationContext.log Manager: list: Listing contexts for virtual host 'localhost'
12-Oct-2023 19:50:49.126 INFORMACIÓN [http-nio-8080-exec-104] org.apache.catalina.core.ApplicationContext.log Manager: undeploy: Undeploying web application at '/LABPAPP_WEB'
12-Oct-2023 19:50:49.653 INFORMACIÓN [http-nio-8080-exec-96] org.apache.catalina.core.ApplicationContext.log Manager: install: Installing context configuration at 'file:/tmp/context17122877734639915559.xml'
12-Oct-2023 19:50:50.376 INFORMACIÓN [http-nio-8080-exec-101] org.apache.catalina.core.ApplicationContext.log Manager: start: Starting web application '/LABPAPP_WEB'
12-Oct-2023 19:53:08.711 INFORMACIÓN [http-nio-8080-exec-116] org.apache.catalina.core.ApplicationContext.log Manager: list: Listing contexts for virtual host 'localhost'
12-Oct-2023 19:53:08.717 INFORMACIÓN [http-nio-8080-exec-111] org.apache.catalina.core.ApplicationContext.log Manager: list: Listing contexts for virtual host 'localhost'
12-Oct-2023 19:53:08.761 INFORMACIÓN [http-nio-8080-exec-115] org.apache.catalina.core.ApplicationContext.log Manager: undeploy: Undeploying web application at '/LABPAPP_WEB'
12-Oct-2023 19:53:09.305 INFORMACIÓN [http-nio-8080-exec-110] org.apache.catalina.core.ApplicationContext.log Manager: install: Installing context configuration at 'file:/tmp/context7864656302107161214.xml'
12-Oct-2023 19:53:10.267 INFORMACIÓN [http-nio-8080-exec-109] org.apache.catalina.core.ApplicationContext.log Manager: start: Starting web application '/LABPAPP_WEB'
12-Oct-2023 19:55:24.924 INFORMACIÓN [http-nio-8080-exec-122] org.apache.catalina.core.ApplicationContext.log Manager: list: Listing contexts for virtual host 'localhost'
12-Oct-2023 19:55:24.929 INFORMACIÓN [http-nio-8080-exec-125] org.apache.catalina.core.ApplicationContext.log Manager: list: Listing contexts for virtual host 'localhost'
12-Oct-2023 19:55:24.963 INFORMACIÓN [http-nio-8080-exec-126] org.apache.catalina.core.ApplicationContext.log Manager: undeploy: Undeploying web application at '/LABPAPP_WEB'
12-Oct-2023 19:55:25.507 INFORMACIÓN [http-nio-8080-exec-123] org.apache.catalina.core.ApplicationContext.log Manager: install: Installing context configuration at 'file:/tmp/context766071308830044656.xml'
12-Oct-2023 19:55:29.687 INFORMACIÓN [http-nio-8080-exec-127] org.apache.catalina.core.ApplicationContext.log Manager: list: Listing contexts for virtual host 'localhost'
12-Oct-2023 19:56:01.590 INFORMACIÓN [http-nio-8080-exec-120] org.apache.catalina.core.ApplicationContext.log Manager: list: Listing contexts for virtual host 'localhost'
12-Oct-2023 19:56:01.594 INFORMACIÓN [http-nio-8080-exec-122] org.apache.catalina.core.ApplicationContext.log Manager: list: Listing contexts for virtual host 'localhost'
12-Oct-2023 19:56:01.610 INFORMACIÓN [http-nio-8080-exec-127] org.apache.catalina.core.ApplicationContext.log Manager: install: Installing context configuration at 'file:/tmp/context1042158374547651447.xml'
12-Oct-2023 19:56:02.272 INFORMACIÓN [http-nio-8080-exec-129] org.apache.catalina.core.ApplicationContext.log Manager: start: Starting web application '/LABPAPP_WEB'
12-Oct-2023 19:58:06.543 INFORMACIÓN [http-nio-8080-exec-133] org.apache.catalina.core.ApplicationContext.log Manager: list: Listing contexts for virtual host 'localhost'
12-Oct-2023 19:58:06.548 INFORMACIÓN [http-nio-8080-exec-129] org.apache.catalina.core.ApplicationContext.log Manager: list: Listing contexts for virtual host 'localhost'
12-Oct-2023 19:58:06.565 INFORMACIÓN [http-nio-8080-exec-132] org.apache.catalina.core.ApplicationContext.log Manager: undeploy: Undeploying web application at '/LABPAPP_WEB'
12-Oct-2023 19:58:07.088 INFORMACIÓN [http-nio-8080-exec-131] org.apache.catalina.core.ApplicationContext.log Manager: install: Installing context configuration at 'file:/tmp/context11535559616036101749.xml'
12-Oct-2023 19:58:07.798 INFORMACIÓN [http-nio-8080-exec-128] org.apache.catalina.core.ApplicationContext.log Manager: start: Starting web application '/LABPAPP_WEB'
12-Oct-2023 19:58:48.605 INFORMACIÓN [http-nio-8080-exec-141] org.apache.catalina.core.ApplicationContext.log Manager: list: Listing contexts for virtual host 'localhost'
12-Oct-2023 19:58:48.609 INFORMACIÓN [http-nio-8080-exec-137] org.apache.catalina.core.ApplicationContext.log Manager: list: Listing contexts for virtual host 'localhost'
12-Oct-2023 19:58:48.626 INFORMACIÓN [http-nio-8080-exec-140] org.apache.catalina.core.ApplicationContext.log Manager: undeploy: Undeploying web application at '/LABPAPP_WEB'
12-Oct-2023 19:58:49.167 INFORMACIÓN [http-nio-8080-exec-131] org.apache.catalina.core.ApplicationContext.log Manager: install: Installing context configuration at 'file:/tmp/context9452345525937550632.xml'
12-Oct-2023 19:58:50.006 INFORMACIÓN [http-nio-8080-exec-133] org.apache.catalina.core.ApplicationContext.log Manager: start: Starting web application '/LABPAPP_WEB'
12-Oct-2023 20:39:59.561 INFORMACIÓN [http-nio-8080-exec-144] org.apache.catalina.core.ApplicationContext.log Manager: list: Listing contexts for virtual host 'localhost'
12-Oct-2023 20:39:59.583 INFORMACIÓN [http-nio-8080-exec-145] org.apache.catalina.core.ApplicationContext.log Manager: list: Listing contexts for virtual host 'localhost'
12-Oct-2023 20:39:59.617 INFORMACIÓN [http-nio-8080-exec-150] org.apache.catalina.core.ApplicationContext.log Manager: undeploy: Undeploying web application at '/LABPAPP_WEB'
12-Oct-2023 20:40:00.159 INFORMACIÓN [http-nio-8080-exec-146] org.apache.catalina.core.ApplicationContext.log Manager: install: Installing context configuration at 'file:/tmp/context18297635180576112156.xml'
12-Oct-2023 20:40:01.471 INFORMACIÓN [http-nio-8080-exec-144] org.apache.catalina.core.ApplicationContext.log Manager: start: Starting web application '/LABPAPP_WEB'
12-Oct-2023 20:42:20.270 INFORMACIÓN [http-nio-8080-exec-162] org.apache.catalina.core.ApplicationContext.log Manager: list: Listing contexts for virtual host 'localhost'
12-Oct-2023 20:42:20.274 INFORMACIÓN [http-nio-8080-exec-153] org.apache.catalina.core.ApplicationContext.log Manager: list: Listing contexts for virtual host 'localhost'
12-Oct-2023 20:42:23.297 INFORMACIÓN [http-nio-8080-exec-156] org.apache.catalina.core.ApplicationContext.log Manager: undeploy: Undeploying web application at '/LABPAPP_WEB'
12-Oct-2023 20:42:23.827 INFORMACIÓN [http-nio-8080-exec-155] org.apache.catalina.core.ApplicationContext.log Manager: install: Installing context configuration at 'file:/tmp/context16804066548038875057.xml'
12-Oct-2023 20:42:24.800 INFORMACIÓN [http-nio-8080-exec-154] org.apache.catalina.core.ApplicationContext.log Manager: start: Starting web application '/LABPAPP_WEB'
12-Oct-2023 20:43:55.498 INFORMACIÓN [http-nio-8080-exec-165] org.apache.catalina.core.ApplicationContext.log Manager: list: Listing contexts for virtual host 'localhost'
12-Oct-2023 20:43:55.504 INFORMACIÓN [http-nio-8080-exec-169] org.apache.catalina.core.ApplicationContext.log Manager: list: Listing contexts for virtual host 'localhost'
12-Oct-2023 20:43:55.518 INFORMACIÓN [http-nio-8080-exec-165] org.apache.catalina.core.ApplicationContext.log Manager: undeploy: Undeploying web application at '/LABPAPP_WEB'
12-Oct-2023 20:43:56.048 INFORMACIÓN [http-nio-8080-exec-166] org.apache.catalina.core.ApplicationContext.log Manager: install: Installing context configuration at 'file:/tmp/context2133368907861279218.xml'
12-Oct-2023 20:43:56.968 INFORMACIÓN [http-nio-8080-exec-167] org.apache.catalina.core.ApplicationContext.log Manager: start: Starting web application '/LABPAPP_WEB'
12-Oct-2023 20:47:41.433 INFORMACIÓN [http-nio-8080-exec-181] org.apache.catalina.core.ApplicationContext.log Manager: list: Listing contexts for virtual host 'localhost'
12-Oct-2023 20:47:41.437 INFORMACIÓN [http-nio-8080-exec-178] org.apache.catalina.core.ApplicationContext.log Manager: list: Listing contexts for virtual host 'localhost'
12-Oct-2023 20:47:41.471 INFORMACIÓN [http-nio-8080-exec-182] org.apache.catalina.core.ApplicationContext.log Manager: undeploy: Undeploying web application at '/LABPAPP_WEB'
12-Oct-2023 20:47:42.001 INFORMACIÓN [http-nio-8080-exec-177] org.apache.catalina.core.ApplicationContext.log Manager: install: Installing context configuration at 'file:/tmp/context3326802320058417550.xml'
12-Oct-2023 20:47:42.795 INFORMACIÓN [http-nio-8080-exec-179] org.apache.catalina.core.ApplicationContext.log Manager: start: Starting web application '/LABPAPP_WEB'
12-Oct-2023 20:53:52.986 INFORMACIÓN [http-nio-8080-exec-192] org.apache.catalina.core.ApplicationContext.log Manager: list: Listing contexts for virtual host 'localhost'
12-Oct-2023 20:53:52.991 INFORMACIÓN [http-nio-8080-exec-191] org.apache.catalina.core.ApplicationContext.log Manager: list: Listing contexts for virtual host 'localhost'
12-Oct-2023 20:53:53.052 INFORMACIÓN [http-nio-8080-exec-189] org.apache.catalina.core.ApplicationContext.log Manager: undeploy: Undeploying web application at '/LABPAPP_WEB'
12-Oct-2023 20:53:53.570 INFORMACIÓN [http-nio-8080-exec-187] org.apache.catalina.core.ApplicationContext.log Manager: install: Installing context configuration at 'file:/tmp/context4533005083728421884.xml'
12-Oct-2023 20:53:54.519 INFORMACIÓN [http-nio-8080-exec-191] org.apache.catalina.core.ApplicationContext.log Manager: start: Starting web application '/LABPAPP_WEB'
12-Oct-2023 20:54:02.539 INFORMACIÓN [http-nio-8080-exec-191] org.apache.catalina.core.ApplicationContext.log Manager: list: Listing contexts for virtual host 'localhost'
12-Oct-2023 20:54:02.547 INFORMACIÓN [http-nio-8080-exec-194] org.apache.catalina.core.ApplicationContext.log Manager: undeploy: Undeploying web application at '/LABPAPP_WEB'
12-Oct-2023 20:54:25.049 INFORMACIÓN [http-nio-8080-exec-198] org.apache.catalina.core.ApplicationContext.log Manager: list: Listing contexts for virtual host 'localhost'
12-Oct-2023 20:54:25.058 INFORMACIÓN [http-nio-8080-exec-191] org.apache.catalina.core.ApplicationContext.log Manager: list: Listing contexts for virtual host 'localhost'
12-Oct-2023 20:54:25.077 INFORMACIÓN [http-nio-8080-exec-183] org.apache.catalina.core.ApplicationContext.log Manager: install: Installing context configuration at 'file:/tmp/context10684928614940619045.xml'
12-Oct-2023 20:54:25.856 INFORMACIÓN [http-nio-8080-exec-197] org.apache.catalina.core.ApplicationContext.log Manager: start: Starting web application '/LABPAPP_WEB'
12-Oct-2023 21:00:10.659 INFORMACIÓN [http-nio-8080-exec-201] org.apache.catalina.core.ApplicationContext.log Manager: list: Listing contexts for virtual host 'localhost'
12-Oct-2023 21:00:10.661 INFORMACIÓN [http-nio-8080-exec-203] org.apache.catalina.core.ApplicationContext.log Manager: list: Listing contexts for virtual host 'localhost'
12-Oct-2023 21:00:10.675 INFORMACIÓN [http-nio-8080-exec-198] org.apache.catalina.core.ApplicationContext.log Manager: undeploy: Undeploying web application at '/LABPAPP_WEB'
12-Oct-2023 21:00:11.219 INFORMACIÓN [http-nio-8080-exec-200] org.apache.catalina.core.ApplicationContext.log Manager: install: Installing context configuration at 'file:/tmp/context15450779231748815957.xml'
12-Oct-2023 21:00:12.139 INFORMACIÓN [http-nio-8080-exec-197] org.apache.catalina.core.ApplicationContext.log Manager: start: Starting web application '/LABPAPP_WEB'
12-Oct-2023 21:09:58.251 INFORMACIÓN [http-nio-8080-exec-210] org.apache.catalina.core.ApplicationContext.log Manager: list: Listing contexts for virtual host 'localhost'
12-Oct-2023 21:09:58.257 INFORMACIÓN [http-nio-8080-exec-212] org.apache.catalina.core.ApplicationContext.log Manager: list: Listing contexts for virtual host 'localhost'
12-Oct-2023 21:09:58.274 INFORMACIÓN [http-nio-8080-exec-209] org.apache.catalina.core.ApplicationContext.log Manager: undeploy: Undeploying web application at '/LABPAPP_WEB'
12-Oct-2023 21:09:58.792 INFORMACIÓN [http-nio-8080-exec-207] org.apache.catalina.core.ApplicationContext.log Manager: install: Installing context configuration at 'file:/tmp/context10357880681830705298.xml'
12-Oct-2023 21:09:59.656 INFORMACIÓN [http-nio-8080-exec-211] org.apache.catalina.core.ApplicationContext.log Manager: start: Starting web application '/LABPAPP_WEB'
12-Oct-2023 21:14:10.881 INFORMACIÓN [http-nio-8080-exec-226] org.apache.catalina.core.ApplicationContext.log Manager: list: Listing contexts for virtual host 'localhost'
12-Oct-2023 21:14:10.886 INFORMACIÓN [http-nio-8080-exec-217] org.apache.catalina.core.ApplicationContext.log Manager: list: Listing contexts for virtual host 'localhost'
12-Oct-2023 21:14:10.897 INFORMACIÓN [http-nio-8080-exec-225] org.apache.catalina.core.ApplicationContext.log Manager: undeploy: Undeploying web application at '/LABPAPP_WEB'
12-Oct-2023 21:14:11.475 INFORMACIÓN [http-nio-8080-exec-221] org.apache.catalina.core.ApplicationContext.log Manager: install: Installing context configuration at 'file:/tmp/context18303317501135174624.xml'
12-Oct-2023 21:14:12.672 INFORMACIÓN [http-nio-8080-exec-222] org.apache.catalina.core.ApplicationContext.log Manager: start: Starting web application '/LABPAPP_WEB'
12-Oct-2023 21:15:44.700 INFORMACIÓN [http-nio-8080-exec-236] org.apache.catalina.core.ApplicationContext.log Manager: list: Listing contexts for virtual host 'localhost'
12-Oct-2023 21:15:44.704 INFORMACIÓN [http-nio-8080-exec-234] org.apache.catalina.core.ApplicationContext.log Manager: list: Listing contexts for virtual host 'localhost'
12-Oct-2023 21:15:44.725 INFORMACIÓN [http-nio-8080-exec-230] org.apache.catalina.core.ApplicationContext.log Manager: undeploy: Undeploying web application at '/LABPAPP_WEB'
12-Oct-2023 21:15:45.242 INFORMACIÓN [http-nio-8080-exec-235] org.apache.catalina.core.ApplicationContext.log Manager: install: Installing context configuration at 'file:/tmp/context4719212055901499162.xml'
12-Oct-2023 21:15:46.187 INFORMACIÓN [http-nio-8080-exec-232] org.apache.catalina.core.ApplicationContext.log Manager: start: Starting web application '/LABPAPP_WEB'
12-Oct-2023 21:16:02.849 INFORMACIÓN [http-nio-8080-exec-238] org.apache.catalina.core.ApplicationContext.log Manager: list: Listing contexts for virtual host 'localhost'
12-Oct-2023 21:16:02.861 INFORMACIÓN [http-nio-8080-exec-231] org.apache.catalina.core.ApplicationContext.log Manager: undeploy: Undeploying web application at '/LABPAPP_WEB'
