18-Oct-2023 11:58:17.156 INFORMACIÓN [http-nio-8080-exec-4] org.apache.catalina.core.ApplicationContext.log Manager: init: Associated with Deployer 'Catalina:type=Deployer,host=localhost'
18-Oct-2023 11:58:17.156 INFORMACIÓN [http-nio-8080-exec-4] org.apache.catalina.core.ApplicationContext.log Manager: init: Global resources are available
18-Oct-2023 11:58:17.210 INFORMACIÓN [http-nio-8080-exec-6] org.apache.catalina.core.ApplicationContext.log Manager: list: Listing contexts for virtual host 'localhost'
18-Oct-2023 11:58:17.292 INFORMACIÓN [http-nio-8080-exec-8] org.apache.catalina.core.ApplicationContext.log Manager: list: Listing contexts for virtual host 'localhost'
18-Oct-2023 11:58:17.369 INFORMACIÓN [http-nio-8080-exec-10] org.apache.catalina.core.ApplicationContext.log Manager: install: Installing context configuration at 'file:/tmp/context7530552403992151547.xml'
18-Oct-2023 11:58:18.380 INFORMACIÓN [http-nio-8080-exec-10] org.apache.catalina.core.ApplicationContext.log Manager: start: Starting web application '/LABPAPP_WEB'
18-Oct-2023 11:59:34.872 INFORMACIÓN [http-nio-8080-exec-6] org.apache.catalina.core.ApplicationContext.log Manager: list: Listing contexts for virtual host 'localhost'
18-Oct-2023 11:59:34.893 INFORMACIÓN [http-nio-8080-exec-8] org.apache.catalina.core.ApplicationContext.log Manager: undeploy: Undeploying web application at '/LABPAPP_WEB'
18-Oct-2023 11:59:59.217 INFORMACIÓN [http-nio-8080-exec-12] org.apache.catalina.core.ApplicationContext.log Manager: list: Listing contexts for virtual host 'localhost'
18-Oct-2023 11:59:59.222 INFORMACIÓN [http-nio-8080-exec-7] org.apache.catalina.core.ApplicationContext.log Manager: list: Listing contexts for virtual host 'localhost'
18-Oct-2023 11:59:59.251 INFORMACIÓN [http-nio-8080-exec-11] org.apache.catalina.core.ApplicationContext.log Manager: install: Installing context configuration at 'file:/tmp/context12679218302003780164.xml'
18-Oct-2023 12:00:00.052 INFORMACIÓN [http-nio-8080-exec-12] org.apache.catalina.core.ApplicationContext.log Manager: start: Starting web application '/LABPAPP_WEB'
18-Oct-2023 12:01:19.555 INFORMACIÓN [http-nio-8080-exec-3] org.apache.catalina.core.ApplicationContext.log Manager: list: Listing contexts for virtual host 'localhost'
18-Oct-2023 12:01:19.590 INFORMACIÓN [http-nio-8080-exec-15] org.apache.catalina.core.ApplicationContext.log Manager: list: Listing contexts for virtual host 'localhost'
18-Oct-2023 12:01:19.624 INFORMACIÓN [http-nio-8080-exec-18] org.apache.catalina.core.ApplicationContext.log Manager: undeploy: Undeploying web application at '/LABPAPP_WEB'
18-Oct-2023 12:01:20.150 INFORMACIÓN [http-nio-8080-exec-17] org.apache.catalina.core.ApplicationContext.log Manager: install: Installing context configuration at 'file:/tmp/context16628057569904141250.xml'
18-Oct-2023 12:01:20.900 INFORMACIÓN [http-nio-8080-exec-3] org.apache.catalina.core.ApplicationContext.log Manager: start: Starting web application '/LABPAPP_WEB'
18-Oct-2023 12:03:18.785 INFORMACIÓN [http-nio-8080-exec-27] org.apache.catalina.core.ApplicationContext.log Manager: list: Listing contexts for virtual host 'localhost'
18-Oct-2023 12:03:18.791 INFORMACIÓN [http-nio-8080-exec-24] org.apache.catalina.core.ApplicationContext.log Manager: list: Listing contexts for virtual host 'localhost'
18-Oct-2023 12:03:18.820 INFORMACIÓN [http-nio-8080-exec-27] org.apache.catalina.core.ApplicationContext.log Manager: undeploy: Undeploying web application at '/LABPAPP_WEB'
18-Oct-2023 12:03:19.353 INFORMACIÓN [http-nio-8080-exec-26] org.apache.catalina.core.ApplicationContext.log Manager: install: Installing context configuration at 'file:/tmp/context727689465584850548.xml'
18-Oct-2023 12:03:20.128 INFORMACIÓN [http-nio-8080-exec-26] org.apache.catalina.core.ApplicationContext.log Manager: start: Starting web application '/LABPAPP_WEB'
18-Oct-2023 12:04:19.616 INFORMACIÓN [http-nio-8080-exec-29] org.apache.catalina.core.ApplicationContext.log Manager: list: Listing contexts for virtual host 'localhost'
18-Oct-2023 12:04:19.623 INFORMACIÓN [http-nio-8080-exec-32] org.apache.catalina.core.ApplicationContext.log Manager: list: Listing contexts for virtual host 'localhost'
18-Oct-2023 12:04:19.651 INFORMACIÓN [http-nio-8080-exec-35] org.apache.catalina.core.ApplicationContext.log Manager: undeploy: Undeploying web application at '/LABPAPP_WEB'
18-Oct-2023 12:04:20.194 INFORMACIÓN [http-nio-8080-exec-29] org.apache.catalina.core.ApplicationContext.log Manager: install: Installing context configuration at 'file:/tmp/context4214679443395216843.xml'
18-Oct-2023 12:04:20.910 INFORMACIÓN [http-nio-8080-exec-31] org.apache.catalina.core.ApplicationContext.log Manager: start: Starting web application '/LABPAPP_WEB'
18-Oct-2023 12:06:06.532 INFORMACIÓN [http-nio-8080-exec-42] org.apache.catalina.core.ApplicationContext.log Manager: list: Listing contexts for virtual host 'localhost'
18-Oct-2023 12:06:06.540 INFORMACIÓN [http-nio-8080-exec-44] org.apache.catalina.core.ApplicationContext.log Manager: list: Listing contexts for virtual host 'localhost'
18-Oct-2023 12:06:06.565 INFORMACIÓN [http-nio-8080-exec-45] org.apache.catalina.core.ApplicationContext.log Manager: undeploy: Undeploying web application at '/LABPAPP_WEB'
18-Oct-2023 12:06:07.126 INFORMACIÓN [http-nio-8080-exec-43] org.apache.catalina.core.ApplicationContext.log Manager: install: Installing context configuration at 'file:/tmp/context3784610424803252728.xml'
18-Oct-2023 12:06:08.068 INFORMACIÓN [http-nio-8080-exec-36] org.apache.catalina.core.ApplicationContext.log Manager: start: Starting web application '/LABPAPP_WEB'
18-Oct-2023 12:22:27.581 INFORMACIÓN [http-nio-8080-exec-46] org.apache.catalina.core.ApplicationContext.log Manager: list: Listing contexts for virtual host 'localhost'
18-Oct-2023 12:22:27.587 INFORMACIÓN [http-nio-8080-exec-53] org.apache.catalina.core.ApplicationContext.log Manager: undeploy: Undeploying web application at '/LABPAPP_WEB'
18-Oct-2023 12:22:50.963 INFORMACIÓN [http-nio-8080-exec-57] org.apache.catalina.core.ApplicationContext.log Manager: list: Listing contexts for virtual host 'localhost'
18-Oct-2023 12:22:50.965 INFORMACIÓN [http-nio-8080-exec-50] org.apache.catalina.core.ApplicationContext.log Manager: list: Listing contexts for virtual host 'localhost'
18-Oct-2023 12:22:51.016 INFORMACIÓN [http-nio-8080-exec-56] org.apache.catalina.core.ApplicationContext.log Manager: install: Installing context configuration at 'file:/tmp/context18231948446566824421.xml'
18-Oct-2023 12:22:51.817 INFORMACIÓN [http-nio-8080-exec-57] org.apache.catalina.core.ApplicationContext.log Manager: start: Starting web application '/LABPAPP_WEB'
18-Oct-2023 12:28:39.472 INFORMACIÓN [http-nio-8080-exec-60] org.apache.catalina.core.ApplicationContext.log Manager: list: Listing contexts for virtual host 'localhost'
18-Oct-2023 12:28:39.479 INFORMACIÓN [http-nio-8080-exec-63] org.apache.catalina.core.ApplicationContext.log Manager: list: Listing contexts for virtual host 'localhost'
18-Oct-2023 12:28:39.500 INFORMACIÓN [http-nio-8080-exec-60] org.apache.catalina.core.ApplicationContext.log Manager: undeploy: Undeploying web application at '/LABPAPP_WEB'
18-Oct-2023 12:28:40.088 INFORMACIÓN [http-nio-8080-exec-57] org.apache.catalina.core.ApplicationContext.log Manager: install: Installing context configuration at 'file:/tmp/context5103850701020880736.xml'
18-Oct-2023 12:28:41.400 INFORMACIÓN [http-nio-8080-exec-61] org.apache.catalina.core.ApplicationContext.log Manager: start: Starting web application '/LABPAPP_WEB'
18-Oct-2023 12:34:52.821 INFORMACIÓN [http-nio-8080-exec-68] org.apache.catalina.core.ApplicationContext.log Manager: list: Listing contexts for virtual host 'localhost'
18-Oct-2023 12:34:52.826 INFORMACIÓN [http-nio-8080-exec-69] org.apache.catalina.core.ApplicationContext.log Manager: list: Listing contexts for virtual host 'localhost'
18-Oct-2023 12:34:52.857 INFORMACIÓN [http-nio-8080-exec-68] org.apache.catalina.core.ApplicationContext.log Manager: undeploy: Undeploying web application at '/LABPAPP_WEB'
18-Oct-2023 12:34:53.409 INFORMACIÓN [http-nio-8080-exec-74] org.apache.catalina.core.ApplicationContext.log Manager: install: Installing context configuration at 'file:/tmp/context5643497029496232124.xml'
18-Oct-2023 12:34:54.188 INFORMACIÓN [http-nio-8080-exec-75] org.apache.catalina.core.ApplicationContext.log Manager: start: Starting web application '/LABPAPP_WEB'
18-Oct-2023 12:38:07.947 INFORMACIÓN [http-nio-8080-exec-77] org.apache.catalina.core.ApplicationContext.log Manager: list: Listing contexts for virtual host 'localhost'
18-Oct-2023 12:38:07.952 INFORMACIÓN [http-nio-8080-exec-83] org.apache.catalina.core.ApplicationContext.log Manager: list: Listing contexts for virtual host 'localhost'
18-Oct-2023 12:38:07.976 INFORMACIÓN [http-nio-8080-exec-85] org.apache.catalina.core.ApplicationContext.log Manager: undeploy: Undeploying web application at '/LABPAPP_WEB'
18-Oct-2023 12:38:08.520 INFORMACIÓN [http-nio-8080-exec-76] org.apache.catalina.core.ApplicationContext.log Manager: install: Installing context configuration at 'file:/tmp/context8096518846194356872.xml'
18-Oct-2023 12:38:09.316 INFORMACIÓN [http-nio-8080-exec-77] org.apache.catalina.core.ApplicationContext.log Manager: start: Starting web application '/LABPAPP_WEB'
18-Oct-2023 12:43:53.875 INFORMACIÓN [http-nio-8080-exec-91] org.apache.catalina.core.ApplicationContext.log Manager: list: Listing contexts for virtual host 'localhost'
18-Oct-2023 12:43:53.880 INFORMACIÓN [http-nio-8080-exec-86] org.apache.catalina.core.ApplicationContext.log Manager: undeploy: Undeploying web application at '/LABPAPP_WEB'
18-Oct-2023 16:31:10.392 INFORMACIÓN [http-nio-8080-exec-4] org.apache.catalina.core.ApplicationContext.log Manager: init: Associated with Deployer 'Catalina:type=Deployer,host=localhost'
18-Oct-2023 16:31:10.393 INFORMACIÓN [http-nio-8080-exec-4] org.apache.catalina.core.ApplicationContext.log Manager: init: Global resources are available
18-Oct-2023 16:31:10.458 INFORMACIÓN [http-nio-8080-exec-2] org.apache.catalina.core.ApplicationContext.log Manager: list: Listing contexts for virtual host 'localhost'
18-Oct-2023 16:31:10.464 INFORMACIÓN [http-nio-8080-exec-10] org.apache.catalina.core.ApplicationContext.log Manager: list: Listing contexts for virtual host 'localhost'
18-Oct-2023 16:31:10.553 INFORMACIÓN [http-nio-8080-exec-1] org.apache.catalina.core.ApplicationContext.log Manager: install: Installing context configuration at 'file:/tmp/context5423241699205661584.xml'
18-Oct-2023 16:31:11.364 INFORMACIÓN [http-nio-8080-exec-3] org.apache.catalina.core.ApplicationContext.log Manager: start: Starting web application '/LABPAPP_WEB'
18-Oct-2023 16:33:56.809 INFORMACIÓN [http-nio-8080-exec-4] org.apache.catalina.core.ApplicationContext.log Manager: init: Associated with Deployer 'Catalina:type=Deployer,host=localhost'
18-Oct-2023 16:33:56.810 INFORMACIÓN [http-nio-8080-exec-4] org.apache.catalina.core.ApplicationContext.log Manager: init: Global resources are available
18-Oct-2023 16:33:56.887 INFORMACIÓN [http-nio-8080-exec-8] org.apache.catalina.core.ApplicationContext.log Manager: list: Listing contexts for virtual host 'localhost'
18-Oct-2023 16:33:56.892 INFORMACIÓN [http-nio-8080-exec-10] org.apache.catalina.core.ApplicationContext.log Manager: list: Listing contexts for virtual host 'localhost'
18-Oct-2023 16:33:56.916 INFORMACIÓN [http-nio-8080-exec-1] org.apache.catalina.core.ApplicationContext.log Manager: undeploy: Undeploying web application at '/LABPAPP_WEB'
18-Oct-2023 16:33:57.503 INFORMACIÓN [http-nio-8080-exec-4] org.apache.catalina.core.ApplicationContext.log Manager: install: Installing context configuration at 'file:/tmp/context3433984841137296855.xml'
18-Oct-2023 16:33:58.184 INFORMACIÓN [http-nio-8080-exec-4] org.apache.catalina.core.ApplicationContext.log Manager: start: Starting web application '/LABPAPP_WEB'
18-Oct-2023 17:24:37.714 INFORMACIÓN [http-nio-8080-exec-5] org.apache.catalina.core.ApplicationContext.log Manager: init: Associated with Deployer 'Catalina:type=Deployer,host=localhost'
18-Oct-2023 17:24:37.729 INFORMACIÓN [http-nio-8080-exec-5] org.apache.catalina.core.ApplicationContext.log Manager: init: Global resources are available
18-Oct-2023 17:24:37.786 INFORMACIÓN [http-nio-8080-exec-6] org.apache.catalina.core.ApplicationContext.log Manager: list: Listing contexts for virtual host 'localhost'
18-Oct-2023 17:24:37.805 INFORMACIÓN [http-nio-8080-exec-10] org.apache.catalina.core.ApplicationContext.log Manager: list: Listing contexts for virtual host 'localhost'
18-Oct-2023 17:24:37.883 INFORMACIÓN [http-nio-8080-exec-2] org.apache.catalina.core.ApplicationContext.log Manager: undeploy: Undeploying web application at '/LABPAPP_WEB'
18-Oct-2023 17:24:38.431 INFORMACIÓN [http-nio-8080-exec-5] org.apache.catalina.core.ApplicationContext.log Manager: install: Installing context configuration at 'file:/tmp/context4105591296954216268.xml'
18-Oct-2023 17:24:39.299 INFORMACIÓN [http-nio-8080-exec-9] org.apache.catalina.core.ApplicationContext.log Manager: start: Starting web application '/LABPAPP_WEB'
18-Oct-2023 17:31:46.251 INFORMACIÓN [http-nio-8080-exec-19] org.apache.catalina.core.ApplicationContext.log Manager: list: Listing contexts for virtual host 'localhost'
18-Oct-2023 17:31:46.259 INFORMACIÓN [http-nio-8080-exec-20] org.apache.catalina.core.ApplicationContext.log Manager: undeploy: Undeploying web application at '/LABPAPP_WEB'
18-Oct-2023 17:33:52.580 INFORMACIÓN [http-nio-8080-exec-17] org.apache.catalina.core.ApplicationContext.log Manager: list: Listing contexts for virtual host 'localhost'
18-Oct-2023 17:38:33.265 INFORMACIÓN [http-nio-8080-exec-30] org.apache.catalina.core.ApplicationContext.log Manager: list: Listing contexts for virtual host 'localhost'
18-Oct-2023 17:38:33.269 INFORMACIÓN [http-nio-8080-exec-22] org.apache.catalina.core.ApplicationContext.log Manager: list: Listing contexts for virtual host 'localhost'
18-Oct-2023 17:38:33.293 INFORMACIÓN [http-nio-8080-exec-29] org.apache.catalina.core.ApplicationContext.log Manager: install: Installing context configuration at 'file:/tmp/context15172098562816568853.xml'
18-Oct-2023 17:38:34.254 INFORMACIÓN [http-nio-8080-exec-30] org.apache.catalina.core.ApplicationContext.log Manager: start: Starting web application '/LABPAPP_WEB'
18-Oct-2023 17:42:25.243 INFORMACIÓN [http-nio-8080-exec-26] org.apache.catalina.core.ApplicationContext.log Manager: list: Listing contexts for virtual host 'localhost'
18-Oct-2023 17:42:25.250 INFORMACIÓN [http-nio-8080-exec-27] org.apache.catalina.core.ApplicationContext.log Manager: undeploy: Undeploying web application at '/LABPAPP_WEB'
18-Oct-2023 17:42:55.116 INFORMACIÓN [http-nio-8080-exec-33] org.apache.catalina.core.ApplicationContext.log Manager: list: Listing contexts for virtual host 'localhost'
18-Oct-2023 17:42:55.120 INFORMACIÓN [http-nio-8080-exec-33] org.apache.catalina.core.ApplicationContext.log Manager: list: Listing contexts for virtual host 'localhost'
18-Oct-2023 17:42:55.170 INFORMACIÓN [http-nio-8080-exec-21] org.apache.catalina.core.ApplicationContext.log Manager: install: Installing context configuration at 'file:/tmp/context10351233998018252424.xml'
18-Oct-2023 17:42:56.390 INFORMACIÓN [http-nio-8080-exec-26] org.apache.catalina.core.ApplicationContext.log Manager: start: Starting web application '/LABPAPP_WEB'
18-Oct-2023 17:54:39.348 INFORMACIÓN [http-nio-8080-exec-38] org.apache.catalina.core.ApplicationContext.log Manager: list: Listing contexts for virtual host 'localhost'
18-Oct-2023 17:54:39.356 INFORMACIÓN [http-nio-8080-exec-39] org.apache.catalina.core.ApplicationContext.log Manager: undeploy: Undeploying web application at '/LABPAPP_WEB'
