08-Oct-2023 08:54:23.157 INFORMACIÓN [http-nio-8080-exec-5] org.apache.catalina.core.ApplicationContext.log Manager: init: Associated with Deployer 'Catalina:type=Deployer,host=localhost'
08-Oct-2023 08:54:23.158 INFORMACIÓN [http-nio-8080-exec-5] org.apache.catalina.core.ApplicationContext.log Manager: init: Global resources are available
08-Oct-2023 08:54:23.234 INFORMACIÓN [http-nio-8080-exec-8] org.apache.catalina.core.ApplicationContext.log Manager: list: Listing contexts for virtual host 'localhost'
08-Oct-2023 08:54:23.239 INFORMACIÓN [http-nio-8080-exec-1] org.apache.catalina.core.ApplicationContext.log Manager: list: Listing contexts for virtual host 'localhost'
08-Oct-2023 08:54:23.254 INFORMACIÓN [http-nio-8080-exec-2] org.apache.catalina.core.ApplicationContext.log Manager: undeploy: Undeploying web application at '/LABPAPP_WEB'
08-Oct-2023 08:54:23.891 INFORMACIÓN [http-nio-8080-exec-10] org.apache.catalina.core.ApplicationContext.log Manager: install: Installing context configuration at 'file:/tmp/context11611931259143130366.xml'
08-Oct-2023 08:54:24.586 INFORMACIÓN [http-nio-8080-exec-5] org.apache.catalina.core.ApplicationContext.log Manager: start: Starting web application '/LABPAPP_WEB'
08-Oct-2023 08:57:30.662 INFORMACIÓN [http-nio-8080-exec-19] org.apache.catalina.core.ApplicationContext.log Manager: list: Listing contexts for virtual host 'localhost'
08-Oct-2023 08:57:30.670 INFORMACIÓN [http-nio-8080-exec-20] org.apache.catalina.core.ApplicationContext.log Manager: undeploy: Undeploying web application at '/LABPAPP_WEB'
08-Oct-2023 08:57:49.164 INFORMACIÓN [http-nio-8080-exec-21] org.apache.catalina.core.ApplicationContext.log Manager: list: Listing contexts for virtual host 'localhost'
08-Oct-2023 08:57:49.168 INFORMACIÓN [http-nio-8080-exec-18] org.apache.catalina.core.ApplicationContext.log Manager: list: Listing contexts for virtual host 'localhost'
08-Oct-2023 08:57:49.183 INFORMACIÓN [http-nio-8080-exec-17] org.apache.catalina.core.ApplicationContext.log Manager: install: Installing context configuration at 'file:/tmp/context3546533046002698693.xml'
08-Oct-2023 08:57:49.882 INFORMACIÓN [http-nio-8080-exec-21] org.apache.catalina.core.ApplicationContext.log Manager: start: Starting web application '/LABPAPP_WEB'
08-Oct-2023 09:09:06.301 INFORMACIÓN [http-nio-8080-exec-26] org.apache.catalina.core.ApplicationContext.log Manager: list: Listing contexts for virtual host 'localhost'
08-Oct-2023 09:09:06.310 INFORMACIÓN [http-nio-8080-exec-21] org.apache.catalina.core.ApplicationContext.log Manager: undeploy: Undeploying web application at '/LABPAPP_WEB'
08-Oct-2023 09:10:46.587 INFORMACIÓN [http-nio-8080-exec-31] org.apache.catalina.core.ApplicationContext.log Manager: list: Listing contexts for virtual host 'localhost'
08-Oct-2023 09:10:46.591 INFORMACIÓN [http-nio-8080-exec-26] org.apache.catalina.core.ApplicationContext.log Manager: list: Listing contexts for virtual host 'localhost'
08-Oct-2023 09:10:46.600 INFORMACIÓN [http-nio-8080-exec-25] org.apache.catalina.core.ApplicationContext.log Manager: install: Installing context configuration at 'file:/tmp/context17830088001661738811.xml'
08-Oct-2023 09:10:47.256 INFORMACIÓN [http-nio-8080-exec-33] org.apache.catalina.core.ApplicationContext.log Manager: start: Starting web application '/LABPAPP_WEB'
08-Oct-2023 09:12:53.191 INFORMACIÓN [http-nio-8080-exec-31] org.apache.catalina.core.ApplicationContext.log Manager: list: Listing contexts for virtual host 'localhost'
08-Oct-2023 09:12:53.198 INFORMACIÓN [http-nio-8080-exec-32] org.apache.catalina.core.ApplicationContext.log Manager: undeploy: Undeploying web application at '/LABPAPP_WEB'
08-Oct-2023 09:13:38.801 INFORMACIÓN [http-nio-8080-exec-43] org.apache.catalina.core.ApplicationContext.log Manager: list: Listing contexts for virtual host 'localhost'
08-Oct-2023 09:13:38.808 INFORMACIÓN [http-nio-8080-exec-45] org.apache.catalina.core.ApplicationContext.log Manager: list: Listing contexts for virtual host 'localhost'
08-Oct-2023 09:13:38.823 INFORMACIÓN [http-nio-8080-exec-41] org.apache.catalina.core.ApplicationContext.log Manager: install: Installing context configuration at 'file:/tmp/context6056137868189374860.xml'
08-Oct-2023 09:13:39.468 INFORMACIÓN [http-nio-8080-exec-41] org.apache.catalina.core.ApplicationContext.log Manager: start: Starting web application '/LABPAPP_WEB'
08-Oct-2023 09:14:39.043 INFORMACIÓN [http-nio-8080-exec-41] org.apache.catalina.core.ApplicationContext.log Manager: list: Listing contexts for virtual host 'localhost'
08-Oct-2023 09:14:39.053 INFORMACIÓN [http-nio-8080-exec-41] org.apache.catalina.core.ApplicationContext.log Manager: list: Listing contexts for virtual host 'localhost'
08-Oct-2023 09:14:39.063 INFORMACIÓN [http-nio-8080-exec-50] org.apache.catalina.core.ApplicationContext.log Manager: undeploy: Undeploying web application at '/LABPAPP_WEB'
08-Oct-2023 09:14:39.607 INFORMACIÓN [http-nio-8080-exec-47] org.apache.catalina.core.ApplicationContext.log Manager: install: Installing context configuration at 'file:/tmp/context4082244673670396201.xml'
08-Oct-2023 09:14:40.902 INFORMACIÓN [http-nio-8080-exec-48] org.apache.catalina.core.ApplicationContext.log Manager: start: Starting web application '/LABPAPP_WEB'
08-Oct-2023 09:17:18.928 INFORMACIÓN [http-nio-8080-exec-57] org.apache.catalina.core.ApplicationContext.log Manager: list: Listing contexts for virtual host 'localhost'
08-Oct-2023 09:17:18.932 INFORMACIÓN [http-nio-8080-exec-58] org.apache.catalina.core.ApplicationContext.log Manager: undeploy: Undeploying web application at '/LABPAPP_WEB'
08-Oct-2023 09:17:37.257 INFORMACIÓN [http-nio-8080-exec-61] org.apache.catalina.core.ApplicationContext.log Manager: list: Listing contexts for virtual host 'localhost'
08-Oct-2023 09:17:37.263 INFORMACIÓN [http-nio-8080-exec-60] org.apache.catalina.core.ApplicationContext.log Manager: list: Listing contexts for virtual host 'localhost'
08-Oct-2023 09:17:37.294 INFORMACIÓN [http-nio-8080-exec-55] org.apache.catalina.core.ApplicationContext.log Manager: install: Installing context configuration at 'file:/tmp/context3904702207507162309.xml'
08-Oct-2023 09:17:38.039 INFORMACIÓN [http-nio-8080-exec-62] org.apache.catalina.core.ApplicationContext.log Manager: start: Starting web application '/LABPAPP_WEB'
08-Oct-2023 09:28:06.851 INFORMACIÓN [http-nio-8080-exec-61] org.apache.catalina.core.ApplicationContext.log Manager: list: Listing contexts for virtual host 'localhost'
08-Oct-2023 09:28:06.857 INFORMACIÓN [http-nio-8080-exec-65] org.apache.catalina.core.ApplicationContext.log Manager: undeploy: Undeploying web application at '/LABPAPP_WEB'
08-Oct-2023 09:28:36.788 INFORMACIÓN [http-nio-8080-exec-72] org.apache.catalina.core.ApplicationContext.log Manager: list: Listing contexts for virtual host 'localhost'
08-Oct-2023 09:28:36.797 INFORMACIÓN [http-nio-8080-exec-73] org.apache.catalina.core.ApplicationContext.log Manager: list: Listing contexts for virtual host 'localhost'
08-Oct-2023 09:28:36.817 INFORMACIÓN [http-nio-8080-exec-72] org.apache.catalina.core.ApplicationContext.log Manager: install: Installing context configuration at 'file:/tmp/context15986978237480036959.xml'
08-Oct-2023 09:28:37.523 INFORMACIÓN [http-nio-8080-exec-71] org.apache.catalina.core.ApplicationContext.log Manager: start: Starting web application '/LABPAPP_WEB'
08-Oct-2023 09:33:40.380 INFORMACIÓN [http-nio-8080-exec-77] org.apache.catalina.core.ApplicationContext.log Manager: list: Listing contexts for virtual host 'localhost'
08-Oct-2023 09:33:40.404 INFORMACIÓN [http-nio-8080-exec-74] org.apache.catalina.core.ApplicationContext.log Manager: undeploy: Undeploying web application at '/LABPAPP_WEB'
08-Oct-2023 09:34:00.557 INFORMACIÓN [http-nio-8080-exec-77] org.apache.catalina.core.ApplicationContext.log Manager: list: Listing contexts for virtual host 'localhost'
08-Oct-2023 09:34:00.569 INFORMACIÓN [http-nio-8080-exec-75] org.apache.catalina.core.ApplicationContext.log Manager: list: Listing contexts for virtual host 'localhost'
08-Oct-2023 09:34:00.591 INFORMACIÓN [http-nio-8080-exec-76] org.apache.catalina.core.ApplicationContext.log Manager: install: Installing context configuration at 'file:/tmp/context6560292315787503965.xml'
08-Oct-2023 09:34:01.507 INFORMACIÓN [http-nio-8080-exec-80] org.apache.catalina.core.ApplicationContext.log Manager: start: Starting web application '/LABPAPP_WEB'
08-Oct-2023 09:38:27.657 INFORMACIÓN [http-nio-8080-exec-88] org.apache.catalina.core.ApplicationContext.log Manager: list: Listing contexts for virtual host 'localhost'
08-Oct-2023 09:38:27.661 INFORMACIÓN [http-nio-8080-exec-89] org.apache.catalina.core.ApplicationContext.log Manager: undeploy: Undeploying web application at '/LABPAPP_WEB'
08-Oct-2023 09:38:52.532 INFORMACIÓN [http-nio-8080-exec-91] org.apache.catalina.core.ApplicationContext.log Manager: list: Listing contexts for virtual host 'localhost'
08-Oct-2023 09:38:52.565 INFORMACIÓN [http-nio-8080-exec-83] org.apache.catalina.core.ApplicationContext.log Manager: list: Listing contexts for virtual host 'localhost'
08-Oct-2023 09:38:52.574 INFORMACIÓN [http-nio-8080-exec-92] org.apache.catalina.core.ApplicationContext.log Manager: install: Installing context configuration at 'file:/tmp/context8675970019288465748.xml'
08-Oct-2023 09:38:53.287 INFORMACIÓN [http-nio-8080-exec-91] org.apache.catalina.core.ApplicationContext.log Manager: start: Starting web application '/LABPAPP_WEB'
08-Oct-2023 09:55:50.352 INFORMACIÓN [http-nio-8080-exec-96] org.apache.catalina.core.ApplicationContext.log Manager: list: Listing contexts for virtual host 'localhost'
08-Oct-2023 09:55:50.359 INFORMACIÓN [http-nio-8080-exec-98] org.apache.catalina.core.ApplicationContext.log Manager: undeploy: Undeploying web application at '/LABPAPP_WEB'
08-Oct-2023 09:56:12.070 INFORMACIÓN [http-nio-8080-exec-102] org.apache.catalina.core.ApplicationContext.log Manager: list: Listing contexts for virtual host 'localhost'
08-Oct-2023 09:56:12.074 INFORMACIÓN [http-nio-8080-exec-96] org.apache.catalina.core.ApplicationContext.log Manager: list: Listing contexts for virtual host 'localhost'
08-Oct-2023 09:56:12.093 INFORMACIÓN [http-nio-8080-exec-101] org.apache.catalina.core.ApplicationContext.log Manager: install: Installing context configuration at 'file:/tmp/context2083643552164601222.xml'
08-Oct-2023 09:56:13.301 INFORMACIÓN [http-nio-8080-exec-102] org.apache.catalina.core.ApplicationContext.log Manager: start: Starting web application '/LABPAPP_WEB'
08-Oct-2023 10:01:46.798 INFORMACIÓN [http-nio-8080-exec-109] org.apache.catalina.core.ApplicationContext.log Manager: list: Listing contexts for virtual host 'localhost'
08-Oct-2023 10:01:46.805 INFORMACIÓN [http-nio-8080-exec-110] org.apache.catalina.core.ApplicationContext.log Manager: undeploy: Undeploying web application at '/LABPAPP_WEB'
08-Oct-2023 10:02:32.009 INFORMACIÓN [http-nio-8080-exec-112] org.apache.catalina.core.ApplicationContext.log Manager: list: Listing contexts for virtual host 'localhost'
08-Oct-2023 10:02:32.014 INFORMACIÓN [http-nio-8080-exec-103] org.apache.catalina.core.ApplicationContext.log Manager: list: Listing contexts for virtual host 'localhost'
08-Oct-2023 10:02:32.037 INFORMACIÓN [http-nio-8080-exec-111] org.apache.catalina.core.ApplicationContext.log Manager: install: Installing context configuration at 'file:/tmp/context3159645000590616895.xml'
08-Oct-2023 10:02:32.835 INFORMACIÓN [http-nio-8080-exec-112] org.apache.catalina.core.ApplicationContext.log Manager: start: Starting web application '/LABPAPP_WEB'
08-Oct-2023 10:08:47.409 INFORMACIÓN [http-nio-8080-exec-118] org.apache.catalina.core.ApplicationContext.log Manager: list: Listing contexts for virtual host 'localhost'
08-Oct-2023 10:08:47.415 INFORMACIÓN [http-nio-8080-exec-120] org.apache.catalina.core.ApplicationContext.log Manager: undeploy: Undeploying web application at '/LABPAPP_WEB'
08-Oct-2023 10:09:40.356 INFORMACIÓN [http-nio-8080-exec-116] org.apache.catalina.core.ApplicationContext.log Manager: list: Listing contexts for virtual host 'localhost'
08-Oct-2023 10:09:40.360 INFORMACIÓN [http-nio-8080-exec-123] org.apache.catalina.core.ApplicationContext.log Manager: list: Listing contexts for virtual host 'localhost'
08-Oct-2023 10:09:40.371 INFORMACIÓN [http-nio-8080-exec-111] org.apache.catalina.core.ApplicationContext.log Manager: install: Installing context configuration at 'file:/tmp/context2886644999439796954.xml'
08-Oct-2023 10:09:41.105 INFORMACIÓN [http-nio-8080-exec-116] org.apache.catalina.core.ApplicationContext.log Manager: start: Starting web application '/LABPAPP_WEB'
08-Oct-2023 10:13:54.267 INFORMACIÓN [http-nio-8080-exec-130] org.apache.catalina.core.ApplicationContext.log Manager: list: Listing contexts for virtual host 'localhost'
08-Oct-2023 10:13:54.279 INFORMACIÓN [http-nio-8080-exec-124] org.apache.catalina.core.ApplicationContext.log Manager: undeploy: Undeploying web application at '/LABPAPP_WEB'
08-Oct-2023 10:14:39.440 INFORMACIÓN [http-nio-8080-exec-127] org.apache.catalina.core.ApplicationContext.log Manager: list: Listing contexts for virtual host 'localhost'
08-Oct-2023 10:14:39.445 INFORMACIÓN [http-nio-8080-exec-126] org.apache.catalina.core.ApplicationContext.log Manager: list: Listing contexts for virtual host 'localhost'
08-Oct-2023 10:14:39.455 INFORMACIÓN [http-nio-8080-exec-132] org.apache.catalina.core.ApplicationContext.log Manager: install: Installing context configuration at 'file:/tmp/context13325852187418122099.xml'
08-Oct-2023 10:14:40.376 INFORMACIÓN [http-nio-8080-exec-133] org.apache.catalina.core.ApplicationContext.log Manager: start: Starting web application '/LABPAPP_WEB'
08-Oct-2023 10:18:55.872 INFORMACIÓN [http-nio-8080-exec-140] org.apache.catalina.core.ApplicationContext.log Manager: list: Listing contexts for virtual host 'localhost'
08-Oct-2023 10:18:55.878 INFORMACIÓN [http-nio-8080-exec-133] org.apache.catalina.core.ApplicationContext.log Manager: undeploy: Undeploying web application at '/LABPAPP_WEB'
08-Oct-2023 10:19:13.466 INFORMACIÓN [http-nio-8080-exec-142] org.apache.catalina.core.ApplicationContext.log Manager: list: Listing contexts for virtual host 'localhost'
08-Oct-2023 10:19:13.470 INFORMACIÓN [http-nio-8080-exec-138] org.apache.catalina.core.ApplicationContext.log Manager: list: Listing contexts for virtual host 'localhost'
08-Oct-2023 10:19:13.477 INFORMACIÓN [http-nio-8080-exec-135] org.apache.catalina.core.ApplicationContext.log Manager: install: Installing context configuration at 'file:/tmp/context5790012260312212681.xml'
08-Oct-2023 10:19:14.174 INFORMACIÓN [http-nio-8080-exec-141] org.apache.catalina.core.ApplicationContext.log Manager: start: Starting web application '/LABPAPP_WEB'
08-Oct-2023 10:30:53.245 INFORMACIÓN [http-nio-8080-exec-149] org.apache.catalina.core.ApplicationContext.log Manager: list: Listing contexts for virtual host 'localhost'
08-Oct-2023 10:30:53.257 INFORMACIÓN [http-nio-8080-exec-150] org.apache.catalina.core.ApplicationContext.log Manager: undeploy: Undeploying web application at '/LABPAPP_WEB'
08-Oct-2023 10:31:12.444 INFORMACIÓN [http-nio-8080-exec-151] org.apache.catalina.core.ApplicationContext.log Manager: list: Listing contexts for virtual host 'localhost'
08-Oct-2023 10:31:12.448 INFORMACIÓN [http-nio-8080-exec-142] org.apache.catalina.core.ApplicationContext.log Manager: list: Listing contexts for virtual host 'localhost'
08-Oct-2023 10:31:12.455 INFORMACIÓN [http-nio-8080-exec-145] org.apache.catalina.core.ApplicationContext.log Manager: install: Installing context configuration at 'file:/tmp/context13276835286094368600.xml'
08-Oct-2023 10:31:13.217 INFORMACIÓN [http-nio-8080-exec-152] org.apache.catalina.core.ApplicationContext.log Manager: start: Starting web application '/LABPAPP_WEB'
08-Oct-2023 10:32:06.826 INFORMACIÓN [http-nio-8080-exec-156] org.apache.catalina.core.ApplicationContext.log Manager: list: Listing contexts for virtual host 'localhost'
08-Oct-2023 10:32:06.831 INFORMACIÓN [http-nio-8080-exec-145] org.apache.catalina.core.ApplicationContext.log Manager: list: Listing contexts for virtual host 'localhost'
08-Oct-2023 10:32:06.837 INFORMACIÓN [http-nio-8080-exec-152] org.apache.catalina.core.ApplicationContext.log Manager: undeploy: Undeploying web application at '/LABPAPP_WEB'
08-Oct-2023 10:32:07.350 INFORMACIÓN [http-nio-8080-exec-157] org.apache.catalina.core.ApplicationContext.log Manager: install: Installing context configuration at 'file:/tmp/context16618794838953245566.xml'
08-Oct-2023 10:32:08.238 INFORMACIÓN [http-nio-8080-exec-153] org.apache.catalina.core.ApplicationContext.log Manager: start: Starting web application '/LABPAPP_WEB'
08-Oct-2023 10:32:45.576 INFORMACIÓN [http-nio-8080-exec-163] org.apache.catalina.core.ApplicationContext.log Manager: list: Listing contexts for virtual host 'localhost'
08-Oct-2023 10:32:45.604 INFORMACIÓN [http-nio-8080-exec-164] org.apache.catalina.core.ApplicationContext.log Manager: undeploy: Undeploying web application at '/LABPAPP_WEB'
08-Oct-2023 10:33:10.891 INFORMACIÓN [http-nio-8080-exec-167] org.apache.catalina.core.ApplicationContext.log Manager: list: Listing contexts for virtual host 'localhost'
08-Oct-2023 10:33:10.894 INFORMACIÓN [http-nio-8080-exec-162] org.apache.catalina.core.ApplicationContext.log Manager: list: Listing contexts for virtual host 'localhost'
08-Oct-2023 10:33:10.911 INFORMACIÓN [http-nio-8080-exec-164] org.apache.catalina.core.ApplicationContext.log Manager: install: Installing context configuration at 'file:/tmp/context12550941469539604291.xml'
08-Oct-2023 10:33:11.603 INFORMACIÓN [http-nio-8080-exec-166] org.apache.catalina.core.ApplicationContext.log Manager: start: Starting web application '/LABPAPP_WEB'
08-Oct-2023 10:41:24.389 INFORMACIÓN [http-nio-8080-exec-174] org.apache.catalina.core.ApplicationContext.log Manager: list: Listing contexts for virtual host 'localhost'
08-Oct-2023 10:41:24.395 INFORMACIÓN [http-nio-8080-exec-175] org.apache.catalina.core.ApplicationContext.log Manager: undeploy: Undeploying web application at '/LABPAPP_WEB'
08-Oct-2023 10:41:58.118 INFORMACIÓN [http-nio-8080-exec-178] org.apache.catalina.core.ApplicationContext.log Manager: list: Listing contexts for virtual host 'localhost'
08-Oct-2023 10:41:58.133 INFORMACIÓN [http-nio-8080-exec-174] org.apache.catalina.core.ApplicationContext.log Manager: list: Listing contexts for virtual host 'localhost'
08-Oct-2023 10:41:58.201 INFORMACIÓN [http-nio-8080-exec-176] org.apache.catalina.core.ApplicationContext.log Manager: install: Installing context configuration at 'file:/tmp/context10008224317716038581.xml'
08-Oct-2023 10:41:59.890 INFORMACIÓN [http-nio-8080-exec-178] org.apache.catalina.core.ApplicationContext.log Manager: start: Starting web application '/LABPAPP_WEB'
08-Oct-2023 10:45:11.758 INFORMACIÓN [http-nio-8080-exec-184] org.apache.catalina.core.ApplicationContext.log Manager: list: Listing contexts for virtual host 'localhost'
08-Oct-2023 10:45:11.763 INFORMACIÓN [http-nio-8080-exec-185] org.apache.catalina.core.ApplicationContext.log Manager: undeploy: Undeploying web application at '/LABPAPP_WEB'
08-Oct-2023 10:45:37.503 INFORMACIÓN [http-nio-8080-exec-187] org.apache.catalina.core.ApplicationContext.log Manager: list: Listing contexts for virtual host 'localhost'
08-Oct-2023 10:45:37.508 INFORMACIÓN [http-nio-8080-exec-181] org.apache.catalina.core.ApplicationContext.log Manager: list: Listing contexts for virtual host 'localhost'
08-Oct-2023 10:45:37.519 INFORMACIÓN [http-nio-8080-exec-186] org.apache.catalina.core.ApplicationContext.log Manager: install: Installing context configuration at 'file:/tmp/context9913017649973330694.xml'
08-Oct-2023 10:45:38.147 INFORMACIÓN [http-nio-8080-exec-188] org.apache.catalina.core.ApplicationContext.log Manager: start: Starting web application '/LABPAPP_WEB'
08-Oct-2023 10:46:45.948 INFORMACIÓN [http-nio-8080-exec-188] org.apache.catalina.core.ApplicationContext.log Manager: list: Listing contexts for virtual host 'localhost'
08-Oct-2023 10:46:45.952 INFORMACIÓN [http-nio-8080-exec-187] org.apache.catalina.core.ApplicationContext.log Manager: undeploy: Undeploying web application at '/LABPAPP_WEB'
08-Oct-2023 10:47:08.981 INFORMACIÓN [http-nio-8080-exec-195] org.apache.catalina.core.ApplicationContext.log Manager: list: Listing contexts for virtual host 'localhost'
08-Oct-2023 10:47:08.988 INFORMACIÓN [http-nio-8080-exec-188] org.apache.catalina.core.ApplicationContext.log Manager: list: Listing contexts for virtual host 'localhost'
08-Oct-2023 10:47:09.000 INFORMACIÓN [http-nio-8080-exec-192] org.apache.catalina.core.ApplicationContext.log Manager: install: Installing context configuration at 'file:/tmp/context13685465131453607333.xml'
08-Oct-2023 10:47:09.782 INFORMACIÓN [http-nio-8080-exec-195] org.apache.catalina.core.ApplicationContext.log Manager: start: Starting web application '/LABPAPP_WEB'
08-Oct-2023 10:48:18.366 INFORMACIÓN [http-nio-8080-exec-202] org.apache.catalina.core.ApplicationContext.log Manager: list: Listing contexts for virtual host 'localhost'
08-Oct-2023 10:48:18.372 INFORMACIÓN [http-nio-8080-exec-203] org.apache.catalina.core.ApplicationContext.log Manager: undeploy: Undeploying web application at '/LABPAPP_WEB'
08-Oct-2023 10:48:40.639 INFORMACIÓN [http-nio-8080-exec-205] org.apache.catalina.core.ApplicationContext.log Manager: list: Listing contexts for virtual host 'localhost'
08-Oct-2023 10:48:40.669 INFORMACIÓN [http-nio-8080-exec-198] org.apache.catalina.core.ApplicationContext.log Manager: list: Listing contexts for virtual host 'localhost'
08-Oct-2023 10:48:40.680 INFORMACIÓN [http-nio-8080-exec-203] org.apache.catalina.core.ApplicationContext.log Manager: install: Installing context configuration at 'file:/tmp/context462490551101730900.xml'
08-Oct-2023 10:48:41.495 INFORMACIÓN [http-nio-8080-exec-203] org.apache.catalina.core.ApplicationContext.log Manager: start: Starting web application '/LABPAPP_WEB'
08-Oct-2023 10:50:52.388 INFORMACIÓN [http-nio-8080-exec-213] org.apache.catalina.core.ApplicationContext.log Manager: list: Listing contexts for virtual host 'localhost'
08-Oct-2023 10:50:52.393 INFORMACIÓN [http-nio-8080-exec-214] org.apache.catalina.core.ApplicationContext.log Manager: undeploy: Undeploying web application at '/LABPAPP_WEB'
08-Oct-2023 10:51:12.778 INFORMACIÓN [http-nio-8080-exec-215] org.apache.catalina.core.ApplicationContext.log Manager: list: Listing contexts for virtual host 'localhost'
08-Oct-2023 10:51:12.784 INFORMACIÓN [http-nio-8080-exec-205] org.apache.catalina.core.ApplicationContext.log Manager: list: Listing contexts for virtual host 'localhost'
08-Oct-2023 10:51:12.793 INFORMACIÓN [http-nio-8080-exec-209] org.apache.catalina.core.ApplicationContext.log Manager: install: Installing context configuration at 'file:/tmp/context17855383302319838297.xml'
08-Oct-2023 10:51:13.506 INFORMACIÓN [http-nio-8080-exec-215] org.apache.catalina.core.ApplicationContext.log Manager: start: Starting web application '/LABPAPP_WEB'
08-Oct-2023 10:53:46.451 INFORMACIÓN [http-nio-8080-exec-223] org.apache.catalina.core.ApplicationContext.log Manager: list: Listing contexts for virtual host 'localhost'
08-Oct-2023 10:53:46.465 INFORMACIÓN [http-nio-8080-exec-224] org.apache.catalina.core.ApplicationContext.log Manager: undeploy: Undeploying web application at '/LABPAPP_WEB'
08-Oct-2023 10:54:13.901 INFORMACIÓN [http-nio-8080-exec-221] org.apache.catalina.core.ApplicationContext.log Manager: list: Listing contexts for virtual host 'localhost'
08-Oct-2023 10:54:13.918 INFORMACIÓN [http-nio-8080-exec-225] org.apache.catalina.core.ApplicationContext.log Manager: list: Listing contexts for virtual host 'localhost'
08-Oct-2023 10:54:13.926 INFORMACIÓN [http-nio-8080-exec-219] org.apache.catalina.core.ApplicationContext.log Manager: install: Installing context configuration at 'file:/tmp/context6067095502407109763.xml'
08-Oct-2023 10:54:14.705 INFORMACIÓN [http-nio-8080-exec-226] org.apache.catalina.core.ApplicationContext.log Manager: start: Starting web application '/LABPAPP_WEB'
08-Oct-2023 10:56:19.440 INFORMACIÓN [http-nio-8080-exec-231] org.apache.catalina.core.ApplicationContext.log Manager: list: Listing contexts for virtual host 'localhost'
08-Oct-2023 10:56:19.448 INFORMACIÓN [http-nio-8080-exec-215] org.apache.catalina.core.ApplicationContext.log Manager: undeploy: Undeploying web application at '/LABPAPP_WEB'
08-Oct-2023 10:56:39.471 INFORMACIÓN [http-nio-8080-exec-226] org.apache.catalina.core.ApplicationContext.log Manager: list: Listing contexts for virtual host 'localhost'
08-Oct-2023 10:56:39.481 INFORMACIÓN [http-nio-8080-exec-230] org.apache.catalina.core.ApplicationContext.log Manager: list: Listing contexts for virtual host 'localhost'
08-Oct-2023 10:56:39.494 INFORMACIÓN [http-nio-8080-exec-219] org.apache.catalina.core.ApplicationContext.log Manager: install: Installing context configuration at 'file:/tmp/context3795358662449323895.xml'
08-Oct-2023 10:56:40.214 INFORMACIÓN [http-nio-8080-exec-228] org.apache.catalina.core.ApplicationContext.log Manager: start: Starting web application '/LABPAPP_WEB'
08-Oct-2023 10:58:12.936 INFORMACIÓN [http-nio-8080-exec-234] org.apache.catalina.core.ApplicationContext.log Manager: list: Listing contexts for virtual host 'localhost'
08-Oct-2023 10:58:12.942 INFORMACIÓN [http-nio-8080-exec-241] org.apache.catalina.core.ApplicationContext.log Manager: undeploy: Undeploying web application at '/LABPAPP_WEB'
